<?xml version="1.0" encoding="UTF-8"?>
<testsuite xmlns:xsi="http://www.w3.org/2001/XMLSchema-instance" xsi:noNamespaceSchemaLocation="https://maven.apache.org/surefire/maven-surefire-plugin/xsd/surefire-test-report-3.0.xsd" version="3.0" name="com.ipn.mx.ApiInventarioMiniApplicationTests" time="4.011" tests="1" errors="0" skipped="0" failures="0">
  <properties>
    <property name="java.specification.version" value="22"/>
    <property name="sun.jnu.encoding" value="UTF-8"/>
    <property name="java.class.path" value="/Users/jafcp/Documents/9° Semestre/Desarrollo de Aplicaciones Web/IdeaProjects/ApiInventarioMini/target/test-classes:/Users/jafcp/Documents/9° Semestre/Desarrollo de Aplicaciones Web/IdeaProjects/ApiInventarioMini/target/classes:/Users/jafcp/.m2/repository/org/springframework/boot/spring-boot-starter-data-jpa/3.2.4/spring-boot-starter-data-jpa-3.2.4.jar:/Users/jafcp/.m2/repository/org/springframework/boot/spring-boot-starter-aop/3.2.4/spring-boot-starter-aop-3.2.4.jar:/Users/jafcp/.m2/repository/org/springframework/spring-aop/6.1.5/spring-aop-6.1.5.jar:/Users/jafcp/.m2/repository/org/aspectj/aspectjweaver/1.9.21/aspectjweaver-1.9.21.jar:/Users/jafcp/.m2/repository/org/springframework/boot/spring-boot-starter-jdbc/3.2.4/spring-boot-starter-jdbc-3.2.4.jar:/Users/jafcp/.m2/repository/com/zaxxer/HikariCP/5.0.1/HikariCP-5.0.1.jar:/Users/jafcp/.m2/repository/org/springframework/spring-jdbc/6.1.5/spring-jdbc-6.1.5.jar:/Users/jafcp/.m2/repository/org/hibernate/orm/hibernate-core/6.4.4.Final/hibernate-core-6.4.4.Final.jar:/Users/jafcp/.m2/repository/jakarta/persistence/jakarta.persistence-api/3.1.0/jakarta.persistence-api-3.1.0.jar:/Users/jafcp/.m2/repository/jakarta/transaction/jakarta.transaction-api/2.0.1/jakarta.transaction-api-2.0.1.jar:/Users/jafcp/.m2/repository/org/jboss/logging/jboss-logging/3.5.3.Final/jboss-logging-3.5.3.Final.jar:/Users/jafcp/.m2/repository/org/hibernate/common/hibernate-commons-annotations/6.0.6.Final/hibernate-commons-annotations-6.0.6.Final.jar:/Users/jafcp/.m2/repository/io/smallrye/jandex/3.1.2/jandex-3.1.2.jar:/Users/jafcp/.m2/repository/com/fasterxml/classmate/1.6.0/classmate-1.6.0.jar:/Users/jafcp/.m2/repository/net/bytebuddy/byte-buddy/1.14.12/byte-buddy-1.14.12.jar:/Users/jafcp/.m2/repository/org/glassfish/jaxb/jaxb-runtime/4.0.5/jaxb-runtime-4.0.5.jar:/Users/jafcp/.m2/repository/org/glassfish/jaxb/jaxb-core/4.0.5/jaxb-core-4.0.5.jar:/Users/jafcp/.m2/repository/org/eclipse/angus/angus-activation/2.0.2/angus-activation-2.0.2.jar:/Users/jafcp/.m2/repository/org/glassfish/jaxb/txw2/4.0.5/txw2-4.0.5.jar:/Users/jafcp/.m2/repository/com/sun/istack/istack-commons-runtime/4.1.2/istack-commons-runtime-4.1.2.jar:/Users/jafcp/.m2/repository/jakarta/inject/jakarta.inject-api/2.0.1/jakarta.inject-api-2.0.1.jar:/Users/jafcp/.m2/repository/org/antlr/antlr4-runtime/4.13.0/antlr4-runtime-4.13.0.jar:/Users/jafcp/.m2/repository/org/springframework/data/spring-data-jpa/3.2.4/spring-data-jpa-3.2.4.jar:/Users/jafcp/.m2/repository/org/springframework/data/spring-data-commons/3.2.4/spring-data-commons-3.2.4.jar:/Users/jafcp/.m2/repository/org/springframework/spring-orm/6.1.5/spring-orm-6.1.5.jar:/Users/jafcp/.m2/repository/org/springframework/spring-context/6.1.5/spring-context-6.1.5.jar:/Users/jafcp/.m2/repository/org/springframework/spring-tx/6.1.5/spring-tx-6.1.5.jar:/Users/jafcp/.m2/repository/org/springframework/spring-beans/6.1.5/spring-beans-6.1.5.jar:/Users/jafcp/.m2/repository/jakarta/annotation/jakarta.annotation-api/2.1.1/jakarta.annotation-api-2.1.1.jar:/Users/jafcp/.m2/repository/org/slf4j/slf4j-api/2.0.12/slf4j-api-2.0.12.jar:/Users/jafcp/.m2/repository/org/springframework/spring-aspects/6.1.5/spring-aspects-6.1.5.jar:/Users/jafcp/.m2/repository/org/springframework/boot/spring-boot-starter-validation/3.2.4/spring-boot-starter-validation-3.2.4.jar:/Users/jafcp/.m2/repository/org/springframework/boot/spring-boot-starter/3.2.4/spring-boot-starter-3.2.4.jar:/Users/jafcp/.m2/repository/org/springframework/boot/spring-boot-starter-logging/3.2.4/spring-boot-starter-logging-3.2.4.jar:/Users/jafcp/.m2/repository/ch/qos/logback/logback-classic/1.4.14/logback-classic-1.4.14.jar:/Users/jafcp/.m2/repository/ch/qos/logback/logback-core/1.4.14/logback-core-1.4.14.jar:/Users/jafcp/.m2/repository/org/apache/logging/log4j/log4j-to-slf4j/2.21.1/log4j-to-slf4j-2.21.1.jar:/Users/jafcp/.m2/repository/org/apache/logging/log4j/log4j-api/2.21.1/log4j-api-2.21.1.jar:/Users/jafcp/.m2/repository/org/slf4j/jul-to-slf4j/2.0.12/jul-to-slf4j-2.0.12.jar:/Users/jafcp/.m2/repository/org/yaml/snakeyaml/2.2/snakeyaml-2.2.jar:/Users/jafcp/.m2/repository/org/apache/tomcat/embed/tomcat-embed-el/10.1.19/tomcat-embed-el-10.1.19.jar:/Users/jafcp/.m2/repository/org/hibernate/validator/hibernate-validator/8.0.1.Final/hibernate-validator-8.0.1.Final.jar:/Users/jafcp/.m2/repository/jakarta/validation/jakarta.validation-api/3.0.2/jakarta.validation-api-3.0.2.jar:/Users/jafcp/.m2/repository/org/springframework/boot/spring-boot-starter-web/3.2.4/spring-boot-starter-web-3.2.4.jar:/Users/jafcp/.m2/repository/org/springframework/boot/spring-boot-starter-json/3.2.4/spring-boot-starter-json-3.2.4.jar:/Users/jafcp/.m2/repository/com/fasterxml/jackson/core/jackson-databind/2.15.4/jackson-databind-2.15.4.jar:/Users/jafcp/.m2/repository/com/fasterxml/jackson/core/jackson-annotations/2.15.4/jackson-annotations-2.15.4.jar:/Users/jafcp/.m2/repository/com/fasterxml/jackson/core/jackson-core/2.15.4/jackson-core-2.15.4.jar:/Users/jafcp/.m2/repository/com/fasterxml/jackson/datatype/jackson-datatype-jdk8/2.15.4/jackson-datatype-jdk8-2.15.4.jar:/Users/jafcp/.m2/repository/com/fasterxml/jackson/datatype/jackson-datatype-jsr310/2.15.4/jackson-datatype-jsr310-2.15.4.jar:/Users/jafcp/.m2/repository/com/fasterxml/jackson/module/jackson-module-parameter-names/2.15.4/jackson-module-parameter-names-2.15.4.jar:/Users/jafcp/.m2/repository/org/springframework/boot/spring-boot-starter-tomcat/3.2.4/spring-boot-starter-tomcat-3.2.4.jar:/Users/jafcp/.m2/repository/org/apache/tomcat/embed/tomcat-embed-core/10.1.19/tomcat-embed-core-10.1.19.jar:/Users/jafcp/.m2/repository/org/apache/tomcat/embed/tomcat-embed-websocket/10.1.19/tomcat-embed-websocket-10.1.19.jar:/Users/jafcp/.m2/repository/org/springframework/spring-web/6.1.5/spring-web-6.1.5.jar:/Users/jafcp/.m2/repository/io/micrometer/micrometer-observation/1.12.4/micrometer-observation-1.12.4.jar:/Users/jafcp/.m2/repository/io/micrometer/micrometer-commons/1.12.4/micrometer-commons-1.12.4.jar:/Users/jafcp/.m2/repository/org/springframework/spring-webmvc/6.1.5/spring-webmvc-6.1.5.jar:/Users/jafcp/.m2/repository/org/springframework/spring-expression/6.1.5/spring-expression-6.1.5.jar:/Users/jafcp/.m2/repository/org/springframework/boot/spring-boot-devtools/3.2.4/spring-boot-devtools-3.2.4.jar:/Users/jafcp/.m2/repository/org/springframework/boot/spring-boot/3.2.4/spring-boot-3.2.4.jar:/Users/jafcp/.m2/repository/org/springframework/boot/spring-boot-autoconfigure/3.2.4/spring-boot-autoconfigure-3.2.4.jar:/Users/jafcp/.m2/repository/com/mysql/mysql-connector-j/8.3.0/mysql-connector-j-8.3.0.jar:/Users/jafcp/.m2/repository/org/postgresql/postgresql/42.6.2/postgresql-42.6.2.jar:/Users/jafcp/.m2/repository/org/checkerframework/checker-qual/3.31.0/checker-qual-3.31.0.jar:/Users/jafcp/.m2/repository/org/projectlombok/lombok/1.18.30/lombok-1.18.30.jar:/Users/jafcp/.m2/repository/org/springframework/boot/spring-boot-starter-test/3.2.4/spring-boot-starter-test-3.2.4.jar:/Users/jafcp/.m2/repository/org/springframework/boot/spring-boot-test/3.2.4/spring-boot-test-3.2.4.jar:/Users/jafcp/.m2/repository/org/springframework/boot/spring-boot-test-autoconfigure/3.2.4/spring-boot-test-autoconfigure-3.2.4.jar:/Users/jafcp/.m2/repository/com/jayway/jsonpath/json-path/2.9.0/json-path-2.9.0.jar:/Users/jafcp/.m2/repository/jakarta/xml/bind/jakarta.xml.bind-api/4.0.2/jakarta.xml.bind-api-4.0.2.jar:/Users/jafcp/.m2/repository/jakarta/activation/jakarta.activation-api/2.1.3/jakarta.activation-api-2.1.3.jar:/Users/jafcp/.m2/repository/net/minidev/json-smart/2.5.0/json-smart-2.5.0.jar:/Users/jafcp/.m2/repository/net/minidev/accessors-smart/2.5.0/accessors-smart-2.5.0.jar:/Users/jafcp/.m2/repository/org/ow2/asm/asm/9.3/asm-9.3.jar:/Users/jafcp/.m2/repository/org/assertj/assertj-core/3.24.2/assertj-core-3.24.2.jar:/Users/jafcp/.m2/repository/org/awaitility/awaitility/4.2.0/awaitility-4.2.0.jar:/Users/jafcp/.m2/repository/org/hamcrest/hamcrest/2.2/hamcrest-2.2.jar:/Users/jafcp/.m2/repository/org/junit/jupiter/junit-jupiter/5.10.2/junit-jupiter-5.10.2.jar:/Users/jafcp/.m2/repository/org/junit/jupiter/junit-jupiter-api/5.10.2/junit-jupiter-api-5.10.2.jar:/Users/jafcp/.m2/repository/org/opentest4j/opentest4j/1.3.0/opentest4j-1.3.0.jar:/Users/jafcp/.m2/repository/org/junit/platform/junit-platform-commons/1.10.2/junit-platform-commons-1.10.2.jar:/Users/jafcp/.m2/repository/org/apiguardian/apiguardian-api/1.1.2/apiguardian-api-1.1.2.jar:/Users/jafcp/.m2/repository/org/junit/jupiter/junit-jupiter-params/5.10.2/junit-jupiter-params-5.10.2.jar:/Users/jafcp/.m2/repository/org/junit/jupiter/junit-jupiter-engine/5.10.2/junit-jupiter-engine-5.10.2.jar:/Users/jafcp/.m2/repository/org/junit/platform/junit-platform-engine/1.10.2/junit-platform-engine-1.10.2.jar:/Users/jafcp/.m2/repository/org/mockito/mockito-core/5.7.0/mockito-core-5.7.0.jar:/Users/jafcp/.m2/repository/net/bytebuddy/byte-buddy-agent/1.14.12/byte-buddy-agent-1.14.12.jar:/Users/jafcp/.m2/repository/org/objenesis/objenesis/3.3/objenesis-3.3.jar:/Users/jafcp/.m2/repository/org/mockito/mockito-junit-jupiter/5.7.0/mockito-junit-jupiter-5.7.0.jar:/Users/jafcp/.m2/repository/org/skyscreamer/jsonassert/1.5.1/jsonassert-1.5.1.jar:/Users/jafcp/.m2/repository/com/vaadin/external/google/android-json/0.0.20131108.vaadin1/android-json-0.0.20131108.vaadin1.jar:/Users/jafcp/.m2/repository/org/springframework/spring-core/6.1.5/spring-core-6.1.5.jar:/Users/jafcp/.m2/repository/org/springframework/spring-jcl/6.1.5/spring-jcl-6.1.5.jar:/Users/jafcp/.m2/repository/org/springframework/spring-test/6.1.5/spring-test-6.1.5.jar:/Users/jafcp/.m2/repository/org/xmlunit/xmlunit-core/2.9.1/xmlunit-core-2.9.1.jar:/Users/jafcp/.m2/repository/org/springdoc/springdoc-openapi-ui/1.8.0/springdoc-openapi-ui-1.8.0.jar:/Users/jafcp/.m2/repository/org/springdoc/springdoc-openapi-webmvc-core/1.8.0/springdoc-openapi-webmvc-core-1.8.0.jar:/Users/jafcp/.m2/repository/org/springdoc/springdoc-openapi-common/1.8.0/springdoc-openapi-common-1.8.0.jar:/Users/jafcp/.m2/repository/io/swagger/core/v3/swagger-core/2.2.20/swagger-core-2.2.20.jar:/Users/jafcp/.m2/repository/org/apache/commons/commons-lang3/3.13.0/commons-lang3-3.13.0.jar:/Users/jafcp/.m2/repository/com/fasterxml/jackson/dataformat/jackson-dataformat-yaml/2.15.4/jackson-dataformat-yaml-2.15.4.jar:/Users/jafcp/.m2/repository/io/swagger/core/v3/swagger-annotations/2.2.20/swagger-annotations-2.2.20.jar:/Users/jafcp/.m2/repository/io/swagger/core/v3/swagger-models/2.2.20/swagger-models-2.2.20.jar:/Users/jafcp/.m2/repository/org/webjars/swagger-ui/5.11.8/swagger-ui-5.11.8.jar:"/>
    <property name="java.vm.vendor" value="Homebrew"/>
    <property name="sun.arch.data.model" value="64"/>
    <property name="java.vendor.url" value="https://github.com/Homebrew/homebrew-core/issues"/>
    <property name="user.timezone" value="America/Mexico_City"/>
    <property name="org.jboss.logging.provider" value="slf4j"/>
    <property name="os.name" value="Mac OS X"/>
    <property name="java.vm.specification.version" value="22"/>
    <property name="sun.java.launcher" value="SUN_STANDARD"/>
    <property name="user.country" value="419"/>
    <property name="sun.boot.library.path" value="/opt/homebrew/Cellar/openjdk/22.0.1/libexec/openjdk.jdk/Contents/Home/lib"/>
    <property name="sun.java.command" value="/Users/jafcp/Documents/9° Semestre/Desarrollo de Aplicaciones Web/IdeaProjects/ApiInventarioMini/target/surefire/surefirebooter-20240629190323049_3.jar /Users/jafcp/Documents/9° Semestre/Desarrollo de Aplicaciones Web/IdeaProjects/ApiInventarioMini/target/surefire 2024-06-29T19-03-21_882-jvmRun1 surefire-20240629190323049_1tmp surefire_0-20240629190323049_2tmp"/>
    <property name="http.nonProxyHosts" value="local|*.local|169.254/16|*.169.254/16"/>
    <property name="jdk.debug" value="release"/>
    <property name="surefire.test.class.path" value="/Users/jafcp/Documents/9° Semestre/Desarrollo de Aplicaciones Web/IdeaProjects/ApiInventarioMini/target/test-classes:/Users/jafcp/Documents/9° Semestre/Desarrollo de Aplicaciones Web/IdeaProjects/ApiInventarioMini/target/classes:/Users/jafcp/.m2/repository/org/springframework/boot/spring-boot-starter-data-jpa/3.2.4/spring-boot-starter-data-jpa-3.2.4.jar:/Users/jafcp/.m2/repository/org/springframework/boot/spring-boot-starter-aop/3.2.4/spring-boot-starter-aop-3.2.4.jar:/Users/jafcp/.m2/repository/org/springframework/spring-aop/6.1.5/spring-aop-6.1.5.jar:/Users/jafcp/.m2/repository/org/aspectj/aspectjweaver/1.9.21/aspectjweaver-1.9.21.jar:/Users/jafcp/.m2/repository/org/springframework/boot/spring-boot-starter-jdbc/3.2.4/spring-boot-starter-jdbc-3.2.4.jar:/Users/jafcp/.m2/repository/com/zaxxer/HikariCP/5.0.1/HikariCP-5.0.1.jar:/Users/jafcp/.m2/repository/org/springframework/spring-jdbc/6.1.5/spring-jdbc-6.1.5.jar:/Users/jafcp/.m2/repository/org/hibernate/orm/hibernate-core/6.4.4.Final/hibernate-core-6.4.4.Final.jar:/Users/jafcp/.m2/repository/jakarta/persistence/jakarta.persistence-api/3.1.0/jakarta.persistence-api-3.1.0.jar:/Users/jafcp/.m2/repository/jakarta/transaction/jakarta.transaction-api/2.0.1/jakarta.transaction-api-2.0.1.jar:/Users/jafcp/.m2/repository/org/jboss/logging/jboss-logging/3.5.3.Final/jboss-logging-3.5.3.Final.jar:/Users/jafcp/.m2/repository/org/hibernate/common/hibernate-commons-annotations/6.0.6.Final/hibernate-commons-annotations-6.0.6.Final.jar:/Users/jafcp/.m2/repository/io/smallrye/jandex/3.1.2/jandex-3.1.2.jar:/Users/jafcp/.m2/repository/com/fasterxml/classmate/1.6.0/classmate-1.6.0.jar:/Users/jafcp/.m2/repository/net/bytebuddy/byte-buddy/1.14.12/byte-buddy-1.14.12.jar:/Users/jafcp/.m2/repository/org/glassfish/jaxb/jaxb-runtime/4.0.5/jaxb-runtime-4.0.5.jar:/Users/jafcp/.m2/repository/org/glassfish/jaxb/jaxb-core/4.0.5/jaxb-core-4.0.5.jar:/Users/jafcp/.m2/repository/org/eclipse/angus/angus-activation/2.0.2/angus-activation-2.0.2.jar:/Users/jafcp/.m2/repository/org/glassfish/jaxb/txw2/4.0.5/txw2-4.0.5.jar:/Users/jafcp/.m2/repository/com/sun/istack/istack-commons-runtime/4.1.2/istack-commons-runtime-4.1.2.jar:/Users/jafcp/.m2/repository/jakarta/inject/jakarta.inject-api/2.0.1/jakarta.inject-api-2.0.1.jar:/Users/jafcp/.m2/repository/org/antlr/antlr4-runtime/4.13.0/antlr4-runtime-4.13.0.jar:/Users/jafcp/.m2/repository/org/springframework/data/spring-data-jpa/3.2.4/spring-data-jpa-3.2.4.jar:/Users/jafcp/.m2/repository/org/springframework/data/spring-data-commons/3.2.4/spring-data-commons-3.2.4.jar:/Users/jafcp/.m2/repository/org/springframework/spring-orm/6.1.5/spring-orm-6.1.5.jar:/Users/jafcp/.m2/repository/org/springframework/spring-context/6.1.5/spring-context-6.1.5.jar:/Users/jafcp/.m2/repository/org/springframework/spring-tx/6.1.5/spring-tx-6.1.5.jar:/Users/jafcp/.m2/repository/org/springframework/spring-beans/6.1.5/spring-beans-6.1.5.jar:/Users/jafcp/.m2/repository/jakarta/annotation/jakarta.annotation-api/2.1.1/jakarta.annotation-api-2.1.1.jar:/Users/jafcp/.m2/repository/org/slf4j/slf4j-api/2.0.12/slf4j-api-2.0.12.jar:/Users/jafcp/.m2/repository/org/springframework/spring-aspects/6.1.5/spring-aspects-6.1.5.jar:/Users/jafcp/.m2/repository/org/springframework/boot/spring-boot-starter-validation/3.2.4/spring-boot-starter-validation-3.2.4.jar:/Users/jafcp/.m2/repository/org/springframework/boot/spring-boot-starter/3.2.4/spring-boot-starter-3.2.4.jar:/Users/jafcp/.m2/repository/org/springframework/boot/spring-boot-starter-logging/3.2.4/spring-boot-starter-logging-3.2.4.jar:/Users/jafcp/.m2/repository/ch/qos/logback/logback-classic/1.4.14/logback-classic-1.4.14.jar:/Users/jafcp/.m2/repository/ch/qos/logback/logback-core/1.4.14/logback-core-1.4.14.jar:/Users/jafcp/.m2/repository/org/apache/logging/log4j/log4j-to-slf4j/2.21.1/log4j-to-slf4j-2.21.1.jar:/Users/jafcp/.m2/repository/org/apache/logging/log4j/log4j-api/2.21.1/log4j-api-2.21.1.jar:/Users/jafcp/.m2/repository/org/slf4j/jul-to-slf4j/2.0.12/jul-to-slf4j-2.0.12.jar:/Users/jafcp/.m2/repository/org/yaml/snakeyaml/2.2/snakeyaml-2.2.jar:/Users/jafcp/.m2/repository/org/apache/tomcat/embed/tomcat-embed-el/10.1.19/tomcat-embed-el-10.1.19.jar:/Users/jafcp/.m2/repository/org/hibernate/validator/hibernate-validator/8.0.1.Final/hibernate-validator-8.0.1.Final.jar:/Users/jafcp/.m2/repository/jakarta/validation/jakarta.validation-api/3.0.2/jakarta.validation-api-3.0.2.jar:/Users/jafcp/.m2/repository/org/springframework/boot/spring-boot-starter-web/3.2.4/spring-boot-starter-web-3.2.4.jar:/Users/jafcp/.m2/repository/org/springframework/boot/spring-boot-starter-json/3.2.4/spring-boot-starter-json-3.2.4.jar:/Users/jafcp/.m2/repository/com/fasterxml/jackson/core/jackson-databind/2.15.4/jackson-databind-2.15.4.jar:/Users/jafcp/.m2/repository/com/fasterxml/jackson/core/jackson-annotations/2.15.4/jackson-annotations-2.15.4.jar:/Users/jafcp/.m2/repository/com/fasterxml/jackson/core/jackson-core/2.15.4/jackson-core-2.15.4.jar:/Users/jafcp/.m2/repository/com/fasterxml/jackson/datatype/jackson-datatype-jdk8/2.15.4/jackson-datatype-jdk8-2.15.4.jar:/Users/jafcp/.m2/repository/com/fasterxml/jackson/datatype/jackson-datatype-jsr310/2.15.4/jackson-datatype-jsr310-2.15.4.jar:/Users/jafcp/.m2/repository/com/fasterxml/jackson/module/jackson-module-parameter-names/2.15.4/jackson-module-parameter-names-2.15.4.jar:/Users/jafcp/.m2/repository/org/springframework/boot/spring-boot-starter-tomcat/3.2.4/spring-boot-starter-tomcat-3.2.4.jar:/Users/jafcp/.m2/repository/org/apache/tomcat/embed/tomcat-embed-core/10.1.19/tomcat-embed-core-10.1.19.jar:/Users/jafcp/.m2/repository/org/apache/tomcat/embed/tomcat-embed-websocket/10.1.19/tomcat-embed-websocket-10.1.19.jar:/Users/jafcp/.m2/repository/org/springframework/spring-web/6.1.5/spring-web-6.1.5.jar:/Users/jafcp/.m2/repository/io/micrometer/micrometer-observation/1.12.4/micrometer-observation-1.12.4.jar:/Users/jafcp/.m2/repository/io/micrometer/micrometer-commons/1.12.4/micrometer-commons-1.12.4.jar:/Users/jafcp/.m2/repository/org/springframework/spring-webmvc/6.1.5/spring-webmvc-6.1.5.jar:/Users/jafcp/.m2/repository/org/springframework/spring-expression/6.1.5/spring-expression-6.1.5.jar:/Users/jafcp/.m2/repository/org/springframework/boot/spring-boot-devtools/3.2.4/spring-boot-devtools-3.2.4.jar:/Users/jafcp/.m2/repository/org/springframework/boot/spring-boot/3.2.4/spring-boot-3.2.4.jar:/Users/jafcp/.m2/repository/org/springframework/boot/spring-boot-autoconfigure/3.2.4/spring-boot-autoconfigure-3.2.4.jar:/Users/jafcp/.m2/repository/com/mysql/mysql-connector-j/8.3.0/mysql-connector-j-8.3.0.jar:/Users/jafcp/.m2/repository/org/postgresql/postgresql/42.6.2/postgresql-42.6.2.jar:/Users/jafcp/.m2/repository/org/checkerframework/checker-qual/3.31.0/checker-qual-3.31.0.jar:/Users/jafcp/.m2/repository/org/projectlombok/lombok/1.18.30/lombok-1.18.30.jar:/Users/jafcp/.m2/repository/org/springframework/boot/spring-boot-starter-test/3.2.4/spring-boot-starter-test-3.2.4.jar:/Users/jafcp/.m2/repository/org/springframework/boot/spring-boot-test/3.2.4/spring-boot-test-3.2.4.jar:/Users/jafcp/.m2/repository/org/springframework/boot/spring-boot-test-autoconfigure/3.2.4/spring-boot-test-autoconfigure-3.2.4.jar:/Users/jafcp/.m2/repository/com/jayway/jsonpath/json-path/2.9.0/json-path-2.9.0.jar:/Users/jafcp/.m2/repository/jakarta/xml/bind/jakarta.xml.bind-api/4.0.2/jakarta.xml.bind-api-4.0.2.jar:/Users/jafcp/.m2/repository/jakarta/activation/jakarta.activation-api/2.1.3/jakarta.activation-api-2.1.3.jar:/Users/jafcp/.m2/repository/net/minidev/json-smart/2.5.0/json-smart-2.5.0.jar:/Users/jafcp/.m2/repository/net/minidev/accessors-smart/2.5.0/accessors-smart-2.5.0.jar:/Users/jafcp/.m2/repository/org/ow2/asm/asm/9.3/asm-9.3.jar:/Users/jafcp/.m2/repository/org/assertj/assertj-core/3.24.2/assertj-core-3.24.2.jar:/Users/jafcp/.m2/repository/org/awaitility/awaitility/4.2.0/awaitility-4.2.0.jar:/Users/jafcp/.m2/repository/org/hamcrest/hamcrest/2.2/hamcrest-2.2.jar:/Users/jafcp/.m2/repository/org/junit/jupiter/junit-jupiter/5.10.2/junit-jupiter-5.10.2.jar:/Users/jafcp/.m2/repository/org/junit/jupiter/junit-jupiter-api/5.10.2/junit-jupiter-api-5.10.2.jar:/Users/jafcp/.m2/repository/org/opentest4j/opentest4j/1.3.0/opentest4j-1.3.0.jar:/Users/jafcp/.m2/repository/org/junit/platform/junit-platform-commons/1.10.2/junit-platform-commons-1.10.2.jar:/Users/jafcp/.m2/repository/org/apiguardian/apiguardian-api/1.1.2/apiguardian-api-1.1.2.jar:/Users/jafcp/.m2/repository/org/junit/jupiter/junit-jupiter-params/5.10.2/junit-jupiter-params-5.10.2.jar:/Users/jafcp/.m2/repository/org/junit/jupiter/junit-jupiter-engine/5.10.2/junit-jupiter-engine-5.10.2.jar:/Users/jafcp/.m2/repository/org/junit/platform/junit-platform-engine/1.10.2/junit-platform-engine-1.10.2.jar:/Users/jafcp/.m2/repository/org/mockito/mockito-core/5.7.0/mockito-core-5.7.0.jar:/Users/jafcp/.m2/repository/net/bytebuddy/byte-buddy-agent/1.14.12/byte-buddy-agent-1.14.12.jar:/Users/jafcp/.m2/repository/org/objenesis/objenesis/3.3/objenesis-3.3.jar:/Users/jafcp/.m2/repository/org/mockito/mockito-junit-jupiter/5.7.0/mockito-junit-jupiter-5.7.0.jar:/Users/jafcp/.m2/repository/org/skyscreamer/jsonassert/1.5.1/jsonassert-1.5.1.jar:/Users/jafcp/.m2/repository/com/vaadin/external/google/android-json/0.0.20131108.vaadin1/android-json-0.0.20131108.vaadin1.jar:/Users/jafcp/.m2/repository/org/springframework/spring-core/6.1.5/spring-core-6.1.5.jar:/Users/jafcp/.m2/repository/org/springframework/spring-jcl/6.1.5/spring-jcl-6.1.5.jar:/Users/jafcp/.m2/repository/org/springframework/spring-test/6.1.5/spring-test-6.1.5.jar:/Users/jafcp/.m2/repository/org/xmlunit/xmlunit-core/2.9.1/xmlunit-core-2.9.1.jar:/Users/jafcp/.m2/repository/org/springdoc/springdoc-openapi-ui/1.8.0/springdoc-openapi-ui-1.8.0.jar:/Users/jafcp/.m2/repository/org/springdoc/springdoc-openapi-webmvc-core/1.8.0/springdoc-openapi-webmvc-core-1.8.0.jar:/Users/jafcp/.m2/repository/org/springdoc/springdoc-openapi-common/1.8.0/springdoc-openapi-common-1.8.0.jar:/Users/jafcp/.m2/repository/io/swagger/core/v3/swagger-core/2.2.20/swagger-core-2.2.20.jar:/Users/jafcp/.m2/repository/org/apache/commons/commons-lang3/3.13.0/commons-lang3-3.13.0.jar:/Users/jafcp/.m2/repository/com/fasterxml/jackson/dataformat/jackson-dataformat-yaml/2.15.4/jackson-dataformat-yaml-2.15.4.jar:/Users/jafcp/.m2/repository/io/swagger/core/v3/swagger-annotations/2.2.20/swagger-annotations-2.2.20.jar:/Users/jafcp/.m2/repository/io/swagger/core/v3/swagger-models/2.2.20/swagger-models-2.2.20.jar:/Users/jafcp/.m2/repository/org/webjars/swagger-ui/5.11.8/swagger-ui-5.11.8.jar:"/>
    <property name="sun.cpu.endian" value="little"/>
    <property name="user.home" value="/Users/jafcp"/>
    <property name="user.language" value="es"/>
    <property name="java.specification.vendor" value="Oracle Corporation"/>
    <property name="java.version.date" value="2024-04-16"/>
    <property name="java.home" value="/opt/homebrew/Cellar/openjdk/22.0.1/libexec/openjdk.jdk/Contents/Home"/>
    <property name="file.separator" value="/"/>
    <property name="basedir" value="/Users/jafcp/Documents/9° Semestre/Desarrollo de Aplicaciones Web/IdeaProjects/ApiInventarioMini"/>
    <property name="java.vm.compressedOopsMode" value="Zero based"/>
    <property name="line.separator" value="&#10;"/>
    <property name="java.vm.specification.vendor" value="Oracle Corporation"/>
    <property name="java.specification.name" value="Java Platform API Specification"/>
    <property name="FILE_LOG_CHARSET" value="UTF-8"/>
    <property name="java.awt.headless" value="true"/>
    <property name="apple.awt.application.name" value="ForkedBooter"/>
    <property name="surefire.real.class.path" value="/Users/jafcp/Documents/9° Semestre/Desarrollo de Aplicaciones Web/IdeaProjects/ApiInventarioMini/target/surefire/surefirebooter-20240629190323049_3.jar"/>
    <property name="sun.management.compiler" value="HotSpot 64-Bit Tiered Compilers"/>
    <property name="ftp.nonProxyHosts" value="local|*.local|169.254/16|*.169.254/16"/>
    <property name="java.runtime.version" value="22.0.1"/>
    <property name="user.name" value="jafcp"/>
    <property name="stdout.encoding" value="UTF-8"/>
    <property name="path.separator" value=":"/>
    <property name="os.version" value="14.5"/>
    <property name="java.runtime.name" value="OpenJDK Runtime Environment"/>
    <property name="file.encoding" value="UTF-8"/>
    <property name="java.vm.name" value="OpenJDK 64-Bit Server VM"/>
    <property name="java.vendor.version" value="Homebrew"/>
    <property name="localRepository" value="/Users/jafcp/.m2/repository"/>
    <property name="java.vendor.url.bug" value="https://github.com/Homebrew/homebrew-core/issues"/>
    <property name="java.io.tmpdir" value="/var/folders/bp/g3ry717165768gvh4sb9q2gh0000gn/T/"/>
    <property name="com.zaxxer.hikari.pool_number" value="1"/>
    <property name="java.version" value="22.0.1"/>
    <property name="user.dir" value="/Users/jafcp/Documents/9° Semestre/Desarrollo de Aplicaciones Web/IdeaProjects/ApiInventarioMini"/>
    <property name="os.arch" value="aarch64"/>
    <property name="java.vm.specification.name" value="Java Virtual Machine Specification"/>
    <property name="PID" value="4020"/>
    <property name="CONSOLE_LOG_CHARSET" value="UTF-8"/>
    <property name="native.encoding" value="UTF-8"/>
    <property name="java.library.path" value="/Users/jafcp/Library/Java/Extensions:/Library/Java/Extensions:/Network/Library/Java/Extensions:/System/Library/Java/Extensions:/usr/lib/java:."/>
    <property name="java.vm.info" value="mixed mode, sharing"/>
    <property name="stderr.encoding" value="UTF-8"/>
    <property name="java.vendor" value="Homebrew"/>
    <property name="java.vm.version" value="22.0.1"/>
    <property name="sun.io.unicode.encoding" value="UnicodeBig"/>
    <property name="socksNonProxyHosts" value="local|*.local|169.254/16|*.169.254/16"/>
    <property name="java.class.version" value="66.0"/>
    <property name="LOGGED_APPLICATION_NAME" value="[ApiInventarioMini] "/>
  </properties>
  <testcase name="contextLoads" classname="com.ipn.mx.ApiInventarioMiniApplicationTests" time="0.364">
    <system-out><![CDATA[19:03:23.442 [main] INFO org.springframework.test.context.support.AnnotationConfigContextLoaderUtils -- Could not detect default configuration classes for test class [com.ipn.mx.ApiInventarioMiniApplicationTests]: ApiInventarioMiniApplicationTests does not declare any static, non-private, non-final, nested classes annotated with @Configuration.
19:03:23.492 [main] INFO org.springframework.boot.test.context.SpringBootTestContextBootstrapper -- Found @SpringBootConfiguration com.ipn.mx.ApiInventarioMiniApplication for test class com.ipn.mx.ApiInventarioMiniApplicationTests
19:03:23.562 [main] INFO org.springframework.boot.devtools.restart.RestartApplicationListener -- Restart disabled due to context in which it is running

  .   ____          _            __ _ _
 /\\ / ___'_ __ _ _(_)_ __  __ _ \ \ \ \
( ( )\___ | '_ | '_| | '_ \/ _` | \ \ \ \
 \\/  ___)| |_)| | | | | || (_| |  ) ) ) )
  '  |____| .__|_| |_|_| |_\__, | / / / /
 =========|_|==============|___/=/_/_/_/
&amp#27;[32m :: Spring Boot :: &amp#27;[39m              &amp#27;[2m (v3.2.4)&amp#27;[0;39m

&amp#27;[2m2024-06-29T19:03:23.675-06:00&amp#27;[0;39m &amp#27;[32mDEBUG&amp#27;[0;39m &amp#27;[35m4020&amp#27;[0;39m &amp#27;[2m---&amp#27;[0;39m &amp#27;[2m[ApiInventarioMini] [kground-preinit]&amp#27;[0;39m &amp#27;[2m&amp#27;[0;39m&amp#27;[36mo.h.v.i.xml.config.ValidationXmlParser  &amp#27;[0;39m &amp#27;[2m:&amp#27;[0;39m Trying to load META-INF/validation.xml for XML based Validator configuration.
&amp#27;[2m2024-06-29T19:03:23.696-06:00&amp#27;[0;39m &amp#27;[32mDEBUG&amp#27;[0;39m &amp#27;[35m4020&amp#27;[0;39m &amp#27;[2m---&amp#27;[0;39m &amp#27;[2m[ApiInventarioMini] [kground-preinit]&amp#27;[0;39m &amp#27;[2m&amp#27;[0;39m&amp#27;[36mo.h.v.i.xml.config.ResourceLoaderHelper &amp#27;[0;39m &amp#27;[2m:&amp#27;[0;39m Trying to load META-INF/validation.xml via TCCL
&amp#27;[2m2024-06-29T19:03:23.697-06:00&amp#27;[0;39m &amp#27;[32mDEBUG&amp#27;[0;39m &amp#27;[35m4020&amp#27;[0;39m &amp#27;[2m---&amp#27;[0;39m &amp#27;[2m[ApiInventarioMini] [kground-preinit]&amp#27;[0;39m &amp#27;[2m&amp#27;[0;39m&amp#27;[36mo.h.v.i.xml.config.ResourceLoaderHelper &amp#27;[0;39m &amp#27;[2m:&amp#27;[0;39m Trying to load META-INF/validation.xml via Hibernate Validator's class loader
&amp#27;[2m2024-06-29T19:03:23.697-06:00&amp#27;[0;39m &amp#27;[32mDEBUG&amp#27;[0;39m &amp#27;[35m4020&amp#27;[0;39m &amp#27;[2m---&amp#27;[0;39m &amp#27;[2m[ApiInventarioMini] [kground-preinit]&amp#27;[0;39m &amp#27;[2m&amp#27;[0;39m&amp#27;[36mo.h.v.i.xml.config.ValidationXmlParser  &amp#27;[0;39m &amp#27;[2m:&amp#27;[0;39m No META-INF/validation.xml found. Using annotation based configuration only.
&amp#27;[2m2024-06-29T19:03:23.700-06:00&amp#27;[0;39m &amp#27;[32mDEBUG&amp#27;[0;39m &amp#27;[35m4020&amp#27;[0;39m &amp#27;[2m---&amp#27;[0;39m &amp#27;[2m[ApiInventarioMini] [kground-preinit]&amp#27;[0;39m &amp#27;[2m&amp#27;[0;39m&amp#27;[36mo.h.v.i.e.resolver.TraversableResolvers &amp#27;[0;39m &amp#27;[2m:&amp#27;[0;39m Found jakarta.persistence.Persistence on classpath containing 'getPersistenceUtil'. Assuming JPA 2 environment. Trying to instantiate JPA aware TraversableResolver
&amp#27;[2m2024-06-29T19:03:23.701-06:00&amp#27;[0;39m &amp#27;[32mDEBUG&amp#27;[0;39m &amp#27;[35m4020&amp#27;[0;39m &amp#27;[2m---&amp#27;[0;39m &amp#27;[2m[ApiInventarioMini] [kground-preinit]&amp#27;[0;39m &amp#27;[2m&amp#27;[0;39m&amp#27;[36mo.h.v.i.e.resolver.TraversableResolvers &amp#27;[0;39m &amp#27;[2m:&amp#27;[0;39m Instantiated JPA aware TraversableResolver of type org.hibernate.validator.internal.engine.resolver.JPATraversableResolver.
&amp#27;[2m2024-06-29T19:03:23.714-06:00&amp#27;[0;39m &amp#27;[32mDEBUG&amp#27;[0;39m &amp#27;[35m4020&amp#27;[0;39m &amp#27;[2m---&amp#27;[0;39m &amp#27;[2m[ApiInventarioMini] [kground-preinit]&amp#27;[0;39m &amp#27;[2m&amp#27;[0;39m&amp#27;[36m.h.v.m.ResourceBundleMessageInterpolator&amp#27;[0;39m &amp#27;[2m:&amp#27;[0;39m Loaded expression factory via original TCCL
&amp#27;[2m2024-06-29T19:03:23.718-06:00&amp#27;[0;39m &amp#27;[32m INFO&amp#27;[0;39m &amp#27;[35m4020&amp#27;[0;39m &amp#27;[2m---&amp#27;[0;39m &amp#27;[2m[ApiInventarioMini] [           main]&amp#27;[0;39m &amp#27;[2m&amp#27;[0;39m&amp#27;[36mc.i.m.ApiInventarioMiniApplicationTests &amp#27;[0;39m &amp#27;[2m:&amp#27;[0;39m Starting ApiInventarioMiniApplicationTests using Java 22.0.1 with PID 4020 (started by jafcp in /Users/jafcp/Documents/9° Semestre/Desarrollo de Aplicaciones Web/IdeaProjects/ApiInventarioMini)
&amp#27;[2m2024-06-29T19:03:23.718-06:00&amp#27;[0;39m &amp#27;[32m INFO&amp#27;[0;39m &amp#27;[35m4020&amp#27;[0;39m &amp#27;[2m---&amp#27;[0;39m &amp#27;[2m[ApiInventarioMini] [           main]&amp#27;[0;39m &amp#27;[2m&amp#27;[0;39m&amp#27;[36mc.i.m.ApiInventarioMiniApplicationTests &amp#27;[0;39m &amp#27;[2m:&amp#27;[0;39m No active profile set, falling back to 1 default profile: "default"
&amp#27;[2m2024-06-29T19:03:23.753-06:00&amp#27;[0;39m &amp#27;[32mDEBUG&amp#27;[0;39m &amp#27;[35m4020&amp#27;[0;39m &amp#27;[2m---&amp#27;[0;39m &amp#27;[2m[ApiInventarioMini] [kground-preinit]&amp#27;[0;39m &amp#27;[2m&amp#27;[0;39m&amp#27;[36m.i.e.ValidatorFactoryConfigurationHelper&amp#27;[0;39m &amp#27;[2m:&amp#27;[0;39m HV000252: Using org.hibernate.validator.internal.engine.DefaultPropertyNodeNameProvider as property node name provider.
&amp#27;[2m2024-06-29T19:03:23.756-06:00&amp#27;[0;39m &amp#27;[32mDEBUG&amp#27;[0;39m &amp#27;[35m4020&amp#27;[0;39m &amp#27;[2m---&amp#27;[0;39m &amp#27;[2m[ApiInventarioMini] [kground-preinit]&amp#27;[0;39m &amp#27;[2m&amp#27;[0;39m&amp#27;[36m.i.e.ValidatorFactoryConfigurationHelper&amp#27;[0;39m &amp#27;[2m:&amp#27;[0;39m HV000234: Using org.hibernate.validator.messageinterpolation.ResourceBundleMessageInterpolator as ValidatorFactory-scoped message interpolator.
&amp#27;[2m2024-06-29T19:03:23.756-06:00&amp#27;[0;39m &amp#27;[32mDEBUG&amp#27;[0;39m &amp#27;[35m4020&amp#27;[0;39m &amp#27;[2m---&amp#27;[0;39m &amp#27;[2m[ApiInventarioMini] [kground-preinit]&amp#27;[0;39m &amp#27;[2m&amp#27;[0;39m&amp#27;[36m.i.e.ValidatorFactoryConfigurationHelper&amp#27;[0;39m &amp#27;[2m:&amp#27;[0;39m HV000234: Using org.hibernate.validator.internal.engine.resolver.JPATraversableResolver as ValidatorFactory-scoped traversable resolver.
&amp#27;[2m2024-06-29T19:03:23.756-06:00&amp#27;[0;39m &amp#27;[32mDEBUG&amp#27;[0;39m &amp#27;[35m4020&amp#27;[0;39m &amp#27;[2m---&amp#27;[0;39m &amp#27;[2m[ApiInventarioMini] [kground-preinit]&amp#27;[0;39m &amp#27;[2m&amp#27;[0;39m&amp#27;[36m.i.e.ValidatorFactoryConfigurationHelper&amp#27;[0;39m &amp#27;[2m:&amp#27;[0;39m HV000234: Using org.hibernate.validator.internal.util.ExecutableParameterNameProvider as ValidatorFactory-scoped parameter name provider.
&amp#27;[2m2024-06-29T19:03:23.756-06:00&amp#27;[0;39m &amp#27;[32mDEBUG&amp#27;[0;39m &amp#27;[35m4020&amp#27;[0;39m &amp#27;[2m---&amp#27;[0;39m &amp#27;[2m[ApiInventarioMini] [kground-preinit]&amp#27;[0;39m &amp#27;[2m&amp#27;[0;39m&amp#27;[36m.i.e.ValidatorFactoryConfigurationHelper&amp#27;[0;39m &amp#27;[2m:&amp#27;[0;39m HV000234: Using org.hibernate.validator.internal.engine.DefaultClockProvider as ValidatorFactory-scoped clock provider.
&amp#27;[2m2024-06-29T19:03:23.756-06:00&amp#27;[0;39m &amp#27;[32mDEBUG&amp#27;[0;39m &amp#27;[35m4020&amp#27;[0;39m &amp#27;[2m---&amp#27;[0;39m &amp#27;[2m[ApiInventarioMini] [kground-preinit]&amp#27;[0;39m &amp#27;[2m&amp#27;[0;39m&amp#27;[36m.i.e.ValidatorFactoryConfigurationHelper&amp#27;[0;39m &amp#27;[2m:&amp#27;[0;39m HV000234: Using org.hibernate.validator.internal.engine.scripting.DefaultScriptEvaluatorFactory as ValidatorFactory-scoped script evaluator factory.
&amp#27;[2m2024-06-29T19:03:24.049-06:00&amp#27;[0;39m &amp#27;[32m INFO&amp#27;[0;39m &amp#27;[35m4020&amp#27;[0;39m &amp#27;[2m---&amp#27;[0;39m &amp#27;[2m[ApiInventarioMini] [           main]&amp#27;[0;39m &amp#27;[2m&amp#27;[0;39m&amp#27;[36m.s.d.r.c.RepositoryConfigurationDelegate&amp#27;[0;39m &amp#27;[2m:&amp#27;[0;39m Bootstrapping Spring Data JPA repositories in DEFAULT mode.
&amp#27;[2m2024-06-29T19:03:24.076-06:00&amp#27;[0;39m &amp#27;[32m INFO&amp#27;[0;39m &amp#27;[35m4020&amp#27;[0;39m &amp#27;[2m---&amp#27;[0;39m &amp#27;[2m[ApiInventarioMini] [           main]&amp#27;[0;39m &amp#27;[2m&amp#27;[0;39m&amp#27;[36m.s.d.r.c.RepositoryConfigurationDelegate&amp#27;[0;39m &amp#27;[2m:&amp#27;[0;39m Finished Spring Data repository scanning in 22 ms. Found 3 JPA repository interfaces.
&amp#27;[2m2024-06-29T19:03:24.300-06:00&amp#27;[0;39m &amp#27;[32mDEBUG&amp#27;[0;39m &amp#27;[35m4020&amp#27;[0;39m &amp#27;[2m---&amp#27;[0;39m &amp#27;[2m[ApiInventarioMini] [           main]&amp#27;[0;39m &amp#27;[2m&amp#27;[0;39m&amp#27;[36mo.hibernate.jpa.internal.util.LogHelper &amp#27;[0;39m &amp#27;[2m:&amp#27;[0;39m PersistenceUnitInfo [
	name: default
	persistence provider classname: null
	classloader: jdk.internal.loader.ClassLoaders$AppClassLoader@18769467
	excludeUnlistedClasses: true
	JTA datasource: null
	Non JTA datasource: HikariDataSource (null)
	Transaction type: RESOURCE_LOCAL
	PU root URL: file:/Users/jafcp/Documents/9%c2%b0%20Semestre/Desarrollo%20de%20Aplicaciones%20Web/IdeaProjects/ApiInventarioMini/target/test-classes/
	Shared Cache Mode: UNSPECIFIED
	Validation Mode: AUTO
	Jar files URLs []
	Managed classes names [
		com.ipn.mx.domain.entity.Categoria
		com.ipn.mx.domain.entity.Movimiento
		com.ipn.mx.domain.entity.Producto]
	Mapping files names []
	Properties []
&amp#27;[2m2024-06-29T19:03:24.307-06:00&amp#27;[0;39m &amp#27;[32mDEBUG&amp#27;[0;39m &amp#27;[35m4020&amp#27;[0;39m &amp#27;[2m---&amp#27;[0;39m &amp#27;[2m[ApiInventarioMini] [           main]&amp#27;[0;39m &amp#27;[2m&amp#27;[0;39m&amp#27;[36mo.h.i.internal.IntegratorServiceImpl    &amp#27;[0;39m &amp#27;[2m:&amp#27;[0;39m Adding Integrator [org.hibernate.boot.beanvalidation.BeanValidationIntegrator].
&amp#27;[2m2024-06-29T19:03:24.308-06:00&amp#27;[0;39m &amp#27;[32mDEBUG&amp#27;[0;39m &amp#27;[35m4020&amp#27;[0;39m &amp#27;[2m---&amp#27;[0;39m &amp#27;[2m[ApiInventarioMini] [           main]&amp#27;[0;39m &amp#27;[2m&amp#27;[0;39m&amp#27;[36mo.h.i.internal.IntegratorServiceImpl    &amp#27;[0;39m &amp#27;[2m:&amp#27;[0;39m Adding Integrator [org.hibernate.cache.internal.CollectionCacheInvalidator].
&amp#27;[2m2024-06-29T19:03:24.336-06:00&amp#27;[0;39m &amp#27;[32m INFO&amp#27;[0;39m &amp#27;[35m4020&amp#27;[0;39m &amp#27;[2m---&amp#27;[0;39m &amp#27;[2m[ApiInventarioMini] [           main]&amp#27;[0;39m &amp#27;[2m&amp#27;[0;39m&amp#27;[36morg.hibernate.Version                   &amp#27;[0;39m &amp#27;[2m:&amp#27;[0;39m HHH000412: Hibernate ORM core version 6.4.4.Final
&amp#27;[2m2024-06-29T19:03:24.337-06:00&amp#27;[0;39m &amp#27;[32mDEBUG&amp#27;[0;39m &amp#27;[35m4020&amp#27;[0;39m &amp#27;[2m---&amp#27;[0;39m &amp#27;[2m[ApiInventarioMini] [           main]&amp#27;[0;39m &amp#27;[2m&amp#27;[0;39m&amp#27;[36morg.hibernate.cfg.Environment           &amp#27;[0;39m &amp#27;[2m:&amp#27;[0;39m HHH000206: 'hibernate.properties' not found
&amp#27;[2m2024-06-29T19:03:24.349-06:00&amp#27;[0;39m &amp#27;[32mDEBUG&amp#27;[0;39m &amp#27;[35m4020&amp#27;[0;39m &amp#27;[2m---&amp#27;[0;39m &amp#27;[2m[ApiInventarioMini] [           main]&amp#27;[0;39m &amp#27;[2m&amp#27;[0;39m&amp#27;[36morg.hibernate.orm.idgen.factory         &amp#27;[0;39m &amp#27;[2m:&amp#27;[0;39m Registering IdentifierGenerator strategy [uuid2] -> [org.hibernate.id.UUIDGenerator]
&amp#27;[2m2024-06-29T19:03:24.349-06:00&amp#27;[0;39m &amp#27;[32mDEBUG&amp#27;[0;39m &amp#27;[35m4020&amp#27;[0;39m &amp#27;[2m---&amp#27;[0;39m &amp#27;[2m[ApiInventarioMini] [           main]&amp#27;[0;39m &amp#27;[2m&amp#27;[0;39m&amp#27;[36morg.hibernate.orm.idgen.factory         &amp#27;[0;39m &amp#27;[2m:&amp#27;[0;39m Registering IdentifierGenerator strategy [guid] -> [org.hibernate.id.GUIDGenerator]
&amp#27;[2m2024-06-29T19:03:24.349-06:00&amp#27;[0;39m &amp#27;[32mDEBUG&amp#27;[0;39m &amp#27;[35m4020&amp#27;[0;39m &amp#27;[2m---&amp#27;[0;39m &amp#27;[2m[ApiInventarioMini] [           main]&amp#27;[0;39m &amp#27;[2m&amp#27;[0;39m&amp#27;[36morg.hibernate.orm.idgen.factory         &amp#27;[0;39m &amp#27;[2m:&amp#27;[0;39m Registering IdentifierGenerator strategy [uuid] -> [org.hibernate.id.UUIDHexGenerator]
&amp#27;[2m2024-06-29T19:03:24.349-06:00&amp#27;[0;39m &amp#27;[32mDEBUG&amp#27;[0;39m &amp#27;[35m4020&amp#27;[0;39m &amp#27;[2m---&amp#27;[0;39m &amp#27;[2m[ApiInventarioMini] [           main]&amp#27;[0;39m &amp#27;[2m&amp#27;[0;39m&amp#27;[36morg.hibernate.orm.idgen.factory         &amp#27;[0;39m &amp#27;[2m:&amp#27;[0;39m Registering IdentifierGenerator strategy [uuid.hex] -> [org.hibernate.id.UUIDHexGenerator]
&amp#27;[2m2024-06-29T19:03:24.350-06:00&amp#27;[0;39m &amp#27;[32mDEBUG&amp#27;[0;39m &amp#27;[35m4020&amp#27;[0;39m &amp#27;[2m---&amp#27;[0;39m &amp#27;[2m[ApiInventarioMini] [           main]&amp#27;[0;39m &amp#27;[2m&amp#27;[0;39m&amp#27;[36morg.hibernate.orm.idgen.factory         &amp#27;[0;39m &amp#27;[2m:&amp#27;[0;39m Registering IdentifierGenerator strategy [assigned] -> [org.hibernate.id.Assigned]
&amp#27;[2m2024-06-29T19:03:24.350-06:00&amp#27;[0;39m &amp#27;[32mDEBUG&amp#27;[0;39m &amp#27;[35m4020&amp#27;[0;39m &amp#27;[2m---&amp#27;[0;39m &amp#27;[2m[ApiInventarioMini] [           main]&amp#27;[0;39m &amp#27;[2m&amp#27;[0;39m&amp#27;[36morg.hibernate.orm.idgen.factory         &amp#27;[0;39m &amp#27;[2m:&amp#27;[0;39m Registering IdentifierGenerator strategy [identity] -> [org.hibernate.id.IdentityGenerator]
&amp#27;[2m2024-06-29T19:03:24.350-06:00&amp#27;[0;39m &amp#27;[32mDEBUG&amp#27;[0;39m &amp#27;[35m4020&amp#27;[0;39m &amp#27;[2m---&amp#27;[0;39m &amp#27;[2m[ApiInventarioMini] [           main]&amp#27;[0;39m &amp#27;[2m&amp#27;[0;39m&amp#27;[36morg.hibernate.orm.idgen.factory         &amp#27;[0;39m &amp#27;[2m:&amp#27;[0;39m Registering IdentifierGenerator strategy [select] -> [org.hibernate.id.SelectGenerator]
&amp#27;[2m2024-06-29T19:03:24.351-06:00&amp#27;[0;39m &amp#27;[32mDEBUG&amp#27;[0;39m &amp#27;[35m4020&amp#27;[0;39m &amp#27;[2m---&amp#27;[0;39m &amp#27;[2m[ApiInventarioMini] [           main]&amp#27;[0;39m &amp#27;[2m&amp#27;[0;39m&amp#27;[36morg.hibernate.orm.idgen.factory         &amp#27;[0;39m &amp#27;[2m:&amp#27;[0;39m Registering IdentifierGenerator strategy [sequence] -> [org.hibernate.id.enhanced.SequenceStyleGenerator]
&amp#27;[2m2024-06-29T19:03:24.351-06:00&amp#27;[0;39m &amp#27;[32mDEBUG&amp#27;[0;39m &amp#27;[35m4020&amp#27;[0;39m &amp#27;[2m---&amp#27;[0;39m &amp#27;[2m[ApiInventarioMini] [           main]&amp#27;[0;39m &amp#27;[2m&amp#27;[0;39m&amp#27;[36morg.hibernate.orm.idgen.factory         &amp#27;[0;39m &amp#27;[2m:&amp#27;[0;39m Registering IdentifierGenerator strategy [increment] -> [org.hibernate.id.IncrementGenerator]
&amp#27;[2m2024-06-29T19:03:24.351-06:00&amp#27;[0;39m &amp#27;[32mDEBUG&amp#27;[0;39m &amp#27;[35m4020&amp#27;[0;39m &amp#27;[2m---&amp#27;[0;39m &amp#27;[2m[ApiInventarioMini] [           main]&amp#27;[0;39m &amp#27;[2m&amp#27;[0;39m&amp#27;[36morg.hibernate.orm.idgen.factory         &amp#27;[0;39m &amp#27;[2m:&amp#27;[0;39m Registering IdentifierGenerator strategy [foreign] -> [org.hibernate.id.ForeignGenerator]
&amp#27;[2m2024-06-29T19:03:24.351-06:00&amp#27;[0;39m &amp#27;[32mDEBUG&amp#27;[0;39m &amp#27;[35m4020&amp#27;[0;39m &amp#27;[2m---&amp#27;[0;39m &amp#27;[2m[ApiInventarioMini] [           main]&amp#27;[0;39m &amp#27;[2m&amp#27;[0;39m&amp#27;[36morg.hibernate.orm.idgen.factory         &amp#27;[0;39m &amp#27;[2m:&amp#27;[0;39m Registering IdentifierGenerator strategy [enhanced-sequence] -> [org.hibernate.id.enhanced.SequenceStyleGenerator]
&amp#27;[2m2024-06-29T19:03:24.351-06:00&amp#27;[0;39m &amp#27;[32mDEBUG&amp#27;[0;39m &amp#27;[35m4020&amp#27;[0;39m &amp#27;[2m---&amp#27;[0;39m &amp#27;[2m[ApiInventarioMini] [           main]&amp#27;[0;39m &amp#27;[2m&amp#27;[0;39m&amp#27;[36morg.hibernate.orm.idgen.factory         &amp#27;[0;39m &amp#27;[2m:&amp#27;[0;39m Registering IdentifierGenerator strategy [enhanced-table] -> [org.hibernate.id.enhanced.TableGenerator]
&amp#27;[2m2024-06-29T19:03:24.354-06:00&amp#27;[0;39m &amp#27;[32mDEBUG&amp#27;[0;39m &amp#27;[35m4020&amp#27;[0;39m &amp#27;[2m---&amp#27;[0;39m &amp#27;[2m[ApiInventarioMini] [           main]&amp#27;[0;39m &amp#27;[2m&amp#27;[0;39m&amp#27;[36mo.h.c.internal.RegionFactoryInitiator   &amp#27;[0;39m &amp#27;[2m:&amp#27;[0;39m Cannot default RegionFactory based on registered strategies as `[]` RegionFactory strategies were registered
&amp#27;[2m2024-06-29T19:03:24.355-06:00&amp#27;[0;39m &amp#27;[32m INFO&amp#27;[0;39m &amp#27;[35m4020&amp#27;[0;39m &amp#27;[2m---&amp#27;[0;39m &amp#27;[2m[ApiInventarioMini] [           main]&amp#27;[0;39m &amp#27;[2m&amp#27;[0;39m&amp#27;[36mo.h.c.internal.RegionFactoryInitiator   &amp#27;[0;39m &amp#27;[2m:&amp#27;[0;39m HHH000026: Second-level cache disabled
&amp#27;[2m2024-06-29T19:03:24.386-06:00&amp#27;[0;39m &amp#27;[32mDEBUG&amp#27;[0;39m &amp#27;[35m4020&amp#27;[0;39m &amp#27;[2m---&amp#27;[0;39m &amp#27;[2m[ApiInventarioMini] [           main]&amp#27;[0;39m &amp#27;[2m&amp#27;[0;39m&amp#27;[36morg.hibernate.type.BasicTypeRegistry    &amp#27;[0;39m &amp#27;[2m:&amp#27;[0;39m Adding type registration boolean -> org.hibernate.type.BasicTypeReference@39da5e49
&amp#27;[2m2024-06-29T19:03:24.386-06:00&amp#27;[0;39m &amp#27;[32mDEBUG&amp#27;[0;39m &amp#27;[35m4020&amp#27;[0;39m &amp#27;[2m---&amp#27;[0;39m &amp#27;[2m[ApiInventarioMini] [           main]&amp#27;[0;39m &amp#27;[2m&amp#27;[0;39m&amp#27;[36morg.hibernate.type.BasicTypeRegistry    &amp#27;[0;39m &amp#27;[2m:&amp#27;[0;39m Adding type registration boolean -> org.hibernate.type.BasicTypeReference@39da5e49
&amp#27;[2m2024-06-29T19:03:24.386-06:00&amp#27;[0;39m &amp#27;[32mDEBUG&amp#27;[0;39m &amp#27;[35m4020&amp#27;[0;39m &amp#27;[2m---&amp#27;[0;39m &amp#27;[2m[ApiInventarioMini] [           main]&amp#27;[0;39m &amp#27;[2m&amp#27;[0;39m&amp#27;[36morg.hibernate.type.BasicTypeRegistry    &amp#27;[0;39m &amp#27;[2m:&amp#27;[0;39m Adding type registration java.lang.Boolean -> org.hibernate.type.BasicTypeReference@39da5e49
&amp#27;[2m2024-06-29T19:03:24.386-06:00&amp#27;[0;39m &amp#27;[32mDEBUG&amp#27;[0;39m &amp#27;[35m4020&amp#27;[0;39m &amp#27;[2m---&amp#27;[0;39m &amp#27;[2m[ApiInventarioMini] [           main]&amp#27;[0;39m &amp#27;[2m&amp#27;[0;39m&amp#27;[36morg.hibernate.type.BasicTypeRegistry    &amp#27;[0;39m &amp#27;[2m:&amp#27;[0;39m Adding type registration numeric_boolean -> org.hibernate.type.BasicTypeReference@2443abd6
&amp#27;[2m2024-06-29T19:03:24.386-06:00&amp#27;[0;39m &amp#27;[32mDEBUG&amp#27;[0;39m &amp#27;[35m4020&amp#27;[0;39m &amp#27;[2m---&amp#27;[0;39m &amp#27;[2m[ApiInventarioMini] [           main]&amp#27;[0;39m &amp#27;[2m&amp#27;[0;39m&amp#27;[36morg.hibernate.type.BasicTypeRegistry    &amp#27;[0;39m &amp#27;[2m:&amp#27;[0;39m Adding type registration org.hibernate.type.NumericBooleanConverter -> org.hibernate.type.BasicTypeReference@2443abd6
&amp#27;[2m2024-06-29T19:03:24.387-06:00&amp#27;[0;39m &amp#27;[32mDEBUG&amp#27;[0;39m &amp#27;[35m4020&amp#27;[0;39m &amp#27;[2m---&amp#27;[0;39m &amp#27;[2m[ApiInventarioMini] [           main]&amp#27;[0;39m &amp#27;[2m&amp#27;[0;39m&amp#27;[36morg.hibernate.type.BasicTypeRegistry    &amp#27;[0;39m &amp#27;[2m:&amp#27;[0;39m Adding type registration true_false -> org.hibernate.type.BasicTypeReference@674da77b
&amp#27;[2m2024-06-29T19:03:24.387-06:00&amp#27;[0;39m &amp#27;[32mDEBUG&amp#27;[0;39m &amp#27;[35m4020&amp#27;[0;39m &amp#27;[2m---&amp#27;[0;39m &amp#27;[2m[ApiInventarioMini] [           main]&amp#27;[0;39m &amp#27;[2m&amp#27;[0;39m&amp#27;[36morg.hibernate.type.BasicTypeRegistry    &amp#27;[0;39m &amp#27;[2m:&amp#27;[0;39m Adding type registration org.hibernate.type.TrueFalseConverter -> org.hibernate.type.BasicTypeReference@674da77b
&amp#27;[2m2024-06-29T19:03:24.387-06:00&amp#27;[0;39m &amp#27;[32mDEBUG&amp#27;[0;39m &amp#27;[35m4020&amp#27;[0;39m &amp#27;[2m---&amp#27;[0;39m &amp#27;[2m[ApiInventarioMini] [           main]&amp#27;[0;39m &amp#27;[2m&amp#27;[0;39m&amp#27;[36morg.hibernate.type.BasicTypeRegistry    &amp#27;[0;39m &amp#27;[2m:&amp#27;[0;39m Adding type registration yes_no -> org.hibernate.type.BasicTypeReference@bd3eff4
&amp#27;[2m2024-06-29T19:03:24.387-06:00&amp#27;[0;39m &amp#27;[32mDEBUG&amp#27;[0;39m &amp#27;[35m4020&amp#27;[0;39m &amp#27;[2m---&amp#27;[0;39m &amp#27;[2m[ApiInventarioMini] [           main]&amp#27;[0;39m &amp#27;[2m&amp#27;[0;39m&amp#27;[36morg.hibernate.type.BasicTypeRegistry    &amp#27;[0;39m &amp#27;[2m:&amp#27;[0;39m Adding type registration org.hibernate.type.YesNoConverter -> org.hibernate.type.BasicTypeReference@bd3eff4
&amp#27;[2m2024-06-29T19:03:24.387-06:00&amp#27;[0;39m &amp#27;[32mDEBUG&amp#27;[0;39m &amp#27;[35m4020&amp#27;[0;39m &amp#27;[2m---&amp#27;[0;39m &amp#27;[2m[ApiInventarioMini] [           main]&amp#27;[0;39m &amp#27;[2m&amp#27;[0;39m&amp#27;[36morg.hibernate.type.BasicTypeRegistry    &amp#27;[0;39m &amp#27;[2m:&amp#27;[0;39m Adding type registration byte -> org.hibernate.type.BasicTypeReference@6010d0d1
&amp#27;[2m2024-06-29T19:03:24.387-06:00&amp#27;[0;39m &amp#27;[32mDEBUG&amp#27;[0;39m &amp#27;[35m4020&amp#27;[0;39m &amp#27;[2m---&amp#27;[0;39m &amp#27;[2m[ApiInventarioMini] [           main]&amp#27;[0;39m &amp#27;[2m&amp#27;[0;39m&amp#27;[36morg.hibernate.type.BasicTypeRegistry    &amp#27;[0;39m &amp#27;[2m:&amp#27;[0;39m Adding type registration byte -> org.hibernate.type.BasicTypeReference@6010d0d1
&amp#27;[2m2024-06-29T19:03:24.387-06:00&amp#27;[0;39m &amp#27;[32mDEBUG&amp#27;[0;39m &amp#27;[35m4020&amp#27;[0;39m &amp#27;[2m---&amp#27;[0;39m &amp#27;[2m[ApiInventarioMini] [           main]&amp#27;[0;39m &amp#27;[2m&amp#27;[0;39m&amp#27;[36morg.hibernate.type.BasicTypeRegistry    &amp#27;[0;39m &amp#27;[2m:&amp#27;[0;39m Adding type registration java.lang.Byte -> org.hibernate.type.BasicTypeReference@6010d0d1
&amp#27;[2m2024-06-29T19:03:24.387-06:00&amp#27;[0;39m &amp#27;[32mDEBUG&amp#27;[0;39m &amp#27;[35m4020&amp#27;[0;39m &amp#27;[2m---&amp#27;[0;39m &amp#27;[2m[ApiInventarioMini] [           main]&amp#27;[0;39m &amp#27;[2m&amp#27;[0;39m&amp#27;[36morg.hibernate.type.BasicTypeRegistry    &amp#27;[0;39m &amp#27;[2m:&amp#27;[0;39m Adding type registration binary -> org.hibernate.type.BasicTypeReference@5934ca1e
&amp#27;[2m2024-06-29T19:03:24.387-06:00&amp#27;[0;39m &amp#27;[32mDEBUG&amp#27;[0;39m &amp#27;[35m4020&amp#27;[0;39m &amp#27;[2m---&amp#27;[0;39m &amp#27;[2m[ApiInventarioMini] [           main]&amp#27;[0;39m &amp#27;[2m&amp#27;[0;39m&amp#27;[36morg.hibernate.type.BasicTypeRegistry    &amp#27;[0;39m &amp#27;[2m:&amp#27;[0;39m Adding type registration byte[] -> org.hibernate.type.BasicTypeReference@5934ca1e
&amp#27;[2m2024-06-29T19:03:24.387-06:00&amp#27;[0;39m &amp#27;[32mDEBUG&amp#27;[0;39m &amp#27;[35m4020&amp#27;[0;39m &amp#27;[2m---&amp#27;[0;39m &amp#27;[2m[ApiInventarioMini] [           main]&amp#27;[0;39m &amp#27;[2m&amp#27;[0;39m&amp#27;[36morg.hibernate.type.BasicTypeRegistry    &amp#27;[0;39m &amp#27;[2m:&amp#27;[0;39m Adding type registration [B -> org.hibernate.type.BasicTypeReference@5934ca1e
&amp#27;[2m2024-06-29T19:03:24.387-06:00&amp#27;[0;39m &amp#27;[32mDEBUG&amp#27;[0;39m &amp#27;[35m4020&amp#27;[0;39m &amp#27;[2m---&amp#27;[0;39m &amp#27;[2m[ApiInventarioMini] [           main]&amp#27;[0;39m &amp#27;[2m&amp#27;[0;39m&amp#27;[36morg.hibernate.type.BasicTypeRegistry    &amp#27;[0;39m &amp#27;[2m:&amp#27;[0;39m Adding type registration binary_wrapper -> org.hibernate.type.BasicTypeReference@5348d83c
&amp#27;[2m2024-06-29T19:03:24.387-06:00&amp#27;[0;39m &amp#27;[32mDEBUG&amp#27;[0;39m &amp#27;[35m4020&amp#27;[0;39m &amp#27;[2m---&amp#27;[0;39m &amp#27;[2m[ApiInventarioMini] [           main]&amp#27;[0;39m &amp#27;[2m&amp#27;[0;39m&amp#27;[36morg.hibernate.type.BasicTypeRegistry    &amp#27;[0;39m &amp#27;[2m:&amp#27;[0;39m Adding type registration wrapper-binary -> org.hibernate.type.BasicTypeReference@5348d83c
&amp#27;[2m2024-06-29T19:03:24.387-06:00&amp#27;[0;39m &amp#27;[32mDEBUG&amp#27;[0;39m &amp#27;[35m4020&amp#27;[0;39m &amp#27;[2m---&amp#27;[0;39m &amp#27;[2m[ApiInventarioMini] [           main]&amp#27;[0;39m &amp#27;[2m&amp#27;[0;39m&amp#27;[36morg.hibernate.type.BasicTypeRegistry    &amp#27;[0;39m &amp#27;[2m:&amp#27;[0;39m Adding type registration image -> org.hibernate.type.BasicTypeReference@477021ee
&amp#27;[2m2024-06-29T19:03:24.387-06:00&amp#27;[0;39m &amp#27;[32mDEBUG&amp#27;[0;39m &amp#27;[35m4020&amp#27;[0;39m &amp#27;[2m---&amp#27;[0;39m &amp#27;[2m[ApiInventarioMini] [           main]&amp#27;[0;39m &amp#27;[2m&amp#27;[0;39m&amp#27;[36morg.hibernate.type.BasicTypeRegistry    &amp#27;[0;39m &amp#27;[2m:&amp#27;[0;39m Adding type registration blob -> org.hibernate.type.BasicTypeReference@2180e789
&amp#27;[2m2024-06-29T19:03:24.388-06:00&amp#27;[0;39m &amp#27;[32mDEBUG&amp#27;[0;39m &amp#27;[35m4020&amp#27;[0;39m &amp#27;[2m---&amp#27;[0;39m &amp#27;[2m[ApiInventarioMini] [           main]&amp#27;[0;39m &amp#27;[2m&amp#27;[0;39m&amp#27;[36morg.hibernate.type.BasicTypeRegistry    &amp#27;[0;39m &amp#27;[2m:&amp#27;[0;39m Adding type registration java.sql.Blob -> org.hibernate.type.BasicTypeReference@2180e789
&amp#27;[2m2024-06-29T19:03:24.388-06:00&amp#27;[0;39m &amp#27;[32mDEBUG&amp#27;[0;39m &amp#27;[35m4020&amp#27;[0;39m &amp#27;[2m---&amp#27;[0;39m &amp#27;[2m[ApiInventarioMini] [           main]&amp#27;[0;39m &amp#27;[2m&amp#27;[0;39m&amp#27;[36morg.hibernate.type.BasicTypeRegistry    &amp#27;[0;39m &amp#27;[2m:&amp#27;[0;39m Adding type registration materialized_blob -> org.hibernate.type.BasicTypeReference@5e9bbd9d
&amp#27;[2m2024-06-29T19:03:24.388-06:00&amp#27;[0;39m &amp#27;[32mDEBUG&amp#27;[0;39m &amp#27;[35m4020&amp#27;[0;39m &amp#27;[2m---&amp#27;[0;39m &amp#27;[2m[ApiInventarioMini] [           main]&amp#27;[0;39m &amp#27;[2m&amp#27;[0;39m&amp#27;[36morg.hibernate.type.BasicTypeRegistry    &amp#27;[0;39m &amp#27;[2m:&amp#27;[0;39m Adding type registration materialized_blob_wrapper -> org.hibernate.type.BasicTypeReference@4b87074a
&amp#27;[2m2024-06-29T19:03:24.388-06:00&amp#27;[0;39m &amp#27;[32mDEBUG&amp#27;[0;39m &amp#27;[35m4020&amp#27;[0;39m &amp#27;[2m---&amp#27;[0;39m &amp#27;[2m[ApiInventarioMini] [           main]&amp#27;[0;39m &amp#27;[2m&amp#27;[0;39m&amp#27;[36morg.hibernate.type.BasicTypeRegistry    &amp#27;[0;39m &amp#27;[2m:&amp#27;[0;39m Adding type registration short -> org.hibernate.type.BasicTypeReference@d3e3085
&amp#27;[2m2024-06-29T19:03:24.388-06:00&amp#27;[0;39m &amp#27;[32mDEBUG&amp#27;[0;39m &amp#27;[35m4020&amp#27;[0;39m &amp#27;[2m---&amp#27;[0;39m &amp#27;[2m[ApiInventarioMini] [           main]&amp#27;[0;39m &amp#27;[2m&amp#27;[0;39m&amp#27;[36morg.hibernate.type.BasicTypeRegistry    &amp#27;[0;39m &amp#27;[2m:&amp#27;[0;39m Adding type registration short -> org.hibernate.type.BasicTypeReference@d3e3085
&amp#27;[2m2024-06-29T19:03:24.388-06:00&amp#27;[0;39m &amp#27;[32mDEBUG&amp#27;[0;39m &amp#27;[35m4020&amp#27;[0;39m &amp#27;[2m---&amp#27;[0;39m &amp#27;[2m[ApiInventarioMini] [           main]&amp#27;[0;39m &amp#27;[2m&amp#27;[0;39m&amp#27;[36morg.hibernate.type.BasicTypeRegistry    &amp#27;[0;39m &amp#27;[2m:&amp#27;[0;39m Adding type registration java.lang.Short -> org.hibernate.type.BasicTypeReference@d3e3085
&amp#27;[2m2024-06-29T19:03:24.388-06:00&amp#27;[0;39m &amp#27;[32mDEBUG&amp#27;[0;39m &amp#27;[35m4020&amp#27;[0;39m &amp#27;[2m---&amp#27;[0;39m &amp#27;[2m[ApiInventarioMini] [           main]&amp#27;[0;39m &amp#27;[2m&amp#27;[0;39m&amp#27;[36morg.hibernate.type.BasicTypeRegistry    &amp#27;[0;39m &amp#27;[2m:&amp#27;[0;39m Adding type registration integer -> org.hibernate.type.BasicTypeReference@2ba42204
&amp#27;[2m2024-06-29T19:03:24.388-06:00&amp#27;[0;39m &amp#27;[32mDEBUG&amp#27;[0;39m &amp#27;[35m4020&amp#27;[0;39m &amp#27;[2m---&amp#27;[0;39m &amp#27;[2m[ApiInventarioMini] [           main]&amp#27;[0;39m &amp#27;[2m&amp#27;[0;39m&amp#27;[36morg.hibernate.type.BasicTypeRegistry    &amp#27;[0;39m &amp#27;[2m:&amp#27;[0;39m Adding type registration int -> org.hibernate.type.BasicTypeReference@2ba42204
&amp#27;[2m2024-06-29T19:03:24.388-06:00&amp#27;[0;39m &amp#27;[32mDEBUG&amp#27;[0;39m &amp#27;[35m4020&amp#27;[0;39m &amp#27;[2m---&amp#27;[0;39m &amp#27;[2m[ApiInventarioMini] [           main]&amp#27;[0;39m &amp#27;[2m&amp#27;[0;39m&amp#27;[36morg.hibernate.type.BasicTypeRegistry    &amp#27;[0;39m &amp#27;[2m:&amp#27;[0;39m Adding type registration java.lang.Integer -> org.hibernate.type.BasicTypeReference@2ba42204
&amp#27;[2m2024-06-29T19:03:24.388-06:00&amp#27;[0;39m &amp#27;[32mDEBUG&amp#27;[0;39m &amp#27;[35m4020&amp#27;[0;39m &amp#27;[2m---&amp#27;[0;39m &amp#27;[2m[ApiInventarioMini] [           main]&amp#27;[0;39m &amp#27;[2m&amp#27;[0;39m&amp#27;[36morg.hibernate.type.BasicTypeRegistry    &amp#27;[0;39m &amp#27;[2m:&amp#27;[0;39m Adding type registration long -> org.hibernate.type.BasicTypeReference@285005b8
&amp#27;[2m2024-06-29T19:03:24.388-06:00&amp#27;[0;39m &amp#27;[32mDEBUG&amp#27;[0;39m &amp#27;[35m4020&amp#27;[0;39m &amp#27;[2m---&amp#27;[0;39m &amp#27;[2m[ApiInventarioMini] [           main]&amp#27;[0;39m &amp#27;[2m&amp#27;[0;39m&amp#27;[36morg.hibernate.type.BasicTypeRegistry    &amp#27;[0;39m &amp#27;[2m:&amp#27;[0;39m Adding type registration long -> org.hibernate.type.BasicTypeReference@285005b8
&amp#27;[2m2024-06-29T19:03:24.388-06:00&amp#27;[0;39m &amp#27;[32mDEBUG&amp#27;[0;39m &amp#27;[35m4020&amp#27;[0;39m &amp#27;[2m---&amp#27;[0;39m &amp#27;[2m[ApiInventarioMini] [           main]&amp#27;[0;39m &amp#27;[2m&amp#27;[0;39m&amp#27;[36morg.hibernate.type.BasicTypeRegistry    &amp#27;[0;39m &amp#27;[2m:&amp#27;[0;39m Adding type registration java.lang.Long -> org.hibernate.type.BasicTypeReference@285005b8
&amp#27;[2m2024-06-29T19:03:24.388-06:00&amp#27;[0;39m &amp#27;[32mDEBUG&amp#27;[0;39m &amp#27;[35m4020&amp#27;[0;39m &amp#27;[2m---&amp#27;[0;39m &amp#27;[2m[ApiInventarioMini] [           main]&amp#27;[0;39m &amp#27;[2m&amp#27;[0;39m&amp#27;[36morg.hibernate.type.BasicTypeRegistry    &amp#27;[0;39m &amp#27;[2m:&amp#27;[0;39m Adding type registration float -> org.hibernate.type.BasicTypeReference@5b1efaaf
&amp#27;[2m2024-06-29T19:03:24.388-06:00&amp#27;[0;39m &amp#27;[32mDEBUG&amp#27;[0;39m &amp#27;[35m4020&amp#27;[0;39m &amp#27;[2m---&amp#27;[0;39m &amp#27;[2m[ApiInventarioMini] [           main]&amp#27;[0;39m &amp#27;[2m&amp#27;[0;39m&amp#27;[36morg.hibernate.type.BasicTypeRegistry    &amp#27;[0;39m &amp#27;[2m:&amp#27;[0;39m Adding type registration float -> org.hibernate.type.BasicTypeReference@5b1efaaf
&amp#27;[2m2024-06-29T19:03:24.388-06:00&amp#27;[0;39m &amp#27;[32mDEBUG&amp#27;[0;39m &amp#27;[35m4020&amp#27;[0;39m &amp#27;[2m---&amp#27;[0;39m &amp#27;[2m[ApiInventarioMini] [           main]&amp#27;[0;39m &amp#27;[2m&amp#27;[0;39m&amp#27;[36morg.hibernate.type.BasicTypeRegistry    &amp#27;[0;39m &amp#27;[2m:&amp#27;[0;39m Adding type registration java.lang.Float -> org.hibernate.type.BasicTypeReference@5b1efaaf
&amp#27;[2m2024-06-29T19:03:24.389-06:00&amp#27;[0;39m &amp#27;[32mDEBUG&amp#27;[0;39m &amp#27;[35m4020&amp#27;[0;39m &amp#27;[2m---&amp#27;[0;39m &amp#27;[2m[ApiInventarioMini] [           main]&amp#27;[0;39m &amp#27;[2m&amp#27;[0;39m&amp#27;[36morg.hibernate.type.BasicTypeRegistry    &amp#27;[0;39m &amp#27;[2m:&amp#27;[0;39m Adding type registration double -> org.hibernate.type.BasicTypeReference@27585351
&amp#27;[2m2024-06-29T19:03:24.389-06:00&amp#27;[0;39m &amp#27;[32mDEBUG&amp#27;[0;39m &amp#27;[35m4020&amp#27;[0;39m &amp#27;[2m---&amp#27;[0;39m &amp#27;[2m[ApiInventarioMini] [           main]&amp#27;[0;39m &amp#27;[2m&amp#27;[0;39m&amp#27;[36morg.hibernate.type.BasicTypeRegistry    &amp#27;[0;39m &amp#27;[2m:&amp#27;[0;39m Adding type registration double -> org.hibernate.type.BasicTypeReference@27585351
&amp#27;[2m2024-06-29T19:03:24.389-06:00&amp#27;[0;39m &amp#27;[32mDEBUG&amp#27;[0;39m &amp#27;[35m4020&amp#27;[0;39m &amp#27;[2m---&amp#27;[0;39m &amp#27;[2m[ApiInventarioMini] [           main]&amp#27;[0;39m &amp#27;[2m&amp#27;[0;39m&amp#27;[36morg.hibernate.type.BasicTypeRegistry    &amp#27;[0;39m &amp#27;[2m:&amp#27;[0;39m Adding type registration java.lang.Double -> org.hibernate.type.BasicTypeReference@27585351
&amp#27;[2m2024-06-29T19:03:24.389-06:00&amp#27;[0;39m &amp#27;[32mDEBUG&amp#27;[0;39m &amp#27;[35m4020&amp#27;[0;39m &amp#27;[2m---&amp#27;[0;39m &amp#27;[2m[ApiInventarioMini] [           main]&amp#27;[0;39m &amp#27;[2m&amp#27;[0;39m&amp#27;[36morg.hibernate.type.BasicTypeRegistry    &amp#27;[0;39m &amp#27;[2m:&amp#27;[0;39m Adding type registration big_integer -> org.hibernate.type.BasicTypeReference@2de6f1bc
&amp#27;[2m2024-06-29T19:03:24.389-06:00&amp#27;[0;39m &amp#27;[32mDEBUG&amp#27;[0;39m &amp#27;[35m4020&amp#27;[0;39m &amp#27;[2m---&amp#27;[0;39m &amp#27;[2m[ApiInventarioMini] [           main]&amp#27;[0;39m &amp#27;[2m&amp#27;[0;39m&amp#27;[36morg.hibernate.type.BasicTypeRegistry    &amp#27;[0;39m &amp#27;[2m:&amp#27;[0;39m Adding type registration java.math.BigInteger -> org.hibernate.type.BasicTypeReference@2de6f1bc
&amp#27;[2m2024-06-29T19:03:24.389-06:00&amp#27;[0;39m &amp#27;[32mDEBUG&amp#27;[0;39m &amp#27;[35m4020&amp#27;[0;39m &amp#27;[2m---&amp#27;[0;39m &amp#27;[2m[ApiInventarioMini] [           main]&amp#27;[0;39m &amp#27;[2m&amp#27;[0;39m&amp#27;[36morg.hibernate.type.BasicTypeRegistry    &amp#27;[0;39m &amp#27;[2m:&amp#27;[0;39m Adding type registration big_decimal -> org.hibernate.type.BasicTypeReference@5b35c7d
&amp#27;[2m2024-06-29T19:03:24.389-06:00&amp#27;[0;39m &amp#27;[32mDEBUG&amp#27;[0;39m &amp#27;[35m4020&amp#27;[0;39m &amp#27;[2m---&amp#27;[0;39m &amp#27;[2m[ApiInventarioMini] [           main]&amp#27;[0;39m &amp#27;[2m&amp#27;[0;39m&amp#27;[36morg.hibernate.type.BasicTypeRegistry    &amp#27;[0;39m &amp#27;[2m:&amp#27;[0;39m Adding type registration java.math.BigDecimal -> org.hibernate.type.BasicTypeReference@5b35c7d
&amp#27;[2m2024-06-29T19:03:24.389-06:00&amp#27;[0;39m &amp#27;[32mDEBUG&amp#27;[0;39m &amp#27;[35m4020&amp#27;[0;39m &amp#27;[2m---&amp#27;[0;39m &amp#27;[2m[ApiInventarioMini] [           main]&amp#27;[0;39m &amp#27;[2m&amp#27;[0;39m&amp#27;[36morg.hibernate.type.BasicTypeRegistry    &amp#27;[0;39m &amp#27;[2m:&amp#27;[0;39m Adding type registration character -> org.hibernate.type.BasicTypeReference@29d405e6
&amp#27;[2m2024-06-29T19:03:24.389-06:00&amp#27;[0;39m &amp#27;[32mDEBUG&amp#27;[0;39m &amp#27;[35m4020&amp#27;[0;39m &amp#27;[2m---&amp#27;[0;39m &amp#27;[2m[ApiInventarioMini] [           main]&amp#27;[0;39m &amp#27;[2m&amp#27;[0;39m&amp#27;[36morg.hibernate.type.BasicTypeRegistry    &amp#27;[0;39m &amp#27;[2m:&amp#27;[0;39m Adding type registration char -> org.hibernate.type.BasicTypeReference@29d405e6
&amp#27;[2m2024-06-29T19:03:24.389-06:00&amp#27;[0;39m &amp#27;[32mDEBUG&amp#27;[0;39m &amp#27;[35m4020&amp#27;[0;39m &amp#27;[2m---&amp#27;[0;39m &amp#27;[2m[ApiInventarioMini] [           main]&amp#27;[0;39m &amp#27;[2m&amp#27;[0;39m&amp#27;[36morg.hibernate.type.BasicTypeRegistry    &amp#27;[0;39m &amp#27;[2m:&amp#27;[0;39m Adding type registration java.lang.Character -> org.hibernate.type.BasicTypeReference@29d405e6
&amp#27;[2m2024-06-29T19:03:24.389-06:00&amp#27;[0;39m &amp#27;[32mDEBUG&amp#27;[0;39m &amp#27;[35m4020&amp#27;[0;39m &amp#27;[2m---&amp#27;[0;39m &amp#27;[2m[ApiInventarioMini] [           main]&amp#27;[0;39m &amp#27;[2m&amp#27;[0;39m&amp#27;[36morg.hibernate.type.BasicTypeRegistry    &amp#27;[0;39m &amp#27;[2m:&amp#27;[0;39m Adding type registration character_nchar -> org.hibernate.type.BasicTypeReference@4c731956
&amp#27;[2m2024-06-29T19:03:24.389-06:00&amp#27;[0;39m &amp#27;[32mDEBUG&amp#27;[0;39m &amp#27;[35m4020&amp#27;[0;39m &amp#27;[2m---&amp#27;[0;39m &amp#27;[2m[ApiInventarioMini] [           main]&amp#27;[0;39m &amp#27;[2m&amp#27;[0;39m&amp#27;[36morg.hibernate.type.BasicTypeRegistry    &amp#27;[0;39m &amp#27;[2m:&amp#27;[0;39m Adding type registration string -> org.hibernate.type.BasicTypeReference@56826a75
&amp#27;[2m2024-06-29T19:03:24.389-06:00&amp#27;[0;39m &amp#27;[32mDEBUG&amp#27;[0;39m &amp#27;[35m4020&amp#27;[0;39m &amp#27;[2m---&amp#27;[0;39m &amp#27;[2m[ApiInventarioMini] [           main]&amp#27;[0;39m &amp#27;[2m&amp#27;[0;39m&amp#27;[36morg.hibernate.type.BasicTypeRegistry    &amp#27;[0;39m &amp#27;[2m:&amp#27;[0;39m Adding type registration java.lang.String -> org.hibernate.type.BasicTypeReference@56826a75
&amp#27;[2m2024-06-29T19:03:24.389-06:00&amp#27;[0;39m &amp#27;[32mDEBUG&amp#27;[0;39m &amp#27;[35m4020&amp#27;[0;39m &amp#27;[2m---&amp#27;[0;39m &amp#27;[2m[ApiInventarioMini] [           main]&amp#27;[0;39m &amp#27;[2m&amp#27;[0;39m&amp#27;[36morg.hibernate.type.BasicTypeRegistry    &amp#27;[0;39m &amp#27;[2m:&amp#27;[0;39m Adding type registration nstring -> org.hibernate.type.BasicTypeReference@49cd946c
&amp#27;[2m2024-06-29T19:03:24.389-06:00&amp#27;[0;39m &amp#27;[32mDEBUG&amp#27;[0;39m &amp#27;[35m4020&amp#27;[0;39m &amp#27;[2m---&amp#27;[0;39m &amp#27;[2m[ApiInventarioMini] [           main]&amp#27;[0;39m &amp#27;[2m&amp#27;[0;39m&amp#27;[36morg.hibernate.type.BasicTypeRegistry    &amp#27;[0;39m &amp#27;[2m:&amp#27;[0;39m Adding type registration characters -> org.hibernate.type.BasicTypeReference@40bf4386
&amp#27;[2m2024-06-29T19:03:24.389-06:00&amp#27;[0;39m &amp#27;[32mDEBUG&amp#27;[0;39m &amp#27;[35m4020&amp#27;[0;39m &amp#27;[2m---&amp#27;[0;39m &amp#27;[2m[ApiInventarioMini] [           main]&amp#27;[0;39m &amp#27;[2m&amp#27;[0;39m&amp#27;[36morg.hibernate.type.BasicTypeRegistry    &amp#27;[0;39m &amp#27;[2m:&amp#27;[0;39m Adding type registration char[] -> org.hibernate.type.BasicTypeReference@40bf4386
&amp#27;[2m2024-06-29T19:03:24.389-06:00&amp#27;[0;39m &amp#27;[32mDEBUG&amp#27;[0;39m &amp#27;[35m4020&amp#27;[0;39m &amp#27;[2m---&amp#27;[0;39m &amp#27;[2m[ApiInventarioMini] [           main]&amp#27;[0;39m &amp#27;[2m&amp#27;[0;39m&amp#27;[36morg.hibernate.type.BasicTypeRegistry    &amp#27;[0;39m &amp#27;[2m:&amp#27;[0;39m Adding type registration [C -> org.hibernate.type.BasicTypeReference@40bf4386
&amp#27;[2m2024-06-29T19:03:24.390-06:00&amp#27;[0;39m &amp#27;[32mDEBUG&amp#27;[0;39m &amp#27;[35m4020&amp#27;[0;39m &amp#27;[2m---&amp#27;[0;39m &amp#27;[2m[ApiInventarioMini] [           main]&amp#27;[0;39m &amp#27;[2m&amp#27;[0;39m&amp#27;[36morg.hibernate.type.BasicTypeRegistry    &amp#27;[0;39m &amp#27;[2m:&amp#27;[0;39m Adding type registration wrapper-characters -> org.hibernate.type.BasicTypeReference@14d25b6e
&amp#27;[2m2024-06-29T19:03:24.390-06:00&amp#27;[0;39m &amp#27;[32mDEBUG&amp#27;[0;39m &amp#27;[35m4020&amp#27;[0;39m &amp#27;[2m---&amp#27;[0;39m &amp#27;[2m[ApiInventarioMini] [           main]&amp#27;[0;39m &amp#27;[2m&amp#27;[0;39m&amp#27;[36morg.hibernate.type.BasicTypeRegistry    &amp#27;[0;39m &amp#27;[2m:&amp#27;[0;39m Adding type registration text -> org.hibernate.type.BasicTypeReference@51c65a43
&amp#27;[2m2024-06-29T19:03:24.390-06:00&amp#27;[0;39m &amp#27;[32mDEBUG&amp#27;[0;39m &amp#27;[35m4020&amp#27;[0;39m &amp#27;[2m---&amp#27;[0;39m &amp#27;[2m[ApiInventarioMini] [           main]&amp#27;[0;39m &amp#27;[2m&amp#27;[0;39m&amp#27;[36morg.hibernate.type.BasicTypeRegistry    &amp#27;[0;39m &amp#27;[2m:&amp#27;[0;39m Adding type registration ntext -> org.hibernate.type.BasicTypeReference@740dcae3
&amp#27;[2m2024-06-29T19:03:24.390-06:00&amp#27;[0;39m &amp#27;[32mDEBUG&amp#27;[0;39m &amp#27;[35m4020&amp#27;[0;39m &amp#27;[2m---&amp#27;[0;39m &amp#27;[2m[ApiInventarioMini] [           main]&amp#27;[0;39m &amp#27;[2m&amp#27;[0;39m&amp#27;[36morg.hibernate.type.BasicTypeRegistry    &amp#27;[0;39m &amp#27;[2m:&amp#27;[0;39m Adding type registration clob -> org.hibernate.type.BasicTypeReference@4e140497
&amp#27;[2m2024-06-29T19:03:24.390-06:00&amp#27;[0;39m &amp#27;[32mDEBUG&amp#27;[0;39m &amp#27;[35m4020&amp#27;[0;39m &amp#27;[2m---&amp#27;[0;39m &amp#27;[2m[ApiInventarioMini] [           main]&amp#27;[0;39m &amp#27;[2m&amp#27;[0;39m&amp#27;[36morg.hibernate.type.BasicTypeRegistry    &amp#27;[0;39m &amp#27;[2m:&amp#27;[0;39m Adding type registration java.sql.Clob -> org.hibernate.type.BasicTypeReference@4e140497
&amp#27;[2m2024-06-29T19:03:24.390-06:00&amp#27;[0;39m &amp#27;[32mDEBUG&amp#27;[0;39m &amp#27;[35m4020&amp#27;[0;39m &amp#27;[2m---&amp#27;[0;39m &amp#27;[2m[ApiInventarioMini] [           main]&amp#27;[0;39m &amp#27;[2m&amp#27;[0;39m&amp#27;[36morg.hibernate.type.BasicTypeRegistry    &amp#27;[0;39m &amp#27;[2m:&amp#27;[0;39m Adding type registration nclob -> org.hibernate.type.BasicTypeReference@481b2f10
&amp#27;[2m2024-06-29T19:03:24.390-06:00&amp#27;[0;39m &amp#27;[32mDEBUG&amp#27;[0;39m &amp#27;[35m4020&amp#27;[0;39m &amp#27;[2m---&amp#27;[0;39m &amp#27;[2m[ApiInventarioMini] [           main]&amp#27;[0;39m &amp#27;[2m&amp#27;[0;39m&amp#27;[36morg.hibernate.type.BasicTypeRegistry    &amp#27;[0;39m &amp#27;[2m:&amp#27;[0;39m Adding type registration java.sql.NClob -> org.hibernate.type.BasicTypeReference@481b2f10
&amp#27;[2m2024-06-29T19:03:24.390-06:00&amp#27;[0;39m &amp#27;[32mDEBUG&amp#27;[0;39m &amp#27;[35m4020&amp#27;[0;39m &amp#27;[2m---&amp#27;[0;39m &amp#27;[2m[ApiInventarioMini] [           main]&amp#27;[0;39m &amp#27;[2m&amp#27;[0;39m&amp#27;[36morg.hibernate.type.BasicTypeRegistry    &amp#27;[0;39m &amp#27;[2m:&amp#27;[0;39m Adding type registration materialized_clob -> org.hibernate.type.BasicTypeReference@2b6c7012
&amp#27;[2m2024-06-29T19:03:24.390-06:00&amp#27;[0;39m &amp#27;[32mDEBUG&amp#27;[0;39m &amp#27;[35m4020&amp#27;[0;39m &amp#27;[2m---&amp#27;[0;39m &amp#27;[2m[ApiInventarioMini] [           main]&amp#27;[0;39m &amp#27;[2m&amp#27;[0;39m&amp#27;[36morg.hibernate.type.BasicTypeRegistry    &amp#27;[0;39m &amp#27;[2m:&amp#27;[0;39m Adding type registration materialized_clob_char_array -> org.hibernate.type.BasicTypeReference@31acfd4e
&amp#27;[2m2024-06-29T19:03:24.390-06:00&amp#27;[0;39m &amp#27;[32mDEBUG&amp#27;[0;39m &amp#27;[35m4020&amp#27;[0;39m &amp#27;[2m---&amp#27;[0;39m &amp#27;[2m[ApiInventarioMini] [           main]&amp#27;[0;39m &amp#27;[2m&amp#27;[0;39m&amp#27;[36morg.hibernate.type.BasicTypeRegistry    &amp#27;[0;39m &amp#27;[2m:&amp#27;[0;39m Adding type registration materialized_clob_character_array -> org.hibernate.type.BasicTypeReference@5f726750
&amp#27;[2m2024-06-29T19:03:24.390-06:00&amp#27;[0;39m &amp#27;[32mDEBUG&amp#27;[0;39m &amp#27;[35m4020&amp#27;[0;39m &amp#27;[2m---&amp#27;[0;39m &amp#27;[2m[ApiInventarioMini] [           main]&amp#27;[0;39m &amp#27;[2m&amp#27;[0;39m&amp#27;[36morg.hibernate.type.BasicTypeRegistry    &amp#27;[0;39m &amp#27;[2m:&amp#27;[0;39m Adding type registration materialized_nclob -> org.hibernate.type.BasicTypeReference@4e80a001
&amp#27;[2m2024-06-29T19:03:24.390-06:00&amp#27;[0;39m &amp#27;[32mDEBUG&amp#27;[0;39m &amp#27;[35m4020&amp#27;[0;39m &amp#27;[2m---&amp#27;[0;39m &amp#27;[2m[ApiInventarioMini] [           main]&amp#27;[0;39m &amp#27;[2m&amp#27;[0;39m&amp#27;[36morg.hibernate.type.BasicTypeRegistry    &amp#27;[0;39m &amp#27;[2m:&amp#27;[0;39m Adding type registration materialized_nclob_character_array -> org.hibernate.type.BasicTypeReference@624b523
&amp#27;[2m2024-06-29T19:03:24.390-06:00&amp#27;[0;39m &amp#27;[32mDEBUG&amp#27;[0;39m &amp#27;[35m4020&amp#27;[0;39m &amp#27;[2m---&amp#27;[0;39m &amp#27;[2m[ApiInventarioMini] [           main]&amp#27;[0;39m &amp#27;[2m&amp#27;[0;39m&amp#27;[36morg.hibernate.type.BasicTypeRegistry    &amp#27;[0;39m &amp#27;[2m:&amp#27;[0;39m Adding type registration materialized_nclob_char_array -> org.hibernate.type.BasicTypeReference@50b46e24
&amp#27;[2m2024-06-29T19:03:24.390-06:00&amp#27;[0;39m &amp#27;[32mDEBUG&amp#27;[0;39m &amp#27;[35m4020&amp#27;[0;39m &amp#27;[2m---&amp#27;[0;39m &amp#27;[2m[ApiInventarioMini] [           main]&amp#27;[0;39m &amp#27;[2m&amp#27;[0;39m&amp#27;[36morg.hibernate.type.BasicTypeRegistry    &amp#27;[0;39m &amp#27;[2m:&amp#27;[0;39m Adding type registration Duration -> org.hibernate.type.BasicTypeReference@1c30cb85
&amp#27;[2m2024-06-29T19:03:24.390-06:00&amp#27;[0;39m &amp#27;[32mDEBUG&amp#27;[0;39m &amp#27;[35m4020&amp#27;[0;39m &amp#27;[2m---&amp#27;[0;39m &amp#27;[2m[ApiInventarioMini] [           main]&amp#27;[0;39m &amp#27;[2m&amp#27;[0;39m&amp#27;[36morg.hibernate.type.BasicTypeRegistry    &amp#27;[0;39m &amp#27;[2m:&amp#27;[0;39m Adding type registration java.time.Duration -> org.hibernate.type.BasicTypeReference@1c30cb85
&amp#27;[2m2024-06-29T19:03:24.390-06:00&amp#27;[0;39m &amp#27;[32mDEBUG&amp#27;[0;39m &amp#27;[35m4020&amp#27;[0;39m &amp#27;[2m---&amp#27;[0;39m &amp#27;[2m[ApiInventarioMini] [           main]&amp#27;[0;39m &amp#27;[2m&amp#27;[0;39m&amp#27;[36morg.hibernate.type.BasicTypeRegistry    &amp#27;[0;39m &amp#27;[2m:&amp#27;[0;39m Adding type registration LocalDateTime -> org.hibernate.type.BasicTypeReference@577bf0aa
&amp#27;[2m2024-06-29T19:03:24.390-06:00&amp#27;[0;39m &amp#27;[32mDEBUG&amp#27;[0;39m &amp#27;[35m4020&amp#27;[0;39m &amp#27;[2m---&amp#27;[0;39m &amp#27;[2m[ApiInventarioMini] [           main]&amp#27;[0;39m &amp#27;[2m&amp#27;[0;39m&amp#27;[36morg.hibernate.type.BasicTypeRegistry    &amp#27;[0;39m &amp#27;[2m:&amp#27;[0;39m Adding type registration java.time.LocalDateTime -> org.hibernate.type.BasicTypeReference@577bf0aa
&amp#27;[2m2024-06-29T19:03:24.390-06:00&amp#27;[0;39m &amp#27;[32mDEBUG&amp#27;[0;39m &amp#27;[35m4020&amp#27;[0;39m &amp#27;[2m---&amp#27;[0;39m &amp#27;[2m[ApiInventarioMini] [           main]&amp#27;[0;39m &amp#27;[2m&amp#27;[0;39m&amp#27;[36morg.hibernate.type.BasicTypeRegistry    &amp#27;[0;39m &amp#27;[2m:&amp#27;[0;39m Adding type registration LocalDate -> org.hibernate.type.BasicTypeReference@7455dacb
&amp#27;[2m2024-06-29T19:03:24.390-06:00&amp#27;[0;39m &amp#27;[32mDEBUG&amp#27;[0;39m &amp#27;[35m4020&amp#27;[0;39m &amp#27;[2m---&amp#27;[0;39m &amp#27;[2m[ApiInventarioMini] [           main]&amp#27;[0;39m &amp#27;[2m&amp#27;[0;39m&amp#27;[36morg.hibernate.type.BasicTypeRegistry    &amp#27;[0;39m &amp#27;[2m:&amp#27;[0;39m Adding type registration java.time.LocalDate -> org.hibernate.type.BasicTypeReference@7455dacb
&amp#27;[2m2024-06-29T19:03:24.390-06:00&amp#27;[0;39m &amp#27;[32mDEBUG&amp#27;[0;39m &amp#27;[35m4020&amp#27;[0;39m &amp#27;[2m---&amp#27;[0;39m &amp#27;[2m[ApiInventarioMini] [           main]&amp#27;[0;39m &amp#27;[2m&amp#27;[0;39m&amp#27;[36morg.hibernate.type.BasicTypeRegistry    &amp#27;[0;39m &amp#27;[2m:&amp#27;[0;39m Adding type registration LocalTime -> org.hibernate.type.BasicTypeReference@7634f2b
&amp#27;[2m2024-06-29T19:03:24.390-06:00&amp#27;[0;39m &amp#27;[32mDEBUG&amp#27;[0;39m &amp#27;[35m4020&amp#27;[0;39m &amp#27;[2m---&amp#27;[0;39m &amp#27;[2m[ApiInventarioMini] [           main]&amp#27;[0;39m &amp#27;[2m&amp#27;[0;39m&amp#27;[36morg.hibernate.type.BasicTypeRegistry    &amp#27;[0;39m &amp#27;[2m:&amp#27;[0;39m Adding type registration java.time.LocalTime -> org.hibernate.type.BasicTypeReference@7634f2b
&amp#27;[2m2024-06-29T19:03:24.390-06:00&amp#27;[0;39m &amp#27;[32mDEBUG&amp#27;[0;39m &amp#27;[35m4020&amp#27;[0;39m &amp#27;[2m---&amp#27;[0;39m &amp#27;[2m[ApiInventarioMini] [           main]&amp#27;[0;39m &amp#27;[2m&amp#27;[0;39m&amp#27;[36morg.hibernate.type.BasicTypeRegistry    &amp#27;[0;39m &amp#27;[2m:&amp#27;[0;39m Adding type registration OffsetDateTime -> org.hibernate.type.BasicTypeReference@1d15c0a1
&amp#27;[2m2024-06-29T19:03:24.391-06:00&amp#27;[0;39m &amp#27;[32mDEBUG&amp#27;[0;39m &amp#27;[35m4020&amp#27;[0;39m &amp#27;[2m---&amp#27;[0;39m &amp#27;[2m[ApiInventarioMini] [           main]&amp#27;[0;39m &amp#27;[2m&amp#27;[0;39m&amp#27;[36morg.hibernate.type.BasicTypeRegistry    &amp#27;[0;39m &amp#27;[2m:&amp#27;[0;39m Adding type registration java.time.OffsetDateTime -> org.hibernate.type.BasicTypeReference@1d15c0a1
&amp#27;[2m2024-06-29T19:03:24.391-06:00&amp#27;[0;39m &amp#27;[32mDEBUG&amp#27;[0;39m &amp#27;[35m4020&amp#27;[0;39m &amp#27;[2m---&amp#27;[0;39m &amp#27;[2m[ApiInventarioMini] [           main]&amp#27;[0;39m &amp#27;[2m&amp#27;[0;39m&amp#27;[36morg.hibernate.type.BasicTypeRegistry    &amp#27;[0;39m &amp#27;[2m:&amp#27;[0;39m Adding type registration OffsetDateTimeWithTimezone -> org.hibernate.type.BasicTypeReference@15639d09
&amp#27;[2m2024-06-29T19:03:24.391-06:00&amp#27;[0;39m &amp#27;[32mDEBUG&amp#27;[0;39m &amp#27;[35m4020&amp#27;[0;39m &amp#27;[2m---&amp#27;[0;39m &amp#27;[2m[ApiInventarioMini] [           main]&amp#27;[0;39m &amp#27;[2m&amp#27;[0;39m&amp#27;[36morg.hibernate.type.BasicTypeRegistry    &amp#27;[0;39m &amp#27;[2m:&amp#27;[0;39m Adding type registration OffsetDateTimeWithoutTimezone -> org.hibernate.type.BasicTypeReference@4fba8eec
&amp#27;[2m2024-06-29T19:03:24.391-06:00&amp#27;[0;39m &amp#27;[32mDEBUG&amp#27;[0;39m &amp#27;[35m4020&amp#27;[0;39m &amp#27;[2m---&amp#27;[0;39m &amp#27;[2m[ApiInventarioMini] [           main]&amp#27;[0;39m &amp#27;[2m&amp#27;[0;39m&amp#27;[36morg.hibernate.type.BasicTypeRegistry    &amp#27;[0;39m &amp#27;[2m:&amp#27;[0;39m Adding type registration OffsetTime -> org.hibernate.type.BasicTypeReference@52bd9a27
&amp#27;[2m2024-06-29T19:03:24.391-06:00&amp#27;[0;39m &amp#27;[32mDEBUG&amp#27;[0;39m &amp#27;[35m4020&amp#27;[0;39m &amp#27;[2m---&amp#27;[0;39m &amp#27;[2m[ApiInventarioMini] [           main]&amp#27;[0;39m &amp#27;[2m&amp#27;[0;39m&amp#27;[36morg.hibernate.type.BasicTypeRegistry    &amp#27;[0;39m &amp#27;[2m:&amp#27;[0;39m Adding type registration java.time.OffsetTime -> org.hibernate.type.BasicTypeReference@52bd9a27
&amp#27;[2m2024-06-29T19:03:24.391-06:00&amp#27;[0;39m &amp#27;[32mDEBUG&amp#27;[0;39m &amp#27;[35m4020&amp#27;[0;39m &amp#27;[2m---&amp#27;[0;39m &amp#27;[2m[ApiInventarioMini] [           main]&amp#27;[0;39m &amp#27;[2m&amp#27;[0;39m&amp#27;[36morg.hibernate.type.BasicTypeRegistry    &amp#27;[0;39m &amp#27;[2m:&amp#27;[0;39m Adding type registration OffsetTimeUtc -> org.hibernate.type.BasicTypeReference@611e5819
&amp#27;[2m2024-06-29T19:03:24.391-06:00&amp#27;[0;39m &amp#27;[32mDEBUG&amp#27;[0;39m &amp#27;[35m4020&amp#27;[0;39m &amp#27;[2m---&amp#27;[0;39m &amp#27;[2m[ApiInventarioMini] [           main]&amp#27;[0;39m &amp#27;[2m&amp#27;[0;39m&amp#27;[36morg.hibernate.type.BasicTypeRegistry    &amp#27;[0;39m &amp#27;[2m:&amp#27;[0;39m Adding type registration OffsetTimeWithTimezone -> org.hibernate.type.BasicTypeReference@681c0ae6
&amp#27;[2m2024-06-29T19:03:24.391-06:00&amp#27;[0;39m &amp#27;[32mDEBUG&amp#27;[0;39m &amp#27;[35m4020&amp#27;[0;39m &amp#27;[2m---&amp#27;[0;39m &amp#27;[2m[ApiInventarioMini] [           main]&amp#27;[0;39m &amp#27;[2m&amp#27;[0;39m&amp#27;[36morg.hibernate.type.BasicTypeRegistry    &amp#27;[0;39m &amp#27;[2m:&amp#27;[0;39m Adding type registration OffsetTimeWithoutTimezone -> org.hibernate.type.BasicTypeReference@73ca34e7
&amp#27;[2m2024-06-29T19:03:24.391-06:00&amp#27;[0;39m &amp#27;[32mDEBUG&amp#27;[0;39m &amp#27;[35m4020&amp#27;[0;39m &amp#27;[2m---&amp#27;[0;39m &amp#27;[2m[ApiInventarioMini] [           main]&amp#27;[0;39m &amp#27;[2m&amp#27;[0;39m&amp#27;[36morg.hibernate.type.BasicTypeRegistry    &amp#27;[0;39m &amp#27;[2m:&amp#27;[0;39m Adding type registration ZonedDateTime -> org.hibernate.type.BasicTypeReference@4d98e41b
&amp#27;[2m2024-06-29T19:03:24.391-06:00&amp#27;[0;39m &amp#27;[32mDEBUG&amp#27;[0;39m &amp#27;[35m4020&amp#27;[0;39m &amp#27;[2m---&amp#27;[0;39m &amp#27;[2m[ApiInventarioMini] [           main]&amp#27;[0;39m &amp#27;[2m&amp#27;[0;39m&amp#27;[36morg.hibernate.type.BasicTypeRegistry    &amp#27;[0;39m &amp#27;[2m:&amp#27;[0;39m Adding type registration java.time.ZonedDateTime -> org.hibernate.type.BasicTypeReference@4d98e41b
&amp#27;[2m2024-06-29T19:03:24.391-06:00&amp#27;[0;39m &amp#27;[32mDEBUG&amp#27;[0;39m &amp#27;[35m4020&amp#27;[0;39m &amp#27;[2m---&amp#27;[0;39m &amp#27;[2m[ApiInventarioMini] [           main]&amp#27;[0;39m &amp#27;[2m&amp#27;[0;39m&amp#27;[36morg.hibernate.type.BasicTypeRegistry    &amp#27;[0;39m &amp#27;[2m:&amp#27;[0;39m Adding type registration ZonedDateTimeWithTimezone -> org.hibernate.type.BasicTypeReference@5ed5b321
&amp#27;[2m2024-06-29T19:03:24.391-06:00&amp#27;[0;39m &amp#27;[32mDEBUG&amp#27;[0;39m &amp#27;[35m4020&amp#27;[0;39m &amp#27;[2m---&amp#27;[0;39m &amp#27;[2m[ApiInventarioMini] [           main]&amp#27;[0;39m &amp#27;[2m&amp#27;[0;39m&amp#27;[36morg.hibernate.type.BasicTypeRegistry    &amp#27;[0;39m &amp#27;[2m:&amp#27;[0;39m Adding type registration ZonedDateTimeWithoutTimezone -> org.hibernate.type.BasicTypeReference@5696c927
&amp#27;[2m2024-06-29T19:03:24.391-06:00&amp#27;[0;39m &amp#27;[32mDEBUG&amp#27;[0;39m &amp#27;[35m4020&amp#27;[0;39m &amp#27;[2m---&amp#27;[0;39m &amp#27;[2m[ApiInventarioMini] [           main]&amp#27;[0;39m &amp#27;[2m&amp#27;[0;39m&amp#27;[36morg.hibernate.type.BasicTypeRegistry    &amp#27;[0;39m &amp#27;[2m:&amp#27;[0;39m Adding type registration date -> org.hibernate.type.BasicTypeReference@7459a21e
&amp#27;[2m2024-06-29T19:03:24.391-06:00&amp#27;[0;39m &amp#27;[32mDEBUG&amp#27;[0;39m &amp#27;[35m4020&amp#27;[0;39m &amp#27;[2m---&amp#27;[0;39m &amp#27;[2m[ApiInventarioMini] [           main]&amp#27;[0;39m &amp#27;[2m&amp#27;[0;39m&amp#27;[36morg.hibernate.type.BasicTypeRegistry    &amp#27;[0;39m &amp#27;[2m:&amp#27;[0;39m Adding type registration java.sql.Date -> org.hibernate.type.BasicTypeReference@7459a21e
&amp#27;[2m2024-06-29T19:03:24.391-06:00&amp#27;[0;39m &amp#27;[32mDEBUG&amp#27;[0;39m &amp#27;[35m4020&amp#27;[0;39m &amp#27;[2m---&amp#27;[0;39m &amp#27;[2m[ApiInventarioMini] [           main]&amp#27;[0;39m &amp#27;[2m&amp#27;[0;39m&amp#27;[36morg.hibernate.type.BasicTypeRegistry    &amp#27;[0;39m &amp#27;[2m:&amp#27;[0;39m Adding type registration time -> org.hibernate.type.BasicTypeReference@7eeb38b2
&amp#27;[2m2024-06-29T19:03:24.391-06:00&amp#27;[0;39m &amp#27;[32mDEBUG&amp#27;[0;39m &amp#27;[35m4020&amp#27;[0;39m &amp#27;[2m---&amp#27;[0;39m &amp#27;[2m[ApiInventarioMini] [           main]&amp#27;[0;39m &amp#27;[2m&amp#27;[0;39m&amp#27;[36morg.hibernate.type.BasicTypeRegistry    &amp#27;[0;39m &amp#27;[2m:&amp#27;[0;39m Adding type registration java.sql.Time -> org.hibernate.type.BasicTypeReference@7eeb38b2
&amp#27;[2m2024-06-29T19:03:24.391-06:00&amp#27;[0;39m &amp#27;[32mDEBUG&amp#27;[0;39m &amp#27;[35m4020&amp#27;[0;39m &amp#27;[2m---&amp#27;[0;39m &amp#27;[2m[ApiInventarioMini] [           main]&amp#27;[0;39m &amp#27;[2m&amp#27;[0;39m&amp#27;[36morg.hibernate.type.BasicTypeRegistry    &amp#27;[0;39m &amp#27;[2m:&amp#27;[0;39m Adding type registration timestamp -> org.hibernate.type.BasicTypeReference@d54d0f5
&amp#27;[2m2024-06-29T19:03:24.391-06:00&amp#27;[0;39m &amp#27;[32mDEBUG&amp#27;[0;39m &amp#27;[35m4020&amp#27;[0;39m &amp#27;[2m---&amp#27;[0;39m &amp#27;[2m[ApiInventarioMini] [           main]&amp#27;[0;39m &amp#27;[2m&amp#27;[0;39m&amp#27;[36morg.hibernate.type.BasicTypeRegistry    &amp#27;[0;39m &amp#27;[2m:&amp#27;[0;39m Adding type registration java.sql.Timestamp -> org.hibernate.type.BasicTypeReference@d54d0f5
&amp#27;[2m2024-06-29T19:03:24.391-06:00&amp#27;[0;39m &amp#27;[32mDEBUG&amp#27;[0;39m &amp#27;[35m4020&amp#27;[0;39m &amp#27;[2m---&amp#27;[0;39m &amp#27;[2m[ApiInventarioMini] [           main]&amp#27;[0;39m &amp#27;[2m&amp#27;[0;39m&amp#27;[36morg.hibernate.type.BasicTypeRegistry    &amp#27;[0;39m &amp#27;[2m:&amp#27;[0;39m Adding type registration java.util.Date -> org.hibernate.type.BasicTypeReference@d54d0f5
&amp#27;[2m2024-06-29T19:03:24.391-06:00&amp#27;[0;39m &amp#27;[32mDEBUG&amp#27;[0;39m &amp#27;[35m4020&amp#27;[0;39m &amp#27;[2m---&amp#27;[0;39m &amp#27;[2m[ApiInventarioMini] [           main]&amp#27;[0;39m &amp#27;[2m&amp#27;[0;39m&amp#27;[36morg.hibernate.type.BasicTypeRegistry    &amp#27;[0;39m &amp#27;[2m:&amp#27;[0;39m Adding type registration calendar -> org.hibernate.type.BasicTypeReference@6d6bff89
&amp#27;[2m2024-06-29T19:03:24.391-06:00&amp#27;[0;39m &amp#27;[32mDEBUG&amp#27;[0;39m &amp#27;[35m4020&amp#27;[0;39m &amp#27;[2m---&amp#27;[0;39m &amp#27;[2m[ApiInventarioMini] [           main]&amp#27;[0;39m &amp#27;[2m&amp#27;[0;39m&amp#27;[36morg.hibernate.type.BasicTypeRegistry    &amp#27;[0;39m &amp#27;[2m:&amp#27;[0;39m Adding type registration java.util.Calendar -> org.hibernate.type.BasicTypeReference@6d6bff89
&amp#27;[2m2024-06-29T19:03:24.391-06:00&amp#27;[0;39m &amp#27;[32mDEBUG&amp#27;[0;39m &amp#27;[35m4020&amp#27;[0;39m &amp#27;[2m---&amp#27;[0;39m &amp#27;[2m[ApiInventarioMini] [           main]&amp#27;[0;39m &amp#27;[2m&amp#27;[0;39m&amp#27;[36morg.hibernate.type.BasicTypeRegistry    &amp#27;[0;39m &amp#27;[2m:&amp#27;[0;39m Adding type registration java.util.GregorianCalendar -> org.hibernate.type.BasicTypeReference@6d6bff89
&amp#27;[2m2024-06-29T19:03:24.392-06:00&amp#27;[0;39m &amp#27;[32mDEBUG&amp#27;[0;39m &amp#27;[35m4020&amp#27;[0;39m &amp#27;[2m---&amp#27;[0;39m &amp#27;[2m[ApiInventarioMini] [           main]&amp#27;[0;39m &amp#27;[2m&amp#27;[0;39m&amp#27;[36morg.hibernate.type.BasicTypeRegistry    &amp#27;[0;39m &amp#27;[2m:&amp#27;[0;39m Adding type registration calendar_date -> org.hibernate.type.BasicTypeReference@541bf968
&amp#27;[2m2024-06-29T19:03:24.392-06:00&amp#27;[0;39m &amp#27;[32mDEBUG&amp#27;[0;39m &amp#27;[35m4020&amp#27;[0;39m &amp#27;[2m---&amp#27;[0;39m &amp#27;[2m[ApiInventarioMini] [           main]&amp#27;[0;39m &amp#27;[2m&amp#27;[0;39m&amp#27;[36morg.hibernate.type.BasicTypeRegistry    &amp#27;[0;39m &amp#27;[2m:&amp#27;[0;39m Adding type registration calendar_time -> org.hibernate.type.BasicTypeReference@58eac00e
&amp#27;[2m2024-06-29T19:03:24.392-06:00&amp#27;[0;39m &amp#27;[32mDEBUG&amp#27;[0;39m &amp#27;[35m4020&amp#27;[0;39m &amp#27;[2m---&amp#27;[0;39m &amp#27;[2m[ApiInventarioMini] [           main]&amp#27;[0;39m &amp#27;[2m&amp#27;[0;39m&amp#27;[36morg.hibernate.type.BasicTypeRegistry    &amp#27;[0;39m &amp#27;[2m:&amp#27;[0;39m Adding type registration instant -> org.hibernate.type.BasicTypeReference@6acffb2d
&amp#27;[2m2024-06-29T19:03:24.392-06:00&amp#27;[0;39m &amp#27;[32mDEBUG&amp#27;[0;39m &amp#27;[35m4020&amp#27;[0;39m &amp#27;[2m---&amp#27;[0;39m &amp#27;[2m[ApiInventarioMini] [           main]&amp#27;[0;39m &amp#27;[2m&amp#27;[0;39m&amp#27;[36morg.hibernate.type.BasicTypeRegistry    &amp#27;[0;39m &amp#27;[2m:&amp#27;[0;39m Adding type registration java.time.Instant -> org.hibernate.type.BasicTypeReference@6acffb2d
&amp#27;[2m2024-06-29T19:03:24.392-06:00&amp#27;[0;39m &amp#27;[32mDEBUG&amp#27;[0;39m &amp#27;[35m4020&amp#27;[0;39m &amp#27;[2m---&amp#27;[0;39m &amp#27;[2m[ApiInventarioMini] [           main]&amp#27;[0;39m &amp#27;[2m&amp#27;[0;39m&amp#27;[36morg.hibernate.type.BasicTypeRegistry    &amp#27;[0;39m &amp#27;[2m:&amp#27;[0;39m Adding type registration uuid -> org.hibernate.type.BasicTypeReference@61149fa5
&amp#27;[2m2024-06-29T19:03:24.392-06:00&amp#27;[0;39m &amp#27;[32mDEBUG&amp#27;[0;39m &amp#27;[35m4020&amp#27;[0;39m &amp#27;[2m---&amp#27;[0;39m &amp#27;[2m[ApiInventarioMini] [           main]&amp#27;[0;39m &amp#27;[2m&amp#27;[0;39m&amp#27;[36morg.hibernate.type.BasicTypeRegistry    &amp#27;[0;39m &amp#27;[2m:&amp#27;[0;39m Adding type registration java.util.UUID -> org.hibernate.type.BasicTypeReference@61149fa5
&amp#27;[2m2024-06-29T19:03:24.392-06:00&amp#27;[0;39m &amp#27;[32mDEBUG&amp#27;[0;39m &amp#27;[35m4020&amp#27;[0;39m &amp#27;[2m---&amp#27;[0;39m &amp#27;[2m[ApiInventarioMini] [           main]&amp#27;[0;39m &amp#27;[2m&amp#27;[0;39m&amp#27;[36morg.hibernate.type.BasicTypeRegistry    &amp#27;[0;39m &amp#27;[2m:&amp#27;[0;39m Adding type registration pg-uuid -> org.hibernate.type.BasicTypeReference@61149fa5
&amp#27;[2m2024-06-29T19:03:24.392-06:00&amp#27;[0;39m &amp#27;[32mDEBUG&amp#27;[0;39m &amp#27;[35m4020&amp#27;[0;39m &amp#27;[2m---&amp#27;[0;39m &amp#27;[2m[ApiInventarioMini] [           main]&amp#27;[0;39m &amp#27;[2m&amp#27;[0;39m&amp#27;[36morg.hibernate.type.BasicTypeRegistry    &amp#27;[0;39m &amp#27;[2m:&amp#27;[0;39m Adding type registration uuid-binary -> org.hibernate.type.BasicTypeReference@149c39b
&amp#27;[2m2024-06-29T19:03:24.392-06:00&amp#27;[0;39m &amp#27;[32mDEBUG&amp#27;[0;39m &amp#27;[35m4020&amp#27;[0;39m &amp#27;[2m---&amp#27;[0;39m &amp#27;[2m[ApiInventarioMini] [           main]&amp#27;[0;39m &amp#27;[2m&amp#27;[0;39m&amp#27;[36morg.hibernate.type.BasicTypeRegistry    &amp#27;[0;39m &amp#27;[2m:&amp#27;[0;39m Adding type registration uuid-char -> org.hibernate.type.BasicTypeReference@f2d890c
&amp#27;[2m2024-06-29T19:03:24.392-06:00&amp#27;[0;39m &amp#27;[32mDEBUG&amp#27;[0;39m &amp#27;[35m4020&amp#27;[0;39m &amp#27;[2m---&amp#27;[0;39m &amp#27;[2m[ApiInventarioMini] [           main]&amp#27;[0;39m &amp#27;[2m&amp#27;[0;39m&amp#27;[36morg.hibernate.type.BasicTypeRegistry    &amp#27;[0;39m &amp#27;[2m:&amp#27;[0;39m Adding type registration class -> org.hibernate.type.BasicTypeReference@1a2e0d57
&amp#27;[2m2024-06-29T19:03:24.392-06:00&amp#27;[0;39m &amp#27;[32mDEBUG&amp#27;[0;39m &amp#27;[35m4020&amp#27;[0;39m &amp#27;[2m---&amp#27;[0;39m &amp#27;[2m[ApiInventarioMini] [           main]&amp#27;[0;39m &amp#27;[2m&amp#27;[0;39m&amp#27;[36morg.hibernate.type.BasicTypeRegistry    &amp#27;[0;39m &amp#27;[2m:&amp#27;[0;39m Adding type registration java.lang.Class -> org.hibernate.type.BasicTypeReference@1a2e0d57
&amp#27;[2m2024-06-29T19:03:24.392-06:00&amp#27;[0;39m &amp#27;[32mDEBUG&amp#27;[0;39m &amp#27;[35m4020&amp#27;[0;39m &amp#27;[2m---&amp#27;[0;39m &amp#27;[2m[ApiInventarioMini] [           main]&amp#27;[0;39m &amp#27;[2m&amp#27;[0;39m&amp#27;[36morg.hibernate.type.BasicTypeRegistry    &amp#27;[0;39m &amp#27;[2m:&amp#27;[0;39m Adding type registration currency -> org.hibernate.type.BasicTypeReference@5f025000
&amp#27;[2m2024-06-29T19:03:24.392-06:00&amp#27;[0;39m &amp#27;[32mDEBUG&amp#27;[0;39m &amp#27;[35m4020&amp#27;[0;39m &amp#27;[2m---&amp#27;[0;39m &amp#27;[2m[ApiInventarioMini] [           main]&amp#27;[0;39m &amp#27;[2m&amp#27;[0;39m&amp#27;[36morg.hibernate.type.BasicTypeRegistry    &amp#27;[0;39m &amp#27;[2m:&amp#27;[0;39m Adding type registration Currency -> org.hibernate.type.BasicTypeReference@5f025000
&amp#27;[2m2024-06-29T19:03:24.392-06:00&amp#27;[0;39m &amp#27;[32mDEBUG&amp#27;[0;39m &amp#27;[35m4020&amp#27;[0;39m &amp#27;[2m---&amp#27;[0;39m &amp#27;[2m[ApiInventarioMini] [           main]&amp#27;[0;39m &amp#27;[2m&amp#27;[0;39m&amp#27;[36morg.hibernate.type.BasicTypeRegistry    &amp#27;[0;39m &amp#27;[2m:&amp#27;[0;39m Adding type registration java.util.Currency -> org.hibernate.type.BasicTypeReference@5f025000
&amp#27;[2m2024-06-29T19:03:24.392-06:00&amp#27;[0;39m &amp#27;[32mDEBUG&amp#27;[0;39m &amp#27;[35m4020&amp#27;[0;39m &amp#27;[2m---&amp#27;[0;39m &amp#27;[2m[ApiInventarioMini] [           main]&amp#27;[0;39m &amp#27;[2m&amp#27;[0;39m&amp#27;[36morg.hibernate.type.BasicTypeRegistry    &amp#27;[0;39m &amp#27;[2m:&amp#27;[0;39m Adding type registration locale -> org.hibernate.type.BasicTypeReference@10980560
&amp#27;[2m2024-06-29T19:03:24.392-06:00&amp#27;[0;39m &amp#27;[32mDEBUG&amp#27;[0;39m &amp#27;[35m4020&amp#27;[0;39m &amp#27;[2m---&amp#27;[0;39m &amp#27;[2m[ApiInventarioMini] [           main]&amp#27;[0;39m &amp#27;[2m&amp#27;[0;39m&amp#27;[36morg.hibernate.type.BasicTypeRegistry    &amp#27;[0;39m &amp#27;[2m:&amp#27;[0;39m Adding type registration java.util.Locale -> org.hibernate.type.BasicTypeReference@10980560
&amp#27;[2m2024-06-29T19:03:24.392-06:00&amp#27;[0;39m &amp#27;[32mDEBUG&amp#27;[0;39m &amp#27;[35m4020&amp#27;[0;39m &amp#27;[2m---&amp#27;[0;39m &amp#27;[2m[ApiInventarioMini] [           main]&amp#27;[0;39m &amp#27;[2m&amp#27;[0;39m&amp#27;[36morg.hibernate.type.BasicTypeRegistry    &amp#27;[0;39m &amp#27;[2m:&amp#27;[0;39m Adding type registration serializable -> org.hibernate.type.BasicTypeReference@739e8b96
&amp#27;[2m2024-06-29T19:03:24.392-06:00&amp#27;[0;39m &amp#27;[32mDEBUG&amp#27;[0;39m &amp#27;[35m4020&amp#27;[0;39m &amp#27;[2m---&amp#27;[0;39m &amp#27;[2m[ApiInventarioMini] [           main]&amp#27;[0;39m &amp#27;[2m&amp#27;[0;39m&amp#27;[36morg.hibernate.type.BasicTypeRegistry    &amp#27;[0;39m &amp#27;[2m:&amp#27;[0;39m Adding type registration java.io.Serializable -> org.hibernate.type.BasicTypeReference@739e8b96
&amp#27;[2m2024-06-29T19:03:24.392-06:00&amp#27;[0;39m &amp#27;[32mDEBUG&amp#27;[0;39m &amp#27;[35m4020&amp#27;[0;39m &amp#27;[2m---&amp#27;[0;39m &amp#27;[2m[ApiInventarioMini] [           main]&amp#27;[0;39m &amp#27;[2m&amp#27;[0;39m&amp#27;[36morg.hibernate.type.BasicTypeRegistry    &amp#27;[0;39m &amp#27;[2m:&amp#27;[0;39m Adding type registration timezone -> org.hibernate.type.BasicTypeReference@19b07407
&amp#27;[2m2024-06-29T19:03:24.392-06:00&amp#27;[0;39m &amp#27;[32mDEBUG&amp#27;[0;39m &amp#27;[35m4020&amp#27;[0;39m &amp#27;[2m---&amp#27;[0;39m &amp#27;[2m[ApiInventarioMini] [           main]&amp#27;[0;39m &amp#27;[2m&amp#27;[0;39m&amp#27;[36morg.hibernate.type.BasicTypeRegistry    &amp#27;[0;39m &amp#27;[2m:&amp#27;[0;39m Adding type registration java.util.TimeZone -> org.hibernate.type.BasicTypeReference@19b07407
&amp#27;[2m2024-06-29T19:03:24.393-06:00&amp#27;[0;39m &amp#27;[32mDEBUG&amp#27;[0;39m &amp#27;[35m4020&amp#27;[0;39m &amp#27;[2m---&amp#27;[0;39m &amp#27;[2m[ApiInventarioMini] [           main]&amp#27;[0;39m &amp#27;[2m&amp#27;[0;39m&amp#27;[36morg.hibernate.type.BasicTypeRegistry    &amp#27;[0;39m &amp#27;[2m:&amp#27;[0;39m Adding type registration ZoneOffset -> org.hibernate.type.BasicTypeReference@54ffa561
&amp#27;[2m2024-06-29T19:03:24.393-06:00&amp#27;[0;39m &amp#27;[32mDEBUG&amp#27;[0;39m &amp#27;[35m4020&amp#27;[0;39m &amp#27;[2m---&amp#27;[0;39m &amp#27;[2m[ApiInventarioMini] [           main]&amp#27;[0;39m &amp#27;[2m&amp#27;[0;39m&amp#27;[36morg.hibernate.type.BasicTypeRegistry    &amp#27;[0;39m &amp#27;[2m:&amp#27;[0;39m Adding type registration java.time.ZoneOffset -> org.hibernate.type.BasicTypeReference@54ffa561
&amp#27;[2m2024-06-29T19:03:24.393-06:00&amp#27;[0;39m &amp#27;[32mDEBUG&amp#27;[0;39m &amp#27;[35m4020&amp#27;[0;39m &amp#27;[2m---&amp#27;[0;39m &amp#27;[2m[ApiInventarioMini] [           main]&amp#27;[0;39m &amp#27;[2m&amp#27;[0;39m&amp#27;[36morg.hibernate.type.BasicTypeRegistry    &amp#27;[0;39m &amp#27;[2m:&amp#27;[0;39m Adding type registration url -> org.hibernate.type.BasicTypeReference@49c099b
&amp#27;[2m2024-06-29T19:03:24.393-06:00&amp#27;[0;39m &amp#27;[32mDEBUG&amp#27;[0;39m &amp#27;[35m4020&amp#27;[0;39m &amp#27;[2m---&amp#27;[0;39m &amp#27;[2m[ApiInventarioMini] [           main]&amp#27;[0;39m &amp#27;[2m&amp#27;[0;39m&amp#27;[36morg.hibernate.type.BasicTypeRegistry    &amp#27;[0;39m &amp#27;[2m:&amp#27;[0;39m Adding type registration java.net.URL -> org.hibernate.type.BasicTypeReference@49c099b
&amp#27;[2m2024-06-29T19:03:24.393-06:00&amp#27;[0;39m &amp#27;[32mDEBUG&amp#27;[0;39m &amp#27;[35m4020&amp#27;[0;39m &amp#27;[2m---&amp#27;[0;39m &amp#27;[2m[ApiInventarioMini] [           main]&amp#27;[0;39m &amp#27;[2m&amp#27;[0;39m&amp#27;[36morg.hibernate.type.BasicTypeRegistry    &amp#27;[0;39m &amp#27;[2m:&amp#27;[0;39m Adding type registration vector -> org.hibernate.type.BasicTypeReference@3d9f0a5
&amp#27;[2m2024-06-29T19:03:24.393-06:00&amp#27;[0;39m &amp#27;[32mDEBUG&amp#27;[0;39m &amp#27;[35m4020&amp#27;[0;39m &amp#27;[2m---&amp#27;[0;39m &amp#27;[2m[ApiInventarioMini] [           main]&amp#27;[0;39m &amp#27;[2m&amp#27;[0;39m&amp#27;[36morg.hibernate.type.BasicTypeRegistry    &amp#27;[0;39m &amp#27;[2m:&amp#27;[0;39m Adding type registration row_version -> org.hibernate.type.BasicTypeReference@1953bc95
&amp#27;[2m2024-06-29T19:03:24.395-06:00&amp#27;[0;39m &amp#27;[32mDEBUG&amp#27;[0;39m &amp#27;[35m4020&amp#27;[0;39m &amp#27;[2m---&amp#27;[0;39m &amp#27;[2m[ApiInventarioMini] [           main]&amp#27;[0;39m &amp#27;[2m&amp#27;[0;39m&amp#27;[36morg.hibernate.type.BasicTypeRegistry    &amp#27;[0;39m &amp#27;[2m:&amp#27;[0;39m Adding type registration object -> org.hibernate.type.JavaObjectType@a54acec
&amp#27;[2m2024-06-29T19:03:24.395-06:00&amp#27;[0;39m &amp#27;[32mDEBUG&amp#27;[0;39m &amp#27;[35m4020&amp#27;[0;39m &amp#27;[2m---&amp#27;[0;39m &amp#27;[2m[ApiInventarioMini] [           main]&amp#27;[0;39m &amp#27;[2m&amp#27;[0;39m&amp#27;[36morg.hibernate.type.BasicTypeRegistry    &amp#27;[0;39m &amp#27;[2m:&amp#27;[0;39m Adding type registration java.lang.Object -> org.hibernate.type.JavaObjectType@a54acec
&amp#27;[2m2024-06-29T19:03:24.395-06:00&amp#27;[0;39m &amp#27;[32mDEBUG&amp#27;[0;39m &amp#27;[35m4020&amp#27;[0;39m &amp#27;[2m---&amp#27;[0;39m &amp#27;[2m[ApiInventarioMini] [           main]&amp#27;[0;39m &amp#27;[2m&amp#27;[0;39m&amp#27;[36morg.hibernate.type.BasicTypeRegistry    &amp#27;[0;39m &amp#27;[2m:&amp#27;[0;39m Adding type registration null -> org.hibernate.type.NullType@87d9a01
&amp#27;[2m2024-06-29T19:03:24.395-06:00&amp#27;[0;39m &amp#27;[32mDEBUG&amp#27;[0;39m &amp#27;[35m4020&amp#27;[0;39m &amp#27;[2m---&amp#27;[0;39m &amp#27;[2m[ApiInventarioMini] [           main]&amp#27;[0;39m &amp#27;[2m&amp#27;[0;39m&amp#27;[36morg.hibernate.type.BasicTypeRegistry    &amp#27;[0;39m &amp#27;[2m:&amp#27;[0;39m Adding type registration imm_date -> org.hibernate.type.BasicTypeReference@7e5b621b
&amp#27;[2m2024-06-29T19:03:24.395-06:00&amp#27;[0;39m &amp#27;[32mDEBUG&amp#27;[0;39m &amp#27;[35m4020&amp#27;[0;39m &amp#27;[2m---&amp#27;[0;39m &amp#27;[2m[ApiInventarioMini] [           main]&amp#27;[0;39m &amp#27;[2m&amp#27;[0;39m&amp#27;[36morg.hibernate.type.BasicTypeRegistry    &amp#27;[0;39m &amp#27;[2m:&amp#27;[0;39m Adding type registration imm_time -> org.hibernate.type.BasicTypeReference@10177794
&amp#27;[2m2024-06-29T19:03:24.395-06:00&amp#27;[0;39m &amp#27;[32mDEBUG&amp#27;[0;39m &amp#27;[35m4020&amp#27;[0;39m &amp#27;[2m---&amp#27;[0;39m &amp#27;[2m[ApiInventarioMini] [           main]&amp#27;[0;39m &amp#27;[2m&amp#27;[0;39m&amp#27;[36morg.hibernate.type.BasicTypeRegistry    &amp#27;[0;39m &amp#27;[2m:&amp#27;[0;39m Adding type registration imm_timestamp -> org.hibernate.type.BasicTypeReference@e5c2463
&amp#27;[2m2024-06-29T19:03:24.395-06:00&amp#27;[0;39m &amp#27;[32mDEBUG&amp#27;[0;39m &amp#27;[35m4020&amp#27;[0;39m &amp#27;[2m---&amp#27;[0;39m &amp#27;[2m[ApiInventarioMini] [           main]&amp#27;[0;39m &amp#27;[2m&amp#27;[0;39m&amp#27;[36morg.hibernate.type.BasicTypeRegistry    &amp#27;[0;39m &amp#27;[2m:&amp#27;[0;39m Adding type registration imm_calendar -> org.hibernate.type.BasicTypeReference@6a950a3b
&amp#27;[2m2024-06-29T19:03:24.395-06:00&amp#27;[0;39m &amp#27;[32mDEBUG&amp#27;[0;39m &amp#27;[35m4020&amp#27;[0;39m &amp#27;[2m---&amp#27;[0;39m &amp#27;[2m[ApiInventarioMini] [           main]&amp#27;[0;39m &amp#27;[2m&amp#27;[0;39m&amp#27;[36morg.hibernate.type.BasicTypeRegistry    &amp#27;[0;39m &amp#27;[2m:&amp#27;[0;39m Adding type registration imm_calendar_date -> org.hibernate.type.BasicTypeReference@4f7be6c8
&amp#27;[2m2024-06-29T19:03:24.395-06:00&amp#27;[0;39m &amp#27;[32mDEBUG&amp#27;[0;39m &amp#27;[35m4020&amp#27;[0;39m &amp#27;[2m---&amp#27;[0;39m &amp#27;[2m[ApiInventarioMini] [           main]&amp#27;[0;39m &amp#27;[2m&amp#27;[0;39m&amp#27;[36morg.hibernate.type.BasicTypeRegistry    &amp#27;[0;39m &amp#27;[2m:&amp#27;[0;39m Adding type registration imm_calendar_time -> org.hibernate.type.BasicTypeReference@647b9364
&amp#27;[2m2024-06-29T19:03:24.395-06:00&amp#27;[0;39m &amp#27;[32mDEBUG&amp#27;[0;39m &amp#27;[35m4020&amp#27;[0;39m &amp#27;[2m---&amp#27;[0;39m &amp#27;[2m[ApiInventarioMini] [           main]&amp#27;[0;39m &amp#27;[2m&amp#27;[0;39m&amp#27;[36morg.hibernate.type.BasicTypeRegistry    &amp#27;[0;39m &amp#27;[2m:&amp#27;[0;39m Adding type registration imm_binary -> org.hibernate.type.BasicTypeReference@b6bccb4
&amp#27;[2m2024-06-29T19:03:24.395-06:00&amp#27;[0;39m &amp#27;[32mDEBUG&amp#27;[0;39m &amp#27;[35m4020&amp#27;[0;39m &amp#27;[2m---&amp#27;[0;39m &amp#27;[2m[ApiInventarioMini] [           main]&amp#27;[0;39m &amp#27;[2m&amp#27;[0;39m&amp#27;[36morg.hibernate.type.BasicTypeRegistry    &amp#27;[0;39m &amp#27;[2m:&amp#27;[0;39m Adding type registration imm_serializable -> org.hibernate.type.BasicTypeReference@49edcb30
&amp#27;[2m2024-06-29T19:03:24.398-06:00&amp#27;[0;39m &amp#27;[32mDEBUG&amp#27;[0;39m &amp#27;[35m4020&amp#27;[0;39m &amp#27;[2m---&amp#27;[0;39m &amp#27;[2m[ApiInventarioMini] [           main]&amp#27;[0;39m &amp#27;[2m&amp#27;[0;39m&amp#27;[36mo.h.boot.internal.BootstrapContextImpl  &amp#27;[0;39m &amp#27;[2m:&amp#27;[0;39m Injecting JPA temp ClassLoader [org.springframework.instrument.classloading.SimpleThrowawayClassLoader@230a73f2] into BootstrapContext; was [null]
&amp#27;[2m2024-06-29T19:03:24.398-06:00&amp#27;[0;39m &amp#27;[32mDEBUG&amp#27;[0;39m &amp#27;[35m4020&amp#27;[0;39m &amp#27;[2m---&amp#27;[0;39m &amp#27;[2m[ApiInventarioMini] [           main]&amp#27;[0;39m &amp#27;[2m&amp#27;[0;39m&amp#27;[36mo.h.boot.internal.ClassLoaderAccessImpl &amp#27;[0;39m &amp#27;[2m:&amp#27;[0;39m ClassLoaderAccessImpl#injectTempClassLoader(org.springframework.instrument.classloading.SimpleThrowawayClassLoader@230a73f2) [was null]
&amp#27;[2m2024-06-29T19:03:24.398-06:00&amp#27;[0;39m &amp#27;[32mDEBUG&amp#27;[0;39m &amp#27;[35m4020&amp#27;[0;39m &amp#27;[2m---&amp#27;[0;39m &amp#27;[2m[ApiInventarioMini] [           main]&amp#27;[0;39m &amp#27;[2m&amp#27;[0;39m&amp#27;[36mo.h.boot.internal.BootstrapContextImpl  &amp#27;[0;39m &amp#27;[2m:&amp#27;[0;39m Injecting ScanEnvironment [org.hibernate.jpa.boot.internal.StandardJpaScanEnvironmentImpl@7f97bc14] into BootstrapContext; was [null]
&amp#27;[2m2024-06-29T19:03:24.398-06:00&amp#27;[0;39m &amp#27;[32mDEBUG&amp#27;[0;39m &amp#27;[35m4020&amp#27;[0;39m &amp#27;[2m---&amp#27;[0;39m &amp#27;[2m[ApiInventarioMini] [           main]&amp#27;[0;39m &amp#27;[2m&amp#27;[0;39m&amp#27;[36mo.h.boot.internal.BootstrapContextImpl  &amp#27;[0;39m &amp#27;[2m:&amp#27;[0;39m Injecting ScanOptions [org.hibernate.boot.archive.scan.internal.StandardScanOptions@22d8f4ed] into BootstrapContext; was [org.hibernate.boot.archive.scan.internal.StandardScanOptions@3434a4f0]
&amp#27;[2m2024-06-29T19:03:24.476-06:00&amp#27;[0;39m &amp#27;[32m INFO&amp#27;[0;39m &amp#27;[35m4020&amp#27;[0;39m &amp#27;[2m---&amp#27;[0;39m &amp#27;[2m[ApiInventarioMini] [           main]&amp#27;[0;39m &amp#27;[2m&amp#27;[0;39m&amp#27;[36mo.s.o.j.p.SpringPersistenceUnitInfo     &amp#27;[0;39m &amp#27;[2m:&amp#27;[0;39m No LoadTimeWeaver setup: ignoring JPA class transformer
&amp#27;[2m2024-06-29T19:03:24.476-06:00&amp#27;[0;39m &amp#27;[32mDEBUG&amp#27;[0;39m &amp#27;[35m4020&amp#27;[0;39m &amp#27;[2m---&amp#27;[0;39m &amp#27;[2m[ApiInventarioMini] [           main]&amp#27;[0;39m &amp#27;[2m&amp#27;[0;39m&amp#27;[36mo.h.boot.internal.BootstrapContextImpl  &amp#27;[0;39m &amp#27;[2m:&amp#27;[0;39m Injecting JPA temp ClassLoader [null] into BootstrapContext; was [org.springframework.instrument.classloading.SimpleThrowawayClassLoader@230a73f2]
&amp#27;[2m2024-06-29T19:03:24.476-06:00&amp#27;[0;39m &amp#27;[32mDEBUG&amp#27;[0;39m &amp#27;[35m4020&amp#27;[0;39m &amp#27;[2m---&amp#27;[0;39m &amp#27;[2m[ApiInventarioMini] [           main]&amp#27;[0;39m &amp#27;[2m&amp#27;[0;39m&amp#27;[36mo.h.boot.internal.ClassLoaderAccessImpl &amp#27;[0;39m &amp#27;[2m:&amp#27;[0;39m ClassLoaderAccessImpl#injectTempClassLoader(null) [was org.springframework.instrument.classloading.SimpleThrowawayClassLoader@230a73f2]
&amp#27;[2m2024-06-29T19:03:24.489-06:00&amp#27;[0;39m &amp#27;[32m INFO&amp#27;[0;39m &amp#27;[35m4020&amp#27;[0;39m &amp#27;[2m---&amp#27;[0;39m &amp#27;[2m[ApiInventarioMini] [           main]&amp#27;[0;39m &amp#27;[2m&amp#27;[0;39m&amp#27;[36mcom.zaxxer.hikari.HikariDataSource      &amp#27;[0;39m &amp#27;[2m:&amp#27;[0;39m HikariPool-1 - Starting...
&amp#27;[2m2024-06-29T19:03:25.660-06:00&amp#27;[0;39m &amp#27;[32m INFO&amp#27;[0;39m &amp#27;[35m4020&amp#27;[0;39m &amp#27;[2m---&amp#27;[0;39m &amp#27;[2m[ApiInventarioMini] [           main]&amp#27;[0;39m &amp#27;[2m&amp#27;[0;39m&amp#27;[36mcom.zaxxer.hikari.pool.HikariPool       &amp#27;[0;39m &amp#27;[2m:&amp#27;[0;39m HikariPool-1 - Added connection org.postgresql.jdbc.PgConnection@5ab63a04
&amp#27;[2m2024-06-29T19:03:25.660-06:00&amp#27;[0;39m &amp#27;[32m INFO&amp#27;[0;39m &amp#27;[35m4020&amp#27;[0;39m &amp#27;[2m---&amp#27;[0;39m &amp#27;[2m[ApiInventarioMini] [           main]&amp#27;[0;39m &amp#27;[2m&amp#27;[0;39m&amp#27;[36mcom.zaxxer.hikari.HikariDataSource      &amp#27;[0;39m &amp#27;[2m:&amp#27;[0;39m HikariPool-1 - Start completed.
&amp#27;[2m2024-06-29T19:03:25.664-06:00&amp#27;[0;39m &amp#27;[32mDEBUG&amp#27;[0;39m &amp#27;[35m4020&amp#27;[0;39m &amp#27;[2m---&amp#27;[0;39m &amp#27;[2m[ApiInventarioMini] [           main]&amp#27;[0;39m &amp#27;[2m&amp#27;[0;39m&amp#27;[36mo.h.e.j.e.i.JdbcEnvironmentInitiator    &amp#27;[0;39m &amp#27;[2m:&amp#27;[0;39m Database ->
       name : PostgreSQL
    version : 15.1 (Ubuntu 15.1-1.pgdg20.04+1)
      major : 15
      minor : 1
&amp#27;[2m2024-06-29T19:03:25.664-06:00&amp#27;[0;39m &amp#27;[32mDEBUG&amp#27;[0;39m &amp#27;[35m4020&amp#27;[0;39m &amp#27;[2m---&amp#27;[0;39m &amp#27;[2m[ApiInventarioMini] [           main]&amp#27;[0;39m &amp#27;[2m&amp#27;[0;39m&amp#27;[36mo.h.e.j.e.i.JdbcEnvironmentInitiator    &amp#27;[0;39m &amp#27;[2m:&amp#27;[0;39m Driver ->
       name : PostgreSQL JDBC Driver
    version : 42.6.2
      major : 42
      minor : 6
&amp#27;[2m2024-06-29T19:03:25.664-06:00&amp#27;[0;39m &amp#27;[32mDEBUG&amp#27;[0;39m &amp#27;[35m4020&amp#27;[0;39m &amp#27;[2m---&amp#27;[0;39m &amp#27;[2m[ApiInventarioMini] [           main]&amp#27;[0;39m &amp#27;[2m&amp#27;[0;39m&amp#27;[36mo.h.e.j.e.i.JdbcEnvironmentInitiator    &amp#27;[0;39m &amp#27;[2m:&amp#27;[0;39m JDBC version : 4.2
&amp#27;[2m2024-06-29T19:03:25.761-06:00&amp#27;[0;39m &amp#27;[33m WARN&amp#27;[0;39m &amp#27;[35m4020&amp#27;[0;39m &amp#27;[2m---&amp#27;[0;39m &amp#27;[2m[ApiInventarioMini] [           main]&amp#27;[0;39m &amp#27;[2m&amp#27;[0;39m&amp#27;[36morg.hibernate.orm.deprecation           &amp#27;[0;39m &amp#27;[2m:&amp#27;[0;39m HHH90000025: PostgreSQLDialect does not need to be specified explicitly using 'hibernate.dialect' (remove the property setting and it will be selected by default)
&amp#27;[2m2024-06-29T19:03:25.762-06:00&amp#27;[0;39m &amp#27;[32mDEBUG&amp#27;[0;39m &amp#27;[35m4020&amp#27;[0;39m &amp#27;[2m---&amp#27;[0;39m &amp#27;[2m[ApiInventarioMini] [           main]&amp#27;[0;39m &amp#27;[2m&amp#27;[0;39m&amp#27;[36morg.hibernate.orm.dialect               &amp#27;[0;39m &amp#27;[2m:&amp#27;[0;39m HHH035001: Using dialect: org.hibernate.dialect.PostgreSQLDialect, version: 15.1
&amp#27;[2m2024-06-29T19:03:25.766-06:00&amp#27;[0;39m &amp#27;[32mDEBUG&amp#27;[0;39m &amp#27;[35m4020&amp#27;[0;39m &amp#27;[2m---&amp#27;[0;39m &amp#27;[2m[ApiInventarioMini] [           main]&amp#27;[0;39m &amp#27;[2m&amp#27;[0;39m&amp#27;[36mo.h.e.j.env.spi.IdentifierHelperBuilder &amp#27;[0;39m &amp#27;[2m:&amp#27;[0;39m JDBC driver metadata reported database stores quoted identifiers in neither upper, lower nor mixed case
&amp#27;[2m2024-06-29T19:03:25.925-06:00&amp#27;[0;39m &amp#27;[32mDEBUG&amp#27;[0;39m &amp#27;[35m4020&amp#27;[0;39m &amp#27;[2m---&amp#27;[0;39m &amp#27;[2m[ApiInventarioMini] [           main]&amp#27;[0;39m &amp#27;[2m&amp#27;[0;39m&amp#27;[36morg.hibernate.orm.jdbc.lob              &amp#27;[0;39m &amp#27;[2m:&amp#27;[0;39m HHH10010004: Disabling contextual LOB creation as Dialect reported it is not supported
&amp#27;[2m2024-06-29T19:03:25.932-06:00&amp#27;[0;39m &amp#27;[32mDEBUG&amp#27;[0;39m &amp#27;[35m4020&amp#27;[0;39m &amp#27;[2m---&amp#27;[0;39m &amp#27;[2m[ApiInventarioMini] [           main]&amp#27;[0;39m &amp#27;[2m&amp#27;[0;39m&amp#27;[36mo.h.t.d.sql.spi.DdlTypeRegistry         &amp#27;[0;39m &amp#27;[2m:&amp#27;[0;39m addDescriptor(2003, org.hibernate.type.descriptor.sql.internal.ArrayDdlTypeImpl@77e9dca8) replaced previous registration(org.hibernate.type.descriptor.sql.internal.ArrayDdlTypeImpl@fcd0e8d)
&amp#27;[2m2024-06-29T19:03:25.932-06:00&amp#27;[0;39m &amp#27;[32mDEBUG&amp#27;[0;39m &amp#27;[35m4020&amp#27;[0;39m &amp#27;[2m---&amp#27;[0;39m &amp#27;[2m[ApiInventarioMini] [           main]&amp#27;[0;39m &amp#27;[2m&amp#27;[0;39m&amp#27;[36mo.h.t.d.sql.spi.DdlTypeRegistry         &amp#27;[0;39m &amp#27;[2m:&amp#27;[0;39m addDescriptor(6, org.hibernate.type.descriptor.sql.internal.CapacityDependentDdlType@4e4d0a0b) replaced previous registration(org.hibernate.type.descriptor.sql.internal.DdlTypeImpl@1a4083f6)
&amp#27;[2m2024-06-29T19:03:25.933-06:00&amp#27;[0;39m &amp#27;[32mDEBUG&amp#27;[0;39m &amp#27;[35m4020&amp#27;[0;39m &amp#27;[2m---&amp#27;[0;39m &amp#27;[2m[ApiInventarioMini] [           main]&amp#27;[0;39m &amp#27;[2m&amp#27;[0;39m&amp#27;[36mo.h.t.d.jdbc.spi.JdbcTypeRegistry       &amp#27;[0;39m &amp#27;[2m:&amp#27;[0;39m addDescriptor(2004, BlobTypeDescriptor(BLOB_BINDING)) replaced previous registration(BlobTypeDescriptor(DEFAULT))
&amp#27;[2m2024-06-29T19:03:25.933-06:00&amp#27;[0;39m &amp#27;[32mDEBUG&amp#27;[0;39m &amp#27;[35m4020&amp#27;[0;39m &amp#27;[2m---&amp#27;[0;39m &amp#27;[2m[ApiInventarioMini] [           main]&amp#27;[0;39m &amp#27;[2m&amp#27;[0;39m&amp#27;[36mo.h.t.d.jdbc.spi.JdbcTypeRegistry       &amp#27;[0;39m &amp#27;[2m:&amp#27;[0;39m addDescriptor(2005, ClobTypeDescriptor(CLOB_BINDING)) replaced previous registration(ClobTypeDescriptor(DEFAULT))
&amp#27;[2m2024-06-29T19:03:25.937-06:00&amp#27;[0;39m &amp#27;[32mDEBUG&amp#27;[0;39m &amp#27;[35m4020&amp#27;[0;39m &amp#27;[2m---&amp#27;[0;39m &amp#27;[2m[ApiInventarioMini] [           main]&amp#27;[0;39m &amp#27;[2m&amp#27;[0;39m&amp#27;[36morg.hibernate.type.BasicTypeRegistry    &amp#27;[0;39m &amp#27;[2m:&amp#27;[0;39m Adding type registration JAVA_OBJECT -> org.hibernate.type.JavaObjectType@12c76d6e
&amp#27;[2m2024-06-29T19:03:25.937-06:00&amp#27;[0;39m &amp#27;[32mDEBUG&amp#27;[0;39m &amp#27;[35m4020&amp#27;[0;39m &amp#27;[2m---&amp#27;[0;39m &amp#27;[2m[ApiInventarioMini] [           main]&amp#27;[0;39m &amp#27;[2m&amp#27;[0;39m&amp#27;[36morg.hibernate.type.BasicTypeRegistry    &amp#27;[0;39m &amp#27;[2m:&amp#27;[0;39m Adding type registration java.lang.Object -> org.hibernate.type.JavaObjectType@12c76d6e
&amp#27;[2m2024-06-29T19:03:25.937-06:00&amp#27;[0;39m &amp#27;[32mDEBUG&amp#27;[0;39m &amp#27;[35m4020&amp#27;[0;39m &amp#27;[2m---&amp#27;[0;39m &amp#27;[2m[ApiInventarioMini] [           main]&amp#27;[0;39m &amp#27;[2m&amp#27;[0;39m&amp#27;[36morg.hibernate.type.BasicTypeRegistry    &amp#27;[0;39m &amp#27;[2m:&amp#27;[0;39m Type registration key [java.lang.Object] overrode previous entry : `org.hibernate.type.JavaObjectType@a54acec`
&amp#27;[2m2024-06-29T19:03:25.940-06:00&amp#27;[0;39m &amp#27;[32mDEBUG&amp#27;[0;39m &amp#27;[35m4020&amp#27;[0;39m &amp#27;[2m---&amp#27;[0;39m &amp#27;[2m[ApiInventarioMini] [           main]&amp#27;[0;39m &amp#27;[2m&amp#27;[0;39m&amp#27;[36morg.hibernate.type.BasicTypeRegistry    &amp#27;[0;39m &amp#27;[2m:&amp#27;[0;39m Adding type registration org.hibernate.type.DurationType -> basicType@1(java.time.Duration,3015)
&amp#27;[2m2024-06-29T19:03:25.940-06:00&amp#27;[0;39m &amp#27;[32mDEBUG&amp#27;[0;39m &amp#27;[35m4020&amp#27;[0;39m &amp#27;[2m---&amp#27;[0;39m &amp#27;[2m[ApiInventarioMini] [           main]&amp#27;[0;39m &amp#27;[2m&amp#27;[0;39m&amp#27;[36morg.hibernate.type.BasicTypeRegistry    &amp#27;[0;39m &amp#27;[2m:&amp#27;[0;39m Adding type registration Duration -> basicType@1(java.time.Duration,3015)
&amp#27;[2m2024-06-29T19:03:25.940-06:00&amp#27;[0;39m &amp#27;[32mDEBUG&amp#27;[0;39m &amp#27;[35m4020&amp#27;[0;39m &amp#27;[2m---&amp#27;[0;39m &amp#27;[2m[ApiInventarioMini] [           main]&amp#27;[0;39m &amp#27;[2m&amp#27;[0;39m&amp#27;[36morg.hibernate.type.BasicTypeRegistry    &amp#27;[0;39m &amp#27;[2m:&amp#27;[0;39m Adding type registration java.time.Duration -> basicType@1(java.time.Duration,3015)
&amp#27;[2m2024-06-29T19:03:25.941-06:00&amp#27;[0;39m &amp#27;[32mDEBUG&amp#27;[0;39m &amp#27;[35m4020&amp#27;[0;39m &amp#27;[2m---&amp#27;[0;39m &amp#27;[2m[ApiInventarioMini] [           main]&amp#27;[0;39m &amp#27;[2m&amp#27;[0;39m&amp#27;[36morg.hibernate.type.BasicTypeRegistry    &amp#27;[0;39m &amp#27;[2m:&amp#27;[0;39m Adding type registration org.hibernate.type.OffsetDateTimeType -> basicType@2(java.time.OffsetDateTime,3003)
&amp#27;[2m2024-06-29T19:03:25.941-06:00&amp#27;[0;39m &amp#27;[32mDEBUG&amp#27;[0;39m &amp#27;[35m4020&amp#27;[0;39m &amp#27;[2m---&amp#27;[0;39m &amp#27;[2m[ApiInventarioMini] [           main]&amp#27;[0;39m &amp#27;[2m&amp#27;[0;39m&amp#27;[36morg.hibernate.type.BasicTypeRegistry    &amp#27;[0;39m &amp#27;[2m:&amp#27;[0;39m Adding type registration OffsetDateTime -> basicType@2(java.time.OffsetDateTime,3003)
&amp#27;[2m2024-06-29T19:03:25.941-06:00&amp#27;[0;39m &amp#27;[32mDEBUG&amp#27;[0;39m &amp#27;[35m4020&amp#27;[0;39m &amp#27;[2m---&amp#27;[0;39m &amp#27;[2m[ApiInventarioMini] [           main]&amp#27;[0;39m &amp#27;[2m&amp#27;[0;39m&amp#27;[36morg.hibernate.type.BasicTypeRegistry    &amp#27;[0;39m &amp#27;[2m:&amp#27;[0;39m Adding type registration java.time.OffsetDateTime -> basicType@2(java.time.OffsetDateTime,3003)
&amp#27;[2m2024-06-29T19:03:25.941-06:00&amp#27;[0;39m &amp#27;[32mDEBUG&amp#27;[0;39m &amp#27;[35m4020&amp#27;[0;39m &amp#27;[2m---&amp#27;[0;39m &amp#27;[2m[ApiInventarioMini] [           main]&amp#27;[0;39m &amp#27;[2m&amp#27;[0;39m&amp#27;[36morg.hibernate.type.BasicTypeRegistry    &amp#27;[0;39m &amp#27;[2m:&amp#27;[0;39m Adding type registration org.hibernate.type.ZonedDateTimeType -> basicType@3(java.time.ZonedDateTime,3003)
&amp#27;[2m2024-06-29T19:03:25.941-06:00&amp#27;[0;39m &amp#27;[32mDEBUG&amp#27;[0;39m &amp#27;[35m4020&amp#27;[0;39m &amp#27;[2m---&amp#27;[0;39m &amp#27;[2m[ApiInventarioMini] [           main]&amp#27;[0;39m &amp#27;[2m&amp#27;[0;39m&amp#27;[36morg.hibernate.type.BasicTypeRegistry    &amp#27;[0;39m &amp#27;[2m:&amp#27;[0;39m Adding type registration ZonedDateTime -> basicType@3(java.time.ZonedDateTime,3003)
&amp#27;[2m2024-06-29T19:03:25.941-06:00&amp#27;[0;39m &amp#27;[32mDEBUG&amp#27;[0;39m &amp#27;[35m4020&amp#27;[0;39m &amp#27;[2m---&amp#27;[0;39m &amp#27;[2m[ApiInventarioMini] [           main]&amp#27;[0;39m &amp#27;[2m&amp#27;[0;39m&amp#27;[36morg.hibernate.type.BasicTypeRegistry    &amp#27;[0;39m &amp#27;[2m:&amp#27;[0;39m Adding type registration java.time.ZonedDateTime -> basicType@3(java.time.ZonedDateTime,3003)
&amp#27;[2m2024-06-29T19:03:25.941-06:00&amp#27;[0;39m &amp#27;[32mDEBUG&amp#27;[0;39m &amp#27;[35m4020&amp#27;[0;39m &amp#27;[2m---&amp#27;[0;39m &amp#27;[2m[ApiInventarioMini] [           main]&amp#27;[0;39m &amp#27;[2m&amp#27;[0;39m&amp#27;[36morg.hibernate.type.BasicTypeRegistry    &amp#27;[0;39m &amp#27;[2m:&amp#27;[0;39m Adding type registration org.hibernate.type.OffsetTimeType -> basicType@4(java.time.OffsetTime,3007)
&amp#27;[2m2024-06-29T19:03:25.941-06:00&amp#27;[0;39m &amp#27;[32mDEBUG&amp#27;[0;39m &amp#27;[35m4020&amp#27;[0;39m &amp#27;[2m---&amp#27;[0;39m &amp#27;[2m[ApiInventarioMini] [           main]&amp#27;[0;39m &amp#27;[2m&amp#27;[0;39m&amp#27;[36morg.hibernate.type.BasicTypeRegistry    &amp#27;[0;39m &amp#27;[2m:&amp#27;[0;39m Adding type registration OffsetTime -> basicType@4(java.time.OffsetTime,3007)
&amp#27;[2m2024-06-29T19:03:25.941-06:00&amp#27;[0;39m &amp#27;[32mDEBUG&amp#27;[0;39m &amp#27;[35m4020&amp#27;[0;39m &amp#27;[2m---&amp#27;[0;39m &amp#27;[2m[ApiInventarioMini] [           main]&amp#27;[0;39m &amp#27;[2m&amp#27;[0;39m&amp#27;[36morg.hibernate.type.BasicTypeRegistry    &amp#27;[0;39m &amp#27;[2m:&amp#27;[0;39m Adding type registration java.time.OffsetTime -> basicType@4(java.time.OffsetTime,3007)
&amp#27;[2m2024-06-29T19:03:25.942-06:00&amp#27;[0;39m &amp#27;[32mDEBUG&amp#27;[0;39m &amp#27;[35m4020&amp#27;[0;39m &amp#27;[2m---&amp#27;[0;39m &amp#27;[2m[ApiInventarioMini] [           main]&amp#27;[0;39m &amp#27;[2m&amp#27;[0;39m&amp#27;[36mo.h.type.spi.TypeConfiguration$Scope    &amp#27;[0;39m &amp#27;[2m:&amp#27;[0;39m Scoping TypeConfiguration [org.hibernate.type.spi.TypeConfiguration@5834198f] to MetadataBuildingContext [org.hibernate.boot.internal.MetadataBuildingContextRootImpl@4eb63dc8]
&amp#27;[2m2024-06-29T19:03:25.957-06:00&amp#27;[0;39m &amp#27;[32mDEBUG&amp#27;[0;39m &amp#27;[35m4020&amp#27;[0;39m &amp#27;[2m---&amp#27;[0;39m &amp#27;[2m[ApiInventarioMini] [           main]&amp#27;[0;39m &amp#27;[2m&amp#27;[0;39m&amp#27;[36mo.h.boot.model.relational.Namespace     &amp#27;[0;39m &amp#27;[2m:&amp#27;[0;39m Created database namespace [logicalName=Name{catalog=null, schema=null}, physicalName=Name{catalog=null, schema=null}]
&amp#27;[2m2024-06-29T19:03:25.967-06:00&amp#27;[0;39m &amp#27;[32mDEBUG&amp#27;[0;39m &amp#27;[35m4020&amp#27;[0;39m &amp#27;[2m---&amp#27;[0;39m &amp#27;[2m[ApiInventarioMini] [           main]&amp#27;[0;39m &amp#27;[2m&amp#27;[0;39m&amp#27;[36mo.h.boot.model.internal.EntityBinder    &amp#27;[0;39m &amp#27;[2m:&amp#27;[0;39m Binding entity from annotated class: com.ipn.mx.domain.entity.Categoria
&amp#27;[2m2024-06-29T19:03:25.973-06:00&amp#27;[0;39m &amp#27;[32mDEBUG&amp#27;[0;39m &amp#27;[35m4020&amp#27;[0;39m &amp#27;[2m---&amp#27;[0;39m &amp#27;[2m[ApiInventarioMini] [           main]&amp#27;[0;39m &amp#27;[2m&amp#27;[0;39m&amp#27;[36mo.h.boot.model.internal.EntityBinder    &amp#27;[0;39m &amp#27;[2m:&amp#27;[0;39m Import with entity name Categoria
&amp#27;[2m2024-06-29T19:03:25.976-06:00&amp#27;[0;39m &amp#27;[32mDEBUG&amp#27;[0;39m &amp#27;[35m4020&amp#27;[0;39m &amp#27;[2m---&amp#27;[0;39m &amp#27;[2m[ApiInventarioMini] [           main]&amp#27;[0;39m &amp#27;[2m&amp#27;[0;39m&amp#27;[36mo.h.boot.model.internal.EntityBinder    &amp#27;[0;39m &amp#27;[2m:&amp#27;[0;39m Bind entity com.ipn.mx.domain.entity.Categoria on table Categoria
&amp#27;[2m2024-06-29T19:03:25.980-06:00&amp#27;[0;39m &amp#27;[32mDEBUG&amp#27;[0;39m &amp#27;[35m4020&amp#27;[0;39m &amp#27;[2m---&amp#27;[0;39m &amp#27;[2m[ApiInventarioMini] [           main]&amp#27;[0;39m &amp#27;[2m&amp#27;[0;39m&amp#27;[36mo.h.boot.model.internal.AnnotatedColumn &amp#27;[0;39m &amp#27;[2m:&amp#27;[0;39m Binding column: AnnotatedDiscriminatorColumn(column='DTYPE')
&amp#27;[2m2024-06-29T19:03:25.993-06:00&amp#27;[0;39m &amp#27;[32mDEBUG&amp#27;[0;39m &amp#27;[35m4020&amp#27;[0;39m &amp#27;[2m---&amp#27;[0;39m &amp#27;[2m[ApiInventarioMini] [           main]&amp#27;[0;39m &amp#27;[2m&amp#27;[0;39m&amp#27;[36mo.h.boot.model.internal.AnnotatedColumn &amp#27;[0;39m &amp#27;[2m:&amp#27;[0;39m Binding column: AnnotatedColumn()
&amp#27;[2m2024-06-29T19:03:25.994-06:00&amp#27;[0;39m &amp#27;[32mDEBUG&amp#27;[0;39m &amp#27;[35m4020&amp#27;[0;39m &amp#27;[2m---&amp#27;[0;39m &amp#27;[2m[ApiInventarioMini] [           main]&amp#27;[0;39m &amp#27;[2m&amp#27;[0;39m&amp#27;[36mo.h.boot.internal.ClassLoaderAccessImpl &amp#27;[0;39m &amp#27;[2m:&amp#27;[0;39m Not known whether passed class name [com.ipn.mx.domain.entity.Categoria] is safe
&amp#27;[2m2024-06-29T19:03:25.994-06:00&amp#27;[0;39m &amp#27;[32mDEBUG&amp#27;[0;39m &amp#27;[35m4020&amp#27;[0;39m &amp#27;[2m---&amp#27;[0;39m &amp#27;[2m[ApiInventarioMini] [           main]&amp#27;[0;39m &amp#27;[2m&amp#27;[0;39m&amp#27;[36mo.h.boot.internal.ClassLoaderAccessImpl &amp#27;[0;39m &amp#27;[2m:&amp#27;[0;39m No temp ClassLoader provided; using live ClassLoader for loading potentially unsafe class : com.ipn.mx.domain.entity.Categoria
&amp#27;[2m2024-06-29T19:03:25.995-06:00&amp#27;[0;39m &amp#27;[32mDEBUG&amp#27;[0;39m &amp#27;[35m4020&amp#27;[0;39m &amp#27;[2m---&amp#27;[0;39m &amp#27;[2m[ApiInventarioMini] [           main]&amp#27;[0;39m &amp#27;[2m&amp#27;[0;39m&amp#27;[36mo.h.boot.model.internal.PropertyBinder  &amp#27;[0;39m &amp#27;[2m:&amp#27;[0;39m MetadataSourceProcessor property idCategoria with lazy=false
&amp#27;[2m2024-06-29T19:03:25.997-06:00&amp#27;[0;39m &amp#27;[32mDEBUG&amp#27;[0;39m &amp#27;[35m4020&amp#27;[0;39m &amp#27;[2m---&amp#27;[0;39m &amp#27;[2m[ApiInventarioMini] [           main]&amp#27;[0;39m &amp#27;[2m&amp#27;[0;39m&amp#27;[36mo.h.b.m.internal.AbstractPropertyHolder &amp#27;[0;39m &amp#27;[2m:&amp#27;[0;39m Attempting to locate auto-apply AttributeConverter for property [com.ipn.mx.domain.entity.Categoria:idCategoria]
&amp#27;[2m2024-06-29T19:03:25.998-06:00&amp#27;[0;39m &amp#27;[32mDEBUG&amp#27;[0;39m &amp#27;[35m4020&amp#27;[0;39m &amp#27;[2m---&amp#27;[0;39m &amp#27;[2m[ApiInventarioMini] [           main]&amp#27;[0;39m &amp#27;[2m&amp#27;[0;39m&amp#27;[36mo.h.b.model.internal.BasicValueBinder   &amp#27;[0;39m &amp#27;[2m:&amp#27;[0;39m building BasicValue for idCategoria
&amp#27;[2m2024-06-29T19:03:25.999-06:00&amp#27;[0;39m &amp#27;[32mDEBUG&amp#27;[0;39m &amp#27;[35m4020&amp#27;[0;39m &amp#27;[2m---&amp#27;[0;39m &amp#27;[2m[ApiInventarioMini] [           main]&amp#27;[0;39m &amp#27;[2m&amp#27;[0;39m&amp#27;[36morg.hibernate.mapping.BasicValue        &amp#27;[0;39m &amp#27;[2m:&amp#27;[0;39m Skipping column re-registration: Categoria.idCategoria
&amp#27;[2m2024-06-29T19:03:26.000-06:00&amp#27;[0;39m &amp#27;[32mDEBUG&amp#27;[0;39m &amp#27;[35m4020&amp#27;[0;39m &amp#27;[2m---&amp#27;[0;39m &amp#27;[2m[ApiInventarioMini] [           main]&amp#27;[0;39m &amp#27;[2m&amp#27;[0;39m&amp#27;[36mo.h.boot.model.internal.PropertyBinder  &amp#27;[0;39m &amp#27;[2m:&amp#27;[0;39m Building property idCategoria
&amp#27;[2m2024-06-29T19:03:26.001-06:00&amp#27;[0;39m &amp#27;[32mDEBUG&amp#27;[0;39m &amp#27;[35m4020&amp#27;[0;39m &amp#27;[2m---&amp#27;[0;39m &amp#27;[2m[ApiInventarioMini] [           main]&amp#27;[0;39m &amp#27;[2m&amp#27;[0;39m&amp#27;[36mo.h.boot.model.internal.BinderHelper    &amp#27;[0;39m &amp#27;[2m:&amp#27;[0;39m #makeIdGenerator(BasicValue([Column(idCategoria)]), idCategoria, identity, , ...)
&amp#27;[2m2024-06-29T19:03:26.002-06:00&amp#27;[0;39m &amp#27;[32mDEBUG&amp#27;[0;39m &amp#27;[35m4020&amp#27;[0;39m &amp#27;[2m---&amp#27;[0;39m &amp#27;[2m[ApiInventarioMini] [           main]&amp#27;[0;39m &amp#27;[2m&amp#27;[0;39m&amp#27;[36mo.h.boot.model.internal.AnnotatedColumn &amp#27;[0;39m &amp#27;[2m:&amp#27;[0;39m Binding column: AnnotatedColumn(column='descripcionCategoria')
&amp#27;[2m2024-06-29T19:03:26.003-06:00&amp#27;[0;39m &amp#27;[32mDEBUG&amp#27;[0;39m &amp#27;[35m4020&amp#27;[0;39m &amp#27;[2m---&amp#27;[0;39m &amp#27;[2m[ApiInventarioMini] [           main]&amp#27;[0;39m &amp#27;[2m&amp#27;[0;39m&amp#27;[36mo.h.boot.model.internal.PropertyBinder  &amp#27;[0;39m &amp#27;[2m:&amp#27;[0;39m MetadataSourceProcessor property descripcionCategoria with lazy=false
&amp#27;[2m2024-06-29T19:03:26.003-06:00&amp#27;[0;39m &amp#27;[32mDEBUG&amp#27;[0;39m &amp#27;[35m4020&amp#27;[0;39m &amp#27;[2m---&amp#27;[0;39m &amp#27;[2m[ApiInventarioMini] [           main]&amp#27;[0;39m &amp#27;[2m&amp#27;[0;39m&amp#27;[36mo.h.b.m.internal.AbstractPropertyHolder &amp#27;[0;39m &amp#27;[2m:&amp#27;[0;39m Attempting to locate auto-apply AttributeConverter for property [com.ipn.mx.domain.entity.Categoria:descripcionCategoria]
&amp#27;[2m2024-06-29T19:03:26.003-06:00&amp#27;[0;39m &amp#27;[32mDEBUG&amp#27;[0;39m &amp#27;[35m4020&amp#27;[0;39m &amp#27;[2m---&amp#27;[0;39m &amp#27;[2m[ApiInventarioMini] [           main]&amp#27;[0;39m &amp#27;[2m&amp#27;[0;39m&amp#27;[36mo.h.b.model.internal.BasicValueBinder   &amp#27;[0;39m &amp#27;[2m:&amp#27;[0;39m building BasicValue for descripcionCategoria
&amp#27;[2m2024-06-29T19:03:26.003-06:00&amp#27;[0;39m &amp#27;[32mDEBUG&amp#27;[0;39m &amp#27;[35m4020&amp#27;[0;39m &amp#27;[2m---&amp#27;[0;39m &amp#27;[2m[ApiInventarioMini] [           main]&amp#27;[0;39m &amp#27;[2m&amp#27;[0;39m&amp#27;[36morg.hibernate.mapping.BasicValue        &amp#27;[0;39m &amp#27;[2m:&amp#27;[0;39m Skipping column re-registration: Categoria.descripcionCategoria
&amp#27;[2m2024-06-29T19:03:26.003-06:00&amp#27;[0;39m &amp#27;[32mDEBUG&amp#27;[0;39m &amp#27;[35m4020&amp#27;[0;39m &amp#27;[2m---&amp#27;[0;39m &amp#27;[2m[ApiInventarioMini] [           main]&amp#27;[0;39m &amp#27;[2m&amp#27;[0;39m&amp#27;[36mo.h.boot.model.internal.PropertyBinder  &amp#27;[0;39m &amp#27;[2m:&amp#27;[0;39m Building property descripcionCategoria
&amp#27;[2m2024-06-29T19:03:26.003-06:00&amp#27;[0;39m &amp#27;[32mDEBUG&amp#27;[0;39m &amp#27;[35m4020&amp#27;[0;39m &amp#27;[2m---&amp#27;[0;39m &amp#27;[2m[ApiInventarioMini] [           main]&amp#27;[0;39m &amp#27;[2m&amp#27;[0;39m&amp#27;[36mo.h.boot.model.internal.AnnotatedColumn &amp#27;[0;39m &amp#27;[2m:&amp#27;[0;39m Binding column: AnnotatedColumn(column='nombreCategoria')
&amp#27;[2m2024-06-29T19:03:26.003-06:00&amp#27;[0;39m &amp#27;[32mDEBUG&amp#27;[0;39m &amp#27;[35m4020&amp#27;[0;39m &amp#27;[2m---&amp#27;[0;39m &amp#27;[2m[ApiInventarioMini] [           main]&amp#27;[0;39m &amp#27;[2m&amp#27;[0;39m&amp#27;[36mo.h.boot.model.internal.PropertyBinder  &amp#27;[0;39m &amp#27;[2m:&amp#27;[0;39m MetadataSourceProcessor property nombreCategoria with lazy=false
&amp#27;[2m2024-06-29T19:03:26.003-06:00&amp#27;[0;39m &amp#27;[32mDEBUG&amp#27;[0;39m &amp#27;[35m4020&amp#27;[0;39m &amp#27;[2m---&amp#27;[0;39m &amp#27;[2m[ApiInventarioMini] [           main]&amp#27;[0;39m &amp#27;[2m&amp#27;[0;39m&amp#27;[36mo.h.b.m.internal.AbstractPropertyHolder &amp#27;[0;39m &amp#27;[2m:&amp#27;[0;39m Attempting to locate auto-apply AttributeConverter for property [com.ipn.mx.domain.entity.Categoria:nombreCategoria]
&amp#27;[2m2024-06-29T19:03:26.003-06:00&amp#27;[0;39m &amp#27;[32mDEBUG&amp#27;[0;39m &amp#27;[35m4020&amp#27;[0;39m &amp#27;[2m---&amp#27;[0;39m &amp#27;[2m[ApiInventarioMini] [           main]&amp#27;[0;39m &amp#27;[2m&amp#27;[0;39m&amp#27;[36mo.h.b.model.internal.BasicValueBinder   &amp#27;[0;39m &amp#27;[2m:&amp#27;[0;39m building BasicValue for nombreCategoria
&amp#27;[2m2024-06-29T19:03:26.003-06:00&amp#27;[0;39m &amp#27;[32mDEBUG&amp#27;[0;39m &amp#27;[35m4020&amp#27;[0;39m &amp#27;[2m---&amp#27;[0;39m &amp#27;[2m[ApiInventarioMini] [           main]&amp#27;[0;39m &amp#27;[2m&amp#27;[0;39m&amp#27;[36morg.hibernate.mapping.BasicValue        &amp#27;[0;39m &amp#27;[2m:&amp#27;[0;39m Skipping column re-registration: Categoria.nombreCategoria
&amp#27;[2m2024-06-29T19:03:26.003-06:00&amp#27;[0;39m &amp#27;[32mDEBUG&amp#27;[0;39m &amp#27;[35m4020&amp#27;[0;39m &amp#27;[2m---&amp#27;[0;39m &amp#27;[2m[ApiInventarioMini] [           main]&amp#27;[0;39m &amp#27;[2m&amp#27;[0;39m&amp#27;[36mo.h.boot.model.internal.PropertyBinder  &amp#27;[0;39m &amp#27;[2m:&amp#27;[0;39m Building property nombreCategoria
&amp#27;[2m2024-06-29T19:03:26.004-06:00&amp#27;[0;39m &amp#27;[32mDEBUG&amp#27;[0;39m &amp#27;[35m4020&amp#27;[0;39m &amp#27;[2m---&amp#27;[0;39m &amp#27;[2m[ApiInventarioMini] [           main]&amp#27;[0;39m &amp#27;[2m&amp#27;[0;39m&amp#27;[36mo.h.b.r.c.i.ClassLoaderServiceImpl      &amp#27;[0;39m &amp#27;[2m:&amp#27;[0;39m HHH000194: Package not found or wo package-info.java: com.ipn.mx.domain.entity
&amp#27;[2m2024-06-29T19:03:26.006-06:00&amp#27;[0;39m &amp#27;[32mDEBUG&amp#27;[0;39m &amp#27;[35m4020&amp#27;[0;39m &amp#27;[2m---&amp#27;[0;39m &amp#27;[2m[ApiInventarioMini] [           main]&amp#27;[0;39m &amp#27;[2m&amp#27;[0;39m&amp#27;[36mo.h.boot.model.internal.EntityBinder    &amp#27;[0;39m &amp#27;[2m:&amp#27;[0;39m Binding entity from annotated class: com.ipn.mx.domain.entity.Movimiento
&amp#27;[2m2024-06-29T19:03:26.006-06:00&amp#27;[0;39m &amp#27;[32mDEBUG&amp#27;[0;39m &amp#27;[35m4020&amp#27;[0;39m &amp#27;[2m---&amp#27;[0;39m &amp#27;[2m[ApiInventarioMini] [           main]&amp#27;[0;39m &amp#27;[2m&amp#27;[0;39m&amp#27;[36mo.h.boot.model.internal.EntityBinder    &amp#27;[0;39m &amp#27;[2m:&amp#27;[0;39m Import with entity name Movimiento
&amp#27;[2m2024-06-29T19:03:26.006-06:00&amp#27;[0;39m &amp#27;[32mDEBUG&amp#27;[0;39m &amp#27;[35m4020&amp#27;[0;39m &amp#27;[2m---&amp#27;[0;39m &amp#27;[2m[ApiInventarioMini] [           main]&amp#27;[0;39m &amp#27;[2m&amp#27;[0;39m&amp#27;[36mo.h.boot.model.internal.EntityBinder    &amp#27;[0;39m &amp#27;[2m:&amp#27;[0;39m Bind entity com.ipn.mx.domain.entity.Movimiento on table Movimiento
&amp#27;[2m2024-06-29T19:03:26.006-06:00&amp#27;[0;39m &amp#27;[32mDEBUG&amp#27;[0;39m &amp#27;[35m4020&amp#27;[0;39m &amp#27;[2m---&amp#27;[0;39m &amp#27;[2m[ApiInventarioMini] [           main]&amp#27;[0;39m &amp#27;[2m&amp#27;[0;39m&amp#27;[36mo.h.boot.model.internal.AnnotatedColumn &amp#27;[0;39m &amp#27;[2m:&amp#27;[0;39m Binding column: AnnotatedDiscriminatorColumn(column='DTYPE')
&amp#27;[2m2024-06-29T19:03:26.007-06:00&amp#27;[0;39m &amp#27;[32mDEBUG&amp#27;[0;39m &amp#27;[35m4020&amp#27;[0;39m &amp#27;[2m---&amp#27;[0;39m &amp#27;[2m[ApiInventarioMini] [           main]&amp#27;[0;39m &amp#27;[2m&amp#27;[0;39m&amp#27;[36mo.h.boot.model.internal.AnnotatedColumn &amp#27;[0;39m &amp#27;[2m:&amp#27;[0;39m Binding column: AnnotatedColumn()
&amp#27;[2m2024-06-29T19:03:26.007-06:00&amp#27;[0;39m &amp#27;[32mDEBUG&amp#27;[0;39m &amp#27;[35m4020&amp#27;[0;39m &amp#27;[2m---&amp#27;[0;39m &amp#27;[2m[ApiInventarioMini] [           main]&amp#27;[0;39m &amp#27;[2m&amp#27;[0;39m&amp#27;[36mo.h.boot.internal.ClassLoaderAccessImpl &amp#27;[0;39m &amp#27;[2m:&amp#27;[0;39m Not known whether passed class name [com.ipn.mx.domain.entity.Movimiento] is safe
&amp#27;[2m2024-06-29T19:03:26.007-06:00&amp#27;[0;39m &amp#27;[32mDEBUG&amp#27;[0;39m &amp#27;[35m4020&amp#27;[0;39m &amp#27;[2m---&amp#27;[0;39m &amp#27;[2m[ApiInventarioMini] [           main]&amp#27;[0;39m &amp#27;[2m&amp#27;[0;39m&amp#27;[36mo.h.boot.internal.ClassLoaderAccessImpl &amp#27;[0;39m &amp#27;[2m:&amp#27;[0;39m No temp ClassLoader provided; using live ClassLoader for loading potentially unsafe class : com.ipn.mx.domain.entity.Movimiento
&amp#27;[2m2024-06-29T19:03:26.007-06:00&amp#27;[0;39m &amp#27;[32mDEBUG&amp#27;[0;39m &amp#27;[35m4020&amp#27;[0;39m &amp#27;[2m---&amp#27;[0;39m &amp#27;[2m[ApiInventarioMini] [           main]&amp#27;[0;39m &amp#27;[2m&amp#27;[0;39m&amp#27;[36mo.h.boot.model.internal.PropertyBinder  &amp#27;[0;39m &amp#27;[2m:&amp#27;[0;39m MetadataSourceProcessor property idMovimiento with lazy=false
&amp#27;[2m2024-06-29T19:03:26.007-06:00&amp#27;[0;39m &amp#27;[32mDEBUG&amp#27;[0;39m &amp#27;[35m4020&amp#27;[0;39m &amp#27;[2m---&amp#27;[0;39m &amp#27;[2m[ApiInventarioMini] [           main]&amp#27;[0;39m &amp#27;[2m&amp#27;[0;39m&amp#27;[36mo.h.b.m.internal.AbstractPropertyHolder &amp#27;[0;39m &amp#27;[2m:&amp#27;[0;39m Attempting to locate auto-apply AttributeConverter for property [com.ipn.mx.domain.entity.Movimiento:idMovimiento]
&amp#27;[2m2024-06-29T19:03:26.007-06:00&amp#27;[0;39m &amp#27;[32mDEBUG&amp#27;[0;39m &amp#27;[35m4020&amp#27;[0;39m &amp#27;[2m---&amp#27;[0;39m &amp#27;[2m[ApiInventarioMini] [           main]&amp#27;[0;39m &amp#27;[2m&amp#27;[0;39m&amp#27;[36mo.h.b.model.internal.BasicValueBinder   &amp#27;[0;39m &amp#27;[2m:&amp#27;[0;39m building BasicValue for idMovimiento
&amp#27;[2m2024-06-29T19:03:26.007-06:00&amp#27;[0;39m &amp#27;[32mDEBUG&amp#27;[0;39m &amp#27;[35m4020&amp#27;[0;39m &amp#27;[2m---&amp#27;[0;39m &amp#27;[2m[ApiInventarioMini] [           main]&amp#27;[0;39m &amp#27;[2m&amp#27;[0;39m&amp#27;[36morg.hibernate.mapping.BasicValue        &amp#27;[0;39m &amp#27;[2m:&amp#27;[0;39m Skipping column re-registration: Movimiento.idMovimiento
&amp#27;[2m2024-06-29T19:03:26.007-06:00&amp#27;[0;39m &amp#27;[32mDEBUG&amp#27;[0;39m &amp#27;[35m4020&amp#27;[0;39m &amp#27;[2m---&amp#27;[0;39m &amp#27;[2m[ApiInventarioMini] [           main]&amp#27;[0;39m &amp#27;[2m&amp#27;[0;39m&amp#27;[36mo.h.boot.model.internal.PropertyBinder  &amp#27;[0;39m &amp#27;[2m:&amp#27;[0;39m Building property idMovimiento
&amp#27;[2m2024-06-29T19:03:26.008-06:00&amp#27;[0;39m &amp#27;[32mDEBUG&amp#27;[0;39m &amp#27;[35m4020&amp#27;[0;39m &amp#27;[2m---&amp#27;[0;39m &amp#27;[2m[ApiInventarioMini] [           main]&amp#27;[0;39m &amp#27;[2m&amp#27;[0;39m&amp#27;[36mo.h.boot.model.internal.BinderHelper    &amp#27;[0;39m &amp#27;[2m:&amp#27;[0;39m #makeIdGenerator(BasicValue([Column(idMovimiento)]), idMovimiento, identity, , ...)
&amp#27;[2m2024-06-29T19:03:26.008-06:00&amp#27;[0;39m &amp#27;[32mDEBUG&amp#27;[0;39m &amp#27;[35m4020&amp#27;[0;39m &amp#27;[2m---&amp#27;[0;39m &amp#27;[2m[ApiInventarioMini] [           main]&amp#27;[0;39m &amp#27;[2m&amp#27;[0;39m&amp#27;[36mo.h.boot.model.internal.AnnotatedColumn &amp#27;[0;39m &amp#27;[2m:&amp#27;[0;39m Binding column: AnnotatedColumn(column='cantidad')
&amp#27;[2m2024-06-29T19:03:26.008-06:00&amp#27;[0;39m &amp#27;[32mDEBUG&amp#27;[0;39m &amp#27;[35m4020&amp#27;[0;39m &amp#27;[2m---&amp#27;[0;39m &amp#27;[2m[ApiInventarioMini] [           main]&amp#27;[0;39m &amp#27;[2m&amp#27;[0;39m&amp#27;[36mo.h.boot.model.internal.PropertyBinder  &amp#27;[0;39m &amp#27;[2m:&amp#27;[0;39m MetadataSourceProcessor property cantidad with lazy=false
&amp#27;[2m2024-06-29T19:03:26.008-06:00&amp#27;[0;39m &amp#27;[32mDEBUG&amp#27;[0;39m &amp#27;[35m4020&amp#27;[0;39m &amp#27;[2m---&amp#27;[0;39m &amp#27;[2m[ApiInventarioMini] [           main]&amp#27;[0;39m &amp#27;[2m&amp#27;[0;39m&amp#27;[36mo.h.b.m.internal.AbstractPropertyHolder &amp#27;[0;39m &amp#27;[2m:&amp#27;[0;39m Attempting to locate auto-apply AttributeConverter for property [com.ipn.mx.domain.entity.Movimiento:cantidad]
&amp#27;[2m2024-06-29T19:03:26.008-06:00&amp#27;[0;39m &amp#27;[32mDEBUG&amp#27;[0;39m &amp#27;[35m4020&amp#27;[0;39m &amp#27;[2m---&amp#27;[0;39m &amp#27;[2m[ApiInventarioMini] [           main]&amp#27;[0;39m &amp#27;[2m&amp#27;[0;39m&amp#27;[36mo.h.b.model.internal.BasicValueBinder   &amp#27;[0;39m &amp#27;[2m:&amp#27;[0;39m building BasicValue for cantidad
&amp#27;[2m2024-06-29T19:03:26.008-06:00&amp#27;[0;39m &amp#27;[32mDEBUG&amp#27;[0;39m &amp#27;[35m4020&amp#27;[0;39m &amp#27;[2m---&amp#27;[0;39m &amp#27;[2m[ApiInventarioMini] [           main]&amp#27;[0;39m &amp#27;[2m&amp#27;[0;39m&amp#27;[36morg.hibernate.mapping.BasicValue        &amp#27;[0;39m &amp#27;[2m:&amp#27;[0;39m Skipping column re-registration: Movimiento.cantidad
&amp#27;[2m2024-06-29T19:03:26.008-06:00&amp#27;[0;39m &amp#27;[32mDEBUG&amp#27;[0;39m &amp#27;[35m4020&amp#27;[0;39m &amp#27;[2m---&amp#27;[0;39m &amp#27;[2m[ApiInventarioMini] [           main]&amp#27;[0;39m &amp#27;[2m&amp#27;[0;39m&amp#27;[36mo.h.boot.model.internal.PropertyBinder  &amp#27;[0;39m &amp#27;[2m:&amp#27;[0;39m Building property cantidad
&amp#27;[2m2024-06-29T19:03:26.008-06:00&amp#27;[0;39m &amp#27;[32mDEBUG&amp#27;[0;39m &amp#27;[35m4020&amp#27;[0;39m &amp#27;[2m---&amp#27;[0;39m &amp#27;[2m[ApiInventarioMini] [           main]&amp#27;[0;39m &amp#27;[2m&amp#27;[0;39m&amp#27;[36mo.h.boot.model.internal.AnnotatedColumn &amp#27;[0;39m &amp#27;[2m:&amp#27;[0;39m Binding column: AnnotatedColumn(column='fechaMovimiento')
&amp#27;[2m2024-06-29T19:03:26.008-06:00&amp#27;[0;39m &amp#27;[32mDEBUG&amp#27;[0;39m &amp#27;[35m4020&amp#27;[0;39m &amp#27;[2m---&amp#27;[0;39m &amp#27;[2m[ApiInventarioMini] [           main]&amp#27;[0;39m &amp#27;[2m&amp#27;[0;39m&amp#27;[36mo.h.boot.model.internal.PropertyBinder  &amp#27;[0;39m &amp#27;[2m:&amp#27;[0;39m MetadataSourceProcessor property fechaMovimiento with lazy=false
&amp#27;[2m2024-06-29T19:03:26.008-06:00&amp#27;[0;39m &amp#27;[32mDEBUG&amp#27;[0;39m &amp#27;[35m4020&amp#27;[0;39m &amp#27;[2m---&amp#27;[0;39m &amp#27;[2m[ApiInventarioMini] [           main]&amp#27;[0;39m &amp#27;[2m&amp#27;[0;39m&amp#27;[36mo.h.b.m.internal.AbstractPropertyHolder &amp#27;[0;39m &amp#27;[2m:&amp#27;[0;39m Attempting to locate auto-apply AttributeConverter for property [com.ipn.mx.domain.entity.Movimiento:fechaMovimiento]
&amp#27;[2m2024-06-29T19:03:26.008-06:00&amp#27;[0;39m &amp#27;[32mDEBUG&amp#27;[0;39m &amp#27;[35m4020&amp#27;[0;39m &amp#27;[2m---&amp#27;[0;39m &amp#27;[2m[ApiInventarioMini] [           main]&amp#27;[0;39m &amp#27;[2m&amp#27;[0;39m&amp#27;[36mo.h.b.model.internal.BasicValueBinder   &amp#27;[0;39m &amp#27;[2m:&amp#27;[0;39m building BasicValue for fechaMovimiento
&amp#27;[2m2024-06-29T19:03:26.008-06:00&amp#27;[0;39m &amp#27;[32mDEBUG&amp#27;[0;39m &amp#27;[35m4020&amp#27;[0;39m &amp#27;[2m---&amp#27;[0;39m &amp#27;[2m[ApiInventarioMini] [           main]&amp#27;[0;39m &amp#27;[2m&amp#27;[0;39m&amp#27;[36morg.hibernate.mapping.BasicValue        &amp#27;[0;39m &amp#27;[2m:&amp#27;[0;39m Skipping column re-registration: Movimiento.fechaMovimiento
&amp#27;[2m2024-06-29T19:03:26.008-06:00&amp#27;[0;39m &amp#27;[32mDEBUG&amp#27;[0;39m &amp#27;[35m4020&amp#27;[0;39m &amp#27;[2m---&amp#27;[0;39m &amp#27;[2m[ApiInventarioMini] [           main]&amp#27;[0;39m &amp#27;[2m&amp#27;[0;39m&amp#27;[36mo.h.boot.model.internal.PropertyBinder  &amp#27;[0;39m &amp#27;[2m:&amp#27;[0;39m Building property fechaMovimiento
&amp#27;[2m2024-06-29T19:03:26.008-06:00&amp#27;[0;39m &amp#27;[32mDEBUG&amp#27;[0;39m &amp#27;[35m4020&amp#27;[0;39m &amp#27;[2m---&amp#27;[0;39m &amp#27;[2m[ApiInventarioMini] [           main]&amp#27;[0;39m &amp#27;[2m&amp#27;[0;39m&amp#27;[36mo.h.boot.model.internal.AnnotatedColumn &amp#27;[0;39m &amp#27;[2m:&amp#27;[0;39m Binding column: AnnotatedColumn(column='idProducto')
&amp#27;[2m2024-06-29T19:03:26.008-06:00&amp#27;[0;39m &amp#27;[32mDEBUG&amp#27;[0;39m &amp#27;[35m4020&amp#27;[0;39m &amp#27;[2m---&amp#27;[0;39m &amp#27;[2m[ApiInventarioMini] [           main]&amp#27;[0;39m &amp#27;[2m&amp#27;[0;39m&amp#27;[36mo.h.boot.model.internal.PropertyBinder  &amp#27;[0;39m &amp#27;[2m:&amp#27;[0;39m MetadataSourceProcessor property idProducto with lazy=false
&amp#27;[2m2024-06-29T19:03:26.008-06:00&amp#27;[0;39m &amp#27;[32mDEBUG&amp#27;[0;39m &amp#27;[35m4020&amp#27;[0;39m &amp#27;[2m---&amp#27;[0;39m &amp#27;[2m[ApiInventarioMini] [           main]&amp#27;[0;39m &amp#27;[2m&amp#27;[0;39m&amp#27;[36mo.h.b.m.internal.AbstractPropertyHolder &amp#27;[0;39m &amp#27;[2m:&amp#27;[0;39m Attempting to locate auto-apply AttributeConverter for property [com.ipn.mx.domain.entity.Movimiento:idProducto]
&amp#27;[2m2024-06-29T19:03:26.008-06:00&amp#27;[0;39m &amp#27;[32mDEBUG&amp#27;[0;39m &amp#27;[35m4020&amp#27;[0;39m &amp#27;[2m---&amp#27;[0;39m &amp#27;[2m[ApiInventarioMini] [           main]&amp#27;[0;39m &amp#27;[2m&amp#27;[0;39m&amp#27;[36mo.h.b.model.internal.BasicValueBinder   &amp#27;[0;39m &amp#27;[2m:&amp#27;[0;39m building BasicValue for idProducto
&amp#27;[2m2024-06-29T19:03:26.008-06:00&amp#27;[0;39m &amp#27;[32mDEBUG&amp#27;[0;39m &amp#27;[35m4020&amp#27;[0;39m &amp#27;[2m---&amp#27;[0;39m &amp#27;[2m[ApiInventarioMini] [           main]&amp#27;[0;39m &amp#27;[2m&amp#27;[0;39m&amp#27;[36morg.hibernate.mapping.BasicValue        &amp#27;[0;39m &amp#27;[2m:&amp#27;[0;39m Skipping column re-registration: Movimiento.idProducto
&amp#27;[2m2024-06-29T19:03:26.009-06:00&amp#27;[0;39m &amp#27;[32mDEBUG&amp#27;[0;39m &amp#27;[35m4020&amp#27;[0;39m &amp#27;[2m---&amp#27;[0;39m &amp#27;[2m[ApiInventarioMini] [           main]&amp#27;[0;39m &amp#27;[2m&amp#27;[0;39m&amp#27;[36mo.h.boot.model.internal.PropertyBinder  &amp#27;[0;39m &amp#27;[2m:&amp#27;[0;39m Building property idProducto
&amp#27;[2m2024-06-29T19:03:26.009-06:00&amp#27;[0;39m &amp#27;[32mDEBUG&amp#27;[0;39m &amp#27;[35m4020&amp#27;[0;39m &amp#27;[2m---&amp#27;[0;39m &amp#27;[2m[ApiInventarioMini] [           main]&amp#27;[0;39m &amp#27;[2m&amp#27;[0;39m&amp#27;[36mo.h.boot.model.internal.AnnotatedColumn &amp#27;[0;39m &amp#27;[2m:&amp#27;[0;39m Binding column: AnnotatedColumn(column='tipoMovimiento')
&amp#27;[2m2024-06-29T19:03:26.009-06:00&amp#27;[0;39m &amp#27;[32mDEBUG&amp#27;[0;39m &amp#27;[35m4020&amp#27;[0;39m &amp#27;[2m---&amp#27;[0;39m &amp#27;[2m[ApiInventarioMini] [           main]&amp#27;[0;39m &amp#27;[2m&amp#27;[0;39m&amp#27;[36mo.h.boot.model.internal.PropertyBinder  &amp#27;[0;39m &amp#27;[2m:&amp#27;[0;39m MetadataSourceProcessor property tipoMovimiento with lazy=false
&amp#27;[2m2024-06-29T19:03:26.009-06:00&amp#27;[0;39m &amp#27;[32mDEBUG&amp#27;[0;39m &amp#27;[35m4020&amp#27;[0;39m &amp#27;[2m---&amp#27;[0;39m &amp#27;[2m[ApiInventarioMini] [           main]&amp#27;[0;39m &amp#27;[2m&amp#27;[0;39m&amp#27;[36mo.h.b.m.internal.AbstractPropertyHolder &amp#27;[0;39m &amp#27;[2m:&amp#27;[0;39m Attempting to locate auto-apply AttributeConverter for property [com.ipn.mx.domain.entity.Movimiento:tipoMovimiento]
&amp#27;[2m2024-06-29T19:03:26.009-06:00&amp#27;[0;39m &amp#27;[32mDEBUG&amp#27;[0;39m &amp#27;[35m4020&amp#27;[0;39m &amp#27;[2m---&amp#27;[0;39m &amp#27;[2m[ApiInventarioMini] [           main]&amp#27;[0;39m &amp#27;[2m&amp#27;[0;39m&amp#27;[36mo.h.b.model.internal.BasicValueBinder   &amp#27;[0;39m &amp#27;[2m:&amp#27;[0;39m building BasicValue for tipoMovimiento
&amp#27;[2m2024-06-29T19:03:26.009-06:00&amp#27;[0;39m &amp#27;[32mDEBUG&amp#27;[0;39m &amp#27;[35m4020&amp#27;[0;39m &amp#27;[2m---&amp#27;[0;39m &amp#27;[2m[ApiInventarioMini] [           main]&amp#27;[0;39m &amp#27;[2m&amp#27;[0;39m&amp#27;[36morg.hibernate.mapping.BasicValue        &amp#27;[0;39m &amp#27;[2m:&amp#27;[0;39m Skipping column re-registration: Movimiento.tipoMovimiento
&amp#27;[2m2024-06-29T19:03:26.009-06:00&amp#27;[0;39m &amp#27;[32mDEBUG&amp#27;[0;39m &amp#27;[35m4020&amp#27;[0;39m &amp#27;[2m---&amp#27;[0;39m &amp#27;[2m[ApiInventarioMini] [           main]&amp#27;[0;39m &amp#27;[2m&amp#27;[0;39m&amp#27;[36mo.h.boot.model.internal.PropertyBinder  &amp#27;[0;39m &amp#27;[2m:&amp#27;[0;39m Building property tipoMovimiento
&amp#27;[2m2024-06-29T19:03:26.009-06:00&amp#27;[0;39m &amp#27;[32mDEBUG&amp#27;[0;39m &amp#27;[35m4020&amp#27;[0;39m &amp#27;[2m---&amp#27;[0;39m &amp#27;[2m[ApiInventarioMini] [           main]&amp#27;[0;39m &amp#27;[2m&amp#27;[0;39m&amp#27;[36mo.h.b.r.c.i.ClassLoaderServiceImpl      &amp#27;[0;39m &amp#27;[2m:&amp#27;[0;39m HHH000194: Package not found or wo package-info.java: com.ipn.mx.domain.entity
&amp#27;[2m2024-06-29T19:03:26.009-06:00&amp#27;[0;39m &amp#27;[32mDEBUG&amp#27;[0;39m &amp#27;[35m4020&amp#27;[0;39m &amp#27;[2m---&amp#27;[0;39m &amp#27;[2m[ApiInventarioMini] [           main]&amp#27;[0;39m &amp#27;[2m&amp#27;[0;39m&amp#27;[36mo.h.boot.model.internal.EntityBinder    &amp#27;[0;39m &amp#27;[2m:&amp#27;[0;39m Binding entity from annotated class: com.ipn.mx.domain.entity.Producto
&amp#27;[2m2024-06-29T19:03:26.010-06:00&amp#27;[0;39m &amp#27;[32mDEBUG&amp#27;[0;39m &amp#27;[35m4020&amp#27;[0;39m &amp#27;[2m---&amp#27;[0;39m &amp#27;[2m[ApiInventarioMini] [           main]&amp#27;[0;39m &amp#27;[2m&amp#27;[0;39m&amp#27;[36mo.h.boot.model.internal.EntityBinder    &amp#27;[0;39m &amp#27;[2m:&amp#27;[0;39m Import with entity name Producto
&amp#27;[2m2024-06-29T19:03:26.010-06:00&amp#27;[0;39m &amp#27;[32mDEBUG&amp#27;[0;39m &amp#27;[35m4020&amp#27;[0;39m &amp#27;[2m---&amp#27;[0;39m &amp#27;[2m[ApiInventarioMini] [           main]&amp#27;[0;39m &amp#27;[2m&amp#27;[0;39m&amp#27;[36mo.h.boot.model.internal.EntityBinder    &amp#27;[0;39m &amp#27;[2m:&amp#27;[0;39m Bind entity com.ipn.mx.domain.entity.Producto on table Producto
&amp#27;[2m2024-06-29T19:03:26.010-06:00&amp#27;[0;39m &amp#27;[32mDEBUG&amp#27;[0;39m &amp#27;[35m4020&amp#27;[0;39m &amp#27;[2m---&amp#27;[0;39m &amp#27;[2m[ApiInventarioMini] [           main]&amp#27;[0;39m &amp#27;[2m&amp#27;[0;39m&amp#27;[36mo.h.boot.model.internal.AnnotatedColumn &amp#27;[0;39m &amp#27;[2m:&amp#27;[0;39m Binding column: AnnotatedDiscriminatorColumn(column='DTYPE')
&amp#27;[2m2024-06-29T19:03:26.010-06:00&amp#27;[0;39m &amp#27;[32mDEBUG&amp#27;[0;39m &amp#27;[35m4020&amp#27;[0;39m &amp#27;[2m---&amp#27;[0;39m &amp#27;[2m[ApiInventarioMini] [           main]&amp#27;[0;39m &amp#27;[2m&amp#27;[0;39m&amp#27;[36mo.h.boot.model.internal.AnnotatedColumn &amp#27;[0;39m &amp#27;[2m:&amp#27;[0;39m Binding column: AnnotatedColumn()
&amp#27;[2m2024-06-29T19:03:26.010-06:00&amp#27;[0;39m &amp#27;[32mDEBUG&amp#27;[0;39m &amp#27;[35m4020&amp#27;[0;39m &amp#27;[2m---&amp#27;[0;39m &amp#27;[2m[ApiInventarioMini] [           main]&amp#27;[0;39m &amp#27;[2m&amp#27;[0;39m&amp#27;[36mo.h.boot.internal.ClassLoaderAccessImpl &amp#27;[0;39m &amp#27;[2m:&amp#27;[0;39m Not known whether passed class name [com.ipn.mx.domain.entity.Producto] is safe
&amp#27;[2m2024-06-29T19:03:26.010-06:00&amp#27;[0;39m &amp#27;[32mDEBUG&amp#27;[0;39m &amp#27;[35m4020&amp#27;[0;39m &amp#27;[2m---&amp#27;[0;39m &amp#27;[2m[ApiInventarioMini] [           main]&amp#27;[0;39m &amp#27;[2m&amp#27;[0;39m&amp#27;[36mo.h.boot.internal.ClassLoaderAccessImpl &amp#27;[0;39m &amp#27;[2m:&amp#27;[0;39m No temp ClassLoader provided; using live ClassLoader for loading potentially unsafe class : com.ipn.mx.domain.entity.Producto
&amp#27;[2m2024-06-29T19:03:26.010-06:00&amp#27;[0;39m &amp#27;[32mDEBUG&amp#27;[0;39m &amp#27;[35m4020&amp#27;[0;39m &amp#27;[2m---&amp#27;[0;39m &amp#27;[2m[ApiInventarioMini] [           main]&amp#27;[0;39m &amp#27;[2m&amp#27;[0;39m&amp#27;[36mo.h.boot.model.internal.PropertyBinder  &amp#27;[0;39m &amp#27;[2m:&amp#27;[0;39m MetadataSourceProcessor property idProducto with lazy=false
&amp#27;[2m2024-06-29T19:03:26.011-06:00&amp#27;[0;39m &amp#27;[32mDEBUG&amp#27;[0;39m &amp#27;[35m4020&amp#27;[0;39m &amp#27;[2m---&amp#27;[0;39m &amp#27;[2m[ApiInventarioMini] [           main]&amp#27;[0;39m &amp#27;[2m&amp#27;[0;39m&amp#27;[36mo.h.b.m.internal.AbstractPropertyHolder &amp#27;[0;39m &amp#27;[2m:&amp#27;[0;39m Attempting to locate auto-apply AttributeConverter for property [com.ipn.mx.domain.entity.Producto:idProducto]
&amp#27;[2m2024-06-29T19:03:26.011-06:00&amp#27;[0;39m &amp#27;[32mDEBUG&amp#27;[0;39m &amp#27;[35m4020&amp#27;[0;39m &amp#27;[2m---&amp#27;[0;39m &amp#27;[2m[ApiInventarioMini] [           main]&amp#27;[0;39m &amp#27;[2m&amp#27;[0;39m&amp#27;[36mo.h.b.model.internal.BasicValueBinder   &amp#27;[0;39m &amp#27;[2m:&amp#27;[0;39m building BasicValue for idProducto
&amp#27;[2m2024-06-29T19:03:26.011-06:00&amp#27;[0;39m &amp#27;[32mDEBUG&amp#27;[0;39m &amp#27;[35m4020&amp#27;[0;39m &amp#27;[2m---&amp#27;[0;39m &amp#27;[2m[ApiInventarioMini] [           main]&amp#27;[0;39m &amp#27;[2m&amp#27;[0;39m&amp#27;[36morg.hibernate.mapping.BasicValue        &amp#27;[0;39m &amp#27;[2m:&amp#27;[0;39m Skipping column re-registration: Producto.idProducto
&amp#27;[2m2024-06-29T19:03:26.011-06:00&amp#27;[0;39m &amp#27;[32mDEBUG&amp#27;[0;39m &amp#27;[35m4020&amp#27;[0;39m &amp#27;[2m---&amp#27;[0;39m &amp#27;[2m[ApiInventarioMini] [           main]&amp#27;[0;39m &amp#27;[2m&amp#27;[0;39m&amp#27;[36mo.h.boot.model.internal.PropertyBinder  &amp#27;[0;39m &amp#27;[2m:&amp#27;[0;39m Building property idProducto
&amp#27;[2m2024-06-29T19:03:26.011-06:00&amp#27;[0;39m &amp#27;[32mDEBUG&amp#27;[0;39m &amp#27;[35m4020&amp#27;[0;39m &amp#27;[2m---&amp#27;[0;39m &amp#27;[2m[ApiInventarioMini] [           main]&amp#27;[0;39m &amp#27;[2m&amp#27;[0;39m&amp#27;[36mo.h.boot.model.internal.BinderHelper    &amp#27;[0;39m &amp#27;[2m:&amp#27;[0;39m #makeIdGenerator(BasicValue([Column(idProducto)]), idProducto, identity, , ...)
&amp#27;[2m2024-06-29T19:03:26.011-06:00&amp#27;[0;39m &amp#27;[32mDEBUG&amp#27;[0;39m &amp#27;[35m4020&amp#27;[0;39m &amp#27;[2m---&amp#27;[0;39m &amp#27;[2m[ApiInventarioMini] [           main]&amp#27;[0;39m &amp#27;[2m&amp#27;[0;39m&amp#27;[36mo.h.boot.model.internal.AnnotatedColumn &amp#27;[0;39m &amp#27;[2m:&amp#27;[0;39m Binding column: AnnotatedColumn()
&amp#27;[2m2024-06-29T19:03:26.011-06:00&amp#27;[0;39m &amp#27;[32mDEBUG&amp#27;[0;39m &amp#27;[35m4020&amp#27;[0;39m &amp#27;[2m---&amp#27;[0;39m &amp#27;[2m[ApiInventarioMini] [           main]&amp#27;[0;39m &amp#27;[2m&amp#27;[0;39m&amp#27;[36mo.h.boot.model.internal.PropertyBinder  &amp#27;[0;39m &amp#27;[2m:&amp#27;[0;39m MetadataSourceProcessor property categoria with lazy=false
&amp#27;[2m2024-06-29T19:03:26.011-06:00&amp#27;[0;39m &amp#27;[32mDEBUG&amp#27;[0;39m &amp#27;[35m4020&amp#27;[0;39m &amp#27;[2m---&amp#27;[0;39m &amp#27;[2m[ApiInventarioMini] [           main]&amp#27;[0;39m &amp#27;[2m&amp#27;[0;39m&amp#27;[36mo.h.b.m.internal.AbstractPropertyHolder &amp#27;[0;39m &amp#27;[2m:&amp#27;[0;39m Attempting to locate auto-apply AttributeConverter for property [com.ipn.mx.domain.entity.Producto:categoria]
&amp#27;[2m2024-06-29T19:03:26.011-06:00&amp#27;[0;39m &amp#27;[32mDEBUG&amp#27;[0;39m &amp#27;[35m4020&amp#27;[0;39m &amp#27;[2m---&amp#27;[0;39m &amp#27;[2m[ApiInventarioMini] [           main]&amp#27;[0;39m &amp#27;[2m&amp#27;[0;39m&amp#27;[36mo.h.b.model.internal.BasicValueBinder   &amp#27;[0;39m &amp#27;[2m:&amp#27;[0;39m building BasicValue for categoria
&amp#27;[2m2024-06-29T19:03:26.011-06:00&amp#27;[0;39m &amp#27;[32mDEBUG&amp#27;[0;39m &amp#27;[35m4020&amp#27;[0;39m &amp#27;[2m---&amp#27;[0;39m &amp#27;[2m[ApiInventarioMini] [           main]&amp#27;[0;39m &amp#27;[2m&amp#27;[0;39m&amp#27;[36morg.hibernate.mapping.BasicValue        &amp#27;[0;39m &amp#27;[2m:&amp#27;[0;39m Skipping column re-registration: Producto.categoria
&amp#27;[2m2024-06-29T19:03:26.011-06:00&amp#27;[0;39m &amp#27;[32mDEBUG&amp#27;[0;39m &amp#27;[35m4020&amp#27;[0;39m &amp#27;[2m---&amp#27;[0;39m &amp#27;[2m[ApiInventarioMini] [           main]&amp#27;[0;39m &amp#27;[2m&amp#27;[0;39m&amp#27;[36mo.h.boot.model.internal.PropertyBinder  &amp#27;[0;39m &amp#27;[2m:&amp#27;[0;39m Building property categoria
&amp#27;[2m2024-06-29T19:03:26.011-06:00&amp#27;[0;39m &amp#27;[32mDEBUG&amp#27;[0;39m &amp#27;[35m4020&amp#27;[0;39m &amp#27;[2m---&amp#27;[0;39m &amp#27;[2m[ApiInventarioMini] [           main]&amp#27;[0;39m &amp#27;[2m&amp#27;[0;39m&amp#27;[36mo.h.boot.model.internal.AnnotatedColumn &amp#27;[0;39m &amp#27;[2m:&amp#27;[0;39m Binding column: AnnotatedColumn(column='descripcionProducto')
&amp#27;[2m2024-06-29T19:03:26.011-06:00&amp#27;[0;39m &amp#27;[32mDEBUG&amp#27;[0;39m &amp#27;[35m4020&amp#27;[0;39m &amp#27;[2m---&amp#27;[0;39m &amp#27;[2m[ApiInventarioMini] [           main]&amp#27;[0;39m &amp#27;[2m&amp#27;[0;39m&amp#27;[36mo.h.boot.model.internal.PropertyBinder  &amp#27;[0;39m &amp#27;[2m:&amp#27;[0;39m MetadataSourceProcessor property descripcionProducto with lazy=false
&amp#27;[2m2024-06-29T19:03:26.011-06:00&amp#27;[0;39m &amp#27;[32mDEBUG&amp#27;[0;39m &amp#27;[35m4020&amp#27;[0;39m &amp#27;[2m---&amp#27;[0;39m &amp#27;[2m[ApiInventarioMini] [           main]&amp#27;[0;39m &amp#27;[2m&amp#27;[0;39m&amp#27;[36mo.h.b.m.internal.AbstractPropertyHolder &amp#27;[0;39m &amp#27;[2m:&amp#27;[0;39m Attempting to locate auto-apply AttributeConverter for property [com.ipn.mx.domain.entity.Producto:descripcionProducto]
&amp#27;[2m2024-06-29T19:03:26.011-06:00&amp#27;[0;39m &amp#27;[32mDEBUG&amp#27;[0;39m &amp#27;[35m4020&amp#27;[0;39m &amp#27;[2m---&amp#27;[0;39m &amp#27;[2m[ApiInventarioMini] [           main]&amp#27;[0;39m &amp#27;[2m&amp#27;[0;39m&amp#27;[36mo.h.b.model.internal.BasicValueBinder   &amp#27;[0;39m &amp#27;[2m:&amp#27;[0;39m building BasicValue for descripcionProducto
&amp#27;[2m2024-06-29T19:03:26.011-06:00&amp#27;[0;39m &amp#27;[32mDEBUG&amp#27;[0;39m &amp#27;[35m4020&amp#27;[0;39m &amp#27;[2m---&amp#27;[0;39m &amp#27;[2m[ApiInventarioMini] [           main]&amp#27;[0;39m &amp#27;[2m&amp#27;[0;39m&amp#27;[36morg.hibernate.mapping.BasicValue        &amp#27;[0;39m &amp#27;[2m:&amp#27;[0;39m Skipping column re-registration: Producto.descripcionProducto
&amp#27;[2m2024-06-29T19:03:26.011-06:00&amp#27;[0;39m &amp#27;[32mDEBUG&amp#27;[0;39m &amp#27;[35m4020&amp#27;[0;39m &amp#27;[2m---&amp#27;[0;39m &amp#27;[2m[ApiInventarioMini] [           main]&amp#27;[0;39m &amp#27;[2m&amp#27;[0;39m&amp#27;[36mo.h.boot.model.internal.PropertyBinder  &amp#27;[0;39m &amp#27;[2m:&amp#27;[0;39m Building property descripcionProducto
&amp#27;[2m2024-06-29T19:03:26.011-06:00&amp#27;[0;39m &amp#27;[32mDEBUG&amp#27;[0;39m &amp#27;[35m4020&amp#27;[0;39m &amp#27;[2m---&amp#27;[0;39m &amp#27;[2m[ApiInventarioMini] [           main]&amp#27;[0;39m &amp#27;[2m&amp#27;[0;39m&amp#27;[36mo.h.boot.model.internal.AnnotatedColumn &amp#27;[0;39m &amp#27;[2m:&amp#27;[0;39m Binding column: AnnotatedColumn(column='existencias')
&amp#27;[2m2024-06-29T19:03:26.011-06:00&amp#27;[0;39m &amp#27;[32mDEBUG&amp#27;[0;39m &amp#27;[35m4020&amp#27;[0;39m &amp#27;[2m---&amp#27;[0;39m &amp#27;[2m[ApiInventarioMini] [           main]&amp#27;[0;39m &amp#27;[2m&amp#27;[0;39m&amp#27;[36mo.h.boot.model.internal.PropertyBinder  &amp#27;[0;39m &amp#27;[2m:&amp#27;[0;39m MetadataSourceProcessor property existencias with lazy=false
&amp#27;[2m2024-06-29T19:03:26.011-06:00&amp#27;[0;39m &amp#27;[32mDEBUG&amp#27;[0;39m &amp#27;[35m4020&amp#27;[0;39m &amp#27;[2m---&amp#27;[0;39m &amp#27;[2m[ApiInventarioMini] [           main]&amp#27;[0;39m &amp#27;[2m&amp#27;[0;39m&amp#27;[36mo.h.b.m.internal.AbstractPropertyHolder &amp#27;[0;39m &amp#27;[2m:&amp#27;[0;39m Attempting to locate auto-apply AttributeConverter for property [com.ipn.mx.domain.entity.Producto:existencias]
&amp#27;[2m2024-06-29T19:03:26.011-06:00&amp#27;[0;39m &amp#27;[32mDEBUG&amp#27;[0;39m &amp#27;[35m4020&amp#27;[0;39m &amp#27;[2m---&amp#27;[0;39m &amp#27;[2m[ApiInventarioMini] [           main]&amp#27;[0;39m &amp#27;[2m&amp#27;[0;39m&amp#27;[36mo.h.b.model.internal.BasicValueBinder   &amp#27;[0;39m &amp#27;[2m:&amp#27;[0;39m building BasicValue for existencias
&amp#27;[2m2024-06-29T19:03:26.011-06:00&amp#27;[0;39m &amp#27;[32mDEBUG&amp#27;[0;39m &amp#27;[35m4020&amp#27;[0;39m &amp#27;[2m---&amp#27;[0;39m &amp#27;[2m[ApiInventarioMini] [           main]&amp#27;[0;39m &amp#27;[2m&amp#27;[0;39m&amp#27;[36morg.hibernate.mapping.BasicValue        &amp#27;[0;39m &amp#27;[2m:&amp#27;[0;39m Skipping column re-registration: Producto.existencias
&amp#27;[2m2024-06-29T19:03:26.012-06:00&amp#27;[0;39m &amp#27;[32mDEBUG&amp#27;[0;39m &amp#27;[35m4020&amp#27;[0;39m &amp#27;[2m---&amp#27;[0;39m &amp#27;[2m[ApiInventarioMini] [           main]&amp#27;[0;39m &amp#27;[2m&amp#27;[0;39m&amp#27;[36mo.h.boot.model.internal.PropertyBinder  &amp#27;[0;39m &amp#27;[2m:&amp#27;[0;39m Building property existencias
&amp#27;[2m2024-06-29T19:03:26.012-06:00&amp#27;[0;39m &amp#27;[32mDEBUG&amp#27;[0;39m &amp#27;[35m4020&amp#27;[0;39m &amp#27;[2m---&amp#27;[0;39m &amp#27;[2m[ApiInventarioMini] [           main]&amp#27;[0;39m &amp#27;[2m&amp#27;[0;39m&amp#27;[36mo.h.boot.model.internal.AnnotatedColumn &amp#27;[0;39m &amp#27;[2m:&amp#27;[0;39m Binding column: AnnotatedColumn(column='nombreProducto')
&amp#27;[2m2024-06-29T19:03:26.012-06:00&amp#27;[0;39m &amp#27;[32mDEBUG&amp#27;[0;39m &amp#27;[35m4020&amp#27;[0;39m &amp#27;[2m---&amp#27;[0;39m &amp#27;[2m[ApiInventarioMini] [           main]&amp#27;[0;39m &amp#27;[2m&amp#27;[0;39m&amp#27;[36mo.h.boot.model.internal.PropertyBinder  &amp#27;[0;39m &amp#27;[2m:&amp#27;[0;39m MetadataSourceProcessor property nombreProducto with lazy=false
&amp#27;[2m2024-06-29T19:03:26.012-06:00&amp#27;[0;39m &amp#27;[32mDEBUG&amp#27;[0;39m &amp#27;[35m4020&amp#27;[0;39m &amp#27;[2m---&amp#27;[0;39m &amp#27;[2m[ApiInventarioMini] [           main]&amp#27;[0;39m &amp#27;[2m&amp#27;[0;39m&amp#27;[36mo.h.b.m.internal.AbstractPropertyHolder &amp#27;[0;39m &amp#27;[2m:&amp#27;[0;39m Attempting to locate auto-apply AttributeConverter for property [com.ipn.mx.domain.entity.Producto:nombreProducto]
&amp#27;[2m2024-06-29T19:03:26.012-06:00&amp#27;[0;39m &amp#27;[32mDEBUG&amp#27;[0;39m &amp#27;[35m4020&amp#27;[0;39m &amp#27;[2m---&amp#27;[0;39m &amp#27;[2m[ApiInventarioMini] [           main]&amp#27;[0;39m &amp#27;[2m&amp#27;[0;39m&amp#27;[36mo.h.b.model.internal.BasicValueBinder   &amp#27;[0;39m &amp#27;[2m:&amp#27;[0;39m building BasicValue for nombreProducto
&amp#27;[2m2024-06-29T19:03:26.012-06:00&amp#27;[0;39m &amp#27;[32mDEBUG&amp#27;[0;39m &amp#27;[35m4020&amp#27;[0;39m &amp#27;[2m---&amp#27;[0;39m &amp#27;[2m[ApiInventarioMini] [           main]&amp#27;[0;39m &amp#27;[2m&amp#27;[0;39m&amp#27;[36morg.hibernate.mapping.BasicValue        &amp#27;[0;39m &amp#27;[2m:&amp#27;[0;39m Skipping column re-registration: Producto.nombreProducto
&amp#27;[2m2024-06-29T19:03:26.012-06:00&amp#27;[0;39m &amp#27;[32mDEBUG&amp#27;[0;39m &amp#27;[35m4020&amp#27;[0;39m &amp#27;[2m---&amp#27;[0;39m &amp#27;[2m[ApiInventarioMini] [           main]&amp#27;[0;39m &amp#27;[2m&amp#27;[0;39m&amp#27;[36mo.h.boot.model.internal.PropertyBinder  &amp#27;[0;39m &amp#27;[2m:&amp#27;[0;39m Building property nombreProducto
&amp#27;[2m2024-06-29T19:03:26.012-06:00&amp#27;[0;39m &amp#27;[32mDEBUG&amp#27;[0;39m &amp#27;[35m4020&amp#27;[0;39m &amp#27;[2m---&amp#27;[0;39m &amp#27;[2m[ApiInventarioMini] [           main]&amp#27;[0;39m &amp#27;[2m&amp#27;[0;39m&amp#27;[36mo.h.boot.model.internal.AnnotatedColumn &amp#27;[0;39m &amp#27;[2m:&amp#27;[0;39m Binding column: AnnotatedColumn(column='precio')
&amp#27;[2m2024-06-29T19:03:26.012-06:00&amp#27;[0;39m &amp#27;[32mDEBUG&amp#27;[0;39m &amp#27;[35m4020&amp#27;[0;39m &amp#27;[2m---&amp#27;[0;39m &amp#27;[2m[ApiInventarioMini] [           main]&amp#27;[0;39m &amp#27;[2m&amp#27;[0;39m&amp#27;[36mo.h.boot.model.internal.PropertyBinder  &amp#27;[0;39m &amp#27;[2m:&amp#27;[0;39m MetadataSourceProcessor property precio with lazy=false
&amp#27;[2m2024-06-29T19:03:26.012-06:00&amp#27;[0;39m &amp#27;[32mDEBUG&amp#27;[0;39m &amp#27;[35m4020&amp#27;[0;39m &amp#27;[2m---&amp#27;[0;39m &amp#27;[2m[ApiInventarioMini] [           main]&amp#27;[0;39m &amp#27;[2m&amp#27;[0;39m&amp#27;[36mo.h.b.m.internal.AbstractPropertyHolder &amp#27;[0;39m &amp#27;[2m:&amp#27;[0;39m Attempting to locate auto-apply AttributeConverter for property [com.ipn.mx.domain.entity.Producto:precio]
&amp#27;[2m2024-06-29T19:03:26.012-06:00&amp#27;[0;39m &amp#27;[32mDEBUG&amp#27;[0;39m &amp#27;[35m4020&amp#27;[0;39m &amp#27;[2m---&amp#27;[0;39m &amp#27;[2m[ApiInventarioMini] [           main]&amp#27;[0;39m &amp#27;[2m&amp#27;[0;39m&amp#27;[36mo.h.b.model.internal.BasicValueBinder   &amp#27;[0;39m &amp#27;[2m:&amp#27;[0;39m building BasicValue for precio
&amp#27;[2m2024-06-29T19:03:26.012-06:00&amp#27;[0;39m &amp#27;[32mDEBUG&amp#27;[0;39m &amp#27;[35m4020&amp#27;[0;39m &amp#27;[2m---&amp#27;[0;39m &amp#27;[2m[ApiInventarioMini] [           main]&amp#27;[0;39m &amp#27;[2m&amp#27;[0;39m&amp#27;[36morg.hibernate.mapping.BasicValue        &amp#27;[0;39m &amp#27;[2m:&amp#27;[0;39m Skipping column re-registration: Producto.precio
&amp#27;[2m2024-06-29T19:03:26.012-06:00&amp#27;[0;39m &amp#27;[32mDEBUG&amp#27;[0;39m &amp#27;[35m4020&amp#27;[0;39m &amp#27;[2m---&amp#27;[0;39m &amp#27;[2m[ApiInventarioMini] [           main]&amp#27;[0;39m &amp#27;[2m&amp#27;[0;39m&amp#27;[36mo.h.boot.model.internal.PropertyBinder  &amp#27;[0;39m &amp#27;[2m:&amp#27;[0;39m Building property precio
&amp#27;[2m2024-06-29T19:03:26.012-06:00&amp#27;[0;39m &amp#27;[32mDEBUG&amp#27;[0;39m &amp#27;[35m4020&amp#27;[0;39m &amp#27;[2m---&amp#27;[0;39m &amp#27;[2m[ApiInventarioMini] [           main]&amp#27;[0;39m &amp#27;[2m&amp#27;[0;39m&amp#27;[36mo.h.b.r.c.i.ClassLoaderServiceImpl      &amp#27;[0;39m &amp#27;[2m:&amp#27;[0;39m HHH000194: Package not found or wo package-info.java: com.ipn.mx.domain.entity
&amp#27;[2m2024-06-29T19:03:26.013-06:00&amp#27;[0;39m &amp#27;[32mDEBUG&amp#27;[0;39m &amp#27;[35m4020&amp#27;[0;39m &amp#27;[2m---&amp#27;[0;39m &amp#27;[2m[ApiInventarioMini] [           main]&amp#27;[0;39m &amp#27;[2m&amp#27;[0;39m&amp#27;[36mo.h.b.model.internal.BasicValueBinder   &amp#27;[0;39m &amp#27;[2m:&amp#27;[0;39m Starting `BasicValueBinder#fillSimpleValue` for idCategoria
&amp#27;[2m2024-06-29T19:03:26.013-06:00&amp#27;[0;39m &amp#27;[32mDEBUG&amp#27;[0;39m &amp#27;[35m4020&amp#27;[0;39m &amp#27;[2m---&amp#27;[0;39m &amp#27;[2m[ApiInventarioMini] [           main]&amp#27;[0;39m &amp#27;[2m&amp#27;[0;39m&amp#27;[36mo.h.b.model.internal.BasicValueBinder   &amp#27;[0;39m &amp#27;[2m:&amp#27;[0;39m Starting `BasicValueBinder#fillSimpleValue` for descripcionCategoria
&amp#27;[2m2024-06-29T19:03:26.013-06:00&amp#27;[0;39m &amp#27;[32mDEBUG&amp#27;[0;39m &amp#27;[35m4020&amp#27;[0;39m &amp#27;[2m---&amp#27;[0;39m &amp#27;[2m[ApiInventarioMini] [           main]&amp#27;[0;39m &amp#27;[2m&amp#27;[0;39m&amp#27;[36mo.h.b.model.internal.BasicValueBinder   &amp#27;[0;39m &amp#27;[2m:&amp#27;[0;39m Starting `BasicValueBinder#fillSimpleValue` for nombreCategoria
&amp#27;[2m2024-06-29T19:03:26.013-06:00&amp#27;[0;39m &amp#27;[32mDEBUG&amp#27;[0;39m &amp#27;[35m4020&amp#27;[0;39m &amp#27;[2m---&amp#27;[0;39m &amp#27;[2m[ApiInventarioMini] [           main]&amp#27;[0;39m &amp#27;[2m&amp#27;[0;39m&amp#27;[36mo.h.b.model.internal.BasicValueBinder   &amp#27;[0;39m &amp#27;[2m:&amp#27;[0;39m Starting `BasicValueBinder#fillSimpleValue` for idMovimiento
&amp#27;[2m2024-06-29T19:03:26.014-06:00&amp#27;[0;39m &amp#27;[32mDEBUG&amp#27;[0;39m &amp#27;[35m4020&amp#27;[0;39m &amp#27;[2m---&amp#27;[0;39m &amp#27;[2m[ApiInventarioMini] [           main]&amp#27;[0;39m &amp#27;[2m&amp#27;[0;39m&amp#27;[36mo.h.b.model.internal.BasicValueBinder   &amp#27;[0;39m &amp#27;[2m:&amp#27;[0;39m Starting `BasicValueBinder#fillSimpleValue` for cantidad
&amp#27;[2m2024-06-29T19:03:26.014-06:00&amp#27;[0;39m &amp#27;[32mDEBUG&amp#27;[0;39m &amp#27;[35m4020&amp#27;[0;39m &amp#27;[2m---&amp#27;[0;39m &amp#27;[2m[ApiInventarioMini] [           main]&amp#27;[0;39m &amp#27;[2m&amp#27;[0;39m&amp#27;[36mo.h.b.model.internal.BasicValueBinder   &amp#27;[0;39m &amp#27;[2m:&amp#27;[0;39m Starting `BasicValueBinder#fillSimpleValue` for fechaMovimiento
&amp#27;[2m2024-06-29T19:03:26.014-06:00&amp#27;[0;39m &amp#27;[32mDEBUG&amp#27;[0;39m &amp#27;[35m4020&amp#27;[0;39m &amp#27;[2m---&amp#27;[0;39m &amp#27;[2m[ApiInventarioMini] [           main]&amp#27;[0;39m &amp#27;[2m&amp#27;[0;39m&amp#27;[36mo.h.b.model.internal.BasicValueBinder   &amp#27;[0;39m &amp#27;[2m:&amp#27;[0;39m Starting `BasicValueBinder#fillSimpleValue` for idProducto
&amp#27;[2m2024-06-29T19:03:26.014-06:00&amp#27;[0;39m &amp#27;[32mDEBUG&amp#27;[0;39m &amp#27;[35m4020&amp#27;[0;39m &amp#27;[2m---&amp#27;[0;39m &amp#27;[2m[ApiInventarioMini] [           main]&amp#27;[0;39m &amp#27;[2m&amp#27;[0;39m&amp#27;[36mo.h.b.model.internal.BasicValueBinder   &amp#27;[0;39m &amp#27;[2m:&amp#27;[0;39m Starting `BasicValueBinder#fillSimpleValue` for tipoMovimiento
&amp#27;[2m2024-06-29T19:03:26.014-06:00&amp#27;[0;39m &amp#27;[32mDEBUG&amp#27;[0;39m &amp#27;[35m4020&amp#27;[0;39m &amp#27;[2m---&amp#27;[0;39m &amp#27;[2m[ApiInventarioMini] [           main]&amp#27;[0;39m &amp#27;[2m&amp#27;[0;39m&amp#27;[36mo.h.b.model.internal.BasicValueBinder   &amp#27;[0;39m &amp#27;[2m:&amp#27;[0;39m Starting `BasicValueBinder#fillSimpleValue` for idProducto
&amp#27;[2m2024-06-29T19:03:26.014-06:00&amp#27;[0;39m &amp#27;[32mDEBUG&amp#27;[0;39m &amp#27;[35m4020&amp#27;[0;39m &amp#27;[2m---&amp#27;[0;39m &amp#27;[2m[ApiInventarioMini] [           main]&amp#27;[0;39m &amp#27;[2m&amp#27;[0;39m&amp#27;[36mo.h.b.model.internal.BasicValueBinder   &amp#27;[0;39m &amp#27;[2m:&amp#27;[0;39m Starting `BasicValueBinder#fillSimpleValue` for categoria
&amp#27;[2m2024-06-29T19:03:26.014-06:00&amp#27;[0;39m &amp#27;[32mDEBUG&amp#27;[0;39m &amp#27;[35m4020&amp#27;[0;39m &amp#27;[2m---&amp#27;[0;39m &amp#27;[2m[ApiInventarioMini] [           main]&amp#27;[0;39m &amp#27;[2m&amp#27;[0;39m&amp#27;[36mo.h.b.model.internal.BasicValueBinder   &amp#27;[0;39m &amp#27;[2m:&amp#27;[0;39m Starting `BasicValueBinder#fillSimpleValue` for descripcionProducto
&amp#27;[2m2024-06-29T19:03:26.014-06:00&amp#27;[0;39m &amp#27;[32mDEBUG&amp#27;[0;39m &amp#27;[35m4020&amp#27;[0;39m &amp#27;[2m---&amp#27;[0;39m &amp#27;[2m[ApiInventarioMini] [           main]&amp#27;[0;39m &amp#27;[2m&amp#27;[0;39m&amp#27;[36mo.h.b.model.internal.BasicValueBinder   &amp#27;[0;39m &amp#27;[2m:&amp#27;[0;39m Starting `BasicValueBinder#fillSimpleValue` for existencias
&amp#27;[2m2024-06-29T19:03:26.014-06:00&amp#27;[0;39m &amp#27;[32mDEBUG&amp#27;[0;39m &amp#27;[35m4020&amp#27;[0;39m &amp#27;[2m---&amp#27;[0;39m &amp#27;[2m[ApiInventarioMini] [           main]&amp#27;[0;39m &amp#27;[2m&amp#27;[0;39m&amp#27;[36mo.h.b.model.internal.BasicValueBinder   &amp#27;[0;39m &amp#27;[2m:&amp#27;[0;39m Starting `BasicValueBinder#fillSimpleValue` for nombreProducto
&amp#27;[2m2024-06-29T19:03:26.014-06:00&amp#27;[0;39m &amp#27;[32mDEBUG&amp#27;[0;39m &amp#27;[35m4020&amp#27;[0;39m &amp#27;[2m---&amp#27;[0;39m &amp#27;[2m[ApiInventarioMini] [           main]&amp#27;[0;39m &amp#27;[2m&amp#27;[0;39m&amp#27;[36mo.h.b.model.internal.BasicValueBinder   &amp#27;[0;39m &amp#27;[2m:&amp#27;[0;39m Starting `BasicValueBinder#fillSimpleValue` for precio
&amp#27;[2m2024-06-29T19:03:26.015-06:00&amp#27;[0;39m &amp#27;[32mDEBUG&amp#27;[0;39m &amp#27;[35m4020&amp#27;[0;39m &amp#27;[2m---&amp#27;[0;39m &amp#27;[2m[ApiInventarioMini] [           main]&amp#27;[0;39m &amp#27;[2m&amp#27;[0;39m&amp#27;[36morg.hibernate.mapping.PrimaryKey        &amp#27;[0;39m &amp#27;[2m:&amp#27;[0;39m Forcing column [idcategoria] to be non-null as it is part of the primary key for table [categoria]
&amp#27;[2m2024-06-29T19:03:26.015-06:00&amp#27;[0;39m &amp#27;[32mDEBUG&amp#27;[0;39m &amp#27;[35m4020&amp#27;[0;39m &amp#27;[2m---&amp#27;[0;39m &amp#27;[2m[ApiInventarioMini] [           main]&amp#27;[0;39m &amp#27;[2m&amp#27;[0;39m&amp#27;[36morg.hibernate.mapping.PrimaryKey        &amp#27;[0;39m &amp#27;[2m:&amp#27;[0;39m Forcing column [idmovimiento] to be non-null as it is part of the primary key for table [movimiento]
&amp#27;[2m2024-06-29T19:03:26.015-06:00&amp#27;[0;39m &amp#27;[32mDEBUG&amp#27;[0;39m &amp#27;[35m4020&amp#27;[0;39m &amp#27;[2m---&amp#27;[0;39m &amp#27;[2m[ApiInventarioMini] [           main]&amp#27;[0;39m &amp#27;[2m&amp#27;[0;39m&amp#27;[36morg.hibernate.mapping.PrimaryKey        &amp#27;[0;39m &amp#27;[2m:&amp#27;[0;39m Forcing column [idproducto] to be non-null as it is part of the primary key for table [producto]
&amp#27;[2m2024-06-29T19:03:26.042-06:00&amp#27;[0;39m &amp#27;[32mDEBUG&amp#27;[0;39m &amp#27;[35m4020&amp#27;[0;39m &amp#27;[2m---&amp#27;[0;39m &amp#27;[2m[ApiInventarioMini] [           main]&amp#27;[0;39m &amp#27;[2m&amp#27;[0;39m&amp#27;[36mo.hibernate.internal.SessionFactoryImpl &amp#27;[0;39m &amp#27;[2m:&amp#27;[0;39m Building session factory
&amp#27;[2m2024-06-29T19:03:26.057-06:00&amp#27;[0;39m &amp#27;[32mDEBUG&amp#27;[0;39m &amp#27;[35m4020&amp#27;[0;39m &amp#27;[2m---&amp#27;[0;39m &amp#27;[2m[ApiInventarioMini] [           main]&amp#27;[0;39m &amp#27;[2m&amp#27;[0;39m&amp#27;[36m.h.s.i.SessionFactoryServiceRegistryImpl&amp#27;[0;39m &amp#27;[2m:&amp#27;[0;39m EventListenerRegistry access via ServiceRegistry is deprecated.  Use `sessionFactory.getEventEngine().getListenerRegistry()` instead
&amp#27;[2m2024-06-29T19:03:26.058-06:00&amp#27;[0;39m &amp#27;[32mDEBUG&amp#27;[0;39m &amp#27;[35m4020&amp#27;[0;39m &amp#27;[2m---&amp#27;[0;39m &amp#27;[2m[ApiInventarioMini] [           main]&amp#27;[0;39m &amp#27;[2m&amp#27;[0;39m&amp#27;[36mo.hibernate.internal.SessionFactoryImpl &amp#27;[0;39m &amp#27;[2m:&amp#27;[0;39m Instantiating SessionFactory with settings: {java.specification.version=22, hibernate.resource.beans.container=org.springframework.orm.hibernate5.SpringBeanContainer@4fc3529, hibernate.connection.handling_mode=DELAYED_ACQUISITION_AND_HOLD, sun.jnu.encoding=UTF-8, hibernate.dialect=org.hibernate.dialect.PostgreSQLDialect, hibernate.implicit_naming_strategy=org.springframework.boot.orm.jpa.hibernate.SpringImplicitNamingStrategy, java.class.path=/Users/jafcp/Documents/9° Semestre/Desarrollo de Aplicaciones Web/IdeaProjects/ApiInventarioMini/target/test-classes:/Users/jafcp/Documents/9° Semestre/Desarrollo de Aplicaciones Web/IdeaProjects/ApiInventarioMini/target/classes:/Users/jafcp/.m2/repository/org/springframework/boot/spring-boot-starter-data-jpa/3.2.4/spring-boot-starter-data-jpa-3.2.4.jar:/Users/jafcp/.m2/repository/org/springframework/boot/spring-boot-starter-aop/3.2.4/spring-boot-starter-aop-3.2.4.jar:/Users/jafcp/.m2/repository/org/springframework/spring-aop/6.1.5/spring-aop-6.1.5.jar:/Users/jafcp/.m2/repository/org/aspectj/aspectjweaver/1.9.21/aspectjweaver-1.9.21.jar:/Users/jafcp/.m2/repository/org/springframework/boot/spring-boot-starter-jdbc/3.2.4/spring-boot-starter-jdbc-3.2.4.jar:/Users/jafcp/.m2/repository/com/zaxxer/HikariCP/5.0.1/HikariCP-5.0.1.jar:/Users/jafcp/.m2/repository/org/springframework/spring-jdbc/6.1.5/spring-jdbc-6.1.5.jar:/Users/jafcp/.m2/repository/org/hibernate/orm/hibernate-core/6.4.4.Final/hibernate-core-6.4.4.Final.jar:/Users/jafcp/.m2/repository/jakarta/persistence/jakarta.persistence-api/3.1.0/jakarta.persistence-api-3.1.0.jar:/Users/jafcp/.m2/repository/jakarta/transaction/jakarta.transaction-api/2.0.1/jakarta.transaction-api-2.0.1.jar:/Users/jafcp/.m2/repository/org/jboss/logging/jboss-logging/3.5.3.Final/jboss-logging-3.5.3.Final.jar:/Users/jafcp/.m2/repository/org/hibernate/common/hibernate-commons-annotations/6.0.6.Final/hibernate-commons-annotations-6.0.6.Final.jar:/Users/jafcp/.m2/repository/io/smallrye/jandex/3.1.2/jandex-3.1.2.jar:/Users/jafcp/.m2/repository/com/fasterxml/classmate/1.6.0/classmate-1.6.0.jar:/Users/jafcp/.m2/repository/net/bytebuddy/byte-buddy/1.14.12/byte-buddy-1.14.12.jar:/Users/jafcp/.m2/repository/org/glassfish/jaxb/jaxb-runtime/4.0.5/jaxb-runtime-4.0.5.jar:/Users/jafcp/.m2/repository/org/glassfish/jaxb/jaxb-core/4.0.5/jaxb-core-4.0.5.jar:/Users/jafcp/.m2/repository/org/eclipse/angus/angus-activation/2.0.2/angus-activation-2.0.2.jar:/Users/jafcp/.m2/repository/org/glassfish/jaxb/txw2/4.0.5/txw2-4.0.5.jar:/Users/jafcp/.m2/repository/com/sun/istack/istack-commons-runtime/4.1.2/istack-commons-runtime-4.1.2.jar:/Users/jafcp/.m2/repository/jakarta/inject/jakarta.inject-api/2.0.1/jakarta.inject-api-2.0.1.jar:/Users/jafcp/.m2/repository/org/antlr/antlr4-runtime/4.13.0/antlr4-runtime-4.13.0.jar:/Users/jafcp/.m2/repository/org/springframework/data/spring-data-jpa/3.2.4/spring-data-jpa-3.2.4.jar:/Users/jafcp/.m2/repository/org/springframework/data/spring-data-commons/3.2.4/spring-data-commons-3.2.4.jar:/Users/jafcp/.m2/repository/org/springframework/spring-orm/6.1.5/spring-orm-6.1.5.jar:/Users/jafcp/.m2/repository/org/springframework/spring-context/6.1.5/spring-context-6.1.5.jar:/Users/jafcp/.m2/repository/org/springframework/spring-tx/6.1.5/spring-tx-6.1.5.jar:/Users/jafcp/.m2/repository/org/springframework/spring-beans/6.1.5/spring-beans-6.1.5.jar:/Users/jafcp/.m2/repository/jakarta/annotation/jakarta.annotation-api/2.1.1/jakarta.annotation-api-2.1.1.jar:/Users/jafcp/.m2/repository/org/slf4j/slf4j-api/2.0.12/slf4j-api-2.0.12.jar:/Users/jafcp/.m2/repository/org/springframework/spring-aspects/6.1.5/spring-aspects-6.1.5.jar:/Users/jafcp/.m2/repository/org/springframework/boot/spring-boot-starter-validation/3.2.4/spring-boot-starter-validation-3.2.4.jar:/Users/jafcp/.m2/repository/org/springframework/boot/spring-boot-starter/3.2.4/spring-boot-starter-3.2.4.jar:/Users/jafcp/.m2/repository/org/springframework/boot/spring-boot-starter-logging/3.2.4/spring-boot-starter-logging-3.2.4.jar:/Users/jafcp/.m2/repository/ch/qos/logback/logback-classic/1.4.14/logback-classic-1.4.14.jar:/Users/jafcp/.m2/repository/ch/qos/logback/logback-core/1.4.14/logback-core-1.4.14.jar:/Users/jafcp/.m2/repository/org/apache/logging/log4j/log4j-to-slf4j/2.21.1/log4j-to-slf4j-2.21.1.jar:/Users/jafcp/.m2/repository/org/apache/logging/log4j/log4j-api/2.21.1/log4j-api-2.21.1.jar:/Users/jafcp/.m2/repository/org/slf4j/jul-to-slf4j/2.0.12/jul-to-slf4j-2.0.12.jar:/Users/jafcp/.m2/repository/org/yaml/snakeyaml/2.2/snakeyaml-2.2.jar:/Users/jafcp/.m2/repository/org/apache/tomcat/embed/tomcat-embed-el/10.1.19/tomcat-embed-el-10.1.19.jar:/Users/jafcp/.m2/repository/org/hibernate/validator/hibernate-validator/8.0.1.Final/hibernate-validator-8.0.1.Final.jar:/Users/jafcp/.m2/repository/jakarta/validation/jakarta.validation-api/3.0.2/jakarta.validation-api-3.0.2.jar:/Users/jafcp/.m2/repository/org/springframework/boot/spring-boot-starter-web/3.2.4/spring-boot-starter-web-3.2.4.jar:/Users/jafcp/.m2/repository/org/springframework/boot/spring-boot-starter-json/3.2.4/spring-boot-starter-json-3.2.4.jar:/Users/jafcp/.m2/repository/com/fasterxml/jackson/core/jackson-databind/2.15.4/jackson-databind-2.15.4.jar:/Users/jafcp/.m2/repository/com/fasterxml/jackson/core/jackson-annotations/2.15.4/jackson-annotations-2.15.4.jar:/Users/jafcp/.m2/repository/com/fasterxml/jackson/core/jackson-core/2.15.4/jackson-core-2.15.4.jar:/Users/jafcp/.m2/repository/com/fasterxml/jackson/datatype/jackson-datatype-jdk8/2.15.4/jackson-datatype-jdk8-2.15.4.jar:/Users/jafcp/.m2/repository/com/fasterxml/jackson/datatype/jackson-datatype-jsr310/2.15.4/jackson-datatype-jsr310-2.15.4.jar:/Users/jafcp/.m2/repository/com/fasterxml/jackson/module/jackson-module-parameter-names/2.15.4/jackson-module-parameter-names-2.15.4.jar:/Users/jafcp/.m2/repository/org/springframework/boot/spring-boot-starter-tomcat/3.2.4/spring-boot-starter-tomcat-3.2.4.jar:/Users/jafcp/.m2/repository/org/apache/tomcat/embed/tomcat-embed-core/10.1.19/tomcat-embed-core-10.1.19.jar:/Users/jafcp/.m2/repository/org/apache/tomcat/embed/tomcat-embed-websocket/10.1.19/tomcat-embed-websocket-10.1.19.jar:/Users/jafcp/.m2/repository/org/springframework/spring-web/6.1.5/spring-web-6.1.5.jar:/Users/jafcp/.m2/repository/io/micrometer/micrometer-observation/1.12.4/micrometer-observation-1.12.4.jar:/Users/jafcp/.m2/repository/io/micrometer/micrometer-commons/1.12.4/micrometer-commons-1.12.4.jar:/Users/jafcp/.m2/repository/org/springframework/spring-webmvc/6.1.5/spring-webmvc-6.1.5.jar:/Users/jafcp/.m2/repository/org/springframework/spring-expression/6.1.5/spring-expression-6.1.5.jar:/Users/jafcp/.m2/repository/org/springframework/boot/spring-boot-devtools/3.2.4/spring-boot-devtools-3.2.4.jar:/Users/jafcp/.m2/repository/org/springframework/boot/spring-boot/3.2.4/spring-boot-3.2.4.jar:/Users/jafcp/.m2/repository/org/springframework/boot/spring-boot-autoconfigure/3.2.4/spring-boot-autoconfigure-3.2.4.jar:/Users/jafcp/.m2/repository/com/mysql/mysql-connector-j/8.3.0/mysql-connector-j-8.3.0.jar:/Users/jafcp/.m2/repository/org/postgresql/postgresql/42.6.2/postgresql-42.6.2.jar:/Users/jafcp/.m2/repository/org/checkerframework/checker-qual/3.31.0/checker-qual-3.31.0.jar:/Users/jafcp/.m2/repository/org/projectlombok/lombok/1.18.30/lombok-1.18.30.jar:/Users/jafcp/.m2/repository/org/springframework/boot/spring-boot-starter-test/3.2.4/spring-boot-starter-test-3.2.4.jar:/Users/jafcp/.m2/repository/org/springframework/boot/spring-boot-test/3.2.4/spring-boot-test-3.2.4.jar:/Users/jafcp/.m2/repository/org/springframework/boot/spring-boot-test-autoconfigure/3.2.4/spring-boot-test-autoconfigure-3.2.4.jar:/Users/jafcp/.m2/repository/com/jayway/jsonpath/json-path/2.9.0/json-path-2.9.0.jar:/Users/jafcp/.m2/repository/jakarta/xml/bind/jakarta.xml.bind-api/4.0.2/jakarta.xml.bind-api-4.0.2.jar:/Users/jafcp/.m2/repository/jakarta/activation/jakarta.activation-api/2.1.3/jakarta.activation-api-2.1.3.jar:/Users/jafcp/.m2/repository/net/minidev/json-smart/2.5.0/json-smart-2.5.0.jar:/Users/jafcp/.m2/repository/net/minidev/accessors-smart/2.5.0/accessors-smart-2.5.0.jar:/Users/jafcp/.m2/repository/org/ow2/asm/asm/9.3/asm-9.3.jar:/Users/jafcp/.m2/repository/org/assertj/assertj-core/3.24.2/assertj-core-3.24.2.jar:/Users/jafcp/.m2/repository/org/awaitility/awaitility/4.2.0/awaitility-4.2.0.jar:/Users/jafcp/.m2/repository/org/hamcrest/hamcrest/2.2/hamcrest-2.2.jar:/Users/jafcp/.m2/repository/org/junit/jupiter/junit-jupiter/5.10.2/junit-jupiter-5.10.2.jar:/Users/jafcp/.m2/repository/org/junit/jupiter/junit-jupiter-api/5.10.2/junit-jupiter-api-5.10.2.jar:/Users/jafcp/.m2/repository/org/opentest4j/opentest4j/1.3.0/opentest4j-1.3.0.jar:/Users/jafcp/.m2/repository/org/junit/platform/junit-platform-commons/1.10.2/junit-platform-commons-1.10.2.jar:/Users/jafcp/.m2/repository/org/apiguardian/apiguardian-api/1.1.2/apiguardian-api-1.1.2.jar:/Users/jafcp/.m2/repository/org/junit/jupiter/junit-jupiter-params/5.10.2/junit-jupiter-params-5.10.2.jar:/Users/jafcp/.m2/repository/org/junit/jupiter/junit-jupiter-engine/5.10.2/junit-jupiter-engine-5.10.2.jar:/Users/jafcp/.m2/repository/org/junit/platform/junit-platform-engine/1.10.2/junit-platform-engine-1.10.2.jar:/Users/jafcp/.m2/repository/org/mockito/mockito-core/5.7.0/mockito-core-5.7.0.jar:/Users/jafcp/.m2/repository/net/bytebuddy/byte-buddy-agent/1.14.12/byte-buddy-agent-1.14.12.jar:/Users/jafcp/.m2/repository/org/objenesis/objenesis/3.3/objenesis-3.3.jar:/Users/jafcp/.m2/repository/org/mockito/mockito-junit-jupiter/5.7.0/mockito-junit-jupiter-5.7.0.jar:/Users/jafcp/.m2/repository/org/skyscreamer/jsonassert/1.5.1/jsonassert-1.5.1.jar:/Users/jafcp/.m2/repository/com/vaadin/external/google/android-json/0.0.20131108.vaadin1/android-json-0.0.20131108.vaadin1.jar:/Users/jafcp/.m2/repository/org/springframework/spring-core/6.1.5/spring-core-6.1.5.jar:/Users/jafcp/.m2/repository/org/springframework/spring-jcl/6.1.5/spring-jcl-6.1.5.jar:/Users/jafcp/.m2/repository/org/springframework/spring-test/6.1.5/spring-test-6.1.5.jar:/Users/jafcp/.m2/repository/org/xmlunit/xmlunit-core/2.9.1/xmlunit-core-2.9.1.jar:/Users/jafcp/.m2/repository/org/springdoc/springdoc-openapi-ui/1.8.0/springdoc-openapi-ui-1.8.0.jar:/Users/jafcp/.m2/repository/org/springdoc/springdoc-openapi-webmvc-core/1.8.0/springdoc-openapi-webmvc-core-1.8.0.jar:/Users/jafcp/.m2/repository/org/springdoc/springdoc-openapi-common/1.8.0/springdoc-openapi-common-1.8.0.jar:/Users/jafcp/.m2/repository/io/swagger/core/v3/swagger-core/2.2.20/swagger-core-2.2.20.jar:/Users/jafcp/.m2/repository/org/apache/commons/commons-lang3/3.13.0/commons-lang3-3.13.0.jar:/Users/jafcp/.m2/repository/com/fasterxml/jackson/dataformat/jackson-dataformat-yaml/2.15.4/jackson-dataformat-yaml-2.15.4.jar:/Users/jafcp/.m2/repository/io/swagger/core/v3/swagger-annotations/2.2.20/swagger-annotations-2.2.20.jar:/Users/jafcp/.m2/repository/io/swagger/core/v3/swagger-models/2.2.20/swagger-models-2.2.20.jar:/Users/jafcp/.m2/repository/org/webjars/swagger-ui/5.11.8/swagger-ui-5.11.8.jar:, java.vm.vendor=Homebrew, sun.arch.data.model=64, java.vendor.url=https://github.com/Homebrew/homebrew-core/issues, user.timezone=America/Mexico_City, jakarta.persistence.sharedCache.mode=UNSPECIFIED, org.jboss.logging.provider=slf4j, java.vm.specification.version=22, os.name=Mac OS X, jakarta.persistence.nonJtaDataSource=HikariDataSource (HikariPool-1), sun.java.launcher=SUN_STANDARD, user.country=419, sun.boot.library.path=/opt/homebrew/Cellar/openjdk/22.0.1/libexec/openjdk.jdk/Contents/Home/lib, sun.java.command=/Users/jafcp/Documents/9° Semestre/Desarrollo de Aplicaciones Web/IdeaProjects/ApiInventarioMini/target/surefire/surefirebooter-20240629190323049_3.jar /Users/jafcp/Documents/9° Semestre/Desarrollo de Aplicaciones Web/IdeaProjects/ApiInventarioMini/target/surefire 2024-06-29T19-03-21_882-jvmRun1 surefire-20240629190323049_1tmp surefire_0-20240629190323049_2tmp, javax.persistence.nonJtaDataSource=HikariDataSource (HikariPool-1), hibernate.transaction.jta.platform=org.hibernate.engine.transaction.jta.platform.internal.NoJtaPlatform@38e46765, http.nonProxyHosts=local|*.local|169.254/16|*.169.254/16, jdk.debug=release, surefire.test.class.path=/Users/jafcp/Documents/9° Semestre/Desarrollo de Aplicaciones Web/IdeaProjects/ApiInventarioMini/target/test-classes:/Users/jafcp/Documents/9° Semestre/Desarrollo de Aplicaciones Web/IdeaProjects/ApiInventarioMini/target/classes:/Users/jafcp/.m2/repository/org/springframework/boot/spring-boot-starter-data-jpa/3.2.4/spring-boot-starter-data-jpa-3.2.4.jar:/Users/jafcp/.m2/repository/org/springframework/boot/spring-boot-starter-aop/3.2.4/spring-boot-starter-aop-3.2.4.jar:/Users/jafcp/.m2/repository/org/springframework/spring-aop/6.1.5/spring-aop-6.1.5.jar:/Users/jafcp/.m2/repository/org/aspectj/aspectjweaver/1.9.21/aspectjweaver-1.9.21.jar:/Users/jafcp/.m2/repository/org/springframework/boot/spring-boot-starter-jdbc/3.2.4/spring-boot-starter-jdbc-3.2.4.jar:/Users/jafcp/.m2/repository/com/zaxxer/HikariCP/5.0.1/HikariCP-5.0.1.jar:/Users/jafcp/.m2/repository/org/springframework/spring-jdbc/6.1.5/spring-jdbc-6.1.5.jar:/Users/jafcp/.m2/repository/org/hibernate/orm/hibernate-core/6.4.4.Final/hibernate-core-6.4.4.Final.jar:/Users/jafcp/.m2/repository/jakarta/persistence/jakarta.persistence-api/3.1.0/jakarta.persistence-api-3.1.0.jar:/Users/jafcp/.m2/repository/jakarta/transaction/jakarta.transaction-api/2.0.1/jakarta.transaction-api-2.0.1.jar:/Users/jafcp/.m2/repository/org/jboss/logging/jboss-logging/3.5.3.Final/jboss-logging-3.5.3.Final.jar:/Users/jafcp/.m2/repository/org/hibernate/common/hibernate-commons-annotations/6.0.6.Final/hibernate-commons-annotations-6.0.6.Final.jar:/Users/jafcp/.m2/repository/io/smallrye/jandex/3.1.2/jandex-3.1.2.jar:/Users/jafcp/.m2/repository/com/fasterxml/classmate/1.6.0/classmate-1.6.0.jar:/Users/jafcp/.m2/repository/net/bytebuddy/byte-buddy/1.14.12/byte-buddy-1.14.12.jar:/Users/jafcp/.m2/repository/org/glassfish/jaxb/jaxb-runtime/4.0.5/jaxb-runtime-4.0.5.jar:/Users/jafcp/.m2/repository/org/glassfish/jaxb/jaxb-core/4.0.5/jaxb-core-4.0.5.jar:/Users/jafcp/.m2/repository/org/eclipse/angus/angus-activation/2.0.2/angus-activation-2.0.2.jar:/Users/jafcp/.m2/repository/org/glassfish/jaxb/txw2/4.0.5/txw2-4.0.5.jar:/Users/jafcp/.m2/repository/com/sun/istack/istack-commons-runtime/4.1.2/istack-commons-runtime-4.1.2.jar:/Users/jafcp/.m2/repository/jakarta/inject/jakarta.inject-api/2.0.1/jakarta.inject-api-2.0.1.jar:/Users/jafcp/.m2/repository/org/antlr/antlr4-runtime/4.13.0/antlr4-runtime-4.13.0.jar:/Users/jafcp/.m2/repository/org/springframework/data/spring-data-jpa/3.2.4/spring-data-jpa-3.2.4.jar:/Users/jafcp/.m2/repository/org/springframework/data/spring-data-commons/3.2.4/spring-data-commons-3.2.4.jar:/Users/jafcp/.m2/repository/org/springframework/spring-orm/6.1.5/spring-orm-6.1.5.jar:/Users/jafcp/.m2/repository/org/springframework/spring-context/6.1.5/spring-context-6.1.5.jar:/Users/jafcp/.m2/repository/org/springframework/spring-tx/6.1.5/spring-tx-6.1.5.jar:/Users/jafcp/.m2/repository/org/springframework/spring-beans/6.1.5/spring-beans-6.1.5.jar:/Users/jafcp/.m2/repository/jakarta/annotation/jakarta.annotation-api/2.1.1/jakarta.annotation-api-2.1.1.jar:/Users/jafcp/.m2/repository/org/slf4j/slf4j-api/2.0.12/slf4j-api-2.0.12.jar:/Users/jafcp/.m2/repository/org/springframework/spring-aspects/6.1.5/spring-aspects-6.1.5.jar:/Users/jafcp/.m2/repository/org/springframework/boot/spring-boot-starter-validation/3.2.4/spring-boot-starter-validation-3.2.4.jar:/Users/jafcp/.m2/repository/org/springframework/boot/spring-boot-starter/3.2.4/spring-boot-starter-3.2.4.jar:/Users/jafcp/.m2/repository/org/springframework/boot/spring-boot-starter-logging/3.2.4/spring-boot-starter-logging-3.2.4.jar:/Users/jafcp/.m2/repository/ch/qos/logback/logback-classic/1.4.14/logback-classic-1.4.14.jar:/Users/jafcp/.m2/repository/ch/qos/logback/logback-core/1.4.14/logback-core-1.4.14.jar:/Users/jafcp/.m2/repository/org/apache/logging/log4j/log4j-to-slf4j/2.21.1/log4j-to-slf4j-2.21.1.jar:/Users/jafcp/.m2/repository/org/apache/logging/log4j/log4j-api/2.21.1/log4j-api-2.21.1.jar:/Users/jafcp/.m2/repository/org/slf4j/jul-to-slf4j/2.0.12/jul-to-slf4j-2.0.12.jar:/Users/jafcp/.m2/repository/org/yaml/snakeyaml/2.2/snakeyaml-2.2.jar:/Users/jafcp/.m2/repository/org/apache/tomcat/embed/tomcat-embed-el/10.1.19/tomcat-embed-el-10.1.19.jar:/Users/jafcp/.m2/repository/org/hibernate/validator/hibernate-validator/8.0.1.Final/hibernate-validator-8.0.1.Final.jar:/Users/jafcp/.m2/repository/jakarta/validation/jakarta.validation-api/3.0.2/jakarta.validation-api-3.0.2.jar:/Users/jafcp/.m2/repository/org/springframework/boot/spring-boot-starter-web/3.2.4/spring-boot-starter-web-3.2.4.jar:/Users/jafcp/.m2/repository/org/springframework/boot/spring-boot-starter-json/3.2.4/spring-boot-starter-json-3.2.4.jar:/Users/jafcp/.m2/repository/com/fasterxml/jackson/core/jackson-databind/2.15.4/jackson-databind-2.15.4.jar:/Users/jafcp/.m2/repository/com/fasterxml/jackson/core/jackson-annotations/2.15.4/jackson-annotations-2.15.4.jar:/Users/jafcp/.m2/repository/com/fasterxml/jackson/core/jackson-core/2.15.4/jackson-core-2.15.4.jar:/Users/jafcp/.m2/repository/com/fasterxml/jackson/datatype/jackson-datatype-jdk8/2.15.4/jackson-datatype-jdk8-2.15.4.jar:/Users/jafcp/.m2/repository/com/fasterxml/jackson/datatype/jackson-datatype-jsr310/2.15.4/jackson-datatype-jsr310-2.15.4.jar:/Users/jafcp/.m2/repository/com/fasterxml/jackson/module/jackson-module-parameter-names/2.15.4/jackson-module-parameter-names-2.15.4.jar:/Users/jafcp/.m2/repository/org/springframework/boot/spring-boot-starter-tomcat/3.2.4/spring-boot-starter-tomcat-3.2.4.jar:/Users/jafcp/.m2/repository/org/apache/tomcat/embed/tomcat-embed-core/10.1.19/tomcat-embed-core-10.1.19.jar:/Users/jafcp/.m2/repository/org/apache/tomcat/embed/tomcat-embed-websocket/10.1.19/tomcat-embed-websocket-10.1.19.jar:/Users/jafcp/.m2/repository/org/springframework/spring-web/6.1.5/spring-web-6.1.5.jar:/Users/jafcp/.m2/repository/io/micrometer/micrometer-observation/1.12.4/micrometer-observation-1.12.4.jar:/Users/jafcp/.m2/repository/io/micrometer/micrometer-commons/1.12.4/micrometer-commons-1.12.4.jar:/Users/jafcp/.m2/repository/org/springframework/spring-webmvc/6.1.5/spring-webmvc-6.1.5.jar:/Users/jafcp/.m2/repository/org/springframework/spring-expression/6.1.5/spring-expression-6.1.5.jar:/Users/jafcp/.m2/repository/org/springframework/boot/spring-boot-devtools/3.2.4/spring-boot-devtools-3.2.4.jar:/Users/jafcp/.m2/repository/org/springframework/boot/spring-boot/3.2.4/spring-boot-3.2.4.jar:/Users/jafcp/.m2/repository/org/springframework/boot/spring-boot-autoconfigure/3.2.4/spring-boot-autoconfigure-3.2.4.jar:/Users/jafcp/.m2/repository/com/mysql/mysql-connector-j/8.3.0/mysql-connector-j-8.3.0.jar:/Users/jafcp/.m2/repository/org/postgresql/postgresql/42.6.2/postgresql-42.6.2.jar:/Users/jafcp/.m2/repository/org/checkerframework/checker-qual/3.31.0/checker-qual-3.31.0.jar:/Users/jafcp/.m2/repository/org/projectlombok/lombok/1.18.30/lombok-1.18.30.jar:/Users/jafcp/.m2/repository/org/springframework/boot/spring-boot-starter-test/3.2.4/spring-boot-starter-test-3.2.4.jar:/Users/jafcp/.m2/repository/org/springframework/boot/spring-boot-test/3.2.4/spring-boot-test-3.2.4.jar:/Users/jafcp/.m2/repository/org/springframework/boot/spring-boot-test-autoconfigure/3.2.4/spring-boot-test-autoconfigure-3.2.4.jar:/Users/jafcp/.m2/repository/com/jayway/jsonpath/json-path/2.9.0/json-path-2.9.0.jar:/Users/jafcp/.m2/repository/jakarta/xml/bind/jakarta.xml.bind-api/4.0.2/jakarta.xml.bind-api-4.0.2.jar:/Users/jafcp/.m2/repository/jakarta/activation/jakarta.activation-api/2.1.3/jakarta.activation-api-2.1.3.jar:/Users/jafcp/.m2/repository/net/minidev/json-smart/2.5.0/json-smart-2.5.0.jar:/Users/jafcp/.m2/repository/net/minidev/accessors-smart/2.5.0/accessors-smart-2.5.0.jar:/Users/jafcp/.m2/repository/org/ow2/asm/asm/9.3/asm-9.3.jar:/Users/jafcp/.m2/repository/org/assertj/assertj-core/3.24.2/assertj-core-3.24.2.jar:/Users/jafcp/.m2/repository/org/awaitility/awaitility/4.2.0/awaitility-4.2.0.jar:/Users/jafcp/.m2/repository/org/hamcrest/hamcrest/2.2/hamcrest-2.2.jar:/Users/jafcp/.m2/repository/org/junit/jupiter/junit-jupiter/5.10.2/junit-jupiter-5.10.2.jar:/Users/jafcp/.m2/repository/org/junit/jupiter/junit-jupiter-api/5.10.2/junit-jupiter-api-5.10.2.jar:/Users/jafcp/.m2/repository/org/opentest4j/opentest4j/1.3.0/opentest4j-1.3.0.jar:/Users/jafcp/.m2/repository/org/junit/platform/junit-platform-commons/1.10.2/junit-platform-commons-1.10.2.jar:/Users/jafcp/.m2/repository/org/apiguardian/apiguardian-api/1.1.2/apiguardian-api-1.1.2.jar:/Users/jafcp/.m2/repository/org/junit/jupiter/junit-jupiter-params/5.10.2/junit-jupiter-params-5.10.2.jar:/Users/jafcp/.m2/repository/org/junit/jupiter/junit-jupiter-engine/5.10.2/junit-jupiter-engine-5.10.2.jar:/Users/jafcp/.m2/repository/org/junit/platform/junit-platform-engine/1.10.2/junit-platform-engine-1.10.2.jar:/Users/jafcp/.m2/repository/org/mockito/mockito-core/5.7.0/mockito-core-5.7.0.jar:/Users/jafcp/.m2/repository/net/bytebuddy/byte-buddy-agent/1.14.12/byte-buddy-agent-1.14.12.jar:/Users/jafcp/.m2/repository/org/objenesis/objenesis/3.3/objenesis-3.3.jar:/Users/jafcp/.m2/repository/org/mockito/mockito-junit-jupiter/5.7.0/mockito-junit-jupiter-5.7.0.jar:/Users/jafcp/.m2/repository/org/skyscreamer/jsonassert/1.5.1/jsonassert-1.5.1.jar:/Users/jafcp/.m2/repository/com/vaadin/external/google/android-json/0.0.20131108.vaadin1/android-json-0.0.20131108.vaadin1.jar:/Users/jafcp/.m2/repository/org/springframework/spring-core/6.1.5/spring-core-6.1.5.jar:/Users/jafcp/.m2/repository/org/springframework/spring-jcl/6.1.5/spring-jcl-6.1.5.jar:/Users/jafcp/.m2/repository/org/springframework/spring-test/6.1.5/spring-test-6.1.5.jar:/Users/jafcp/.m2/repository/org/xmlunit/xmlunit-core/2.9.1/xmlunit-core-2.9.1.jar:/Users/jafcp/.m2/repository/org/springdoc/springdoc-openapi-ui/1.8.0/springdoc-openapi-ui-1.8.0.jar:/Users/jafcp/.m2/repository/org/springdoc/springdoc-openapi-webmvc-core/1.8.0/springdoc-openapi-webmvc-core-1.8.0.jar:/Users/jafcp/.m2/repository/org/springdoc/springdoc-openapi-common/1.8.0/springdoc-openapi-common-1.8.0.jar:/Users/jafcp/.m2/repository/io/swagger/core/v3/swagger-core/2.2.20/swagger-core-2.2.20.jar:/Users/jafcp/.m2/repository/org/apache/commons/commons-lang3/3.13.0/commons-lang3-3.13.0.jar:/Users/jafcp/.m2/repository/com/fasterxml/jackson/dataformat/jackson-dataformat-yaml/2.15.4/jackson-dataformat-yaml-2.15.4.jar:/Users/jafcp/.m2/repository/io/swagger/core/v3/swagger-annotations/2.2.20/swagger-annotations-2.2.20.jar:/Users/jafcp/.m2/repository/io/swagger/core/v3/swagger-models/2.2.20/swagger-models-2.2.20.jar:/Users/jafcp/.m2/repository/org/webjars/swagger-ui/5.11.8/swagger-ui-5.11.8.jar:, sun.cpu.endian=little, hibernate.cdi.extensions=true, user.home=/Users/jafcp, user.language=es, java.specification.vendor=Oracle Corporation, java.version.date=2024-04-16, java.home=/opt/homebrew/Cellar/openjdk/22.0.1/libexec/openjdk.jdk/Contents/Home, file.separator=/, basedir=/Users/jafcp/Documents/9° Semestre/Desarrollo de Aplicaciones Web/IdeaProjects/ApiInventarioMini, java.vm.compressedOopsMode=Zero based, line.separator=
, hibernate.persistenceUnitName=default, java.vm.specification.vendor=Oracle Corporation, java.specification.name=Java Platform API Specification, FILE_LOG_CHARSET=UTF-8, hibernate.transaction.coordinator_class=class org.hibernate.resource.transaction.backend.jdbc.internal.JdbcResourceLocalTransactionCoordinatorBuilderImpl, java.awt.headless=true, apple.awt.application.name=ForkedBooter, surefire.real.class.path=/Users/jafcp/Documents/9° Semestre/Desarrollo de Aplicaciones Web/IdeaProjects/ApiInventarioMini/target/surefire/surefirebooter-20240629190323049_3.jar, jakarta.persistence.validation.mode=AUTO, sun.management.compiler=HotSpot 64-Bit Tiered Compilers, ftp.nonProxyHosts=local|*.local|169.254/16|*.169.254/16, java.runtime.version=22.0.1, user.name=jafcp, stdout.encoding=UTF-8, path.separator=:, os.version=14.5, java.runtime.name=OpenJDK Runtime Environment, file.encoding=UTF-8, java.vm.name=OpenJDK 64-Bit Server VM, hibernate.show_sql=true, java.vendor.version=Homebrew, localRepository=/Users/jafcp/.m2/repository, java.vendor.url.bug=https://github.com/Homebrew/homebrew-core/issues, java.io.tmpdir=/var/folders/bp/g3ry717165768gvh4sb9q2gh0000gn/T/, java.version=22.0.1, hibernate.physical_naming_strategy=org.hibernate.boot.model.naming.PhysicalNamingStrategyStandardImpl, user.dir=/Users/jafcp/Documents/9° Semestre/Desarrollo de Aplicaciones Web/IdeaProjects/ApiInventarioMini, os.arch=aarch64, java.vm.specification.name=Java Virtual Machine Specification, PID=4020, CONSOLE_LOG_CHARSET=UTF-8, hibernate.boot.CfgXmlAccessService.key=org.hibernate.boot.registry.StandardServiceRegistryBuilder$1@192f5f39, native.encoding=UTF-8, java.library.path=/Users/jafcp/Library/Java/Extensions:/Library/Java/Extensions:/Network/Library/Java/Extensions:/System/Library/Java/Extensions:/usr/lib/java:., stderr.encoding=UTF-8, java.vendor=Homebrew, java.vm.info=mixed mode, sharing, java.vm.version=22.0.1, sun.io.unicode.encoding=UnicodeBig, hibernate.archive.scanner=org.hibernate.boot.archive.scan.internal.DisabledScanner, hibernate.connection.datasource=HikariDataSource (HikariPool-1), socksNonProxyHosts=local|*.local|169.254/16|*.169.254/16, java.class.version=66.0, LOGGED_APPLICATION_NAME=[ApiInventarioMini] }
&amp#27;[2m2024-06-29T19:03:26.060-06:00&amp#27;[0;39m &amp#27;[32mDEBUG&amp#27;[0;39m &amp#27;[35m4020&amp#27;[0;39m &amp#27;[2m---&amp#27;[0;39m &amp#27;[2m[ApiInventarioMini] [           main]&amp#27;[0;39m &amp#27;[2m&amp#27;[0;39m&amp#27;[36mo.hibernate.internal.SessionFactoryImpl &amp#27;[0;39m &amp#27;[2m:&amp#27;[0;39m Session factory constructed with filter configurations : {}
&amp#27;[2m2024-06-29T19:03:26.062-06:00&amp#27;[0;39m &amp#27;[32mDEBUG&amp#27;[0;39m &amp#27;[35m4020&amp#27;[0;39m &amp#27;[2m---&amp#27;[0;39m &amp#27;[2m[ApiInventarioMini] [           main]&amp#27;[0;39m &amp#27;[2m&amp#27;[0;39m&amp#27;[36mo.h.v.i.xml.config.ValidationXmlParser  &amp#27;[0;39m &amp#27;[2m:&amp#27;[0;39m Trying to load META-INF/validation.xml for XML based Validator configuration.
&amp#27;[2m2024-06-29T19:03:26.062-06:00&amp#27;[0;39m &amp#27;[32mDEBUG&amp#27;[0;39m &amp#27;[35m4020&amp#27;[0;39m &amp#27;[2m---&amp#27;[0;39m &amp#27;[2m[ApiInventarioMini] [           main]&amp#27;[0;39m &amp#27;[2m&amp#27;[0;39m&amp#27;[36mo.h.v.i.xml.config.ResourceLoaderHelper &amp#27;[0;39m &amp#27;[2m:&amp#27;[0;39m Trying to load META-INF/validation.xml via TCCL
&amp#27;[2m2024-06-29T19:03:26.062-06:00&amp#27;[0;39m &amp#27;[32mDEBUG&amp#27;[0;39m &amp#27;[35m4020&amp#27;[0;39m &amp#27;[2m---&amp#27;[0;39m &amp#27;[2m[ApiInventarioMini] [           main]&amp#27;[0;39m &amp#27;[2m&amp#27;[0;39m&amp#27;[36mo.h.v.i.xml.config.ResourceLoaderHelper &amp#27;[0;39m &amp#27;[2m:&amp#27;[0;39m Trying to load META-INF/validation.xml via Hibernate Validator's class loader
&amp#27;[2m2024-06-29T19:03:26.062-06:00&amp#27;[0;39m &amp#27;[32mDEBUG&amp#27;[0;39m &amp#27;[35m4020&amp#27;[0;39m &amp#27;[2m---&amp#27;[0;39m &amp#27;[2m[ApiInventarioMini] [           main]&amp#27;[0;39m &amp#27;[2m&amp#27;[0;39m&amp#27;[36mo.h.v.i.xml.config.ValidationXmlParser  &amp#27;[0;39m &amp#27;[2m:&amp#27;[0;39m No META-INF/validation.xml found. Using annotation based configuration only.
&amp#27;[2m2024-06-29T19:03:26.062-06:00&amp#27;[0;39m &amp#27;[32mDEBUG&amp#27;[0;39m &amp#27;[35m4020&amp#27;[0;39m &amp#27;[2m---&amp#27;[0;39m &amp#27;[2m[ApiInventarioMini] [           main]&amp#27;[0;39m &amp#27;[2m&amp#27;[0;39m&amp#27;[36mo.h.v.i.e.resolver.TraversableResolvers &amp#27;[0;39m &amp#27;[2m:&amp#27;[0;39m Found jakarta.persistence.Persistence on classpath containing 'getPersistenceUtil'. Assuming JPA 2 environment. Trying to instantiate JPA aware TraversableResolver
&amp#27;[2m2024-06-29T19:03:26.062-06:00&amp#27;[0;39m &amp#27;[32mDEBUG&amp#27;[0;39m &amp#27;[35m4020&amp#27;[0;39m &amp#27;[2m---&amp#27;[0;39m &amp#27;[2m[ApiInventarioMini] [           main]&amp#27;[0;39m &amp#27;[2m&amp#27;[0;39m&amp#27;[36mo.h.v.i.e.resolver.TraversableResolvers &amp#27;[0;39m &amp#27;[2m:&amp#27;[0;39m Instantiated JPA aware TraversableResolver of type org.hibernate.validator.internal.engine.resolver.JPATraversableResolver.
&amp#27;[2m2024-06-29T19:03:26.062-06:00&amp#27;[0;39m &amp#27;[32mDEBUG&amp#27;[0;39m &amp#27;[35m4020&amp#27;[0;39m &amp#27;[2m---&amp#27;[0;39m &amp#27;[2m[ApiInventarioMini] [           main]&amp#27;[0;39m &amp#27;[2m&amp#27;[0;39m&amp#27;[36m.h.v.m.ResourceBundleMessageInterpolator&amp#27;[0;39m &amp#27;[2m:&amp#27;[0;39m Loaded expression factory via original TCCL
&amp#27;[2m2024-06-29T19:03:26.063-06:00&amp#27;[0;39m &amp#27;[32mDEBUG&amp#27;[0;39m &amp#27;[35m4020&amp#27;[0;39m &amp#27;[2m---&amp#27;[0;39m &amp#27;[2m[ApiInventarioMini] [           main]&amp#27;[0;39m &amp#27;[2m&amp#27;[0;39m&amp#27;[36m.i.e.ValidatorFactoryConfigurationHelper&amp#27;[0;39m &amp#27;[2m:&amp#27;[0;39m HV000252: Using org.hibernate.validator.internal.engine.DefaultPropertyNodeNameProvider as property node name provider.
&amp#27;[2m2024-06-29T19:03:26.063-06:00&amp#27;[0;39m &amp#27;[32mDEBUG&amp#27;[0;39m &amp#27;[35m4020&amp#27;[0;39m &amp#27;[2m---&amp#27;[0;39m &amp#27;[2m[ApiInventarioMini] [           main]&amp#27;[0;39m &amp#27;[2m&amp#27;[0;39m&amp#27;[36m.i.e.ValidatorFactoryConfigurationHelper&amp#27;[0;39m &amp#27;[2m:&amp#27;[0;39m HV000234: Using org.hibernate.validator.messageinterpolation.ResourceBundleMessageInterpolator as ValidatorFactory-scoped message interpolator.
&amp#27;[2m2024-06-29T19:03:26.063-06:00&amp#27;[0;39m &amp#27;[32mDEBUG&amp#27;[0;39m &amp#27;[35m4020&amp#27;[0;39m &amp#27;[2m---&amp#27;[0;39m &amp#27;[2m[ApiInventarioMini] [           main]&amp#27;[0;39m &amp#27;[2m&amp#27;[0;39m&amp#27;[36m.i.e.ValidatorFactoryConfigurationHelper&amp#27;[0;39m &amp#27;[2m:&amp#27;[0;39m HV000234: Using org.hibernate.validator.internal.engine.resolver.JPATraversableResolver as ValidatorFactory-scoped traversable resolver.
&amp#27;[2m2024-06-29T19:03:26.063-06:00&amp#27;[0;39m &amp#27;[32mDEBUG&amp#27;[0;39m &amp#27;[35m4020&amp#27;[0;39m &amp#27;[2m---&amp#27;[0;39m &amp#27;[2m[ApiInventarioMini] [           main]&amp#27;[0;39m &amp#27;[2m&amp#27;[0;39m&amp#27;[36m.i.e.ValidatorFactoryConfigurationHelper&amp#27;[0;39m &amp#27;[2m:&amp#27;[0;39m HV000234: Using org.hibernate.validator.internal.util.ExecutableParameterNameProvider as ValidatorFactory-scoped parameter name provider.
&amp#27;[2m2024-06-29T19:03:26.063-06:00&amp#27;[0;39m &amp#27;[32mDEBUG&amp#27;[0;39m &amp#27;[35m4020&amp#27;[0;39m &amp#27;[2m---&amp#27;[0;39m &amp#27;[2m[ApiInventarioMini] [           main]&amp#27;[0;39m &amp#27;[2m&amp#27;[0;39m&amp#27;[36m.i.e.ValidatorFactoryConfigurationHelper&amp#27;[0;39m &amp#27;[2m:&amp#27;[0;39m HV000234: Using org.hibernate.validator.internal.engine.DefaultClockProvider as ValidatorFactory-scoped clock provider.
&amp#27;[2m2024-06-29T19:03:26.063-06:00&amp#27;[0;39m &amp#27;[32mDEBUG&amp#27;[0;39m &amp#27;[35m4020&amp#27;[0;39m &amp#27;[2m---&amp#27;[0;39m &amp#27;[2m[ApiInventarioMini] [           main]&amp#27;[0;39m &amp#27;[2m&amp#27;[0;39m&amp#27;[36m.i.e.ValidatorFactoryConfigurationHelper&amp#27;[0;39m &amp#27;[2m:&amp#27;[0;39m HV000234: Using org.hibernate.validator.internal.engine.scripting.DefaultScriptEvaluatorFactory as ValidatorFactory-scoped script evaluator factory.
&amp#27;[2m2024-06-29T19:03:26.064-06:00&amp#27;[0;39m &amp#27;[32mDEBUG&amp#27;[0;39m &amp#27;[35m4020&amp#27;[0;39m &amp#27;[2m---&amp#27;[0;39m &amp#27;[2m[ApiInventarioMini] [           main]&amp#27;[0;39m &amp#27;[2m&amp#27;[0;39m&amp#27;[36mo.h.boot.internal.ClassLoaderAccessImpl &amp#27;[0;39m &amp#27;[2m:&amp#27;[0;39m Not known whether passed class name [com.ipn.mx.domain.entity.Categoria] is safe
&amp#27;[2m2024-06-29T19:03:26.064-06:00&amp#27;[0;39m &amp#27;[32mDEBUG&amp#27;[0;39m &amp#27;[35m4020&amp#27;[0;39m &amp#27;[2m---&amp#27;[0;39m &amp#27;[2m[ApiInventarioMini] [           main]&amp#27;[0;39m &amp#27;[2m&amp#27;[0;39m&amp#27;[36mo.h.boot.internal.ClassLoaderAccessImpl &amp#27;[0;39m &amp#27;[2m:&amp#27;[0;39m No temp ClassLoader provided; using live ClassLoader for loading potentially unsafe class : com.ipn.mx.domain.entity.Categoria
&amp#27;[2m2024-06-29T19:03:26.084-06:00&amp#27;[0;39m &amp#27;[32mDEBUG&amp#27;[0;39m &amp#27;[35m4020&amp#27;[0;39m &amp#27;[2m---&amp#27;[0;39m &amp#27;[2m[ApiInventarioMini] [           main]&amp#27;[0;39m &amp#27;[2m&amp#27;[0;39m&amp#27;[36mo.h.boot.internal.ClassLoaderAccessImpl &amp#27;[0;39m &amp#27;[2m:&amp#27;[0;39m Not known whether passed class name [com.ipn.mx.domain.entity.Movimiento] is safe
&amp#27;[2m2024-06-29T19:03:26.084-06:00&amp#27;[0;39m &amp#27;[32mDEBUG&amp#27;[0;39m &amp#27;[35m4020&amp#27;[0;39m &amp#27;[2m---&amp#27;[0;39m &amp#27;[2m[ApiInventarioMini] [           main]&amp#27;[0;39m &amp#27;[2m&amp#27;[0;39m&amp#27;[36mo.h.boot.internal.ClassLoaderAccessImpl &amp#27;[0;39m &amp#27;[2m:&amp#27;[0;39m No temp ClassLoader provided; using live ClassLoader for loading potentially unsafe class : com.ipn.mx.domain.entity.Movimiento
&amp#27;[2m2024-06-29T19:03:26.086-06:00&amp#27;[0;39m &amp#27;[32mDEBUG&amp#27;[0;39m &amp#27;[35m4020&amp#27;[0;39m &amp#27;[2m---&amp#27;[0;39m &amp#27;[2m[ApiInventarioMini] [           main]&amp#27;[0;39m &amp#27;[2m&amp#27;[0;39m&amp#27;[36mo.h.boot.internal.ClassLoaderAccessImpl &amp#27;[0;39m &amp#27;[2m:&amp#27;[0;39m Not known whether passed class name [com.ipn.mx.domain.entity.Producto] is safe
&amp#27;[2m2024-06-29T19:03:26.086-06:00&amp#27;[0;39m &amp#27;[32mDEBUG&amp#27;[0;39m &amp#27;[35m4020&amp#27;[0;39m &amp#27;[2m---&amp#27;[0;39m &amp#27;[2m[ApiInventarioMini] [           main]&amp#27;[0;39m &amp#27;[2m&amp#27;[0;39m&amp#27;[36mo.h.boot.internal.ClassLoaderAccessImpl &amp#27;[0;39m &amp#27;[2m:&amp#27;[0;39m No temp ClassLoader provided; using live ClassLoader for loading potentially unsafe class : com.ipn.mx.domain.entity.Producto
&amp#27;[2m2024-06-29T19:03:26.088-06:00&amp#27;[0;39m &amp#27;[32mDEBUG&amp#27;[0;39m &amp#27;[35m4020&amp#27;[0;39m &amp#27;[2m---&amp#27;[0;39m &amp#27;[2m[ApiInventarioMini] [           main]&amp#27;[0;39m &amp#27;[2m&amp#27;[0;39m&amp#27;[36m.h.s.i.SessionFactoryServiceRegistryImpl&amp#27;[0;39m &amp#27;[2m:&amp#27;[0;39m EventListenerRegistry access via ServiceRegistry is deprecated.  Use `sessionFactory.getEventEngine().getListenerRegistry()` instead
&amp#27;[2m2024-06-29T19:03:26.090-06:00&amp#27;[0;39m &amp#27;[32mDEBUG&amp#27;[0;39m &amp#27;[35m4020&amp#27;[0;39m &amp#27;[2m---&amp#27;[0;39m &amp#27;[2m[ApiInventarioMini] [           main]&amp#27;[0;39m &amp#27;[2m&amp#27;[0;39m&amp#27;[36m.h.t.s.s.SchemaManagementToolCoordinator&amp#27;[0;39m &amp#27;[2m:&amp#27;[0;39m No schema actions specified for contributor `orm`; doing nothing
&amp#27;[2m2024-06-29T19:03:26.112-06:00&amp#27;[0;39m &amp#27;[32mDEBUG&amp#27;[0;39m &amp#27;[35m4020&amp#27;[0;39m &amp#27;[2m---&amp#27;[0;39m &amp#27;[2m[ApiInventarioMini] [           main]&amp#27;[0;39m &amp#27;[2m&amp#27;[0;39m&amp#27;[36mo.h.q.sqm.function.SqmFunctionRegistry  &amp#27;[0;39m &amp#27;[2m:&amp#27;[0;39m Registered SqmFunctionTemplate [NamedSqmFunctionTemplate(max)] under max; prior registration was null
&amp#27;[2m2024-06-29T19:03:26.112-06:00&amp#27;[0;39m &amp#27;[32mDEBUG&amp#27;[0;39m &amp#27;[35m4020&amp#27;[0;39m &amp#27;[2m---&amp#27;[0;39m &amp#27;[2m[ApiInventarioMini] [           main]&amp#27;[0;39m &amp#27;[2m&amp#27;[0;39m&amp#27;[36mo.h.q.sqm.function.SqmFunctionRegistry  &amp#27;[0;39m &amp#27;[2m:&amp#27;[0;39m Registered SqmFunctionTemplate [NamedSqmFunctionTemplate(min)] under min; prior registration was null
&amp#27;[2m2024-06-29T19:03:26.112-06:00&amp#27;[0;39m &amp#27;[32mDEBUG&amp#27;[0;39m &amp#27;[35m4020&amp#27;[0;39m &amp#27;[2m---&amp#27;[0;39m &amp#27;[2m[ApiInventarioMini] [           main]&amp#27;[0;39m &amp#27;[2m&amp#27;[0;39m&amp#27;[36mo.h.q.sqm.function.SqmFunctionRegistry  &amp#27;[0;39m &amp#27;[2m:&amp#27;[0;39m Registered SqmFunctionTemplate [NamedSqmFunctionTemplate(sum)] under sum; prior registration was null
&amp#27;[2m2024-06-29T19:03:26.113-06:00&amp#27;[0;39m &amp#27;[32mDEBUG&amp#27;[0;39m &amp#27;[35m4020&amp#27;[0;39m &amp#27;[2m---&amp#27;[0;39m &amp#27;[2m[ApiInventarioMini] [           main]&amp#27;[0;39m &amp#27;[2m&amp#27;[0;39m&amp#27;[36mo.h.q.sqm.function.SqmFunctionRegistry  &amp#27;[0;39m &amp#27;[2m:&amp#27;[0;39m Registered SqmFunctionTemplate [NamedSqmFunctionTemplate(avg)] under avg; prior registration was null
&amp#27;[2m2024-06-29T19:03:26.113-06:00&amp#27;[0;39m &amp#27;[32mDEBUG&amp#27;[0;39m &amp#27;[35m4020&amp#27;[0;39m &amp#27;[2m---&amp#27;[0;39m &amp#27;[2m[ApiInventarioMini] [           main]&amp#27;[0;39m &amp#27;[2m&amp#27;[0;39m&amp#27;[36mo.h.q.sqm.function.SqmFunctionRegistry  &amp#27;[0;39m &amp#27;[2m:&amp#27;[0;39m Registered SqmFunctionTemplate [org.hibernate.dialect.function.CountFunction@26cdd4af] under count; prior registration was null
&amp#27;[2m2024-06-29T19:03:26.114-06:00&amp#27;[0;39m &amp#27;[32mDEBUG&amp#27;[0;39m &amp#27;[35m4020&amp#27;[0;39m &amp#27;[2m---&amp#27;[0;39m &amp#27;[2m[ApiInventarioMini] [           main]&amp#27;[0;39m &amp#27;[2m&amp#27;[0;39m&amp#27;[36mo.h.q.sqm.function.SqmFunctionRegistry  &amp#27;[0;39m &amp#27;[2m:&amp#27;[0;39m Registered SqmFunctionTemplate [org.hibernate.dialect.function.EveryAnyEmulation@43778371] under every; prior registration was null
&amp#27;[2m2024-06-29T19:03:26.114-06:00&amp#27;[0;39m &amp#27;[32mDEBUG&amp#27;[0;39m &amp#27;[35m4020&amp#27;[0;39m &amp#27;[2m---&amp#27;[0;39m &amp#27;[2m[ApiInventarioMini] [           main]&amp#27;[0;39m &amp#27;[2m&amp#27;[0;39m&amp#27;[36mo.h.q.sqm.function.SqmFunctionRegistry  &amp#27;[0;39m &amp#27;[2m:&amp#27;[0;39m Registered SqmFunctionTemplate [org.hibernate.dialect.function.EveryAnyEmulation@71beada8] under any; prior registration was null
&amp#27;[2m2024-06-29T19:03:26.114-06:00&amp#27;[0;39m &amp#27;[32mDEBUG&amp#27;[0;39m &amp#27;[35m4020&amp#27;[0;39m &amp#27;[2m---&amp#27;[0;39m &amp#27;[2m[ApiInventarioMini] [           main]&amp#27;[0;39m &amp#27;[2m&amp#27;[0;39m&amp#27;[36mo.h.q.sqm.function.SqmFunctionRegistry  &amp#27;[0;39m &amp#27;[2m:&amp#27;[0;39m Registered SqmFunctionTemplate [NamedSqmFunctionTemplate(floor)] under floor; prior registration was null
&amp#27;[2m2024-06-29T19:03:26.114-06:00&amp#27;[0;39m &amp#27;[32mDEBUG&amp#27;[0;39m &amp#27;[35m4020&amp#27;[0;39m &amp#27;[2m---&amp#27;[0;39m &amp#27;[2m[ApiInventarioMini] [           main]&amp#27;[0;39m &amp#27;[2m&amp#27;[0;39m&amp#27;[36mo.h.q.sqm.function.SqmFunctionRegistry  &amp#27;[0;39m &amp#27;[2m:&amp#27;[0;39m Registered SqmFunctionTemplate [NamedSqmFunctionTemplate(ceiling)] under ceiling; prior registration was null
&amp#27;[2m2024-06-29T19:03:26.114-06:00&amp#27;[0;39m &amp#27;[32mDEBUG&amp#27;[0;39m &amp#27;[35m4020&amp#27;[0;39m &amp#27;[2m---&amp#27;[0;39m &amp#27;[2m[ApiInventarioMini] [           main]&amp#27;[0;39m &amp#27;[2m&amp#27;[0;39m&amp#27;[36mo.h.q.sqm.function.SqmFunctionRegistry  &amp#27;[0;39m &amp#27;[2m:&amp#27;[0;39m Registered SqmFunctionTemplate [NamedSqmFunctionTemplate(mod)] under mod; prior registration was null
&amp#27;[2m2024-06-29T19:03:26.114-06:00&amp#27;[0;39m &amp#27;[32mDEBUG&amp#27;[0;39m &amp#27;[35m4020&amp#27;[0;39m &amp#27;[2m---&amp#27;[0;39m &amp#27;[2m[ApiInventarioMini] [           main]&amp#27;[0;39m &amp#27;[2m&amp#27;[0;39m&amp#27;[36mo.h.q.sqm.function.SqmFunctionRegistry  &amp#27;[0;39m &amp#27;[2m:&amp#27;[0;39m Registered SqmFunctionTemplate [NamedSqmFunctionTemplate(abs)] under abs; prior registration was null
&amp#27;[2m2024-06-29T19:03:26.114-06:00&amp#27;[0;39m &amp#27;[32mDEBUG&amp#27;[0;39m &amp#27;[35m4020&amp#27;[0;39m &amp#27;[2m---&amp#27;[0;39m &amp#27;[2m[ApiInventarioMini] [           main]&amp#27;[0;39m &amp#27;[2m&amp#27;[0;39m&amp#27;[36mo.h.q.sqm.function.SqmFunctionRegistry  &amp#27;[0;39m &amp#27;[2m:&amp#27;[0;39m Registered SqmFunctionTemplate [NamedSqmFunctionTemplate(sign)] under sign; prior registration was null
&amp#27;[2m2024-06-29T19:03:26.114-06:00&amp#27;[0;39m &amp#27;[32mDEBUG&amp#27;[0;39m &amp#27;[35m4020&amp#27;[0;39m &amp#27;[2m---&amp#27;[0;39m &amp#27;[2m[ApiInventarioMini] [           main]&amp#27;[0;39m &amp#27;[2m&amp#27;[0;39m&amp#27;[36mo.h.q.sqm.function.SqmFunctionRegistry  &amp#27;[0;39m &amp#27;[2m:&amp#27;[0;39m Registered SqmFunctionTemplate [NamedSqmFunctionTemplate(sqrt)] under sqrt; prior registration was null
&amp#27;[2m2024-06-29T19:03:26.114-06:00&amp#27;[0;39m &amp#27;[32mDEBUG&amp#27;[0;39m &amp#27;[35m4020&amp#27;[0;39m &amp#27;[2m---&amp#27;[0;39m &amp#27;[2m[ApiInventarioMini] [           main]&amp#27;[0;39m &amp#27;[2m&amp#27;[0;39m&amp#27;[36mo.h.q.sqm.function.SqmFunctionRegistry  &amp#27;[0;39m &amp#27;[2m:&amp#27;[0;39m Registered SqmFunctionTemplate [NamedSqmFunctionTemplate(ln)] under ln; prior registration was null
&amp#27;[2m2024-06-29T19:03:26.114-06:00&amp#27;[0;39m &amp#27;[32mDEBUG&amp#27;[0;39m &amp#27;[35m4020&amp#27;[0;39m &amp#27;[2m---&amp#27;[0;39m &amp#27;[2m[ApiInventarioMini] [           main]&amp#27;[0;39m &amp#27;[2m&amp#27;[0;39m&amp#27;[36mo.h.q.sqm.function.SqmFunctionRegistry  &amp#27;[0;39m &amp#27;[2m:&amp#27;[0;39m Registered SqmFunctionTemplate [NamedSqmFunctionTemplate(exp)] under exp; prior registration was null
&amp#27;[2m2024-06-29T19:03:26.114-06:00&amp#27;[0;39m &amp#27;[32mDEBUG&amp#27;[0;39m &amp#27;[35m4020&amp#27;[0;39m &amp#27;[2m---&amp#27;[0;39m &amp#27;[2m[ApiInventarioMini] [           main]&amp#27;[0;39m &amp#27;[2m&amp#27;[0;39m&amp#27;[36mo.h.q.sqm.function.SqmFunctionRegistry  &amp#27;[0;39m &amp#27;[2m:&amp#27;[0;39m Registered SqmFunctionTemplate [NamedSqmFunctionTemplate(power)] under power; prior registration was null
&amp#27;[2m2024-06-29T19:03:26.114-06:00&amp#27;[0;39m &amp#27;[32mDEBUG&amp#27;[0;39m &amp#27;[35m4020&amp#27;[0;39m &amp#27;[2m---&amp#27;[0;39m &amp#27;[2m[ApiInventarioMini] [           main]&amp#27;[0;39m &amp#27;[2m&amp#27;[0;39m&amp#27;[36mo.h.q.sqm.function.SqmFunctionRegistry  &amp#27;[0;39m &amp#27;[2m:&amp#27;[0;39m Registered SqmFunctionTemplate [NamedSqmFunctionTemplate(round)] under round; prior registration was null
&amp#27;[2m2024-06-29T19:03:26.114-06:00&amp#27;[0;39m &amp#27;[32mDEBUG&amp#27;[0;39m &amp#27;[35m4020&amp#27;[0;39m &amp#27;[2m---&amp#27;[0;39m &amp#27;[2m[ApiInventarioMini] [           main]&amp#27;[0;39m &amp#27;[2m&amp#27;[0;39m&amp#27;[36mo.h.q.sqm.function.SqmFunctionRegistry  &amp#27;[0;39m &amp#27;[2m:&amp#27;[0;39m Registered SqmFunctionTemplate [NamedSqmFunctionTemplate(sin)] under sin; prior registration was null
&amp#27;[2m2024-06-29T19:03:26.114-06:00&amp#27;[0;39m &amp#27;[32mDEBUG&amp#27;[0;39m &amp#27;[35m4020&amp#27;[0;39m &amp#27;[2m---&amp#27;[0;39m &amp#27;[2m[ApiInventarioMini] [           main]&amp#27;[0;39m &amp#27;[2m&amp#27;[0;39m&amp#27;[36mo.h.q.sqm.function.SqmFunctionRegistry  &amp#27;[0;39m &amp#27;[2m:&amp#27;[0;39m Registered SqmFunctionTemplate [NamedSqmFunctionTemplate(cos)] under cos; prior registration was null
&amp#27;[2m2024-06-29T19:03:26.114-06:00&amp#27;[0;39m &amp#27;[32mDEBUG&amp#27;[0;39m &amp#27;[35m4020&amp#27;[0;39m &amp#27;[2m---&amp#27;[0;39m &amp#27;[2m[ApiInventarioMini] [           main]&amp#27;[0;39m &amp#27;[2m&amp#27;[0;39m&amp#27;[36mo.h.q.sqm.function.SqmFunctionRegistry  &amp#27;[0;39m &amp#27;[2m:&amp#27;[0;39m Registered SqmFunctionTemplate [NamedSqmFunctionTemplate(tan)] under tan; prior registration was null
&amp#27;[2m2024-06-29T19:03:26.114-06:00&amp#27;[0;39m &amp#27;[32mDEBUG&amp#27;[0;39m &amp#27;[35m4020&amp#27;[0;39m &amp#27;[2m---&amp#27;[0;39m &amp#27;[2m[ApiInventarioMini] [           main]&amp#27;[0;39m &amp#27;[2m&amp#27;[0;39m&amp#27;[36mo.h.q.sqm.function.SqmFunctionRegistry  &amp#27;[0;39m &amp#27;[2m:&amp#27;[0;39m Registered SqmFunctionTemplate [NamedSqmFunctionTemplate(asin)] under asin; prior registration was null
&amp#27;[2m2024-06-29T19:03:26.114-06:00&amp#27;[0;39m &amp#27;[32mDEBUG&amp#27;[0;39m &amp#27;[35m4020&amp#27;[0;39m &amp#27;[2m---&amp#27;[0;39m &amp#27;[2m[ApiInventarioMini] [           main]&amp#27;[0;39m &amp#27;[2m&amp#27;[0;39m&amp#27;[36mo.h.q.sqm.function.SqmFunctionRegistry  &amp#27;[0;39m &amp#27;[2m:&amp#27;[0;39m Registered SqmFunctionTemplate [NamedSqmFunctionTemplate(acos)] under acos; prior registration was null
&amp#27;[2m2024-06-29T19:03:26.114-06:00&amp#27;[0;39m &amp#27;[32mDEBUG&amp#27;[0;39m &amp#27;[35m4020&amp#27;[0;39m &amp#27;[2m---&amp#27;[0;39m &amp#27;[2m[ApiInventarioMini] [           main]&amp#27;[0;39m &amp#27;[2m&amp#27;[0;39m&amp#27;[36mo.h.q.sqm.function.SqmFunctionRegistry  &amp#27;[0;39m &amp#27;[2m:&amp#27;[0;39m Registered SqmFunctionTemplate [NamedSqmFunctionTemplate(atan)] under atan; prior registration was null
&amp#27;[2m2024-06-29T19:03:26.114-06:00&amp#27;[0;39m &amp#27;[32mDEBUG&amp#27;[0;39m &amp#27;[35m4020&amp#27;[0;39m &amp#27;[2m---&amp#27;[0;39m &amp#27;[2m[ApiInventarioMini] [           main]&amp#27;[0;39m &amp#27;[2m&amp#27;[0;39m&amp#27;[36mo.h.q.sqm.function.SqmFunctionRegistry  &amp#27;[0;39m &amp#27;[2m:&amp#27;[0;39m Registered SqmFunctionTemplate [NamedSqmFunctionTemplate(atan2)] under atan2; prior registration was null
&amp#27;[2m2024-06-29T19:03:26.115-06:00&amp#27;[0;39m &amp#27;[32mDEBUG&amp#27;[0;39m &amp#27;[35m4020&amp#27;[0;39m &amp#27;[2m---&amp#27;[0;39m &amp#27;[2m[ApiInventarioMini] [           main]&amp#27;[0;39m &amp#27;[2m&amp#27;[0;39m&amp#27;[36mo.h.q.sqm.function.SqmFunctionRegistry  &amp#27;[0;39m &amp#27;[2m:&amp#27;[0;39m Registered SqmFunctionTemplate [org.hibernate.query.sqm.function.PatternBasedSqmFunctionDescriptor@2833c093] under sinh; prior registration was null
&amp#27;[2m2024-06-29T19:03:26.116-06:00&amp#27;[0;39m &amp#27;[32mDEBUG&amp#27;[0;39m &amp#27;[35m4020&amp#27;[0;39m &amp#27;[2m---&amp#27;[0;39m &amp#27;[2m[ApiInventarioMini] [           main]&amp#27;[0;39m &amp#27;[2m&amp#27;[0;39m&amp#27;[36mo.h.q.sqm.function.SqmFunctionRegistry  &amp#27;[0;39m &amp#27;[2m:&amp#27;[0;39m Registered SqmFunctionTemplate [org.hibernate.query.sqm.function.PatternBasedSqmFunctionDescriptor@7598d675] under cosh; prior registration was null
&amp#27;[2m2024-06-29T19:03:26.116-06:00&amp#27;[0;39m &amp#27;[32mDEBUG&amp#27;[0;39m &amp#27;[35m4020&amp#27;[0;39m &amp#27;[2m---&amp#27;[0;39m &amp#27;[2m[ApiInventarioMini] [           main]&amp#27;[0;39m &amp#27;[2m&amp#27;[0;39m&amp#27;[36mo.h.q.sqm.function.SqmFunctionRegistry  &amp#27;[0;39m &amp#27;[2m:&amp#27;[0;39m Registered SqmFunctionTemplate [org.hibernate.query.sqm.function.PatternBasedSqmFunctionDescriptor@4946485c] under tanh; prior registration was null
&amp#27;[2m2024-06-29T19:03:26.116-06:00&amp#27;[0;39m &amp#27;[32mDEBUG&amp#27;[0;39m &amp#27;[35m4020&amp#27;[0;39m &amp#27;[2m---&amp#27;[0;39m &amp#27;[2m[ApiInventarioMini] [           main]&amp#27;[0;39m &amp#27;[2m&amp#27;[0;39m&amp#27;[36mo.h.q.sqm.function.SqmFunctionRegistry  &amp#27;[0;39m &amp#27;[2m:&amp#27;[0;39m Registered SqmFunctionTemplate [org.hibernate.query.sqm.function.PatternBasedSqmFunctionDescriptor@4ae958b0] under pi; prior registration was null
&amp#27;[2m2024-06-29T19:03:26.116-06:00&amp#27;[0;39m &amp#27;[32mDEBUG&amp#27;[0;39m &amp#27;[35m4020&amp#27;[0;39m &amp#27;[2m---&amp#27;[0;39m &amp#27;[2m[ApiInventarioMini] [           main]&amp#27;[0;39m &amp#27;[2m&amp#27;[0;39m&amp#27;[36mo.h.q.sqm.function.SqmFunctionRegistry  &amp#27;[0;39m &amp#27;[2m:&amp#27;[0;39m Registered SqmFunctionTemplate [org.hibernate.query.sqm.function.PatternBasedSqmFunctionDescriptor@7c682e26] under log; prior registration was null
&amp#27;[2m2024-06-29T19:03:26.116-06:00&amp#27;[0;39m &amp#27;[32mDEBUG&amp#27;[0;39m &amp#27;[35m4020&amp#27;[0;39m &amp#27;[2m---&amp#27;[0;39m &amp#27;[2m[ApiInventarioMini] [           main]&amp#27;[0;39m &amp#27;[2m&amp#27;[0;39m&amp#27;[36mo.h.q.sqm.function.SqmFunctionRegistry  &amp#27;[0;39m &amp#27;[2m:&amp#27;[0;39m Registered SqmFunctionTemplate [NamedSqmFunctionTemplate(coalesce)] under coalesce; prior registration was null
&amp#27;[2m2024-06-29T19:03:26.117-06:00&amp#27;[0;39m &amp#27;[32mDEBUG&amp#27;[0;39m &amp#27;[35m4020&amp#27;[0;39m &amp#27;[2m---&amp#27;[0;39m &amp#27;[2m[ApiInventarioMini] [           main]&amp#27;[0;39m &amp#27;[2m&amp#27;[0;39m&amp#27;[36mo.h.q.sqm.function.SqmFunctionRegistry  &amp#27;[0;39m &amp#27;[2m:&amp#27;[0;39m Registered SqmFunctionTemplate [NamedSqmFunctionTemplate(nullif)] under nullif; prior registration was null
&amp#27;[2m2024-06-29T19:03:26.117-06:00&amp#27;[0;39m &amp#27;[32mDEBUG&amp#27;[0;39m &amp#27;[35m4020&amp#27;[0;39m &amp#27;[2m---&amp#27;[0;39m &amp#27;[2m[ApiInventarioMini] [           main]&amp#27;[0;39m &amp#27;[2m&amp#27;[0;39m&amp#27;[36mo.h.q.sqm.function.SqmFunctionRegistry  &amp#27;[0;39m &amp#27;[2m:&amp#27;[0;39m Registered SqmFunctionTemplate [NamedSqmFunctionTemplate(left)] under left; prior registration was null
&amp#27;[2m2024-06-29T19:03:26.117-06:00&amp#27;[0;39m &amp#27;[32mDEBUG&amp#27;[0;39m &amp#27;[35m4020&amp#27;[0;39m &amp#27;[2m---&amp#27;[0;39m &amp#27;[2m[ApiInventarioMini] [           main]&amp#27;[0;39m &amp#27;[2m&amp#27;[0;39m&amp#27;[36mo.h.q.sqm.function.SqmFunctionRegistry  &amp#27;[0;39m &amp#27;[2m:&amp#27;[0;39m Registered SqmFunctionTemplate [NamedSqmFunctionTemplate(right)] under right; prior registration was null
&amp#27;[2m2024-06-29T19:03:26.117-06:00&amp#27;[0;39m &amp#27;[32mDEBUG&amp#27;[0;39m &amp#27;[35m4020&amp#27;[0;39m &amp#27;[2m---&amp#27;[0;39m &amp#27;[2m[ApiInventarioMini] [           main]&amp#27;[0;39m &amp#27;[2m&amp#27;[0;39m&amp#27;[36mo.h.q.sqm.function.SqmFunctionRegistry  &amp#27;[0;39m &amp#27;[2m:&amp#27;[0;39m Registered SqmFunctionTemplate [NamedSqmFunctionTemplate(replace)] under replace; prior registration was null
&amp#27;[2m2024-06-29T19:03:26.117-06:00&amp#27;[0;39m &amp#27;[32mDEBUG&amp#27;[0;39m &amp#27;[35m4020&amp#27;[0;39m &amp#27;[2m---&amp#27;[0;39m &amp#27;[2m[ApiInventarioMini] [           main]&amp#27;[0;39m &amp#27;[2m&amp#27;[0;39m&amp#27;[36mo.h.q.sqm.function.SqmFunctionRegistry  &amp#27;[0;39m &amp#27;[2m:&amp#27;[0;39m Registered SqmFunctionTemplate [NamedSqmFunctionTemplate(concat)] under concat; prior registration was null
&amp#27;[2m2024-06-29T19:03:26.117-06:00&amp#27;[0;39m &amp#27;[32mDEBUG&amp#27;[0;39m &amp#27;[35m4020&amp#27;[0;39m &amp#27;[2m---&amp#27;[0;39m &amp#27;[2m[ApiInventarioMini] [           main]&amp#27;[0;39m &amp#27;[2m&amp#27;[0;39m&amp#27;[36mo.h.q.sqm.function.SqmFunctionRegistry  &amp#27;[0;39m &amp#27;[2m:&amp#27;[0;39m Registered SqmFunctionTemplate [NamedSqmFunctionTemplate(lower)] under lower; prior registration was null
&amp#27;[2m2024-06-29T19:03:26.117-06:00&amp#27;[0;39m &amp#27;[32mDEBUG&amp#27;[0;39m &amp#27;[35m4020&amp#27;[0;39m &amp#27;[2m---&amp#27;[0;39m &amp#27;[2m[ApiInventarioMini] [           main]&amp#27;[0;39m &amp#27;[2m&amp#27;[0;39m&amp#27;[36mo.h.q.sqm.function.SqmFunctionRegistry  &amp#27;[0;39m &amp#27;[2m:&amp#27;[0;39m Registered SqmFunctionTemplate [NamedSqmFunctionTemplate(upper)] under upper; prior registration was null
&amp#27;[2m2024-06-29T19:03:26.117-06:00&amp#27;[0;39m &amp#27;[32mDEBUG&amp#27;[0;39m &amp#27;[35m4020&amp#27;[0;39m &amp#27;[2m---&amp#27;[0;39m &amp#27;[2m[ApiInventarioMini] [           main]&amp#27;[0;39m &amp#27;[2m&amp#27;[0;39m&amp#27;[36mo.h.q.sqm.function.SqmFunctionRegistry  &amp#27;[0;39m &amp#27;[2m:&amp#27;[0;39m Registered SqmFunctionTemplate [NamedSqmFunctionTemplate(substring)] under substring; prior registration was null
&amp#27;[2m2024-06-29T19:03:26.117-06:00&amp#27;[0;39m &amp#27;[32mDEBUG&amp#27;[0;39m &amp#27;[35m4020&amp#27;[0;39m &amp#27;[2m---&amp#27;[0;39m &amp#27;[2m[ApiInventarioMini] [           main]&amp#27;[0;39m &amp#27;[2m&amp#27;[0;39m&amp#27;[36mo.h.q.sqm.function.SqmFunctionRegistry  &amp#27;[0;39m &amp#27;[2m:&amp#27;[0;39m Registered SqmFunctionTemplate [NamedSqmFunctionTemplate(locate)] under locate; prior registration was null
&amp#27;[2m2024-06-29T19:03:26.117-06:00&amp#27;[0;39m &amp#27;[32mDEBUG&amp#27;[0;39m &amp#27;[35m4020&amp#27;[0;39m &amp#27;[2m---&amp#27;[0;39m &amp#27;[2m[ApiInventarioMini] [           main]&amp#27;[0;39m &amp#27;[2m&amp#27;[0;39m&amp#27;[36mo.h.q.sqm.function.SqmFunctionRegistry  &amp#27;[0;39m &amp#27;[2m:&amp#27;[0;39m Registered SqmFunctionTemplate [NamedSqmFunctionTemplate(character_length)] under character_length; prior registration was null
&amp#27;[2m2024-06-29T19:03:26.117-06:00&amp#27;[0;39m &amp#27;[32mDEBUG&amp#27;[0;39m &amp#27;[35m4020&amp#27;[0;39m &amp#27;[2m---&amp#27;[0;39m &amp#27;[2m[ApiInventarioMini] [           main]&amp#27;[0;39m &amp#27;[2m&amp#27;[0;39m&amp#27;[36mo.h.q.sqm.function.SqmFunctionRegistry  &amp#27;[0;39m &amp#27;[2m:&amp#27;[0;39m Registering alternate key : length -> character_length
&amp#27;[2m2024-06-29T19:03:26.117-06:00&amp#27;[0;39m &amp#27;[32mDEBUG&amp#27;[0;39m &amp#27;[35m4020&amp#27;[0;39m &amp#27;[2m---&amp#27;[0;39m &amp#27;[2m[ApiInventarioMini] [           main]&amp#27;[0;39m &amp#27;[2m&amp#27;[0;39m&amp#27;[36mo.h.q.sqm.function.SqmFunctionRegistry  &amp#27;[0;39m &amp#27;[2m:&amp#27;[0;39m Registered SqmFunctionTemplate [org.hibernate.dialect.function.LocatePositionEmulation@1c788d08] under position; prior registration was null
&amp#27;[2m2024-06-29T19:03:26.118-06:00&amp#27;[0;39m &amp#27;[32mDEBUG&amp#27;[0;39m &amp#27;[35m4020&amp#27;[0;39m &amp#27;[2m---&amp#27;[0;39m &amp#27;[2m[ApiInventarioMini] [           main]&amp#27;[0;39m &amp#27;[2m&amp#27;[0;39m&amp#27;[36mo.h.q.sqm.function.SqmFunctionRegistry  &amp#27;[0;39m &amp#27;[2m:&amp#27;[0;39m Registered SqmFunctionTemplate [org.hibernate.dialect.function.InsertSubstringOverlayEmulation@2de7c84a] under overlay; prior registration was null
&amp#27;[2m2024-06-29T19:03:26.119-06:00&amp#27;[0;39m &amp#27;[32mDEBUG&amp#27;[0;39m &amp#27;[35m4020&amp#27;[0;39m &amp#27;[2m---&amp#27;[0;39m &amp#27;[2m[ApiInventarioMini] [           main]&amp#27;[0;39m &amp#27;[2m&amp#27;[0;39m&amp#27;[36mo.h.q.sqm.function.SqmFunctionRegistry  &amp#27;[0;39m &amp#27;[2m:&amp#27;[0;39m Registered SqmFunctionTemplate [org.hibernate.dialect.function.TrimFunction@55682482] under trim; prior registration was null
&amp#27;[2m2024-06-29T19:03:26.119-06:00&amp#27;[0;39m &amp#27;[32mDEBUG&amp#27;[0;39m &amp#27;[35m4020&amp#27;[0;39m &amp#27;[2m---&amp#27;[0;39m &amp#27;[2m[ApiInventarioMini] [           main]&amp#27;[0;39m &amp#27;[2m&amp#27;[0;39m&amp#27;[36mo.h.q.sqm.function.SqmFunctionRegistry  &amp#27;[0;39m &amp#27;[2m:&amp#27;[0;39m Registered SqmFunctionTemplate [org.hibernate.dialect.function.CastFunction@299cab08] under cast; prior registration was null
&amp#27;[2m2024-06-29T19:03:26.120-06:00&amp#27;[0;39m &amp#27;[32mDEBUG&amp#27;[0;39m &amp#27;[35m4020&amp#27;[0;39m &amp#27;[2m---&amp#27;[0;39m &amp#27;[2m[ApiInventarioMini] [           main]&amp#27;[0;39m &amp#27;[2m&amp#27;[0;39m&amp#27;[36mo.h.q.sqm.function.SqmFunctionRegistry  &amp#27;[0;39m &amp#27;[2m:&amp#27;[0;39m Registered SqmFunctionTemplate [org.hibernate.query.sqm.function.PatternBasedSqmFunctionDescriptor@6c75e3bc] under collate; prior registration was null
&amp#27;[2m2024-06-29T19:03:26.120-06:00&amp#27;[0;39m &amp#27;[32mDEBUG&amp#27;[0;39m &amp#27;[35m4020&amp#27;[0;39m &amp#27;[2m---&amp#27;[0;39m &amp#27;[2m[ApiInventarioMini] [           main]&amp#27;[0;39m &amp#27;[2m&amp#27;[0;39m&amp#27;[36mo.h.q.sqm.function.SqmFunctionRegistry  &amp#27;[0;39m &amp#27;[2m:&amp#27;[0;39m Registered SqmFunctionTemplate [org.hibernate.dialect.function.ExtractFunction@2c5708e7] under extract; prior registration was null
&amp#27;[2m2024-06-29T19:03:26.120-06:00&amp#27;[0;39m &amp#27;[32mDEBUG&amp#27;[0;39m &amp#27;[35m4020&amp#27;[0;39m &amp#27;[2m---&amp#27;[0;39m &amp#27;[2m[ApiInventarioMini] [           main]&amp#27;[0;39m &amp#27;[2m&amp#27;[0;39m&amp#27;[36mo.h.q.sqm.function.SqmFunctionRegistry  &amp#27;[0;39m &amp#27;[2m:&amp#27;[0;39m Registered SqmFunctionTemplate [NamedSqmFunctionTemplate(least)] under least; prior registration was null
&amp#27;[2m2024-06-29T19:03:26.121-06:00&amp#27;[0;39m &amp#27;[32mDEBUG&amp#27;[0;39m &amp#27;[35m4020&amp#27;[0;39m &amp#27;[2m---&amp#27;[0;39m &amp#27;[2m[ApiInventarioMini] [           main]&amp#27;[0;39m &amp#27;[2m&amp#27;[0;39m&amp#27;[36mo.h.q.sqm.function.SqmFunctionRegistry  &amp#27;[0;39m &amp#27;[2m:&amp#27;[0;39m Registered SqmFunctionTemplate [NamedSqmFunctionTemplate(greatest)] under greatest; prior registration was null
&amp#27;[2m2024-06-29T19:03:26.121-06:00&amp#27;[0;39m &amp#27;[32mDEBUG&amp#27;[0;39m &amp#27;[35m4020&amp#27;[0;39m &amp#27;[2m---&amp#27;[0;39m &amp#27;[2m[ApiInventarioMini] [           main]&amp#27;[0;39m &amp#27;[2m&amp#27;[0;39m&amp#27;[36mo.h.q.sqm.function.SqmFunctionRegistry  &amp#27;[0;39m &amp#27;[2m:&amp#27;[0;39m Registered SqmFunctionTemplate [org.hibernate.dialect.function.CoalesceIfnullEmulation@5627b8eb] under ifnull; prior registration was null
&amp#27;[2m2024-06-29T19:03:26.121-06:00&amp#27;[0;39m &amp#27;[32mDEBUG&amp#27;[0;39m &amp#27;[35m4020&amp#27;[0;39m &amp#27;[2m---&amp#27;[0;39m &amp#27;[2m[ApiInventarioMini] [           main]&amp#27;[0;39m &amp#27;[2m&amp#27;[0;39m&amp#27;[36mo.h.q.sqm.function.SqmFunctionRegistry  &amp#27;[0;39m &amp#27;[2m:&amp#27;[0;39m Registered SqmFunctionTemplate [NamedSqmFunctionTemplate(lpad)] under lpad; prior registration was null
&amp#27;[2m2024-06-29T19:03:26.121-06:00&amp#27;[0;39m &amp#27;[32mDEBUG&amp#27;[0;39m &amp#27;[35m4020&amp#27;[0;39m &amp#27;[2m---&amp#27;[0;39m &amp#27;[2m[ApiInventarioMini] [           main]&amp#27;[0;39m &amp#27;[2m&amp#27;[0;39m&amp#27;[36mo.h.q.sqm.function.SqmFunctionRegistry  &amp#27;[0;39m &amp#27;[2m:&amp#27;[0;39m Registered SqmFunctionTemplate [NamedSqmFunctionTemplate(rpad)] under rpad; prior registration was null
&amp#27;[2m2024-06-29T19:03:26.121-06:00&amp#27;[0;39m &amp#27;[32mDEBUG&amp#27;[0;39m &amp#27;[35m4020&amp#27;[0;39m &amp#27;[2m---&amp#27;[0;39m &amp#27;[2m[ApiInventarioMini] [           main]&amp#27;[0;39m &amp#27;[2m&amp#27;[0;39m&amp#27;[36mo.h.q.sqm.function.SqmFunctionRegistry  &amp#27;[0;39m &amp#27;[2m:&amp#27;[0;39m Registered SqmFunctionTemplate [org.hibernate.dialect.function.LpadRpadPadEmulation@e3c36d] under pad; prior registration was null
&amp#27;[2m2024-06-29T19:03:26.121-06:00&amp#27;[0;39m &amp#27;[32mDEBUG&amp#27;[0;39m &amp#27;[35m4020&amp#27;[0;39m &amp#27;[2m---&amp#27;[0;39m &amp#27;[2m[ApiInventarioMini] [           main]&amp#27;[0;39m &amp#27;[2m&amp#27;[0;39m&amp#27;[36mo.h.q.sqm.function.SqmFunctionRegistry  &amp#27;[0;39m &amp#27;[2m:&amp#27;[0;39m Registered SqmFunctionTemplate [org.hibernate.dialect.function.CastStrEmulation@a7bbdbc] under str; prior registration was null
&amp#27;[2m2024-06-29T19:03:26.122-06:00&amp#27;[0;39m &amp#27;[32mDEBUG&amp#27;[0;39m &amp#27;[35m4020&amp#27;[0;39m &amp#27;[2m---&amp#27;[0;39m &amp#27;[2m[ApiInventarioMini] [           main]&amp#27;[0;39m &amp#27;[2m&amp#27;[0;39m&amp#27;[36mo.h.q.sqm.function.SqmFunctionRegistry  &amp#27;[0;39m &amp#27;[2m:&amp#27;[0;39m Registered SqmFunctionTemplate [org.hibernate.dialect.function.FormatFunction@280d6a20] under format; prior registration was null
&amp#27;[2m2024-06-29T19:03:26.122-06:00&amp#27;[0;39m &amp#27;[32mDEBUG&amp#27;[0;39m &amp#27;[35m4020&amp#27;[0;39m &amp#27;[2m---&amp#27;[0;39m &amp#27;[2m[ApiInventarioMini] [           main]&amp#27;[0;39m &amp#27;[2m&amp#27;[0;39m&amp#27;[36mo.h.q.sqm.function.SqmFunctionRegistry  &amp#27;[0;39m &amp#27;[2m:&amp#27;[0;39m Registered SqmFunctionTemplate [org.hibernate.dialect.function.TimestampaddFunction@7286827b] under timestampadd; prior registration was null
&amp#27;[2m2024-06-29T19:03:26.122-06:00&amp#27;[0;39m &amp#27;[32mDEBUG&amp#27;[0;39m &amp#27;[35m4020&amp#27;[0;39m &amp#27;[2m---&amp#27;[0;39m &amp#27;[2m[ApiInventarioMini] [           main]&amp#27;[0;39m &amp#27;[2m&amp#27;[0;39m&amp#27;[36mo.h.q.sqm.function.SqmFunctionRegistry  &amp#27;[0;39m &amp#27;[2m:&amp#27;[0;39m Registered SqmFunctionTemplate [org.hibernate.dialect.function.TimestampdiffFunction@6e67a8c0] under timestampdiff; prior registration was null
&amp#27;[2m2024-06-29T19:03:26.122-06:00&amp#27;[0;39m &amp#27;[32mDEBUG&amp#27;[0;39m &amp#27;[35m4020&amp#27;[0;39m &amp#27;[2m---&amp#27;[0;39m &amp#27;[2m[ApiInventarioMini] [           main]&amp#27;[0;39m &amp#27;[2m&amp#27;[0;39m&amp#27;[36mo.h.q.sqm.function.SqmFunctionRegistry  &amp#27;[0;39m &amp#27;[2m:&amp#27;[0;39m Registering alternate key : dateadd -> timestampadd
&amp#27;[2m2024-06-29T19:03:26.122-06:00&amp#27;[0;39m &amp#27;[32mDEBUG&amp#27;[0;39m &amp#27;[35m4020&amp#27;[0;39m &amp#27;[2m---&amp#27;[0;39m &amp#27;[2m[ApiInventarioMini] [           main]&amp#27;[0;39m &amp#27;[2m&amp#27;[0;39m&amp#27;[36mo.h.q.sqm.function.SqmFunctionRegistry  &amp#27;[0;39m &amp#27;[2m:&amp#27;[0;39m Registering alternate key : datediff -> timestampdiff
&amp#27;[2m2024-06-29T19:03:26.122-06:00&amp#27;[0;39m &amp#27;[32mDEBUG&amp#27;[0;39m &amp#27;[35m4020&amp#27;[0;39m &amp#27;[2m---&amp#27;[0;39m &amp#27;[2m[ApiInventarioMini] [           main]&amp#27;[0;39m &amp#27;[2m&amp#27;[0;39m&amp#27;[36mo.h.q.sqm.function.SqmFunctionRegistry  &amp#27;[0;39m &amp#27;[2m:&amp#27;[0;39m Registered SqmFunctionTemplate [org.hibernate.dialect.function.CurrentFunction@2295566b] under current_date; prior registration was null
&amp#27;[2m2024-06-29T19:03:26.122-06:00&amp#27;[0;39m &amp#27;[32mDEBUG&amp#27;[0;39m &amp#27;[35m4020&amp#27;[0;39m &amp#27;[2m---&amp#27;[0;39m &amp#27;[2m[ApiInventarioMini] [           main]&amp#27;[0;39m &amp#27;[2m&amp#27;[0;39m&amp#27;[36mo.h.q.sqm.function.SqmFunctionRegistry  &amp#27;[0;39m &amp#27;[2m:&amp#27;[0;39m Registered SqmFunctionTemplate [org.hibernate.dialect.function.CurrentFunction@174e1b99] under current_time; prior registration was null
&amp#27;[2m2024-06-29T19:03:26.122-06:00&amp#27;[0;39m &amp#27;[32mDEBUG&amp#27;[0;39m &amp#27;[35m4020&amp#27;[0;39m &amp#27;[2m---&amp#27;[0;39m &amp#27;[2m[ApiInventarioMini] [           main]&amp#27;[0;39m &amp#27;[2m&amp#27;[0;39m&amp#27;[36mo.h.q.sqm.function.SqmFunctionRegistry  &amp#27;[0;39m &amp#27;[2m:&amp#27;[0;39m Registered SqmFunctionTemplate [org.hibernate.dialect.function.CurrentFunction@53a09566] under current_timestamp; prior registration was null
&amp#27;[2m2024-06-29T19:03:26.122-06:00&amp#27;[0;39m &amp#27;[32mDEBUG&amp#27;[0;39m &amp#27;[35m4020&amp#27;[0;39m &amp#27;[2m---&amp#27;[0;39m &amp#27;[2m[ApiInventarioMini] [           main]&amp#27;[0;39m &amp#27;[2m&amp#27;[0;39m&amp#27;[36mo.h.q.sqm.function.SqmFunctionRegistry  &amp#27;[0;39m &amp#27;[2m:&amp#27;[0;39m Registering alternate key : current date -> current_date
&amp#27;[2m2024-06-29T19:03:26.122-06:00&amp#27;[0;39m &amp#27;[32mDEBUG&amp#27;[0;39m &amp#27;[35m4020&amp#27;[0;39m &amp#27;[2m---&amp#27;[0;39m &amp#27;[2m[ApiInventarioMini] [           main]&amp#27;[0;39m &amp#27;[2m&amp#27;[0;39m&amp#27;[36mo.h.q.sqm.function.SqmFunctionRegistry  &amp#27;[0;39m &amp#27;[2m:&amp#27;[0;39m Registering alternate key : current time -> current_time
&amp#27;[2m2024-06-29T19:03:26.122-06:00&amp#27;[0;39m &amp#27;[32mDEBUG&amp#27;[0;39m &amp#27;[35m4020&amp#27;[0;39m &amp#27;[2m---&amp#27;[0;39m &amp#27;[2m[ApiInventarioMini] [           main]&amp#27;[0;39m &amp#27;[2m&amp#27;[0;39m&amp#27;[36mo.h.q.sqm.function.SqmFunctionRegistry  &amp#27;[0;39m &amp#27;[2m:&amp#27;[0;39m Registering alternate key : current timestamp -> current_timestamp
&amp#27;[2m2024-06-29T19:03:26.122-06:00&amp#27;[0;39m &amp#27;[32mDEBUG&amp#27;[0;39m &amp#27;[35m4020&amp#27;[0;39m &amp#27;[2m---&amp#27;[0;39m &amp#27;[2m[ApiInventarioMini] [           main]&amp#27;[0;39m &amp#27;[2m&amp#27;[0;39m&amp#27;[36mo.h.q.sqm.function.SqmFunctionRegistry  &amp#27;[0;39m &amp#27;[2m:&amp#27;[0;39m Registered SqmFunctionTemplate [org.hibernate.dialect.function.CurrentFunction@1c815814] under local_date; prior registration was null
&amp#27;[2m2024-06-29T19:03:26.123-06:00&amp#27;[0;39m &amp#27;[32mDEBUG&amp#27;[0;39m &amp#27;[35m4020&amp#27;[0;39m &amp#27;[2m---&amp#27;[0;39m &amp#27;[2m[ApiInventarioMini] [           main]&amp#27;[0;39m &amp#27;[2m&amp#27;[0;39m&amp#27;[36mo.h.q.sqm.function.SqmFunctionRegistry  &amp#27;[0;39m &amp#27;[2m:&amp#27;[0;39m Registered SqmFunctionTemplate [org.hibernate.dialect.function.CurrentFunction@14af73e1] under local_time; prior registration was null
&amp#27;[2m2024-06-29T19:03:26.123-06:00&amp#27;[0;39m &amp#27;[32mDEBUG&amp#27;[0;39m &amp#27;[35m4020&amp#27;[0;39m &amp#27;[2m---&amp#27;[0;39m &amp#27;[2m[ApiInventarioMini] [           main]&amp#27;[0;39m &amp#27;[2m&amp#27;[0;39m&amp#27;[36mo.h.q.sqm.function.SqmFunctionRegistry  &amp#27;[0;39m &amp#27;[2m:&amp#27;[0;39m Registered SqmFunctionTemplate [org.hibernate.dialect.function.CurrentFunction@73da303e] under local_datetime; prior registration was null
&amp#27;[2m2024-06-29T19:03:26.123-06:00&amp#27;[0;39m &amp#27;[32mDEBUG&amp#27;[0;39m &amp#27;[35m4020&amp#27;[0;39m &amp#27;[2m---&amp#27;[0;39m &amp#27;[2m[ApiInventarioMini] [           main]&amp#27;[0;39m &amp#27;[2m&amp#27;[0;39m&amp#27;[36mo.h.q.sqm.function.SqmFunctionRegistry  &amp#27;[0;39m &amp#27;[2m:&amp#27;[0;39m Registered SqmFunctionTemplate [org.hibernate.dialect.function.CurrentFunction@24068086] under offset_datetime; prior registration was null
&amp#27;[2m2024-06-29T19:03:26.123-06:00&amp#27;[0;39m &amp#27;[32mDEBUG&amp#27;[0;39m &amp#27;[35m4020&amp#27;[0;39m &amp#27;[2m---&amp#27;[0;39m &amp#27;[2m[ApiInventarioMini] [           main]&amp#27;[0;39m &amp#27;[2m&amp#27;[0;39m&amp#27;[36mo.h.q.sqm.function.SqmFunctionRegistry  &amp#27;[0;39m &amp#27;[2m:&amp#27;[0;39m Registering alternate key : local date -> local_date
&amp#27;[2m2024-06-29T19:03:26.123-06:00&amp#27;[0;39m &amp#27;[32mDEBUG&amp#27;[0;39m &amp#27;[35m4020&amp#27;[0;39m &amp#27;[2m---&amp#27;[0;39m &amp#27;[2m[ApiInventarioMini] [           main]&amp#27;[0;39m &amp#27;[2m&amp#27;[0;39m&amp#27;[36mo.h.q.sqm.function.SqmFunctionRegistry  &amp#27;[0;39m &amp#27;[2m:&amp#27;[0;39m Registering alternate key : local time -> local_time
&amp#27;[2m2024-06-29T19:03:26.123-06:00&amp#27;[0;39m &amp#27;[32mDEBUG&amp#27;[0;39m &amp#27;[35m4020&amp#27;[0;39m &amp#27;[2m---&amp#27;[0;39m &amp#27;[2m[ApiInventarioMini] [           main]&amp#27;[0;39m &amp#27;[2m&amp#27;[0;39m&amp#27;[36mo.h.q.sqm.function.SqmFunctionRegistry  &amp#27;[0;39m &amp#27;[2m:&amp#27;[0;39m Registering alternate key : local datetime -> local_datetime
&amp#27;[2m2024-06-29T19:03:26.123-06:00&amp#27;[0;39m &amp#27;[32mDEBUG&amp#27;[0;39m &amp#27;[35m4020&amp#27;[0;39m &amp#27;[2m---&amp#27;[0;39m &amp#27;[2m[ApiInventarioMini] [           main]&amp#27;[0;39m &amp#27;[2m&amp#27;[0;39m&amp#27;[36mo.h.q.sqm.function.SqmFunctionRegistry  &amp#27;[0;39m &amp#27;[2m:&amp#27;[0;39m Registering alternate key : offset datetime -> offset_datetime
&amp#27;[2m2024-06-29T19:03:26.123-06:00&amp#27;[0;39m &amp#27;[32mDEBUG&amp#27;[0;39m &amp#27;[35m4020&amp#27;[0;39m &amp#27;[2m---&amp#27;[0;39m &amp#27;[2m[ApiInventarioMini] [           main]&amp#27;[0;39m &amp#27;[2m&amp#27;[0;39m&amp#27;[36mo.h.q.sqm.function.SqmFunctionRegistry  &amp#27;[0;39m &amp#27;[2m:&amp#27;[0;39m Registered SqmFunctionTemplate [org.hibernate.dialect.function.CurrentFunction@32513dea] under instant; prior registration was null
&amp#27;[2m2024-06-29T19:03:26.123-06:00&amp#27;[0;39m &amp#27;[32mDEBUG&amp#27;[0;39m &amp#27;[35m4020&amp#27;[0;39m &amp#27;[2m---&amp#27;[0;39m &amp#27;[2m[ApiInventarioMini] [           main]&amp#27;[0;39m &amp#27;[2m&amp#27;[0;39m&amp#27;[36mo.h.q.sqm.function.SqmFunctionRegistry  &amp#27;[0;39m &amp#27;[2m:&amp#27;[0;39m Registering alternate key : current_instant -> instant
&amp#27;[2m2024-06-29T19:03:26.123-06:00&amp#27;[0;39m &amp#27;[32mDEBUG&amp#27;[0;39m &amp#27;[35m4020&amp#27;[0;39m &amp#27;[2m---&amp#27;[0;39m &amp#27;[2m[ApiInventarioMini] [           main]&amp#27;[0;39m &amp#27;[2m&amp#27;[0;39m&amp#27;[36mo.h.q.sqm.function.SqmFunctionRegistry  &amp#27;[0;39m &amp#27;[2m:&amp#27;[0;39m Registered SqmFunctionTemplate [org.hibernate.dialect.function.SqlFunction@546083d6] under sql; prior registration was null
&amp#27;[2m2024-06-29T19:03:26.123-06:00&amp#27;[0;39m &amp#27;[32mDEBUG&amp#27;[0;39m &amp#27;[35m4020&amp#27;[0;39m &amp#27;[2m---&amp#27;[0;39m &amp#27;[2m[ApiInventarioMini] [           main]&amp#27;[0;39m &amp#27;[2m&amp#27;[0;39m&amp#27;[36mo.h.q.sqm.function.SqmFunctionRegistry  &amp#27;[0;39m &amp#27;[2m:&amp#27;[0;39m Registered SqmFunctionTemplate [NamedSqmFunctionTemplate(cot)] under cot; prior registration was null
&amp#27;[2m2024-06-29T19:03:26.123-06:00&amp#27;[0;39m &amp#27;[32mDEBUG&amp#27;[0;39m &amp#27;[35m4020&amp#27;[0;39m &amp#27;[2m---&amp#27;[0;39m &amp#27;[2m[ApiInventarioMini] [           main]&amp#27;[0;39m &amp#27;[2m&amp#27;[0;39m&amp#27;[36mo.h.q.sqm.function.SqmFunctionRegistry  &amp#27;[0;39m &amp#27;[2m:&amp#27;[0;39m Registered SqmFunctionTemplate [NamedSqmFunctionTemplate(radians)] under radians; prior registration was null
&amp#27;[2m2024-06-29T19:03:26.123-06:00&amp#27;[0;39m &amp#27;[32mDEBUG&amp#27;[0;39m &amp#27;[35m4020&amp#27;[0;39m &amp#27;[2m---&amp#27;[0;39m &amp#27;[2m[ApiInventarioMini] [           main]&amp#27;[0;39m &amp#27;[2m&amp#27;[0;39m&amp#27;[36mo.h.q.sqm.function.SqmFunctionRegistry  &amp#27;[0;39m &amp#27;[2m:&amp#27;[0;39m Registered SqmFunctionTemplate [NamedSqmFunctionTemplate(degrees)] under degrees; prior registration was null
&amp#27;[2m2024-06-29T19:03:26.123-06:00&amp#27;[0;39m &amp#27;[32mDEBUG&amp#27;[0;39m &amp#27;[35m4020&amp#27;[0;39m &amp#27;[2m---&amp#27;[0;39m &amp#27;[2m[ApiInventarioMini] [           main]&amp#27;[0;39m &amp#27;[2m&amp#27;[0;39m&amp#27;[36mo.h.q.sqm.function.SqmFunctionRegistry  &amp#27;[0;39m &amp#27;[2m:&amp#27;[0;39m Registered SqmFunctionTemplate [NamedSqmFunctionTemplate(log)] under log; prior registration was org.hibernate.query.sqm.function.PatternBasedSqmFunctionDescriptor@7c682e26
&amp#27;[2m2024-06-29T19:03:26.123-06:00&amp#27;[0;39m &amp#27;[32mDEBUG&amp#27;[0;39m &amp#27;[35m4020&amp#27;[0;39m &amp#27;[2m---&amp#27;[0;39m &amp#27;[2m[ApiInventarioMini] [           main]&amp#27;[0;39m &amp#27;[2m&amp#27;[0;39m&amp#27;[36mo.h.q.sqm.function.SqmFunctionRegistry  &amp#27;[0;39m &amp#27;[2m:&amp#27;[0;39m Registered SqmFunctionTemplate [org.hibernate.query.sqm.function.PatternBasedSqmFunctionDescriptor@7ac1b6c0] under mod; prior registration was NamedSqmFunctionTemplate(mod)
&amp#27;[2m2024-06-29T19:03:26.123-06:00&amp#27;[0;39m &amp#27;[32mDEBUG&amp#27;[0;39m &amp#27;[35m4020&amp#27;[0;39m &amp#27;[2m---&amp#27;[0;39m &amp#27;[2m[ApiInventarioMini] [           main]&amp#27;[0;39m &amp#27;[2m&amp#27;[0;39m&amp#27;[36mo.h.q.sqm.function.SqmFunctionRegistry  &amp#27;[0;39m &amp#27;[2m:&amp#27;[0;39m Registered SqmFunctionTemplate [NamedSqmFunctionTemplate(log10)] under log10; prior registration was null
&amp#27;[2m2024-06-29T19:03:26.123-06:00&amp#27;[0;39m &amp#27;[32mDEBUG&amp#27;[0;39m &amp#27;[35m4020&amp#27;[0;39m &amp#27;[2m---&amp#27;[0;39m &amp#27;[2m[ApiInventarioMini] [           main]&amp#27;[0;39m &amp#27;[2m&amp#27;[0;39m&amp#27;[36mo.h.q.sqm.function.SqmFunctionRegistry  &amp#27;[0;39m &amp#27;[2m:&amp#27;[0;39m Registered SqmFunctionTemplate [NamedSqmFunctionTemplate(tanh)] under tanh; prior registration was org.hibernate.query.sqm.function.PatternBasedSqmFunctionDescriptor@4946485c
&amp#27;[2m2024-06-29T19:03:26.123-06:00&amp#27;[0;39m &amp#27;[32mDEBUG&amp#27;[0;39m &amp#27;[35m4020&amp#27;[0;39m &amp#27;[2m---&amp#27;[0;39m &amp#27;[2m[ApiInventarioMini] [           main]&amp#27;[0;39m &amp#27;[2m&amp#27;[0;39m&amp#27;[36mo.h.q.sqm.function.SqmFunctionRegistry  &amp#27;[0;39m &amp#27;[2m:&amp#27;[0;39m Registered SqmFunctionTemplate [NamedSqmFunctionTemplate(sinh)] under sinh; prior registration was org.hibernate.query.sqm.function.PatternBasedSqmFunctionDescriptor@2833c093
&amp#27;[2m2024-06-29T19:03:26.123-06:00&amp#27;[0;39m &amp#27;[32mDEBUG&amp#27;[0;39m &amp#27;[35m4020&amp#27;[0;39m &amp#27;[2m---&amp#27;[0;39m &amp#27;[2m[ApiInventarioMini] [           main]&amp#27;[0;39m &amp#27;[2m&amp#27;[0;39m&amp#27;[36mo.h.q.sqm.function.SqmFunctionRegistry  &amp#27;[0;39m &amp#27;[2m:&amp#27;[0;39m Registered SqmFunctionTemplate [NamedSqmFunctionTemplate(cosh)] under cosh; prior registration was org.hibernate.query.sqm.function.PatternBasedSqmFunctionDescriptor@7598d675
&amp#27;[2m2024-06-29T19:03:26.123-06:00&amp#27;[0;39m &amp#27;[32mDEBUG&amp#27;[0;39m &amp#27;[35m4020&amp#27;[0;39m &amp#27;[2m---&amp#27;[0;39m &amp#27;[2m[ApiInventarioMini] [           main]&amp#27;[0;39m &amp#27;[2m&amp#27;[0;39m&amp#27;[36mo.h.q.sqm.function.SqmFunctionRegistry  &amp#27;[0;39m &amp#27;[2m:&amp#27;[0;39m Registered SqmFunctionTemplate [NamedSqmFunctionTemplate(acosh)] under acosh; prior registration was null
&amp#27;[2m2024-06-29T19:03:26.123-06:00&amp#27;[0;39m &amp#27;[32mDEBUG&amp#27;[0;39m &amp#27;[35m4020&amp#27;[0;39m &amp#27;[2m---&amp#27;[0;39m &amp#27;[2m[ApiInventarioMini] [           main]&amp#27;[0;39m &amp#27;[2m&amp#27;[0;39m&amp#27;[36mo.h.q.sqm.function.SqmFunctionRegistry  &amp#27;[0;39m &amp#27;[2m:&amp#27;[0;39m Registered SqmFunctionTemplate [NamedSqmFunctionTemplate(asinh)] under asinh; prior registration was null
&amp#27;[2m2024-06-29T19:03:26.123-06:00&amp#27;[0;39m &amp#27;[32mDEBUG&amp#27;[0;39m &amp#27;[35m4020&amp#27;[0;39m &amp#27;[2m---&amp#27;[0;39m &amp#27;[2m[ApiInventarioMini] [           main]&amp#27;[0;39m &amp#27;[2m&amp#27;[0;39m&amp#27;[36mo.h.q.sqm.function.SqmFunctionRegistry  &amp#27;[0;39m &amp#27;[2m:&amp#27;[0;39m Registered SqmFunctionTemplate [NamedSqmFunctionTemplate(atanh)] under atanh; prior registration was null
&amp#27;[2m2024-06-29T19:03:26.123-06:00&amp#27;[0;39m &amp#27;[32mDEBUG&amp#27;[0;39m &amp#27;[35m4020&amp#27;[0;39m &amp#27;[2m---&amp#27;[0;39m &amp#27;[2m[ApiInventarioMini] [           main]&amp#27;[0;39m &amp#27;[2m&amp#27;[0;39m&amp#27;[36mo.h.q.sqm.function.SqmFunctionRegistry  &amp#27;[0;39m &amp#27;[2m:&amp#27;[0;39m Registered SqmFunctionTemplate [NamedSqmFunctionTemplate(cbrt)] under cbrt; prior registration was null
&amp#27;[2m2024-06-29T19:03:26.123-06:00&amp#27;[0;39m &amp#27;[32mDEBUG&amp#27;[0;39m &amp#27;[35m4020&amp#27;[0;39m &amp#27;[2m---&amp#27;[0;39m &amp#27;[2m[ApiInventarioMini] [           main]&amp#27;[0;39m &amp#27;[2m&amp#27;[0;39m&amp#27;[36mo.h.q.sqm.function.SqmFunctionRegistry  &amp#27;[0;39m &amp#27;[2m:&amp#27;[0;39m Registered SqmFunctionTemplate [NamedSqmFunctionTemplate(pi)] under pi; prior registration was org.hibernate.query.sqm.function.PatternBasedSqmFunctionDescriptor@4ae958b0
&amp#27;[2m2024-06-29T19:03:26.123-06:00&amp#27;[0;39m &amp#27;[32mDEBUG&amp#27;[0;39m &amp#27;[35m4020&amp#27;[0;39m &amp#27;[2m---&amp#27;[0;39m &amp#27;[2m[ApiInventarioMini] [           main]&amp#27;[0;39m &amp#27;[2m&amp#27;[0;39m&amp#27;[36mo.h.q.sqm.function.SqmFunctionRegistry  &amp#27;[0;39m &amp#27;[2m:&amp#27;[0;39m Registered SqmFunctionTemplate [NamedSqmFunctionTemplate(ltrim)] under ltrim; prior registration was null
&amp#27;[2m2024-06-29T19:03:26.123-06:00&amp#27;[0;39m &amp#27;[32mDEBUG&amp#27;[0;39m &amp#27;[35m4020&amp#27;[0;39m &amp#27;[2m---&amp#27;[0;39m &amp#27;[2m[ApiInventarioMini] [           main]&amp#27;[0;39m &amp#27;[2m&amp#27;[0;39m&amp#27;[36mo.h.q.sqm.function.SqmFunctionRegistry  &amp#27;[0;39m &amp#27;[2m:&amp#27;[0;39m Registered SqmFunctionTemplate [NamedSqmFunctionTemplate(rtrim)] under rtrim; prior registration was null
&amp#27;[2m2024-06-29T19:03:26.123-06:00&amp#27;[0;39m &amp#27;[32mDEBUG&amp#27;[0;39m &amp#27;[35m4020&amp#27;[0;39m &amp#27;[2m---&amp#27;[0;39m &amp#27;[2m[ApiInventarioMini] [           main]&amp#27;[0;39m &amp#27;[2m&amp#27;[0;39m&amp#27;[36mo.h.q.sqm.function.SqmFunctionRegistry  &amp#27;[0;39m &amp#27;[2m:&amp#27;[0;39m Registered SqmFunctionTemplate [NamedSqmFunctionTemplate(repeat)] under repeat; prior registration was null
&amp#27;[2m2024-06-29T19:03:26.123-06:00&amp#27;[0;39m &amp#27;[32mDEBUG&amp#27;[0;39m &amp#27;[35m4020&amp#27;[0;39m &amp#27;[2m---&amp#27;[0;39m &amp#27;[2m[ApiInventarioMini] [           main]&amp#27;[0;39m &amp#27;[2m&amp#27;[0;39m&amp#27;[36mo.h.q.sqm.function.SqmFunctionRegistry  &amp#27;[0;39m &amp#27;[2m:&amp#27;[0;39m Registered SqmFunctionTemplate [NamedSqmFunctionTemplate(md5)] under md5; prior registration was null
&amp#27;[2m2024-06-29T19:03:26.123-06:00&amp#27;[0;39m &amp#27;[32mDEBUG&amp#27;[0;39m &amp#27;[35m4020&amp#27;[0;39m &amp#27;[2m---&amp#27;[0;39m &amp#27;[2m[ApiInventarioMini] [           main]&amp#27;[0;39m &amp#27;[2m&amp#27;[0;39m&amp#27;[36mo.h.q.sqm.function.SqmFunctionRegistry  &amp#27;[0;39m &amp#27;[2m:&amp#27;[0;39m Registered SqmFunctionTemplate [NamedSqmFunctionTemplate(initcap)] under initcap; prior registration was null
&amp#27;[2m2024-06-29T19:03:26.123-06:00&amp#27;[0;39m &amp#27;[32mDEBUG&amp#27;[0;39m &amp#27;[35m4020&amp#27;[0;39m &amp#27;[2m---&amp#27;[0;39m &amp#27;[2m[ApiInventarioMini] [           main]&amp#27;[0;39m &amp#27;[2m&amp#27;[0;39m&amp#27;[36mo.h.q.sqm.function.SqmFunctionRegistry  &amp#27;[0;39m &amp#27;[2m:&amp#27;[0;39m Registered SqmFunctionTemplate [NamedSqmFunctionTemplate(substr)] under substr; prior registration was null
&amp#27;[2m2024-06-29T19:03:26.123-06:00&amp#27;[0;39m &amp#27;[32mDEBUG&amp#27;[0;39m &amp#27;[35m4020&amp#27;[0;39m &amp#27;[2m---&amp#27;[0;39m &amp#27;[2m[ApiInventarioMini] [           main]&amp#27;[0;39m &amp#27;[2m&amp#27;[0;39m&amp#27;[36mo.h.q.sqm.function.SqmFunctionRegistry  &amp#27;[0;39m &amp#27;[2m:&amp#27;[0;39m Registered SqmFunctionTemplate [NamedSqmFunctionTemplate(substr)] under substring; prior registration was NamedSqmFunctionTemplate(substring)
&amp#27;[2m2024-06-29T19:03:26.123-06:00&amp#27;[0;39m &amp#27;[32mDEBUG&amp#27;[0;39m &amp#27;[35m4020&amp#27;[0;39m &amp#27;[2m---&amp#27;[0;39m &amp#27;[2m[ApiInventarioMini] [           main]&amp#27;[0;39m &amp#27;[2m&amp#27;[0;39m&amp#27;[36mo.h.q.sqm.function.SqmFunctionRegistry  &amp#27;[0;39m &amp#27;[2m:&amp#27;[0;39m Registered SqmFunctionTemplate [NamedSqmFunctionTemplate(translate)] under translate; prior registration was null
&amp#27;[2m2024-06-29T19:03:26.123-06:00&amp#27;[0;39m &amp#27;[32mDEBUG&amp#27;[0;39m &amp#27;[35m4020&amp#27;[0;39m &amp#27;[2m---&amp#27;[0;39m &amp#27;[2m[ApiInventarioMini] [           main]&amp#27;[0;39m &amp#27;[2m&amp#27;[0;39m&amp#27;[36mo.h.q.sqm.function.SqmFunctionRegistry  &amp#27;[0;39m &amp#27;[2m:&amp#27;[0;39m Registered SqmFunctionTemplate [NamedSqmFunctionTemplate(to_number)] under to_number; prior registration was null
&amp#27;[2m2024-06-29T19:03:26.123-06:00&amp#27;[0;39m &amp#27;[32mDEBUG&amp#27;[0;39m &amp#27;[35m4020&amp#27;[0;39m &amp#27;[2m---&amp#27;[0;39m &amp#27;[2m[ApiInventarioMini] [           main]&amp#27;[0;39m &amp#27;[2m&amp#27;[0;39m&amp#27;[36mo.h.q.sqm.function.SqmFunctionRegistry  &amp#27;[0;39m &amp#27;[2m:&amp#27;[0;39m Registered SqmFunctionTemplate [NamedSqmFunctionTemplate(to_char)] under to_char; prior registration was null
&amp#27;[2m2024-06-29T19:03:26.123-06:00&amp#27;[0;39m &amp#27;[32mDEBUG&amp#27;[0;39m &amp#27;[35m4020&amp#27;[0;39m &amp#27;[2m---&amp#27;[0;39m &amp#27;[2m[ApiInventarioMini] [           main]&amp#27;[0;39m &amp#27;[2m&amp#27;[0;39m&amp#27;[36mo.h.q.sqm.function.SqmFunctionRegistry  &amp#27;[0;39m &amp#27;[2m:&amp#27;[0;39m Registered SqmFunctionTemplate [NamedSqmFunctionTemplate(to_date)] under to_date; prior registration was null
&amp#27;[2m2024-06-29T19:03:26.123-06:00&amp#27;[0;39m &amp#27;[32mDEBUG&amp#27;[0;39m &amp#27;[35m4020&amp#27;[0;39m &amp#27;[2m---&amp#27;[0;39m &amp#27;[2m[ApiInventarioMini] [           main]&amp#27;[0;39m &amp#27;[2m&amp#27;[0;39m&amp#27;[36mo.h.q.sqm.function.SqmFunctionRegistry  &amp#27;[0;39m &amp#27;[2m:&amp#27;[0;39m Registered SqmFunctionTemplate [NamedSqmFunctionTemplate(to_timestamp)] under to_timestamp; prior registration was null
&amp#27;[2m2024-06-29T19:03:26.124-06:00&amp#27;[0;39m &amp#27;[32mDEBUG&amp#27;[0;39m &amp#27;[35m4020&amp#27;[0;39m &amp#27;[2m---&amp#27;[0;39m &amp#27;[2m[ApiInventarioMini] [           main]&amp#27;[0;39m &amp#27;[2m&amp#27;[0;39m&amp#27;[36mo.h.q.sqm.function.SqmFunctionRegistry  &amp#27;[0;39m &amp#27;[2m:&amp#27;[0;39m Registered SqmFunctionTemplate [org.hibernate.dialect.function.ConcatPipeFunction@5896b9f5] under concat; prior registration was NamedSqmFunctionTemplate(concat)
&amp#27;[2m2024-06-29T19:03:26.124-06:00&amp#27;[0;39m &amp#27;[32mDEBUG&amp#27;[0;39m &amp#27;[35m4020&amp#27;[0;39m &amp#27;[2m---&amp#27;[0;39m &amp#27;[2m[ApiInventarioMini] [           main]&amp#27;[0;39m &amp#27;[2m&amp#27;[0;39m&amp#27;[36mo.h.q.sqm.function.SqmFunctionRegistry  &amp#27;[0;39m &amp#27;[2m:&amp#27;[0;39m Registered SqmFunctionTemplate [NamedSqmFunctionTemplate(localtime)] under localtime; prior registration was null
&amp#27;[2m2024-06-29T19:03:26.124-06:00&amp#27;[0;39m &amp#27;[32mDEBUG&amp#27;[0;39m &amp#27;[35m4020&amp#27;[0;39m &amp#27;[2m---&amp#27;[0;39m &amp#27;[2m[ApiInventarioMini] [           main]&amp#27;[0;39m &amp#27;[2m&amp#27;[0;39m&amp#27;[36mo.h.q.sqm.function.SqmFunctionRegistry  &amp#27;[0;39m &amp#27;[2m:&amp#27;[0;39m Registered SqmFunctionTemplate [NamedSqmFunctionTemplate(localtimestamp)] under localtimestamp; prior registration was null
&amp#27;[2m2024-06-29T19:03:26.124-06:00&amp#27;[0;39m &amp#27;[32mDEBUG&amp#27;[0;39m &amp#27;[35m4020&amp#27;[0;39m &amp#27;[2m---&amp#27;[0;39m &amp#27;[2m[ApiInventarioMini] [           main]&amp#27;[0;39m &amp#27;[2m&amp#27;[0;39m&amp#27;[36mo.h.q.sqm.function.SqmFunctionRegistry  &amp#27;[0;39m &amp#27;[2m:&amp#27;[0;39m Registered SqmFunctionTemplate [NamedSqmFunctionTemplate(localtime)] under local_time; prior registration was org.hibernate.dialect.function.CurrentFunction@14af73e1
&amp#27;[2m2024-06-29T19:03:26.125-06:00&amp#27;[0;39m &amp#27;[32mDEBUG&amp#27;[0;39m &amp#27;[35m4020&amp#27;[0;39m &amp#27;[2m---&amp#27;[0;39m &amp#27;[2m[ApiInventarioMini] [           main]&amp#27;[0;39m &amp#27;[2m&amp#27;[0;39m&amp#27;[36mo.h.q.sqm.function.SqmFunctionRegistry  &amp#27;[0;39m &amp#27;[2m:&amp#27;[0;39m Registered SqmFunctionTemplate [NamedSqmFunctionTemplate(localtimestamp)] under local_datetime; prior registration was org.hibernate.dialect.function.CurrentFunction@73da303e
&amp#27;[2m2024-06-29T19:03:26.125-06:00&amp#27;[0;39m &amp#27;[32mDEBUG&amp#27;[0;39m &amp#27;[35m4020&amp#27;[0;39m &amp#27;[2m---&amp#27;[0;39m &amp#27;[2m[ApiInventarioMini] [           main]&amp#27;[0;39m &amp#27;[2m&amp#27;[0;39m&amp#27;[36mo.h.q.sqm.function.SqmFunctionRegistry  &amp#27;[0;39m &amp#27;[2m:&amp#27;[0;39m Registered SqmFunctionTemplate [org.hibernate.dialect.function.LengthFunction@570ed9c] under character_length; prior registration was NamedSqmFunctionTemplate(character_length)
&amp#27;[2m2024-06-29T19:03:26.126-06:00&amp#27;[0;39m &amp#27;[32mDEBUG&amp#27;[0;39m &amp#27;[35m4020&amp#27;[0;39m &amp#27;[2m---&amp#27;[0;39m &amp#27;[2m[ApiInventarioMini] [           main]&amp#27;[0;39m &amp#27;[2m&amp#27;[0;39m&amp#27;[36mo.h.q.sqm.function.SqmFunctionRegistry  &amp#27;[0;39m &amp#27;[2m:&amp#27;[0;39m Registering alternate key : length -> character_length
&amp#27;[2m2024-06-29T19:03:26.126-06:00&amp#27;[0;39m &amp#27;[32mDEBUG&amp#27;[0;39m &amp#27;[35m4020&amp#27;[0;39m &amp#27;[2m---&amp#27;[0;39m &amp#27;[2m[ApiInventarioMini] [           main]&amp#27;[0;39m &amp#27;[2m&amp#27;[0;39m&amp#27;[36mo.h.q.sqm.function.SqmFunctionRegistry  &amp#27;[0;39m &amp#27;[2m:&amp#27;[0;39m Registered SqmFunctionTemplate [org.hibernate.dialect.function.LengthFunction@93f15f6] under bit_length; prior registration was null
&amp#27;[2m2024-06-29T19:03:26.126-06:00&amp#27;[0;39m &amp#27;[32mDEBUG&amp#27;[0;39m &amp#27;[35m4020&amp#27;[0;39m &amp#27;[2m---&amp#27;[0;39m &amp#27;[2m[ApiInventarioMini] [           main]&amp#27;[0;39m &amp#27;[2m&amp#27;[0;39m&amp#27;[36mo.h.q.sqm.function.SqmFunctionRegistry  &amp#27;[0;39m &amp#27;[2m:&amp#27;[0;39m Registered SqmFunctionTemplate [org.hibernate.dialect.function.LengthFunction@5034681f] under octet_length; prior registration was null
&amp#27;[2m2024-06-29T19:03:26.126-06:00&amp#27;[0;39m &amp#27;[32mDEBUG&amp#27;[0;39m &amp#27;[35m4020&amp#27;[0;39m &amp#27;[2m---&amp#27;[0;39m &amp#27;[2m[ApiInventarioMini] [           main]&amp#27;[0;39m &amp#27;[2m&amp#27;[0;39m&amp#27;[36mo.h.q.sqm.function.SqmFunctionRegistry  &amp#27;[0;39m &amp#27;[2m:&amp#27;[0;39m Registered SqmFunctionTemplate [NamedSqmFunctionTemplate(ascii)] under ascii; prior registration was null
&amp#27;[2m2024-06-29T19:03:26.126-06:00&amp#27;[0;39m &amp#27;[32mDEBUG&amp#27;[0;39m &amp#27;[35m4020&amp#27;[0;39m &amp#27;[2m---&amp#27;[0;39m &amp#27;[2m[ApiInventarioMini] [           main]&amp#27;[0;39m &amp#27;[2m&amp#27;[0;39m&amp#27;[36mo.h.q.sqm.function.SqmFunctionRegistry  &amp#27;[0;39m &amp#27;[2m:&amp#27;[0;39m Registered SqmFunctionTemplate [NamedSqmFunctionTemplate(chr)] under chr; prior registration was null
&amp#27;[2m2024-06-29T19:03:26.126-06:00&amp#27;[0;39m &amp#27;[32mDEBUG&amp#27;[0;39m &amp#27;[35m4020&amp#27;[0;39m &amp#27;[2m---&amp#27;[0;39m &amp#27;[2m[ApiInventarioMini] [           main]&amp#27;[0;39m &amp#27;[2m&amp#27;[0;39m&amp#27;[36mo.h.q.sqm.function.SqmFunctionRegistry  &amp#27;[0;39m &amp#27;[2m:&amp#27;[0;39m Registering alternate key : char -> chr
&amp#27;[2m2024-06-29T19:03:26.126-06:00&amp#27;[0;39m &amp#27;[32mDEBUG&amp#27;[0;39m &amp#27;[35m4020&amp#27;[0;39m &amp#27;[2m---&amp#27;[0;39m &amp#27;[2m[ApiInventarioMini] [           main]&amp#27;[0;39m &amp#27;[2m&amp#27;[0;39m&amp#27;[36mo.h.q.sqm.function.SqmFunctionRegistry  &amp#27;[0;39m &amp#27;[2m:&amp#27;[0;39m Registered SqmFunctionTemplate [org.hibernate.query.sqm.function.PatternBasedSqmFunctionDescriptor@1dfe5dd1] under position; prior registration was org.hibernate.dialect.function.LocatePositionEmulation@1c788d08
&amp#27;[2m2024-06-29T19:03:26.126-06:00&amp#27;[0;39m &amp#27;[32mDEBUG&amp#27;[0;39m &amp#27;[35m4020&amp#27;[0;39m &amp#27;[2m---&amp#27;[0;39m &amp#27;[2m[ApiInventarioMini] [           main]&amp#27;[0;39m &amp#27;[2m&amp#27;[0;39m&amp#27;[36mo.h.q.sqm.function.SqmFunctionRegistry  &amp#27;[0;39m &amp#27;[2m:&amp#27;[0;39m Registered SqmFunctionTemplate [org.hibernate.query.sqm.function.PatternBasedSqmFunctionDescriptor@1fe05fff] under bitand; prior registration was null
&amp#27;[2m2024-06-29T19:03:26.126-06:00&amp#27;[0;39m &amp#27;[32mDEBUG&amp#27;[0;39m &amp#27;[35m4020&amp#27;[0;39m &amp#27;[2m---&amp#27;[0;39m &amp#27;[2m[ApiInventarioMini] [           main]&amp#27;[0;39m &amp#27;[2m&amp#27;[0;39m&amp#27;[36mo.h.q.sqm.function.SqmFunctionRegistry  &amp#27;[0;39m &amp#27;[2m:&amp#27;[0;39m Registered SqmFunctionTemplate [org.hibernate.query.sqm.function.PatternBasedSqmFunctionDescriptor@6e017950] under bitor; prior registration was null
&amp#27;[2m2024-06-29T19:03:26.127-06:00&amp#27;[0;39m &amp#27;[32mDEBUG&amp#27;[0;39m &amp#27;[35m4020&amp#27;[0;39m &amp#27;[2m---&amp#27;[0;39m &amp#27;[2m[ApiInventarioMini] [           main]&amp#27;[0;39m &amp#27;[2m&amp#27;[0;39m&amp#27;[36mo.h.q.sqm.function.SqmFunctionRegistry  &amp#27;[0;39m &amp#27;[2m:&amp#27;[0;39m Registered SqmFunctionTemplate [org.hibernate.query.sqm.function.PatternBasedSqmFunctionDescriptor@1d06801f] under bitxor; prior registration was null
&amp#27;[2m2024-06-29T19:03:26.127-06:00&amp#27;[0;39m &amp#27;[32mDEBUG&amp#27;[0;39m &amp#27;[35m4020&amp#27;[0;39m &amp#27;[2m---&amp#27;[0;39m &amp#27;[2m[ApiInventarioMini] [           main]&amp#27;[0;39m &amp#27;[2m&amp#27;[0;39m&amp#27;[36mo.h.q.sqm.function.SqmFunctionRegistry  &amp#27;[0;39m &amp#27;[2m:&amp#27;[0;39m Registered SqmFunctionTemplate [org.hibernate.query.sqm.function.PatternBasedSqmFunctionDescriptor@727956bb] under bitnot; prior registration was null
&amp#27;[2m2024-06-29T19:03:26.127-06:00&amp#27;[0;39m &amp#27;[32mDEBUG&amp#27;[0;39m &amp#27;[35m4020&amp#27;[0;39m &amp#27;[2m---&amp#27;[0;39m &amp#27;[2m[ApiInventarioMini] [           main]&amp#27;[0;39m &amp#27;[2m&amp#27;[0;39m&amp#27;[36mo.h.q.sqm.function.SqmFunctionRegistry  &amp#27;[0;39m &amp#27;[2m:&amp#27;[0;39m Registered SqmFunctionTemplate [NamedSqmFunctionTemplate(bit_and)] under bit_and; prior registration was null
&amp#27;[2m2024-06-29T19:03:26.127-06:00&amp#27;[0;39m &amp#27;[32mDEBUG&amp#27;[0;39m &amp#27;[35m4020&amp#27;[0;39m &amp#27;[2m---&amp#27;[0;39m &amp#27;[2m[ApiInventarioMini] [           main]&amp#27;[0;39m &amp#27;[2m&amp#27;[0;39m&amp#27;[36mo.h.q.sqm.function.SqmFunctionRegistry  &amp#27;[0;39m &amp#27;[2m:&amp#27;[0;39m Registered SqmFunctionTemplate [NamedSqmFunctionTemplate(bit_or)] under bit_or; prior registration was null
&amp#27;[2m2024-06-29T19:03:26.127-06:00&amp#27;[0;39m &amp#27;[32mDEBUG&amp#27;[0;39m &amp#27;[35m4020&amp#27;[0;39m &amp#27;[2m---&amp#27;[0;39m &amp#27;[2m[ApiInventarioMini] [           main]&amp#27;[0;39m &amp#27;[2m&amp#27;[0;39m&amp#27;[36mo.h.q.sqm.function.SqmFunctionRegistry  &amp#27;[0;39m &amp#27;[2m:&amp#27;[0;39m Registered SqmFunctionTemplate [NamedSqmFunctionTemplate(bool_and)] under bool_and; prior registration was null
&amp#27;[2m2024-06-29T19:03:26.127-06:00&amp#27;[0;39m &amp#27;[32mDEBUG&amp#27;[0;39m &amp#27;[35m4020&amp#27;[0;39m &amp#27;[2m---&amp#27;[0;39m &amp#27;[2m[ApiInventarioMini] [           main]&amp#27;[0;39m &amp#27;[2m&amp#27;[0;39m&amp#27;[36mo.h.q.sqm.function.SqmFunctionRegistry  &amp#27;[0;39m &amp#27;[2m:&amp#27;[0;39m Registering alternate key : every -> bool_and
&amp#27;[2m2024-06-29T19:03:26.127-06:00&amp#27;[0;39m &amp#27;[32mDEBUG&amp#27;[0;39m &amp#27;[35m4020&amp#27;[0;39m &amp#27;[2m---&amp#27;[0;39m &amp#27;[2m[ApiInventarioMini] [           main]&amp#27;[0;39m &amp#27;[2m&amp#27;[0;39m&amp#27;[36mo.h.q.sqm.function.SqmFunctionRegistry  &amp#27;[0;39m &amp#27;[2m:&amp#27;[0;39m Registered SqmFunctionTemplate [NamedSqmFunctionTemplate(bool_or)] under bool_or; prior registration was null
&amp#27;[2m2024-06-29T19:03:26.127-06:00&amp#27;[0;39m &amp#27;[32mDEBUG&amp#27;[0;39m &amp#27;[35m4020&amp#27;[0;39m &amp#27;[2m---&amp#27;[0;39m &amp#27;[2m[ApiInventarioMini] [           main]&amp#27;[0;39m &amp#27;[2m&amp#27;[0;39m&amp#27;[36mo.h.q.sqm.function.SqmFunctionRegistry  &amp#27;[0;39m &amp#27;[2m:&amp#27;[0;39m Registering alternate key : any -> bool_or
&amp#27;[2m2024-06-29T19:03:26.127-06:00&amp#27;[0;39m &amp#27;[32mDEBUG&amp#27;[0;39m &amp#27;[35m4020&amp#27;[0;39m &amp#27;[2m---&amp#27;[0;39m &amp#27;[2m[ApiInventarioMini] [           main]&amp#27;[0;39m &amp#27;[2m&amp#27;[0;39m&amp#27;[36mo.h.q.sqm.function.SqmFunctionRegistry  &amp#27;[0;39m &amp#27;[2m:&amp#27;[0;39m Registered SqmFunctionTemplate [org.hibernate.query.sqm.function.PatternBasedSqmFunctionDescriptor@6ffbf0ac] under median; prior registration was null
&amp#27;[2m2024-06-29T19:03:26.127-06:00&amp#27;[0;39m &amp#27;[32mDEBUG&amp#27;[0;39m &amp#27;[35m4020&amp#27;[0;39m &amp#27;[2m---&amp#27;[0;39m &amp#27;[2m[ApiInventarioMini] [           main]&amp#27;[0;39m &amp#27;[2m&amp#27;[0;39m&amp#27;[36mo.h.q.sqm.function.SqmFunctionRegistry  &amp#27;[0;39m &amp#27;[2m:&amp#27;[0;39m Registered SqmFunctionTemplate [NamedSqmFunctionTemplate(stddev)] under stddev; prior registration was null
&amp#27;[2m2024-06-29T19:03:26.127-06:00&amp#27;[0;39m &amp#27;[32mDEBUG&amp#27;[0;39m &amp#27;[35m4020&amp#27;[0;39m &amp#27;[2m---&amp#27;[0;39m &amp#27;[2m[ApiInventarioMini] [           main]&amp#27;[0;39m &amp#27;[2m&amp#27;[0;39m&amp#27;[36mo.h.q.sqm.function.SqmFunctionRegistry  &amp#27;[0;39m &amp#27;[2m:&amp#27;[0;39m Registered SqmFunctionTemplate [NamedSqmFunctionTemplate(stddev_pop)] under stddev_pop; prior registration was null
&amp#27;[2m2024-06-29T19:03:26.127-06:00&amp#27;[0;39m &amp#27;[32mDEBUG&amp#27;[0;39m &amp#27;[35m4020&amp#27;[0;39m &amp#27;[2m---&amp#27;[0;39m &amp#27;[2m[ApiInventarioMini] [           main]&amp#27;[0;39m &amp#27;[2m&amp#27;[0;39m&amp#27;[36mo.h.q.sqm.function.SqmFunctionRegistry  &amp#27;[0;39m &amp#27;[2m:&amp#27;[0;39m Registered SqmFunctionTemplate [NamedSqmFunctionTemplate(stddev_samp)] under stddev_samp; prior registration was null
&amp#27;[2m2024-06-29T19:03:26.127-06:00&amp#27;[0;39m &amp#27;[32mDEBUG&amp#27;[0;39m &amp#27;[35m4020&amp#27;[0;39m &amp#27;[2m---&amp#27;[0;39m &amp#27;[2m[ApiInventarioMini] [           main]&amp#27;[0;39m &amp#27;[2m&amp#27;[0;39m&amp#27;[36mo.h.q.sqm.function.SqmFunctionRegistry  &amp#27;[0;39m &amp#27;[2m:&amp#27;[0;39m Registered SqmFunctionTemplate [NamedSqmFunctionTemplate(variance)] under variance; prior registration was null
&amp#27;[2m2024-06-29T19:03:26.127-06:00&amp#27;[0;39m &amp#27;[32mDEBUG&amp#27;[0;39m &amp#27;[35m4020&amp#27;[0;39m &amp#27;[2m---&amp#27;[0;39m &amp#27;[2m[ApiInventarioMini] [           main]&amp#27;[0;39m &amp#27;[2m&amp#27;[0;39m&amp#27;[36mo.h.q.sqm.function.SqmFunctionRegistry  &amp#27;[0;39m &amp#27;[2m:&amp#27;[0;39m Registered SqmFunctionTemplate [NamedSqmFunctionTemplate(var_pop)] under var_pop; prior registration was null
&amp#27;[2m2024-06-29T19:03:26.127-06:00&amp#27;[0;39m &amp#27;[32mDEBUG&amp#27;[0;39m &amp#27;[35m4020&amp#27;[0;39m &amp#27;[2m---&amp#27;[0;39m &amp#27;[2m[ApiInventarioMini] [           main]&amp#27;[0;39m &amp#27;[2m&amp#27;[0;39m&amp#27;[36mo.h.q.sqm.function.SqmFunctionRegistry  &amp#27;[0;39m &amp#27;[2m:&amp#27;[0;39m Registered SqmFunctionTemplate [NamedSqmFunctionTemplate(var_samp)] under var_samp; prior registration was null
&amp#27;[2m2024-06-29T19:03:26.127-06:00&amp#27;[0;39m &amp#27;[32mDEBUG&amp#27;[0;39m &amp#27;[35m4020&amp#27;[0;39m &amp#27;[2m---&amp#27;[0;39m &amp#27;[2m[ApiInventarioMini] [           main]&amp#27;[0;39m &amp#27;[2m&amp#27;[0;39m&amp#27;[36mo.h.q.sqm.function.SqmFunctionRegistry  &amp#27;[0;39m &amp#27;[2m:&amp#27;[0;39m Registered SqmFunctionTemplate [NamedSqmFunctionTemplate(covar_pop)] under covar_pop; prior registration was null
&amp#27;[2m2024-06-29T19:03:26.127-06:00&amp#27;[0;39m &amp#27;[32mDEBUG&amp#27;[0;39m &amp#27;[35m4020&amp#27;[0;39m &amp#27;[2m---&amp#27;[0;39m &amp#27;[2m[ApiInventarioMini] [           main]&amp#27;[0;39m &amp#27;[2m&amp#27;[0;39m&amp#27;[36mo.h.q.sqm.function.SqmFunctionRegistry  &amp#27;[0;39m &amp#27;[2m:&amp#27;[0;39m Registered SqmFunctionTemplate [NamedSqmFunctionTemplate(covar_samp)] under covar_samp; prior registration was null
&amp#27;[2m2024-06-29T19:03:26.127-06:00&amp#27;[0;39m &amp#27;[32mDEBUG&amp#27;[0;39m &amp#27;[35m4020&amp#27;[0;39m &amp#27;[2m---&amp#27;[0;39m &amp#27;[2m[ApiInventarioMini] [           main]&amp#27;[0;39m &amp#27;[2m&amp#27;[0;39m&amp#27;[36mo.h.q.sqm.function.SqmFunctionRegistry  &amp#27;[0;39m &amp#27;[2m:&amp#27;[0;39m Registered SqmFunctionTemplate [NamedSqmFunctionTemplate(corr)] under corr; prior registration was null
&amp#27;[2m2024-06-29T19:03:26.127-06:00&amp#27;[0;39m &amp#27;[32mDEBUG&amp#27;[0;39m &amp#27;[35m4020&amp#27;[0;39m &amp#27;[2m---&amp#27;[0;39m &amp#27;[2m[ApiInventarioMini] [           main]&amp#27;[0;39m &amp#27;[2m&amp#27;[0;39m&amp#27;[36mo.h.q.sqm.function.SqmFunctionRegistry  &amp#27;[0;39m &amp#27;[2m:&amp#27;[0;39m Registered SqmFunctionTemplate [NamedSqmFunctionTemplate(regr_avgx)] under regr_avgx; prior registration was null
&amp#27;[2m2024-06-29T19:03:26.127-06:00&amp#27;[0;39m &amp#27;[32mDEBUG&amp#27;[0;39m &amp#27;[35m4020&amp#27;[0;39m &amp#27;[2m---&amp#27;[0;39m &amp#27;[2m[ApiInventarioMini] [           main]&amp#27;[0;39m &amp#27;[2m&amp#27;[0;39m&amp#27;[36mo.h.q.sqm.function.SqmFunctionRegistry  &amp#27;[0;39m &amp#27;[2m:&amp#27;[0;39m Registered SqmFunctionTemplate [NamedSqmFunctionTemplate(regr_avgy)] under regr_avgy; prior registration was null
&amp#27;[2m2024-06-29T19:03:26.127-06:00&amp#27;[0;39m &amp#27;[32mDEBUG&amp#27;[0;39m &amp#27;[35m4020&amp#27;[0;39m &amp#27;[2m---&amp#27;[0;39m &amp#27;[2m[ApiInventarioMini] [           main]&amp#27;[0;39m &amp#27;[2m&amp#27;[0;39m&amp#27;[36mo.h.q.sqm.function.SqmFunctionRegistry  &amp#27;[0;39m &amp#27;[2m:&amp#27;[0;39m Registered SqmFunctionTemplate [NamedSqmFunctionTemplate(regr_count)] under regr_count; prior registration was null
&amp#27;[2m2024-06-29T19:03:26.127-06:00&amp#27;[0;39m &amp#27;[32mDEBUG&amp#27;[0;39m &amp#27;[35m4020&amp#27;[0;39m &amp#27;[2m---&amp#27;[0;39m &amp#27;[2m[ApiInventarioMini] [           main]&amp#27;[0;39m &amp#27;[2m&amp#27;[0;39m&amp#27;[36mo.h.q.sqm.function.SqmFunctionRegistry  &amp#27;[0;39m &amp#27;[2m:&amp#27;[0;39m Registered SqmFunctionTemplate [NamedSqmFunctionTemplate(regr_intercept)] under regr_intercept; prior registration was null
&amp#27;[2m2024-06-29T19:03:26.127-06:00&amp#27;[0;39m &amp#27;[32mDEBUG&amp#27;[0;39m &amp#27;[35m4020&amp#27;[0;39m &amp#27;[2m---&amp#27;[0;39m &amp#27;[2m[ApiInventarioMini] [           main]&amp#27;[0;39m &amp#27;[2m&amp#27;[0;39m&amp#27;[36mo.h.q.sqm.function.SqmFunctionRegistry  &amp#27;[0;39m &amp#27;[2m:&amp#27;[0;39m Registered SqmFunctionTemplate [NamedSqmFunctionTemplate(regr_r2)] under regr_r2; prior registration was null
&amp#27;[2m2024-06-29T19:03:26.127-06:00&amp#27;[0;39m &amp#27;[32mDEBUG&amp#27;[0;39m &amp#27;[35m4020&amp#27;[0;39m &amp#27;[2m---&amp#27;[0;39m &amp#27;[2m[ApiInventarioMini] [           main]&amp#27;[0;39m &amp#27;[2m&amp#27;[0;39m&amp#27;[36mo.h.q.sqm.function.SqmFunctionRegistry  &amp#27;[0;39m &amp#27;[2m:&amp#27;[0;39m Registered SqmFunctionTemplate [NamedSqmFunctionTemplate(regr_slope)] under regr_slope; prior registration was null
&amp#27;[2m2024-06-29T19:03:26.127-06:00&amp#27;[0;39m &amp#27;[32mDEBUG&amp#27;[0;39m &amp#27;[35m4020&amp#27;[0;39m &amp#27;[2m---&amp#27;[0;39m &amp#27;[2m[ApiInventarioMini] [           main]&amp#27;[0;39m &amp#27;[2m&amp#27;[0;39m&amp#27;[36mo.h.q.sqm.function.SqmFunctionRegistry  &amp#27;[0;39m &amp#27;[2m:&amp#27;[0;39m Registered SqmFunctionTemplate [NamedSqmFunctionTemplate(regr_sxx)] under regr_sxx; prior registration was null
&amp#27;[2m2024-06-29T19:03:26.127-06:00&amp#27;[0;39m &amp#27;[32mDEBUG&amp#27;[0;39m &amp#27;[35m4020&amp#27;[0;39m &amp#27;[2m---&amp#27;[0;39m &amp#27;[2m[ApiInventarioMini] [           main]&amp#27;[0;39m &amp#27;[2m&amp#27;[0;39m&amp#27;[36mo.h.q.sqm.function.SqmFunctionRegistry  &amp#27;[0;39m &amp#27;[2m:&amp#27;[0;39m Registered SqmFunctionTemplate [NamedSqmFunctionTemplate(regr_sxy)] under regr_sxy; prior registration was null
&amp#27;[2m2024-06-29T19:03:26.127-06:00&amp#27;[0;39m &amp#27;[32mDEBUG&amp#27;[0;39m &amp#27;[35m4020&amp#27;[0;39m &amp#27;[2m---&amp#27;[0;39m &amp#27;[2m[ApiInventarioMini] [           main]&amp#27;[0;39m &amp#27;[2m&amp#27;[0;39m&amp#27;[36mo.h.q.sqm.function.SqmFunctionRegistry  &amp#27;[0;39m &amp#27;[2m:&amp#27;[0;39m Registered SqmFunctionTemplate [NamedSqmFunctionTemplate(regr_syy)] under regr_syy; prior registration was null
&amp#27;[2m2024-06-29T19:03:26.127-06:00&amp#27;[0;39m &amp#27;[32mDEBUG&amp#27;[0;39m &amp#27;[35m4020&amp#27;[0;39m &amp#27;[2m---&amp#27;[0;39m &amp#27;[2m[ApiInventarioMini] [           main]&amp#27;[0;39m &amp#27;[2m&amp#27;[0;39m&amp#27;[36mo.h.q.sqm.function.SqmFunctionRegistry  &amp#27;[0;39m &amp#27;[2m:&amp#27;[0;39m Registered SqmFunctionTemplate [org.hibernate.query.sqm.function.PatternBasedSqmFunctionDescriptor@237aa0c7] under insert; prior registration was null
&amp#27;[2m2024-06-29T19:03:26.128-06:00&amp#27;[0;39m &amp#27;[32mDEBUG&amp#27;[0;39m &amp#27;[35m4020&amp#27;[0;39m &amp#27;[2m---&amp#27;[0;39m &amp#27;[2m[ApiInventarioMini] [           main]&amp#27;[0;39m &amp#27;[2m&amp#27;[0;39m&amp#27;[36mo.h.q.sqm.function.SqmFunctionRegistry  &amp#27;[0;39m &amp#27;[2m:&amp#27;[0;39m Registered SqmFunctionTemplate [org.hibernate.query.sqm.function.MultipatternSqmFunctionDescriptor@79445efb] under overlay; prior registration was org.hibernate.dialect.function.InsertSubstringOverlayEmulation@2de7c84a
&amp#27;[2m2024-06-29T19:03:26.128-06:00&amp#27;[0;39m &amp#27;[32mDEBUG&amp#27;[0;39m &amp#27;[35m4020&amp#27;[0;39m &amp#27;[2m---&amp#27;[0;39m &amp#27;[2m[ApiInventarioMini] [           main]&amp#27;[0;39m &amp#27;[2m&amp#27;[0;39m&amp#27;[36mo.h.q.sqm.function.SqmFunctionRegistry  &amp#27;[0;39m &amp#27;[2m:&amp#27;[0;39m Registered SqmFunctionTemplate [NamedSqmFunctionTemplate(soundex)] under soundex; prior registration was null
&amp#27;[2m2024-06-29T19:03:26.128-06:00&amp#27;[0;39m &amp#27;[32mDEBUG&amp#27;[0;39m &amp#27;[35m4020&amp#27;[0;39m &amp#27;[2m---&amp#27;[0;39m &amp#27;[2m[ApiInventarioMini] [           main]&amp#27;[0;39m &amp#27;[2m&amp#27;[0;39m&amp#27;[36mo.h.q.sqm.function.SqmFunctionRegistry  &amp#27;[0;39m &amp#27;[2m:&amp#27;[0;39m Registered SqmFunctionTemplate [org.hibernate.query.sqm.function.MultipatternSqmFunctionDescriptor@1592e540] under locate; prior registration was NamedSqmFunctionTemplate(locate)
&amp#27;[2m2024-06-29T19:03:26.128-06:00&amp#27;[0;39m &amp#27;[32mDEBUG&amp#27;[0;39m &amp#27;[35m4020&amp#27;[0;39m &amp#27;[2m---&amp#27;[0;39m &amp#27;[2m[ApiInventarioMini] [           main]&amp#27;[0;39m &amp#27;[2m&amp#27;[0;39m&amp#27;[36mo.h.q.sqm.function.SqmFunctionRegistry  &amp#27;[0;39m &amp#27;[2m:&amp#27;[0;39m Registered SqmFunctionTemplate [NamedSqmFunctionTemplate(row_number)] under row_number; prior registration was null
&amp#27;[2m2024-06-29T19:03:26.129-06:00&amp#27;[0;39m &amp#27;[32mDEBUG&amp#27;[0;39m &amp#27;[35m4020&amp#27;[0;39m &amp#27;[2m---&amp#27;[0;39m &amp#27;[2m[ApiInventarioMini] [           main]&amp#27;[0;39m &amp#27;[2m&amp#27;[0;39m&amp#27;[36mo.h.q.sqm.function.SqmFunctionRegistry  &amp#27;[0;39m &amp#27;[2m:&amp#27;[0;39m Registered SqmFunctionTemplate [NamedSqmFunctionTemplate(lag)] under lag; prior registration was null
&amp#27;[2m2024-06-29T19:03:26.129-06:00&amp#27;[0;39m &amp#27;[32mDEBUG&amp#27;[0;39m &amp#27;[35m4020&amp#27;[0;39m &amp#27;[2m---&amp#27;[0;39m &amp#27;[2m[ApiInventarioMini] [           main]&amp#27;[0;39m &amp#27;[2m&amp#27;[0;39m&amp#27;[36mo.h.q.sqm.function.SqmFunctionRegistry  &amp#27;[0;39m &amp#27;[2m:&amp#27;[0;39m Registered SqmFunctionTemplate [NamedSqmFunctionTemplate(lead)] under lead; prior registration was null
&amp#27;[2m2024-06-29T19:03:26.129-06:00&amp#27;[0;39m &amp#27;[32mDEBUG&amp#27;[0;39m &amp#27;[35m4020&amp#27;[0;39m &amp#27;[2m---&amp#27;[0;39m &amp#27;[2m[ApiInventarioMini] [           main]&amp#27;[0;39m &amp#27;[2m&amp#27;[0;39m&amp#27;[36mo.h.q.sqm.function.SqmFunctionRegistry  &amp#27;[0;39m &amp#27;[2m:&amp#27;[0;39m Registered SqmFunctionTemplate [NamedSqmFunctionTemplate(first_value)] under first_value; prior registration was null
&amp#27;[2m2024-06-29T19:03:26.129-06:00&amp#27;[0;39m &amp#27;[32mDEBUG&amp#27;[0;39m &amp#27;[35m4020&amp#27;[0;39m &amp#27;[2m---&amp#27;[0;39m &amp#27;[2m[ApiInventarioMini] [           main]&amp#27;[0;39m &amp#27;[2m&amp#27;[0;39m&amp#27;[36mo.h.q.sqm.function.SqmFunctionRegistry  &amp#27;[0;39m &amp#27;[2m:&amp#27;[0;39m Registered SqmFunctionTemplate [NamedSqmFunctionTemplate(last_value)] under last_value; prior registration was null
&amp#27;[2m2024-06-29T19:03:26.129-06:00&amp#27;[0;39m &amp#27;[32mDEBUG&amp#27;[0;39m &amp#27;[35m4020&amp#27;[0;39m &amp#27;[2m---&amp#27;[0;39m &amp#27;[2m[ApiInventarioMini] [           main]&amp#27;[0;39m &amp#27;[2m&amp#27;[0;39m&amp#27;[36mo.h.q.sqm.function.SqmFunctionRegistry  &amp#27;[0;39m &amp#27;[2m:&amp#27;[0;39m Registered SqmFunctionTemplate [NamedSqmFunctionTemplate(nth_value)] under nth_value; prior registration was null
&amp#27;[2m2024-06-29T19:03:26.129-06:00&amp#27;[0;39m &amp#27;[32mDEBUG&amp#27;[0;39m &amp#27;[35m4020&amp#27;[0;39m &amp#27;[2m---&amp#27;[0;39m &amp#27;[2m[ApiInventarioMini] [           main]&amp#27;[0;39m &amp#27;[2m&amp#27;[0;39m&amp#27;[36mo.h.q.sqm.function.SqmFunctionRegistry  &amp#27;[0;39m &amp#27;[2m:&amp#27;[0;39m Registered SqmFunctionTemplate [org.hibernate.dialect.function.ListaggStringAggEmulation@2b1d1a5] under listagg; prior registration was null
&amp#27;[2m2024-06-29T19:03:26.131-06:00&amp#27;[0;39m &amp#27;[32mDEBUG&amp#27;[0;39m &amp#27;[35m4020&amp#27;[0;39m &amp#27;[2m---&amp#27;[0;39m &amp#27;[2m[ApiInventarioMini] [           main]&amp#27;[0;39m &amp#27;[2m&amp#27;[0;39m&amp#27;[36mo.h.q.sqm.function.SqmFunctionRegistry  &amp#27;[0;39m &amp#27;[2m:&amp#27;[0;39m Registered SqmFunctionTemplate [org.hibernate.dialect.function.array.PostgreSQLArrayConstructorFunction@5eee3da9] under array; prior registration was null
&amp#27;[2m2024-06-29T19:03:26.131-06:00&amp#27;[0;39m &amp#27;[32mDEBUG&amp#27;[0;39m &amp#27;[35m4020&amp#27;[0;39m &amp#27;[2m---&amp#27;[0;39m &amp#27;[2m[ApiInventarioMini] [           main]&amp#27;[0;39m &amp#27;[2m&amp#27;[0;39m&amp#27;[36mo.h.q.sqm.function.SqmFunctionRegistry  &amp#27;[0;39m &amp#27;[2m:&amp#27;[0;39m Registered SqmFunctionTemplate [org.hibernate.dialect.function.array.PostgreSQLArrayConstructorFunction@ace2408] under array_list; prior registration was null
&amp#27;[2m2024-06-29T19:03:26.131-06:00&amp#27;[0;39m &amp#27;[32mDEBUG&amp#27;[0;39m &amp#27;[35m4020&amp#27;[0;39m &amp#27;[2m---&amp#27;[0;39m &amp#27;[2m[ApiInventarioMini] [           main]&amp#27;[0;39m &amp#27;[2m&amp#27;[0;39m&amp#27;[36mo.h.q.sqm.function.SqmFunctionRegistry  &amp#27;[0;39m &amp#27;[2m:&amp#27;[0;39m Registered SqmFunctionTemplate [org.hibernate.dialect.function.array.ArrayAggFunction@5178345d] under array_agg; prior registration was null
&amp#27;[2m2024-06-29T19:03:26.133-06:00&amp#27;[0;39m &amp#27;[32mDEBUG&amp#27;[0;39m &amp#27;[35m4020&amp#27;[0;39m &amp#27;[2m---&amp#27;[0;39m &amp#27;[2m[ApiInventarioMini] [           main]&amp#27;[0;39m &amp#27;[2m&amp#27;[0;39m&amp#27;[36mo.h.q.sqm.function.SqmFunctionRegistry  &amp#27;[0;39m &amp#27;[2m:&amp#27;[0;39m Registered SqmFunctionTemplate [org.hibernate.dialect.function.array.PostgreSQLArrayPositionFunction@395eb363] under array_position; prior registration was null
&amp#27;[2m2024-06-29T19:03:26.136-06:00&amp#27;[0;39m &amp#27;[32mDEBUG&amp#27;[0;39m &amp#27;[35m4020&amp#27;[0;39m &amp#27;[2m---&amp#27;[0;39m &amp#27;[2m[ApiInventarioMini] [           main]&amp#27;[0;39m &amp#27;[2m&amp#27;[0;39m&amp#27;[36mo.h.q.sqm.function.SqmFunctionRegistry  &amp#27;[0;39m &amp#27;[2m:&amp#27;[0;39m Registered SqmFunctionTemplate [org.hibernate.dialect.function.array.PostgreSQLArrayPositionsFunction@6b3b4f37] under array_positions; prior registration was null
&amp#27;[2m2024-06-29T19:03:26.137-06:00&amp#27;[0;39m &amp#27;[32mDEBUG&amp#27;[0;39m &amp#27;[35m4020&amp#27;[0;39m &amp#27;[2m---&amp#27;[0;39m &amp#27;[2m[ApiInventarioMini] [           main]&amp#27;[0;39m &amp#27;[2m&amp#27;[0;39m&amp#27;[36mo.h.q.sqm.function.SqmFunctionRegistry  &amp#27;[0;39m &amp#27;[2m:&amp#27;[0;39m Registered SqmFunctionTemplate [org.hibernate.dialect.function.array.PostgreSQLArrayPositionsFunction@79c1ccf7] under array_positions_list; prior registration was null
&amp#27;[2m2024-06-29T19:03:26.137-06:00&amp#27;[0;39m &amp#27;[32mDEBUG&amp#27;[0;39m &amp#27;[35m4020&amp#27;[0;39m &amp#27;[2m---&amp#27;[0;39m &amp#27;[2m[ApiInventarioMini] [           main]&amp#27;[0;39m &amp#27;[2m&amp#27;[0;39m&amp#27;[36mo.h.q.sqm.function.SqmFunctionRegistry  &amp#27;[0;39m &amp#27;[2m:&amp#27;[0;39m Registered SqmFunctionTemplate [org.hibernate.query.sqm.function.PatternBasedSqmFunctionDescriptor@4654e373] under array_length; prior registration was null
&amp#27;[2m2024-06-29T19:03:26.137-06:00&amp#27;[0;39m &amp#27;[32mDEBUG&amp#27;[0;39m &amp#27;[35m4020&amp#27;[0;39m &amp#27;[2m---&amp#27;[0;39m &amp#27;[2m[ApiInventarioMini] [           main]&amp#27;[0;39m &amp#27;[2m&amp#27;[0;39m&amp#27;[36mo.h.q.sqm.function.SqmFunctionRegistry  &amp#27;[0;39m &amp#27;[2m:&amp#27;[0;39m Registered SqmFunctionTemplate [org.hibernate.dialect.function.array.PostgreSQLArrayConcatFunction@2ec92631] under array_concat; prior registration was null
&amp#27;[2m2024-06-29T19:03:26.138-06:00&amp#27;[0;39m &amp#27;[32mDEBUG&amp#27;[0;39m &amp#27;[35m4020&amp#27;[0;39m &amp#27;[2m---&amp#27;[0;39m &amp#27;[2m[ApiInventarioMini] [           main]&amp#27;[0;39m &amp#27;[2m&amp#27;[0;39m&amp#27;[36mo.h.q.sqm.function.SqmFunctionRegistry  &amp#27;[0;39m &amp#27;[2m:&amp#27;[0;39m Registered SqmFunctionTemplate [org.hibernate.dialect.function.array.PostgreSQLArrayConcatElementFunction@6b64429e] under array_prepend; prior registration was null
&amp#27;[2m2024-06-29T19:03:26.138-06:00&amp#27;[0;39m &amp#27;[32mDEBUG&amp#27;[0;39m &amp#27;[35m4020&amp#27;[0;39m &amp#27;[2m---&amp#27;[0;39m &amp#27;[2m[ApiInventarioMini] [           main]&amp#27;[0;39m &amp#27;[2m&amp#27;[0;39m&amp#27;[36mo.h.q.sqm.function.SqmFunctionRegistry  &amp#27;[0;39m &amp#27;[2m:&amp#27;[0;39m Registered SqmFunctionTemplate [org.hibernate.dialect.function.array.PostgreSQLArrayConcatElementFunction@48aa0813] under array_append; prior registration was null
&amp#27;[2m2024-06-29T19:03:26.138-06:00&amp#27;[0;39m &amp#27;[32mDEBUG&amp#27;[0;39m &amp#27;[35m4020&amp#27;[0;39m &amp#27;[2m---&amp#27;[0;39m &amp#27;[2m[ApiInventarioMini] [           main]&amp#27;[0;39m &amp#27;[2m&amp#27;[0;39m&amp#27;[36mo.h.q.sqm.function.SqmFunctionRegistry  &amp#27;[0;39m &amp#27;[2m:&amp#27;[0;39m Registered SqmFunctionTemplate [org.hibernate.dialect.function.array.ArrayContainsOperatorFunction@2a531637] under array_contains; prior registration was null
&amp#27;[2m2024-06-29T19:03:26.138-06:00&amp#27;[0;39m &amp#27;[32mDEBUG&amp#27;[0;39m &amp#27;[35m4020&amp#27;[0;39m &amp#27;[2m---&amp#27;[0;39m &amp#27;[2m[ApiInventarioMini] [           main]&amp#27;[0;39m &amp#27;[2m&amp#27;[0;39m&amp#27;[36mo.h.q.sqm.function.SqmFunctionRegistry  &amp#27;[0;39m &amp#27;[2m:&amp#27;[0;39m Registered SqmFunctionTemplate [org.hibernate.dialect.function.array.ArrayContainsOperatorFunction@539ee811] under array_contains_nullable; prior registration was null
&amp#27;[2m2024-06-29T19:03:26.139-06:00&amp#27;[0;39m &amp#27;[32mDEBUG&amp#27;[0;39m &amp#27;[35m4020&amp#27;[0;39m &amp#27;[2m---&amp#27;[0;39m &amp#27;[2m[ApiInventarioMini] [           main]&amp#27;[0;39m &amp#27;[2m&amp#27;[0;39m&amp#27;[36mo.h.q.sqm.function.SqmFunctionRegistry  &amp#27;[0;39m &amp#27;[2m:&amp#27;[0;39m Registered SqmFunctionTemplate [org.hibernate.dialect.function.array.ArrayOverlapsOperatorFunction@41a8f0d8] under array_overlaps; prior registration was null
&amp#27;[2m2024-06-29T19:03:26.139-06:00&amp#27;[0;39m &amp#27;[32mDEBUG&amp#27;[0;39m &amp#27;[35m4020&amp#27;[0;39m &amp#27;[2m---&amp#27;[0;39m &amp#27;[2m[ApiInventarioMini] [           main]&amp#27;[0;39m &amp#27;[2m&amp#27;[0;39m&amp#27;[36mo.h.q.sqm.function.SqmFunctionRegistry  &amp#27;[0;39m &amp#27;[2m:&amp#27;[0;39m Registered SqmFunctionTemplate [org.hibernate.dialect.function.array.ArrayOverlapsOperatorFunction@30133a11] under array_overlaps_nullable; prior registration was null
&amp#27;[2m2024-06-29T19:03:26.140-06:00&amp#27;[0;39m &amp#27;[32mDEBUG&amp#27;[0;39m &amp#27;[35m4020&amp#27;[0;39m &amp#27;[2m---&amp#27;[0;39m &amp#27;[2m[ApiInventarioMini] [           main]&amp#27;[0;39m &amp#27;[2m&amp#27;[0;39m&amp#27;[36mo.h.q.sqm.function.SqmFunctionRegistry  &amp#27;[0;39m &amp#27;[2m:&amp#27;[0;39m Registered SqmFunctionTemplate [org.hibernate.query.sqm.function.PatternBasedSqmFunctionDescriptor@2ca1e49a] under array_get; prior registration was null
&amp#27;[2m2024-06-29T19:03:26.140-06:00&amp#27;[0;39m &amp#27;[32mDEBUG&amp#27;[0;39m &amp#27;[35m4020&amp#27;[0;39m &amp#27;[2m---&amp#27;[0;39m &amp#27;[2m[ApiInventarioMini] [           main]&amp#27;[0;39m &amp#27;[2m&amp#27;[0;39m&amp#27;[36mo.h.q.sqm.function.SqmFunctionRegistry  &amp#27;[0;39m &amp#27;[2m:&amp#27;[0;39m Registered SqmFunctionTemplate [org.hibernate.dialect.function.array.ArraySetUnnestFunction@163df259] under array_set; prior registration was null
&amp#27;[2m2024-06-29T19:03:26.140-06:00&amp#27;[0;39m &amp#27;[32mDEBUG&amp#27;[0;39m &amp#27;[35m4020&amp#27;[0;39m &amp#27;[2m---&amp#27;[0;39m &amp#27;[2m[ApiInventarioMini] [           main]&amp#27;[0;39m &amp#27;[2m&amp#27;[0;39m&amp#27;[36mo.h.q.sqm.function.SqmFunctionRegistry  &amp#27;[0;39m &amp#27;[2m:&amp#27;[0;39m Registered SqmFunctionTemplate [NamedSqmFunctionTemplate(array_remove)] under array_remove; prior registration was null
&amp#27;[2m2024-06-29T19:03:26.141-06:00&amp#27;[0;39m &amp#27;[32mDEBUG&amp#27;[0;39m &amp#27;[35m4020&amp#27;[0;39m &amp#27;[2m---&amp#27;[0;39m &amp#27;[2m[ApiInventarioMini] [           main]&amp#27;[0;39m &amp#27;[2m&amp#27;[0;39m&amp#27;[36mo.h.q.sqm.function.SqmFunctionRegistry  &amp#27;[0;39m &amp#27;[2m:&amp#27;[0;39m Registered SqmFunctionTemplate [org.hibernate.dialect.function.array.ArrayRemoveIndexUnnestFunction@2f61de04] under array_remove_index; prior registration was null
&amp#27;[2m2024-06-29T19:03:26.141-06:00&amp#27;[0;39m &amp#27;[32mDEBUG&amp#27;[0;39m &amp#27;[35m4020&amp#27;[0;39m &amp#27;[2m---&amp#27;[0;39m &amp#27;[2m[ApiInventarioMini] [           main]&amp#27;[0;39m &amp#27;[2m&amp#27;[0;39m&amp#27;[36mo.h.q.sqm.function.SqmFunctionRegistry  &amp#27;[0;39m &amp#27;[2m:&amp#27;[0;39m Registered SqmFunctionTemplate [org.hibernate.query.sqm.function.PatternBasedSqmFunctionDescriptor@5f5a33ed] under array_slice; prior registration was null
&amp#27;[2m2024-06-29T19:03:26.141-06:00&amp#27;[0;39m &amp#27;[32mDEBUG&amp#27;[0;39m &amp#27;[35m4020&amp#27;[0;39m &amp#27;[2m---&amp#27;[0;39m &amp#27;[2m[ApiInventarioMini] [           main]&amp#27;[0;39m &amp#27;[2m&amp#27;[0;39m&amp#27;[36mo.h.q.sqm.function.SqmFunctionRegistry  &amp#27;[0;39m &amp#27;[2m:&amp#27;[0;39m Registered SqmFunctionTemplate [NamedSqmFunctionTemplate(array_replace)] under array_replace; prior registration was null
&amp#27;[2m2024-06-29T19:03:26.141-06:00&amp#27;[0;39m &amp#27;[32mDEBUG&amp#27;[0;39m &amp#27;[35m4020&amp#27;[0;39m &amp#27;[2m---&amp#27;[0;39m &amp#27;[2m[ApiInventarioMini] [           main]&amp#27;[0;39m &amp#27;[2m&amp#27;[0;39m&amp#27;[36mo.h.q.sqm.function.SqmFunctionRegistry  &amp#27;[0;39m &amp#27;[2m:&amp#27;[0;39m Registered SqmFunctionTemplate [org.hibernate.query.sqm.function.PatternBasedSqmFunctionDescriptor@5b59c3d] under array_trim; prior registration was null
&amp#27;[2m2024-06-29T19:03:26.141-06:00&amp#27;[0;39m &amp#27;[32mDEBUG&amp#27;[0;39m &amp#27;[35m4020&amp#27;[0;39m &amp#27;[2m---&amp#27;[0;39m &amp#27;[2m[ApiInventarioMini] [           main]&amp#27;[0;39m &amp#27;[2m&amp#27;[0;39m&amp#27;[36mo.h.q.sqm.function.SqmFunctionRegistry  &amp#27;[0;39m &amp#27;[2m:&amp#27;[0;39m Registered SqmFunctionTemplate [org.hibernate.dialect.function.array.PostgreSQLArrayFillFunction@d978ab9] under array_fill; prior registration was null
&amp#27;[2m2024-06-29T19:03:26.141-06:00&amp#27;[0;39m &amp#27;[32mDEBUG&amp#27;[0;39m &amp#27;[35m4020&amp#27;[0;39m &amp#27;[2m---&amp#27;[0;39m &amp#27;[2m[ApiInventarioMini] [           main]&amp#27;[0;39m &amp#27;[2m&amp#27;[0;39m&amp#27;[36mo.h.q.sqm.function.SqmFunctionRegistry  &amp#27;[0;39m &amp#27;[2m:&amp#27;[0;39m Registered SqmFunctionTemplate [org.hibernate.dialect.function.array.PostgreSQLArrayFillFunction@3cf06a01] under array_fill_list; prior registration was null
&amp#27;[2m2024-06-29T19:03:26.141-06:00&amp#27;[0;39m &amp#27;[32mDEBUG&amp#27;[0;39m &amp#27;[35m4020&amp#27;[0;39m &amp#27;[2m---&amp#27;[0;39m &amp#27;[2m[ApiInventarioMini] [           main]&amp#27;[0;39m &amp#27;[2m&amp#27;[0;39m&amp#27;[36mo.h.q.sqm.function.SqmFunctionRegistry  &amp#27;[0;39m &amp#27;[2m:&amp#27;[0;39m Registered SqmFunctionTemplate [org.hibernate.dialect.function.array.ArrayToStringFunction@86377d5] under array_to_string; prior registration was null
&amp#27;[2m2024-06-29T19:03:26.141-06:00&amp#27;[0;39m &amp#27;[32mDEBUG&amp#27;[0;39m &amp#27;[35m4020&amp#27;[0;39m &amp#27;[2m---&amp#27;[0;39m &amp#27;[2m[ApiInventarioMini] [           main]&amp#27;[0;39m &amp#27;[2m&amp#27;[0;39m&amp#27;[36mo.h.q.sqm.function.SqmFunctionRegistry  &amp#27;[0;39m &amp#27;[2m:&amp#27;[0;39m Registered SqmFunctionTemplate [NamedSqmFunctionTemplate(make_date)] under make_date; prior registration was null
&amp#27;[2m2024-06-29T19:03:26.141-06:00&amp#27;[0;39m &amp#27;[32mDEBUG&amp#27;[0;39m &amp#27;[35m4020&amp#27;[0;39m &amp#27;[2m---&amp#27;[0;39m &amp#27;[2m[ApiInventarioMini] [           main]&amp#27;[0;39m &amp#27;[2m&amp#27;[0;39m&amp#27;[36mo.h.q.sqm.function.SqmFunctionRegistry  &amp#27;[0;39m &amp#27;[2m:&amp#27;[0;39m Registered SqmFunctionTemplate [NamedSqmFunctionTemplate(make_time)] under make_time; prior registration was null
&amp#27;[2m2024-06-29T19:03:26.141-06:00&amp#27;[0;39m &amp#27;[32mDEBUG&amp#27;[0;39m &amp#27;[35m4020&amp#27;[0;39m &amp#27;[2m---&amp#27;[0;39m &amp#27;[2m[ApiInventarioMini] [           main]&amp#27;[0;39m &amp#27;[2m&amp#27;[0;39m&amp#27;[36mo.h.q.sqm.function.SqmFunctionRegistry  &amp#27;[0;39m &amp#27;[2m:&amp#27;[0;39m Registered SqmFunctionTemplate [NamedSqmFunctionTemplate(make_timestamp)] under make_timestamp; prior registration was null
&amp#27;[2m2024-06-29T19:03:26.141-06:00&amp#27;[0;39m &amp#27;[32mDEBUG&amp#27;[0;39m &amp#27;[35m4020&amp#27;[0;39m &amp#27;[2m---&amp#27;[0;39m &amp#27;[2m[ApiInventarioMini] [           main]&amp#27;[0;39m &amp#27;[2m&amp#27;[0;39m&amp#27;[36mo.h.q.sqm.function.SqmFunctionRegistry  &amp#27;[0;39m &amp#27;[2m:&amp#27;[0;39m Registered SqmFunctionTemplate [NamedSqmFunctionTemplate(make_timestamptz)] under make_timestamptz; prior registration was null
&amp#27;[2m2024-06-29T19:03:26.142-06:00&amp#27;[0;39m &amp#27;[32mDEBUG&amp#27;[0;39m &amp#27;[35m4020&amp#27;[0;39m &amp#27;[2m---&amp#27;[0;39m &amp#27;[2m[ApiInventarioMini] [           main]&amp#27;[0;39m &amp#27;[2m&amp#27;[0;39m&amp#27;[36mo.h.q.sqm.function.SqmFunctionRegistry  &amp#27;[0;39m &amp#27;[2m:&amp#27;[0;39m Registered SqmFunctionTemplate [org.hibernate.dialect.function.InverseDistributionFunction@14d81f2c] under mode; prior registration was null
&amp#27;[2m2024-06-29T19:03:26.142-06:00&amp#27;[0;39m &amp#27;[32mDEBUG&amp#27;[0;39m &amp#27;[35m4020&amp#27;[0;39m &amp#27;[2m---&amp#27;[0;39m &amp#27;[2m[ApiInventarioMini] [           main]&amp#27;[0;39m &amp#27;[2m&amp#27;[0;39m&amp#27;[36mo.h.q.sqm.function.SqmFunctionRegistry  &amp#27;[0;39m &amp#27;[2m:&amp#27;[0;39m Registered SqmFunctionTemplate [org.hibernate.dialect.function.InverseDistributionFunction@5dd3727c] under percentile_cont; prior registration was null
&amp#27;[2m2024-06-29T19:03:26.143-06:00&amp#27;[0;39m &amp#27;[32mDEBUG&amp#27;[0;39m &amp#27;[35m4020&amp#27;[0;39m &amp#27;[2m---&amp#27;[0;39m &amp#27;[2m[ApiInventarioMini] [           main]&amp#27;[0;39m &amp#27;[2m&amp#27;[0;39m&amp#27;[36mo.h.q.sqm.function.SqmFunctionRegistry  &amp#27;[0;39m &amp#27;[2m:&amp#27;[0;39m Registered SqmFunctionTemplate [org.hibernate.dialect.function.InverseDistributionFunction@774013dc] under percentile_disc; prior registration was null
&amp#27;[2m2024-06-29T19:03:26.143-06:00&amp#27;[0;39m &amp#27;[32mDEBUG&amp#27;[0;39m &amp#27;[35m4020&amp#27;[0;39m &amp#27;[2m---&amp#27;[0;39m &amp#27;[2m[ApiInventarioMini] [           main]&amp#27;[0;39m &amp#27;[2m&amp#27;[0;39m&amp#27;[36mo.h.q.sqm.function.SqmFunctionRegistry  &amp#27;[0;39m &amp#27;[2m:&amp#27;[0;39m Registered SqmFunctionTemplate [org.hibernate.dialect.function.HypotheticalSetFunction@474619d9] under rank; prior registration was null
&amp#27;[2m2024-06-29T19:03:26.143-06:00&amp#27;[0;39m &amp#27;[32mDEBUG&amp#27;[0;39m &amp#27;[35m4020&amp#27;[0;39m &amp#27;[2m---&amp#27;[0;39m &amp#27;[2m[ApiInventarioMini] [           main]&amp#27;[0;39m &amp#27;[2m&amp#27;[0;39m&amp#27;[36mo.h.q.sqm.function.SqmFunctionRegistry  &amp#27;[0;39m &amp#27;[2m:&amp#27;[0;39m Registered SqmFunctionTemplate [org.hibernate.dialect.function.HypotheticalSetFunction@bb5f9d] under dense_rank; prior registration was null
&amp#27;[2m2024-06-29T19:03:26.143-06:00&amp#27;[0;39m &amp#27;[32mDEBUG&amp#27;[0;39m &amp#27;[35m4020&amp#27;[0;39m &amp#27;[2m---&amp#27;[0;39m &amp#27;[2m[ApiInventarioMini] [           main]&amp#27;[0;39m &amp#27;[2m&amp#27;[0;39m&amp#27;[36mo.h.q.sqm.function.SqmFunctionRegistry  &amp#27;[0;39m &amp#27;[2m:&amp#27;[0;39m Registered SqmFunctionTemplate [org.hibernate.dialect.function.HypotheticalSetFunction@391dfe7c] under percent_rank; prior registration was null
&amp#27;[2m2024-06-29T19:03:26.143-06:00&amp#27;[0;39m &amp#27;[32mDEBUG&amp#27;[0;39m &amp#27;[35m4020&amp#27;[0;39m &amp#27;[2m---&amp#27;[0;39m &amp#27;[2m[ApiInventarioMini] [           main]&amp#27;[0;39m &amp#27;[2m&amp#27;[0;39m&amp#27;[36mo.h.q.sqm.function.SqmFunctionRegistry  &amp#27;[0;39m &amp#27;[2m:&amp#27;[0;39m Registered SqmFunctionTemplate [org.hibernate.dialect.function.HypotheticalSetFunction@702cfbde] under cume_dist; prior registration was null
&amp#27;[2m2024-06-29T19:03:26.143-06:00&amp#27;[0;39m &amp#27;[32mDEBUG&amp#27;[0;39m &amp#27;[35m4020&amp#27;[0;39m &amp#27;[2m---&amp#27;[0;39m &amp#27;[2m[ApiInventarioMini] [           main]&amp#27;[0;39m &amp#27;[2m&amp#27;[0;39m&amp#27;[36mo.h.q.sqm.function.SqmFunctionRegistry  &amp#27;[0;39m &amp#27;[2m:&amp#27;[0;39m Registered SqmFunctionTemplate [org.hibernate.dialect.function.PostgreSQLMinMaxFunction@1c135f63] under min; prior registration was NamedSqmFunctionTemplate(min)
&amp#27;[2m2024-06-29T19:03:26.143-06:00&amp#27;[0;39m &amp#27;[32mDEBUG&amp#27;[0;39m &amp#27;[35m4020&amp#27;[0;39m &amp#27;[2m---&amp#27;[0;39m &amp#27;[2m[ApiInventarioMini] [           main]&amp#27;[0;39m &amp#27;[2m&amp#27;[0;39m&amp#27;[36mo.h.q.sqm.function.SqmFunctionRegistry  &amp#27;[0;39m &amp#27;[2m:&amp#27;[0;39m Registered SqmFunctionTemplate [org.hibernate.dialect.function.PostgreSQLMinMaxFunction@63c4d16] under max; prior registration was NamedSqmFunctionTemplate(max)
&amp#27;[2m2024-06-29T19:03:26.143-06:00&amp#27;[0;39m &amp#27;[32mDEBUG&amp#27;[0;39m &amp#27;[35m4020&amp#27;[0;39m &amp#27;[2m---&amp#27;[0;39m &amp#27;[2m[ApiInventarioMini] [           main]&amp#27;[0;39m &amp#27;[2m&amp#27;[0;39m&amp#27;[36mo.h.q.sqm.function.SqmFunctionRegistry  &amp#27;[0;39m &amp#27;[2m:&amp#27;[0;39m Registered SqmFunctionTemplate [org.hibernate.dialect.function.PostgreSQLTruncRoundFunction@75959b0c] under round; prior registration was NamedSqmFunctionTemplate(round)
&amp#27;[2m2024-06-29T19:03:26.144-06:00&amp#27;[0;39m &amp#27;[32mDEBUG&amp#27;[0;39m &amp#27;[35m4020&amp#27;[0;39m &amp#27;[2m---&amp#27;[0;39m &amp#27;[2m[ApiInventarioMini] [           main]&amp#27;[0;39m &amp#27;[2m&amp#27;[0;39m&amp#27;[36mo.h.q.sqm.function.SqmFunctionRegistry  &amp#27;[0;39m &amp#27;[2m:&amp#27;[0;39m Registered SqmFunctionTemplate [org.hibernate.dialect.function.PostgreSQLTruncFunction@21d8da75] under trunc; prior registration was null
&amp#27;[2m2024-06-29T19:03:26.144-06:00&amp#27;[0;39m &amp#27;[32mDEBUG&amp#27;[0;39m &amp#27;[35m4020&amp#27;[0;39m &amp#27;[2m---&amp#27;[0;39m &amp#27;[2m[ApiInventarioMini] [           main]&amp#27;[0;39m &amp#27;[2m&amp#27;[0;39m&amp#27;[36mo.h.q.sqm.function.SqmFunctionRegistry  &amp#27;[0;39m &amp#27;[2m:&amp#27;[0;39m Registering alternate key : truncate -> trunc
&amp#27;[2m2024-06-29T19:03:26.144-06:00&amp#27;[0;39m &amp#27;[32mDEBUG&amp#27;[0;39m &amp#27;[35m4020&amp#27;[0;39m &amp#27;[2m---&amp#27;[0;39m &amp#27;[2m[ApiInventarioMini] [           main]&amp#27;[0;39m &amp#27;[2m&amp#27;[0;39m&amp#27;[36mo.h.q.sqm.function.SqmFunctionRegistry  &amp#27;[0;39m &amp#27;[2m:&amp#27;[0;39m Registered SqmFunctionTemplate [org.hibernate.query.sqm.function.PatternBasedSqmFunctionDescriptor@5a1c7619] under date_trunc; prior registration was null
&amp#27;[2m2024-06-29T19:03:26.145-06:00&amp#27;[0;39m &amp#27;[32mDEBUG&amp#27;[0;39m &amp#27;[35m4020&amp#27;[0;39m &amp#27;[2m---&amp#27;[0;39m &amp#27;[2m[ApiInventarioMini] [           main]&amp#27;[0;39m &amp#27;[2m&amp#27;[0;39m&amp#27;[36morg.hibernate.HQL_FUNCTIONS             &amp#27;[0;39m &amp#27;[2m:&amp#27;[0;39m abs(NUMERIC arg)
&amp#27;[2m2024-06-29T19:03:26.145-06:00&amp#27;[0;39m &amp#27;[32mDEBUG&amp#27;[0;39m &amp#27;[35m4020&amp#27;[0;39m &amp#27;[2m---&amp#27;[0;39m &amp#27;[2m[ApiInventarioMini] [           main]&amp#27;[0;39m &amp#27;[2m&amp#27;[0;39m&amp#27;[36morg.hibernate.HQL_FUNCTIONS             &amp#27;[0;39m &amp#27;[2m:&amp#27;[0;39m Double acos(NUMERIC arg)
&amp#27;[2m2024-06-29T19:03:26.145-06:00&amp#27;[0;39m &amp#27;[32mDEBUG&amp#27;[0;39m &amp#27;[35m4020&amp#27;[0;39m &amp#27;[2m---&amp#27;[0;39m &amp#27;[2m[ApiInventarioMini] [           main]&amp#27;[0;39m &amp#27;[2m&amp#27;[0;39m&amp#27;[36morg.hibernate.HQL_FUNCTIONS             &amp#27;[0;39m &amp#27;[2m:&amp#27;[0;39m Double acosh(NUMERIC arg)
&amp#27;[2m2024-06-29T19:03:26.145-06:00&amp#27;[0;39m &amp#27;[32mDEBUG&amp#27;[0;39m &amp#27;[35m4020&amp#27;[0;39m &amp#27;[2m---&amp#27;[0;39m &amp#27;[2m[ApiInventarioMini] [           main]&amp#27;[0;39m &amp#27;[2m&amp#27;[0;39m&amp#27;[36morg.hibernate.HQL_FUNCTIONS             &amp#27;[0;39m &amp#27;[2m:&amp#27;[0;39m Boolean any(BOOLEAN predicate)
&amp#27;[2m2024-06-29T19:03:26.145-06:00&amp#27;[0;39m &amp#27;[32mDEBUG&amp#27;[0;39m &amp#27;[35m4020&amp#27;[0;39m &amp#27;[2m---&amp#27;[0;39m &amp#27;[2m[ApiInventarioMini] [           main]&amp#27;[0;39m &amp#27;[2m&amp#27;[0;39m&amp#27;[36morg.hibernate.HQL_FUNCTIONS             &amp#27;[0;39m &amp#27;[2m:&amp#27;[0;39m array( ... )
&amp#27;[2m2024-06-29T19:03:26.145-06:00&amp#27;[0;39m &amp#27;[32mDEBUG&amp#27;[0;39m &amp#27;[35m4020&amp#27;[0;39m &amp#27;[2m---&amp#27;[0;39m &amp#27;[2m[ApiInventarioMini] [           main]&amp#27;[0;39m &amp#27;[2m&amp#27;[0;39m&amp#27;[36morg.hibernate.HQL_FUNCTIONS             &amp#27;[0;39m &amp#27;[2m:&amp#27;[0;39m array_agg(arg)
&amp#27;[2m2024-06-29T19:03:26.145-06:00&amp#27;[0;39m &amp#27;[32mDEBUG&amp#27;[0;39m &amp#27;[35m4020&amp#27;[0;39m &amp#27;[2m---&amp#27;[0;39m &amp#27;[2m[ApiInventarioMini] [           main]&amp#27;[0;39m &amp#27;[2m&amp#27;[0;39m&amp#27;[36morg.hibernate.HQL_FUNCTIONS             &amp#27;[0;39m &amp#27;[2m:&amp#27;[0;39m array_append( ... )
&amp#27;[2m2024-06-29T19:03:26.147-06:00&amp#27;[0;39m &amp#27;[32mDEBUG&amp#27;[0;39m &amp#27;[35m4020&amp#27;[0;39m &amp#27;[2m---&amp#27;[0;39m &amp#27;[2m[ApiInventarioMini] [           main]&amp#27;[0;39m &amp#27;[2m&amp#27;[0;39m&amp#27;[36morg.hibernate.HQL_FUNCTIONS             &amp#27;[0;39m &amp#27;[2m:&amp#27;[0;39m array_concat( ... )
&amp#27;[2m2024-06-29T19:03:26.147-06:00&amp#27;[0;39m &amp#27;[32mDEBUG&amp#27;[0;39m &amp#27;[35m4020&amp#27;[0;39m &amp#27;[2m---&amp#27;[0;39m &amp#27;[2m[ApiInventarioMini] [           main]&amp#27;[0;39m &amp#27;[2m&amp#27;[0;39m&amp#27;[36morg.hibernate.HQL_FUNCTIONS             &amp#27;[0;39m &amp#27;[2m:&amp#27;[0;39m Boolean array_contains(ARRAY haystackArray, OBJECT needleElementOrArray)
&amp#27;[2m2024-06-29T19:03:26.147-06:00&amp#27;[0;39m &amp#27;[32mDEBUG&amp#27;[0;39m &amp#27;[35m4020&amp#27;[0;39m &amp#27;[2m---&amp#27;[0;39m &amp#27;[2m[ApiInventarioMini] [           main]&amp#27;[0;39m &amp#27;[2m&amp#27;[0;39m&amp#27;[36morg.hibernate.HQL_FUNCTIONS             &amp#27;[0;39m &amp#27;[2m:&amp#27;[0;39m Boolean array_contains_nullable(ARRAY haystackArray, OBJECT needleElementOrArray)
&amp#27;[2m2024-06-29T19:03:26.147-06:00&amp#27;[0;39m &amp#27;[32mDEBUG&amp#27;[0;39m &amp#27;[35m4020&amp#27;[0;39m &amp#27;[2m---&amp#27;[0;39m &amp#27;[2m[ApiInventarioMini] [           main]&amp#27;[0;39m &amp#27;[2m&amp#27;[0;39m&amp#27;[36morg.hibernate.HQL_FUNCTIONS             &amp#27;[0;39m &amp#27;[2m:&amp#27;[0;39m array_fill(OBJECT element, INTEGER elementCount)
&amp#27;[2m2024-06-29T19:03:26.147-06:00&amp#27;[0;39m &amp#27;[32mDEBUG&amp#27;[0;39m &amp#27;[35m4020&amp#27;[0;39m &amp#27;[2m---&amp#27;[0;39m &amp#27;[2m[ApiInventarioMini] [           main]&amp#27;[0;39m &amp#27;[2m&amp#27;[0;39m&amp#27;[36morg.hibernate.HQL_FUNCTIONS             &amp#27;[0;39m &amp#27;[2m:&amp#27;[0;39m array_fill_list(OBJECT element, INTEGER elementCount)
&amp#27;[2m2024-06-29T19:03:26.147-06:00&amp#27;[0;39m &amp#27;[32mDEBUG&amp#27;[0;39m &amp#27;[35m4020&amp#27;[0;39m &amp#27;[2m---&amp#27;[0;39m &amp#27;[2m[ApiInventarioMini] [           main]&amp#27;[0;39m &amp#27;[2m&amp#27;[0;39m&amp#27;[36morg.hibernate.HQL_FUNCTIONS             &amp#27;[0;39m &amp#27;[2m:&amp#27;[0;39m array_get(ARRAY array, INTEGER index)
&amp#27;[2m2024-06-29T19:03:26.147-06:00&amp#27;[0;39m &amp#27;[32mDEBUG&amp#27;[0;39m &amp#27;[35m4020&amp#27;[0;39m &amp#27;[2m---&amp#27;[0;39m &amp#27;[2m[ApiInventarioMini] [           main]&amp#27;[0;39m &amp#27;[2m&amp#27;[0;39m&amp#27;[36morg.hibernate.HQL_FUNCTIONS             &amp#27;[0;39m &amp#27;[2m:&amp#27;[0;39m Integer array_length(ARRAY array)
&amp#27;[2m2024-06-29T19:03:26.147-06:00&amp#27;[0;39m &amp#27;[32mDEBUG&amp#27;[0;39m &amp#27;[35m4020&amp#27;[0;39m &amp#27;[2m---&amp#27;[0;39m &amp#27;[2m[ApiInventarioMini] [           main]&amp#27;[0;39m &amp#27;[2m&amp#27;[0;39m&amp#27;[36morg.hibernate.HQL_FUNCTIONS             &amp#27;[0;39m &amp#27;[2m:&amp#27;[0;39m array_list( ... )
&amp#27;[2m2024-06-29T19:03:26.147-06:00&amp#27;[0;39m &amp#27;[32mDEBUG&amp#27;[0;39m &amp#27;[35m4020&amp#27;[0;39m &amp#27;[2m---&amp#27;[0;39m &amp#27;[2m[ApiInventarioMini] [           main]&amp#27;[0;39m &amp#27;[2m&amp#27;[0;39m&amp#27;[36morg.hibernate.HQL_FUNCTIONS             &amp#27;[0;39m &amp#27;[2m:&amp#27;[0;39m Boolean array_overlaps(ARRAY array0, OBJECT array1)
&amp#27;[2m2024-06-29T19:03:26.148-06:00&amp#27;[0;39m &amp#27;[32mDEBUG&amp#27;[0;39m &amp#27;[35m4020&amp#27;[0;39m &amp#27;[2m---&amp#27;[0;39m &amp#27;[2m[ApiInventarioMini] [           main]&amp#27;[0;39m &amp#27;[2m&amp#27;[0;39m&amp#27;[36morg.hibernate.HQL_FUNCTIONS             &amp#27;[0;39m &amp#27;[2m:&amp#27;[0;39m Boolean array_overlaps_nullable(ARRAY array0, OBJECT array1)
&amp#27;[2m2024-06-29T19:03:26.148-06:00&amp#27;[0;39m &amp#27;[32mDEBUG&amp#27;[0;39m &amp#27;[35m4020&amp#27;[0;39m &amp#27;[2m---&amp#27;[0;39m &amp#27;[2m[ApiInventarioMini] [           main]&amp#27;[0;39m &amp#27;[2m&amp#27;[0;39m&amp#27;[36morg.hibernate.HQL_FUNCTIONS             &amp#27;[0;39m &amp#27;[2m:&amp#27;[0;39m Integer array_position(ARRAY array, OBJECT element[, INTEGER startPosition])
&amp#27;[2m2024-06-29T19:03:26.148-06:00&amp#27;[0;39m &amp#27;[32mDEBUG&amp#27;[0;39m &amp#27;[35m4020&amp#27;[0;39m &amp#27;[2m---&amp#27;[0;39m &amp#27;[2m[ApiInventarioMini] [           main]&amp#27;[0;39m &amp#27;[2m&amp#27;[0;39m&amp#27;[36morg.hibernate.HQL_FUNCTIONS             &amp#27;[0;39m &amp#27;[2m:&amp#27;[0;39m int[] array_positions(ARRAY array, OBJECT element)
&amp#27;[2m2024-06-29T19:03:26.148-06:00&amp#27;[0;39m &amp#27;[32mDEBUG&amp#27;[0;39m &amp#27;[35m4020&amp#27;[0;39m &amp#27;[2m---&amp#27;[0;39m &amp#27;[2m[ApiInventarioMini] [           main]&amp#27;[0;39m &amp#27;[2m&amp#27;[0;39m&amp#27;[36morg.hibernate.HQL_FUNCTIONS             &amp#27;[0;39m &amp#27;[2m:&amp#27;[0;39m List array_positions_list(ARRAY array, OBJECT element)
&amp#27;[2m2024-06-29T19:03:26.148-06:00&amp#27;[0;39m &amp#27;[32mDEBUG&amp#27;[0;39m &amp#27;[35m4020&amp#27;[0;39m &amp#27;[2m---&amp#27;[0;39m &amp#27;[2m[ApiInventarioMini] [           main]&amp#27;[0;39m &amp#27;[2m&amp#27;[0;39m&amp#27;[36morg.hibernate.HQL_FUNCTIONS             &amp#27;[0;39m &amp#27;[2m:&amp#27;[0;39m array_prepend( ... )
&amp#27;[2m2024-06-29T19:03:26.148-06:00&amp#27;[0;39m &amp#27;[32mDEBUG&amp#27;[0;39m &amp#27;[35m4020&amp#27;[0;39m &amp#27;[2m---&amp#27;[0;39m &amp#27;[2m[ApiInventarioMini] [           main]&amp#27;[0;39m &amp#27;[2m&amp#27;[0;39m&amp#27;[36morg.hibernate.HQL_FUNCTIONS             &amp#27;[0;39m &amp#27;[2m:&amp#27;[0;39m array_remove( ... )
&amp#27;[2m2024-06-29T19:03:26.148-06:00&amp#27;[0;39m &amp#27;[32mDEBUG&amp#27;[0;39m &amp#27;[35m4020&amp#27;[0;39m &amp#27;[2m---&amp#27;[0;39m &amp#27;[2m[ApiInventarioMini] [           main]&amp#27;[0;39m &amp#27;[2m&amp#27;[0;39m&amp#27;[36morg.hibernate.HQL_FUNCTIONS             &amp#27;[0;39m &amp#27;[2m:&amp#27;[0;39m array_remove_index( ... )
&amp#27;[2m2024-06-29T19:03:26.148-06:00&amp#27;[0;39m &amp#27;[32mDEBUG&amp#27;[0;39m &amp#27;[35m4020&amp#27;[0;39m &amp#27;[2m---&amp#27;[0;39m &amp#27;[2m[ApiInventarioMini] [           main]&amp#27;[0;39m &amp#27;[2m&amp#27;[0;39m&amp#27;[36morg.hibernate.HQL_FUNCTIONS             &amp#27;[0;39m &amp#27;[2m:&amp#27;[0;39m array_replace(ARRAY array, OBJECT old, OBJECT new)
&amp#27;[2m2024-06-29T19:03:26.148-06:00&amp#27;[0;39m &amp#27;[32mDEBUG&amp#27;[0;39m &amp#27;[35m4020&amp#27;[0;39m &amp#27;[2m---&amp#27;[0;39m &amp#27;[2m[ApiInventarioMini] [           main]&amp#27;[0;39m &amp#27;[2m&amp#27;[0;39m&amp#27;[36morg.hibernate.HQL_FUNCTIONS             &amp#27;[0;39m &amp#27;[2m:&amp#27;[0;39m array_set( ... )
&amp#27;[2m2024-06-29T19:03:26.148-06:00&amp#27;[0;39m &amp#27;[32mDEBUG&amp#27;[0;39m &amp#27;[35m4020&amp#27;[0;39m &amp#27;[2m---&amp#27;[0;39m &amp#27;[2m[ApiInventarioMini] [           main]&amp#27;[0;39m &amp#27;[2m&amp#27;[0;39m&amp#27;[36morg.hibernate.HQL_FUNCTIONS             &amp#27;[0;39m &amp#27;[2m:&amp#27;[0;39m array_slice(ARRAY array, INTEGER start, INTEGER end)
&amp#27;[2m2024-06-29T19:03:26.148-06:00&amp#27;[0;39m &amp#27;[32mDEBUG&amp#27;[0;39m &amp#27;[35m4020&amp#27;[0;39m &amp#27;[2m---&amp#27;[0;39m &amp#27;[2m[ApiInventarioMini] [           main]&amp#27;[0;39m &amp#27;[2m&amp#27;[0;39m&amp#27;[36morg.hibernate.HQL_FUNCTIONS             &amp#27;[0;39m &amp#27;[2m:&amp#27;[0;39m String array_to_string( ... )
&amp#27;[2m2024-06-29T19:03:26.148-06:00&amp#27;[0;39m &amp#27;[32mDEBUG&amp#27;[0;39m &amp#27;[35m4020&amp#27;[0;39m &amp#27;[2m---&amp#27;[0;39m &amp#27;[2m[ApiInventarioMini] [           main]&amp#27;[0;39m &amp#27;[2m&amp#27;[0;39m&amp#27;[36morg.hibernate.HQL_FUNCTIONS             &amp#27;[0;39m &amp#27;[2m:&amp#27;[0;39m array_trim(ARRAY array, INTEGER elementsToRemove)
&amp#27;[2m2024-06-29T19:03:26.148-06:00&amp#27;[0;39m &amp#27;[32mDEBUG&amp#27;[0;39m &amp#27;[35m4020&amp#27;[0;39m &amp#27;[2m---&amp#27;[0;39m &amp#27;[2m[ApiInventarioMini] [           main]&amp#27;[0;39m &amp#27;[2m&amp#27;[0;39m&amp#27;[36morg.hibernate.HQL_FUNCTIONS             &amp#27;[0;39m &amp#27;[2m:&amp#27;[0;39m Integer ascii(STRING arg)
&amp#27;[2m2024-06-29T19:03:26.148-06:00&amp#27;[0;39m &amp#27;[32mDEBUG&amp#27;[0;39m &amp#27;[35m4020&amp#27;[0;39m &amp#27;[2m---&amp#27;[0;39m &amp#27;[2m[ApiInventarioMini] [           main]&amp#27;[0;39m &amp#27;[2m&amp#27;[0;39m&amp#27;[36morg.hibernate.HQL_FUNCTIONS             &amp#27;[0;39m &amp#27;[2m:&amp#27;[0;39m Double asin(NUMERIC arg)
&amp#27;[2m2024-06-29T19:03:26.148-06:00&amp#27;[0;39m &amp#27;[32mDEBUG&amp#27;[0;39m &amp#27;[35m4020&amp#27;[0;39m &amp#27;[2m---&amp#27;[0;39m &amp#27;[2m[ApiInventarioMini] [           main]&amp#27;[0;39m &amp#27;[2m&amp#27;[0;39m&amp#27;[36morg.hibernate.HQL_FUNCTIONS             &amp#27;[0;39m &amp#27;[2m:&amp#27;[0;39m Double asinh(NUMERIC arg)
&amp#27;[2m2024-06-29T19:03:26.148-06:00&amp#27;[0;39m &amp#27;[32mDEBUG&amp#27;[0;39m &amp#27;[35m4020&amp#27;[0;39m &amp#27;[2m---&amp#27;[0;39m &amp#27;[2m[ApiInventarioMini] [           main]&amp#27;[0;39m &amp#27;[2m&amp#27;[0;39m&amp#27;[36morg.hibernate.HQL_FUNCTIONS             &amp#27;[0;39m &amp#27;[2m:&amp#27;[0;39m Double atan(NUMERIC arg)
&amp#27;[2m2024-06-29T19:03:26.148-06:00&amp#27;[0;39m &amp#27;[32mDEBUG&amp#27;[0;39m &amp#27;[35m4020&amp#27;[0;39m &amp#27;[2m---&amp#27;[0;39m &amp#27;[2m[ApiInventarioMini] [           main]&amp#27;[0;39m &amp#27;[2m&amp#27;[0;39m&amp#27;[36morg.hibernate.HQL_FUNCTIONS             &amp#27;[0;39m &amp#27;[2m:&amp#27;[0;39m Double atan2(NUMERIC arg0, NUMERIC arg1)
&amp#27;[2m2024-06-29T19:03:26.148-06:00&amp#27;[0;39m &amp#27;[32mDEBUG&amp#27;[0;39m &amp#27;[35m4020&amp#27;[0;39m &amp#27;[2m---&amp#27;[0;39m &amp#27;[2m[ApiInventarioMini] [           main]&amp#27;[0;39m &amp#27;[2m&amp#27;[0;39m&amp#27;[36morg.hibernate.HQL_FUNCTIONS             &amp#27;[0;39m &amp#27;[2m:&amp#27;[0;39m Double atanh(NUMERIC arg)
&amp#27;[2m2024-06-29T19:03:26.148-06:00&amp#27;[0;39m &amp#27;[32mDEBUG&amp#27;[0;39m &amp#27;[35m4020&amp#27;[0;39m &amp#27;[2m---&amp#27;[0;39m &amp#27;[2m[ApiInventarioMini] [           main]&amp#27;[0;39m &amp#27;[2m&amp#27;[0;39m&amp#27;[36morg.hibernate.HQL_FUNCTIONS             &amp#27;[0;39m &amp#27;[2m:&amp#27;[0;39m avg(arg)
&amp#27;[2m2024-06-29T19:03:26.148-06:00&amp#27;[0;39m &amp#27;[32mDEBUG&amp#27;[0;39m &amp#27;[35m4020&amp#27;[0;39m &amp#27;[2m---&amp#27;[0;39m &amp#27;[2m[ApiInventarioMini] [           main]&amp#27;[0;39m &amp#27;[2m&amp#27;[0;39m&amp#27;[36morg.hibernate.HQL_FUNCTIONS             &amp#27;[0;39m &amp#27;[2m:&amp#27;[0;39m bit_and(arg)
&amp#27;[2m2024-06-29T19:03:26.148-06:00&amp#27;[0;39m &amp#27;[32mDEBUG&amp#27;[0;39m &amp#27;[35m4020&amp#27;[0;39m &amp#27;[2m---&amp#27;[0;39m &amp#27;[2m[ApiInventarioMini] [           main]&amp#27;[0;39m &amp#27;[2m&amp#27;[0;39m&amp#27;[36morg.hibernate.HQL_FUNCTIONS             &amp#27;[0;39m &amp#27;[2m:&amp#27;[0;39m Integer bit_length(STRING_OR_CLOB arg)
&amp#27;[2m2024-06-29T19:03:26.148-06:00&amp#27;[0;39m &amp#27;[32mDEBUG&amp#27;[0;39m &amp#27;[35m4020&amp#27;[0;39m &amp#27;[2m---&amp#27;[0;39m &amp#27;[2m[ApiInventarioMini] [           main]&amp#27;[0;39m &amp#27;[2m&amp#27;[0;39m&amp#27;[36morg.hibernate.HQL_FUNCTIONS             &amp#27;[0;39m &amp#27;[2m:&amp#27;[0;39m bit_or(arg)
&amp#27;[2m2024-06-29T19:03:26.148-06:00&amp#27;[0;39m &amp#27;[32mDEBUG&amp#27;[0;39m &amp#27;[35m4020&amp#27;[0;39m &amp#27;[2m---&amp#27;[0;39m &amp#27;[2m[ApiInventarioMini] [           main]&amp#27;[0;39m &amp#27;[2m&amp#27;[0;39m&amp#27;[36morg.hibernate.HQL_FUNCTIONS             &amp#27;[0;39m &amp#27;[2m:&amp#27;[0;39m bitand(arg0, arg1)
&amp#27;[2m2024-06-29T19:03:26.148-06:00&amp#27;[0;39m &amp#27;[32mDEBUG&amp#27;[0;39m &amp#27;[35m4020&amp#27;[0;39m &amp#27;[2m---&amp#27;[0;39m &amp#27;[2m[ApiInventarioMini] [           main]&amp#27;[0;39m &amp#27;[2m&amp#27;[0;39m&amp#27;[36morg.hibernate.HQL_FUNCTIONS             &amp#27;[0;39m &amp#27;[2m:&amp#27;[0;39m bitnot(arg)
&amp#27;[2m2024-06-29T19:03:26.148-06:00&amp#27;[0;39m &amp#27;[32mDEBUG&amp#27;[0;39m &amp#27;[35m4020&amp#27;[0;39m &amp#27;[2m---&amp#27;[0;39m &amp#27;[2m[ApiInventarioMini] [           main]&amp#27;[0;39m &amp#27;[2m&amp#27;[0;39m&amp#27;[36morg.hibernate.HQL_FUNCTIONS             &amp#27;[0;39m &amp#27;[2m:&amp#27;[0;39m bitor(arg0, arg1)
&amp#27;[2m2024-06-29T19:03:26.148-06:00&amp#27;[0;39m &amp#27;[32mDEBUG&amp#27;[0;39m &amp#27;[35m4020&amp#27;[0;39m &amp#27;[2m---&amp#27;[0;39m &amp#27;[2m[ApiInventarioMini] [           main]&amp#27;[0;39m &amp#27;[2m&amp#27;[0;39m&amp#27;[36morg.hibernate.HQL_FUNCTIONS             &amp#27;[0;39m &amp#27;[2m:&amp#27;[0;39m bitxor(arg0, arg1)
&amp#27;[2m2024-06-29T19:03:26.148-06:00&amp#27;[0;39m &amp#27;[32mDEBUG&amp#27;[0;39m &amp#27;[35m4020&amp#27;[0;39m &amp#27;[2m---&amp#27;[0;39m &amp#27;[2m[ApiInventarioMini] [           main]&amp#27;[0;39m &amp#27;[2m&amp#27;[0;39m&amp#27;[36morg.hibernate.HQL_FUNCTIONS             &amp#27;[0;39m &amp#27;[2m:&amp#27;[0;39m Boolean bool_and(BOOLEAN predicate)
&amp#27;[2m2024-06-29T19:03:26.148-06:00&amp#27;[0;39m &amp#27;[32mDEBUG&amp#27;[0;39m &amp#27;[35m4020&amp#27;[0;39m &amp#27;[2m---&amp#27;[0;39m &amp#27;[2m[ApiInventarioMini] [           main]&amp#27;[0;39m &amp#27;[2m&amp#27;[0;39m&amp#27;[36morg.hibernate.HQL_FUNCTIONS             &amp#27;[0;39m &amp#27;[2m:&amp#27;[0;39m Boolean bool_or(BOOLEAN predicate)
&amp#27;[2m2024-06-29T19:03:26.148-06:00&amp#27;[0;39m &amp#27;[32mDEBUG&amp#27;[0;39m &amp#27;[35m4020&amp#27;[0;39m &amp#27;[2m---&amp#27;[0;39m &amp#27;[2m[ApiInventarioMini] [           main]&amp#27;[0;39m &amp#27;[2m&amp#27;[0;39m&amp#27;[36morg.hibernate.HQL_FUNCTIONS             &amp#27;[0;39m &amp#27;[2m:&amp#27;[0;39m cast(arg as Type)
&amp#27;[2m2024-06-29T19:03:26.149-06:00&amp#27;[0;39m &amp#27;[32mDEBUG&amp#27;[0;39m &amp#27;[35m4020&amp#27;[0;39m &amp#27;[2m---&amp#27;[0;39m &amp#27;[2m[ApiInventarioMini] [           main]&amp#27;[0;39m &amp#27;[2m&amp#27;[0;39m&amp#27;[36morg.hibernate.HQL_FUNCTIONS             &amp#27;[0;39m &amp#27;[2m:&amp#27;[0;39m Double cbrt(NUMERIC arg)
&amp#27;[2m2024-06-29T19:03:26.149-06:00&amp#27;[0;39m &amp#27;[32mDEBUG&amp#27;[0;39m &amp#27;[35m4020&amp#27;[0;39m &amp#27;[2m---&amp#27;[0;39m &amp#27;[2m[ApiInventarioMini] [           main]&amp#27;[0;39m &amp#27;[2m&amp#27;[0;39m&amp#27;[36morg.hibernate.HQL_FUNCTIONS             &amp#27;[0;39m &amp#27;[2m:&amp#27;[0;39m ceiling(NUMERIC arg)
&amp#27;[2m2024-06-29T19:03:26.149-06:00&amp#27;[0;39m &amp#27;[32mDEBUG&amp#27;[0;39m &amp#27;[35m4020&amp#27;[0;39m &amp#27;[2m---&amp#27;[0;39m &amp#27;[2m[ApiInventarioMini] [           main]&amp#27;[0;39m &amp#27;[2m&amp#27;[0;39m&amp#27;[36morg.hibernate.HQL_FUNCTIONS             &amp#27;[0;39m &amp#27;[2m:&amp#27;[0;39m Character char(INTEGER arg)
&amp#27;[2m2024-06-29T19:03:26.149-06:00&amp#27;[0;39m &amp#27;[32mDEBUG&amp#27;[0;39m &amp#27;[35m4020&amp#27;[0;39m &amp#27;[2m---&amp#27;[0;39m &amp#27;[2m[ApiInventarioMini] [           main]&amp#27;[0;39m &amp#27;[2m&amp#27;[0;39m&amp#27;[36morg.hibernate.HQL_FUNCTIONS             &amp#27;[0;39m &amp#27;[2m:&amp#27;[0;39m Integer character_length(STRING_OR_CLOB arg)
&amp#27;[2m2024-06-29T19:03:26.149-06:00&amp#27;[0;39m &amp#27;[32mDEBUG&amp#27;[0;39m &amp#27;[35m4020&amp#27;[0;39m &amp#27;[2m---&amp#27;[0;39m &amp#27;[2m[ApiInventarioMini] [           main]&amp#27;[0;39m &amp#27;[2m&amp#27;[0;39m&amp#27;[36morg.hibernate.HQL_FUNCTIONS             &amp#27;[0;39m &amp#27;[2m:&amp#27;[0;39m Character chr(INTEGER arg)
&amp#27;[2m2024-06-29T19:03:26.149-06:00&amp#27;[0;39m &amp#27;[32mDEBUG&amp#27;[0;39m &amp#27;[35m4020&amp#27;[0;39m &amp#27;[2m---&amp#27;[0;39m &amp#27;[2m[ApiInventarioMini] [           main]&amp#27;[0;39m &amp#27;[2m&amp#27;[0;39m&amp#27;[36morg.hibernate.HQL_FUNCTIONS             &amp#27;[0;39m &amp#27;[2m:&amp#27;[0;39m coalesce(arg0[, arg1[, ...]])
&amp#27;[2m2024-06-29T19:03:26.149-06:00&amp#27;[0;39m &amp#27;[32mDEBUG&amp#27;[0;39m &amp#27;[35m4020&amp#27;[0;39m &amp#27;[2m---&amp#27;[0;39m &amp#27;[2m[ApiInventarioMini] [           main]&amp#27;[0;39m &amp#27;[2m&amp#27;[0;39m&amp#27;[36morg.hibernate.HQL_FUNCTIONS             &amp#27;[0;39m &amp#27;[2m:&amp#27;[0;39m String collate(STRING string as COLLATION collation)
&amp#27;[2m2024-06-29T19:03:26.149-06:00&amp#27;[0;39m &amp#27;[32mDEBUG&amp#27;[0;39m &amp#27;[35m4020&amp#27;[0;39m &amp#27;[2m---&amp#27;[0;39m &amp#27;[2m[ApiInventarioMini] [           main]&amp#27;[0;39m &amp#27;[2m&amp#27;[0;39m&amp#27;[36morg.hibernate.HQL_FUNCTIONS             &amp#27;[0;39m &amp#27;[2m:&amp#27;[0;39m (STRING string0[, STRING string1[, ...]])
&amp#27;[2m2024-06-29T19:03:26.149-06:00&amp#27;[0;39m &amp#27;[32mDEBUG&amp#27;[0;39m &amp#27;[35m4020&amp#27;[0;39m &amp#27;[2m---&amp#27;[0;39m &amp#27;[2m[ApiInventarioMini] [           main]&amp#27;[0;39m &amp#27;[2m&amp#27;[0;39m&amp#27;[36morg.hibernate.HQL_FUNCTIONS             &amp#27;[0;39m &amp#27;[2m:&amp#27;[0;39m Double corr(NUMERIC arg0, NUMERIC arg1)
&amp#27;[2m2024-06-29T19:03:26.149-06:00&amp#27;[0;39m &amp#27;[32mDEBUG&amp#27;[0;39m &amp#27;[35m4020&amp#27;[0;39m &amp#27;[2m---&amp#27;[0;39m &amp#27;[2m[ApiInventarioMini] [           main]&amp#27;[0;39m &amp#27;[2m&amp#27;[0;39m&amp#27;[36morg.hibernate.HQL_FUNCTIONS             &amp#27;[0;39m &amp#27;[2m:&amp#27;[0;39m Double cos(NUMERIC arg)
&amp#27;[2m2024-06-29T19:03:26.149-06:00&amp#27;[0;39m &amp#27;[32mDEBUG&amp#27;[0;39m &amp#27;[35m4020&amp#27;[0;39m &amp#27;[2m---&amp#27;[0;39m &amp#27;[2m[ApiInventarioMini] [           main]&amp#27;[0;39m &amp#27;[2m&amp#27;[0;39m&amp#27;[36morg.hibernate.HQL_FUNCTIONS             &amp#27;[0;39m &amp#27;[2m:&amp#27;[0;39m Double cosh(NUMERIC arg)
&amp#27;[2m2024-06-29T19:03:26.149-06:00&amp#27;[0;39m &amp#27;[32mDEBUG&amp#27;[0;39m &amp#27;[35m4020&amp#27;[0;39m &amp#27;[2m---&amp#27;[0;39m &amp#27;[2m[ApiInventarioMini] [           main]&amp#27;[0;39m &amp#27;[2m&amp#27;[0;39m&amp#27;[36morg.hibernate.HQL_FUNCTIONS             &amp#27;[0;39m &amp#27;[2m:&amp#27;[0;39m Double cot(NUMERIC arg)
&amp#27;[2m2024-06-29T19:03:26.149-06:00&amp#27;[0;39m &amp#27;[32mDEBUG&amp#27;[0;39m &amp#27;[35m4020&amp#27;[0;39m &amp#27;[2m---&amp#27;[0;39m &amp#27;[2m[ApiInventarioMini] [           main]&amp#27;[0;39m &amp#27;[2m&amp#27;[0;39m&amp#27;[36morg.hibernate.HQL_FUNCTIONS             &amp#27;[0;39m &amp#27;[2m:&amp#27;[0;39m Long count([distinct ]{arg|*})
&amp#27;[2m2024-06-29T19:03:26.149-06:00&amp#27;[0;39m &amp#27;[32mDEBUG&amp#27;[0;39m &amp#27;[35m4020&amp#27;[0;39m &amp#27;[2m---&amp#27;[0;39m &amp#27;[2m[ApiInventarioMini] [           main]&amp#27;[0;39m &amp#27;[2m&amp#27;[0;39m&amp#27;[36morg.hibernate.HQL_FUNCTIONS             &amp#27;[0;39m &amp#27;[2m:&amp#27;[0;39m Double covar_pop(NUMERIC arg0, NUMERIC arg1)
&amp#27;[2m2024-06-29T19:03:26.149-06:00&amp#27;[0;39m &amp#27;[32mDEBUG&amp#27;[0;39m &amp#27;[35m4020&amp#27;[0;39m &amp#27;[2m---&amp#27;[0;39m &amp#27;[2m[ApiInventarioMini] [           main]&amp#27;[0;39m &amp#27;[2m&amp#27;[0;39m&amp#27;[36morg.hibernate.HQL_FUNCTIONS             &amp#27;[0;39m &amp#27;[2m:&amp#27;[0;39m Double covar_samp(NUMERIC arg0, NUMERIC arg1)
&amp#27;[2m2024-06-29T19:03:26.149-06:00&amp#27;[0;39m &amp#27;[32mDEBUG&amp#27;[0;39m &amp#27;[35m4020&amp#27;[0;39m &amp#27;[2m---&amp#27;[0;39m &amp#27;[2m[ApiInventarioMini] [           main]&amp#27;[0;39m &amp#27;[2m&amp#27;[0;39m&amp#27;[36morg.hibernate.HQL_FUNCTIONS             &amp#27;[0;39m &amp#27;[2m:&amp#27;[0;39m Double cume_dist([arg0[, ...]])
&amp#27;[2m2024-06-29T19:03:26.149-06:00&amp#27;[0;39m &amp#27;[32mDEBUG&amp#27;[0;39m &amp#27;[35m4020&amp#27;[0;39m &amp#27;[2m---&amp#27;[0;39m &amp#27;[2m[ApiInventarioMini] [           main]&amp#27;[0;39m &amp#27;[2m&amp#27;[0;39m&amp#27;[36morg.hibernate.HQL_FUNCTIONS             &amp#27;[0;39m &amp#27;[2m:&amp#27;[0;39m Date current date
&amp#27;[2m2024-06-29T19:03:26.149-06:00&amp#27;[0;39m &amp#27;[32mDEBUG&amp#27;[0;39m &amp#27;[35m4020&amp#27;[0;39m &amp#27;[2m---&amp#27;[0;39m &amp#27;[2m[ApiInventarioMini] [           main]&amp#27;[0;39m &amp#27;[2m&amp#27;[0;39m&amp#27;[36morg.hibernate.HQL_FUNCTIONS             &amp#27;[0;39m &amp#27;[2m:&amp#27;[0;39m Time current time
&amp#27;[2m2024-06-29T19:03:26.149-06:00&amp#27;[0;39m &amp#27;[32mDEBUG&amp#27;[0;39m &amp#27;[35m4020&amp#27;[0;39m &amp#27;[2m---&amp#27;[0;39m &amp#27;[2m[ApiInventarioMini] [           main]&amp#27;[0;39m &amp#27;[2m&amp#27;[0;39m&amp#27;[36morg.hibernate.HQL_FUNCTIONS             &amp#27;[0;39m &amp#27;[2m:&amp#27;[0;39m Timestamp current timestamp
&amp#27;[2m2024-06-29T19:03:26.149-06:00&amp#27;[0;39m &amp#27;[32mDEBUG&amp#27;[0;39m &amp#27;[35m4020&amp#27;[0;39m &amp#27;[2m---&amp#27;[0;39m &amp#27;[2m[ApiInventarioMini] [           main]&amp#27;[0;39m &amp#27;[2m&amp#27;[0;39m&amp#27;[36morg.hibernate.HQL_FUNCTIONS             &amp#27;[0;39m &amp#27;[2m:&amp#27;[0;39m Date current_date
&amp#27;[2m2024-06-29T19:03:26.149-06:00&amp#27;[0;39m &amp#27;[32mDEBUG&amp#27;[0;39m &amp#27;[35m4020&amp#27;[0;39m &amp#27;[2m---&amp#27;[0;39m &amp#27;[2m[ApiInventarioMini] [           main]&amp#27;[0;39m &amp#27;[2m&amp#27;[0;39m&amp#27;[36morg.hibernate.HQL_FUNCTIONS             &amp#27;[0;39m &amp#27;[2m:&amp#27;[0;39m Instant current_instant
&amp#27;[2m2024-06-29T19:03:26.150-06:00&amp#27;[0;39m &amp#27;[32mDEBUG&amp#27;[0;39m &amp#27;[35m4020&amp#27;[0;39m &amp#27;[2m---&amp#27;[0;39m &amp#27;[2m[ApiInventarioMini] [           main]&amp#27;[0;39m &amp#27;[2m&amp#27;[0;39m&amp#27;[36morg.hibernate.HQL_FUNCTIONS             &amp#27;[0;39m &amp#27;[2m:&amp#27;[0;39m Time current_time
&amp#27;[2m2024-06-29T19:03:26.150-06:00&amp#27;[0;39m &amp#27;[32mDEBUG&amp#27;[0;39m &amp#27;[35m4020&amp#27;[0;39m &amp#27;[2m---&amp#27;[0;39m &amp#27;[2m[ApiInventarioMini] [           main]&amp#27;[0;39m &amp#27;[2m&amp#27;[0;39m&amp#27;[36morg.hibernate.HQL_FUNCTIONS             &amp#27;[0;39m &amp#27;[2m:&amp#27;[0;39m Timestamp current_timestamp
&amp#27;[2m2024-06-29T19:03:26.150-06:00&amp#27;[0;39m &amp#27;[32mDEBUG&amp#27;[0;39m &amp#27;[35m4020&amp#27;[0;39m &amp#27;[2m---&amp#27;[0;39m &amp#27;[2m[ApiInventarioMini] [           main]&amp#27;[0;39m &amp#27;[2m&amp#27;[0;39m&amp#27;[36morg.hibernate.HQL_FUNCTIONS             &amp#27;[0;39m &amp#27;[2m:&amp#27;[0;39m date_trunc(STRING field, TEMPORAL datetime)
&amp#27;[2m2024-06-29T19:03:26.150-06:00&amp#27;[0;39m &amp#27;[32mDEBUG&amp#27;[0;39m &amp#27;[35m4020&amp#27;[0;39m &amp#27;[2m---&amp#27;[0;39m &amp#27;[2m[ApiInventarioMini] [           main]&amp#27;[0;39m &amp#27;[2m&amp#27;[0;39m&amp#27;[36morg.hibernate.HQL_FUNCTIONS             &amp#27;[0;39m &amp#27;[2m:&amp#27;[0;39m dateadd(TEMPORAL_UNIT field, INTEGER magnitude, TEMPORAL datetime)
&amp#27;[2m2024-06-29T19:03:26.150-06:00&amp#27;[0;39m &amp#27;[32mDEBUG&amp#27;[0;39m &amp#27;[35m4020&amp#27;[0;39m &amp#27;[2m---&amp#27;[0;39m &amp#27;[2m[ApiInventarioMini] [           main]&amp#27;[0;39m &amp#27;[2m&amp#27;[0;39m&amp#27;[36morg.hibernate.HQL_FUNCTIONS             &amp#27;[0;39m &amp#27;[2m:&amp#27;[0;39m basicType@5(java.lang.Long,-5)|basicType@10(java.lang.Double,8) datediff(TEMPORAL_UNIT field, TEMPORAL start, TEMPORAL end)
&amp#27;[2m2024-06-29T19:03:26.150-06:00&amp#27;[0;39m &amp#27;[32mDEBUG&amp#27;[0;39m &amp#27;[35m4020&amp#27;[0;39m &amp#27;[2m---&amp#27;[0;39m &amp#27;[2m[ApiInventarioMini] [           main]&amp#27;[0;39m &amp#27;[2m&amp#27;[0;39m&amp#27;[36morg.hibernate.HQL_FUNCTIONS             &amp#27;[0;39m &amp#27;[2m:&amp#27;[0;39m Double degrees(NUMERIC arg)
&amp#27;[2m2024-06-29T19:03:26.150-06:00&amp#27;[0;39m &amp#27;[32mDEBUG&amp#27;[0;39m &amp#27;[35m4020&amp#27;[0;39m &amp#27;[2m---&amp#27;[0;39m &amp#27;[2m[ApiInventarioMini] [           main]&amp#27;[0;39m &amp#27;[2m&amp#27;[0;39m&amp#27;[36morg.hibernate.HQL_FUNCTIONS             &amp#27;[0;39m &amp#27;[2m:&amp#27;[0;39m Long dense_rank([arg0[, ...]])
&amp#27;[2m2024-06-29T19:03:26.150-06:00&amp#27;[0;39m &amp#27;[32mDEBUG&amp#27;[0;39m &amp#27;[35m4020&amp#27;[0;39m &amp#27;[2m---&amp#27;[0;39m &amp#27;[2m[ApiInventarioMini] [           main]&amp#27;[0;39m &amp#27;[2m&amp#27;[0;39m&amp#27;[36morg.hibernate.HQL_FUNCTIONS             &amp#27;[0;39m &amp#27;[2m:&amp#27;[0;39m Boolean every(BOOLEAN predicate)
&amp#27;[2m2024-06-29T19:03:26.150-06:00&amp#27;[0;39m &amp#27;[32mDEBUG&amp#27;[0;39m &amp#27;[35m4020&amp#27;[0;39m &amp#27;[2m---&amp#27;[0;39m &amp#27;[2m[ApiInventarioMini] [           main]&amp#27;[0;39m &amp#27;[2m&amp#27;[0;39m&amp#27;[36morg.hibernate.HQL_FUNCTIONS             &amp#27;[0;39m &amp#27;[2m:&amp#27;[0;39m Double exp(NUMERIC arg)
&amp#27;[2m2024-06-29T19:03:26.150-06:00&amp#27;[0;39m &amp#27;[32mDEBUG&amp#27;[0;39m &amp#27;[35m4020&amp#27;[0;39m &amp#27;[2m---&amp#27;[0;39m &amp#27;[2m[ApiInventarioMini] [           main]&amp#27;[0;39m &amp#27;[2m&amp#27;[0;39m&amp#27;[36morg.hibernate.HQL_FUNCTIONS             &amp#27;[0;39m &amp#27;[2m:&amp#27;[0;39m extract(TEMPORAL_UNIT field from TEMPORAL arg)
&amp#27;[2m2024-06-29T19:03:26.150-06:00&amp#27;[0;39m &amp#27;[32mDEBUG&amp#27;[0;39m &amp#27;[35m4020&amp#27;[0;39m &amp#27;[2m---&amp#27;[0;39m &amp#27;[2m[ApiInventarioMini] [           main]&amp#27;[0;39m &amp#27;[2m&amp#27;[0;39m&amp#27;[36morg.hibernate.HQL_FUNCTIONS             &amp#27;[0;39m &amp#27;[2m:&amp#27;[0;39m first_valueANY value
&amp#27;[2m2024-06-29T19:03:26.150-06:00&amp#27;[0;39m &amp#27;[32mDEBUG&amp#27;[0;39m &amp#27;[35m4020&amp#27;[0;39m &amp#27;[2m---&amp#27;[0;39m &amp#27;[2m[ApiInventarioMini] [           main]&amp#27;[0;39m &amp#27;[2m&amp#27;[0;39m&amp#27;[36morg.hibernate.HQL_FUNCTIONS             &amp#27;[0;39m &amp#27;[2m:&amp#27;[0;39m floor(NUMERIC arg)
&amp#27;[2m2024-06-29T19:03:26.150-06:00&amp#27;[0;39m &amp#27;[32mDEBUG&amp#27;[0;39m &amp#27;[35m4020&amp#27;[0;39m &amp#27;[2m---&amp#27;[0;39m &amp#27;[2m[ApiInventarioMini] [           main]&amp#27;[0;39m &amp#27;[2m&amp#27;[0;39m&amp#27;[36morg.hibernate.HQL_FUNCTIONS             &amp#27;[0;39m &amp#27;[2m:&amp#27;[0;39m String format(TEMPORAL datetime as STRING pattern)
&amp#27;[2m2024-06-29T19:03:26.150-06:00&amp#27;[0;39m &amp#27;[32mDEBUG&amp#27;[0;39m &amp#27;[35m4020&amp#27;[0;39m &amp#27;[2m---&amp#27;[0;39m &amp#27;[2m[ApiInventarioMini] [           main]&amp#27;[0;39m &amp#27;[2m&amp#27;[0;39m&amp#27;[36morg.hibernate.HQL_FUNCTIONS             &amp#27;[0;39m &amp#27;[2m:&amp#27;[0;39m greatest(COMPARABLE arg0, COMPARABLE arg1[, arg2[, ...]])
&amp#27;[2m2024-06-29T19:03:26.150-06:00&amp#27;[0;39m &amp#27;[32mDEBUG&amp#27;[0;39m &amp#27;[35m4020&amp#27;[0;39m &amp#27;[2m---&amp#27;[0;39m &amp#27;[2m[ApiInventarioMini] [           main]&amp#27;[0;39m &amp#27;[2m&amp#27;[0;39m&amp#27;[36morg.hibernate.HQL_FUNCTIONS             &amp#27;[0;39m &amp#27;[2m:&amp#27;[0;39m ifnull(arg0, arg1)
&amp#27;[2m2024-06-29T19:03:26.150-06:00&amp#27;[0;39m &amp#27;[32mDEBUG&amp#27;[0;39m &amp#27;[35m4020&amp#27;[0;39m &amp#27;[2m---&amp#27;[0;39m &amp#27;[2m[ApiInventarioMini] [           main]&amp#27;[0;39m &amp#27;[2m&amp#27;[0;39m&amp#27;[36morg.hibernate.HQL_FUNCTIONS             &amp#27;[0;39m &amp#27;[2m:&amp#27;[0;39m String initcap(arg)
&amp#27;[2m2024-06-29T19:03:26.150-06:00&amp#27;[0;39m &amp#27;[32mDEBUG&amp#27;[0;39m &amp#27;[35m4020&amp#27;[0;39m &amp#27;[2m---&amp#27;[0;39m &amp#27;[2m[ApiInventarioMini] [           main]&amp#27;[0;39m &amp#27;[2m&amp#27;[0;39m&amp#27;[36morg.hibernate.HQL_FUNCTIONS             &amp#27;[0;39m &amp#27;[2m:&amp#27;[0;39m String insert(STRING string, INTEGER start, INTEGER length, STRING replacement)
&amp#27;[2m2024-06-29T19:03:26.150-06:00&amp#27;[0;39m &amp#27;[32mDEBUG&amp#27;[0;39m &amp#27;[35m4020&amp#27;[0;39m &amp#27;[2m---&amp#27;[0;39m &amp#27;[2m[ApiInventarioMini] [           main]&amp#27;[0;39m &amp#27;[2m&amp#27;[0;39m&amp#27;[36morg.hibernate.HQL_FUNCTIONS             &amp#27;[0;39m &amp#27;[2m:&amp#27;[0;39m Instant instant
&amp#27;[2m2024-06-29T19:03:26.150-06:00&amp#27;[0;39m &amp#27;[32mDEBUG&amp#27;[0;39m &amp#27;[35m4020&amp#27;[0;39m &amp#27;[2m---&amp#27;[0;39m &amp#27;[2m[ApiInventarioMini] [           main]&amp#27;[0;39m &amp#27;[2m&amp#27;[0;39m&amp#27;[36morg.hibernate.HQL_FUNCTIONS             &amp#27;[0;39m &amp#27;[2m:&amp#27;[0;39m lagANY value[, INTEGER offset[, ANY default]]
&amp#27;[2m2024-06-29T19:03:26.150-06:00&amp#27;[0;39m &amp#27;[32mDEBUG&amp#27;[0;39m &amp#27;[35m4020&amp#27;[0;39m &amp#27;[2m---&amp#27;[0;39m &amp#27;[2m[ApiInventarioMini] [           main]&amp#27;[0;39m &amp#27;[2m&amp#27;[0;39m&amp#27;[36morg.hibernate.HQL_FUNCTIONS             &amp#27;[0;39m &amp#27;[2m:&amp#27;[0;39m last_valueANY value
&amp#27;[2m2024-06-29T19:03:26.150-06:00&amp#27;[0;39m &amp#27;[32mDEBUG&amp#27;[0;39m &amp#27;[35m4020&amp#27;[0;39m &amp#27;[2m---&amp#27;[0;39m &amp#27;[2m[ApiInventarioMini] [           main]&amp#27;[0;39m &amp#27;[2m&amp#27;[0;39m&amp#27;[36morg.hibernate.HQL_FUNCTIONS             &amp#27;[0;39m &amp#27;[2m:&amp#27;[0;39m leadANY value[, INTEGER offset[, ANY default]]
&amp#27;[2m2024-06-29T19:03:26.150-06:00&amp#27;[0;39m &amp#27;[32mDEBUG&amp#27;[0;39m &amp#27;[35m4020&amp#27;[0;39m &amp#27;[2m---&amp#27;[0;39m &amp#27;[2m[ApiInventarioMini] [           main]&amp#27;[0;39m &amp#27;[2m&amp#27;[0;39m&amp#27;[36morg.hibernate.HQL_FUNCTIONS             &amp#27;[0;39m &amp#27;[2m:&amp#27;[0;39m least(COMPARABLE arg0, COMPARABLE arg1[, arg2[, ...]])
&amp#27;[2m2024-06-29T19:03:26.150-06:00&amp#27;[0;39m &amp#27;[32mDEBUG&amp#27;[0;39m &amp#27;[35m4020&amp#27;[0;39m &amp#27;[2m---&amp#27;[0;39m &amp#27;[2m[ApiInventarioMini] [           main]&amp#27;[0;39m &amp#27;[2m&amp#27;[0;39m&amp#27;[36morg.hibernate.HQL_FUNCTIONS             &amp#27;[0;39m &amp#27;[2m:&amp#27;[0;39m String left(STRING string, INTEGER length)
&amp#27;[2m2024-06-29T19:03:26.150-06:00&amp#27;[0;39m &amp#27;[32mDEBUG&amp#27;[0;39m &amp#27;[35m4020&amp#27;[0;39m &amp#27;[2m---&amp#27;[0;39m &amp#27;[2m[ApiInventarioMini] [           main]&amp#27;[0;39m &amp#27;[2m&amp#27;[0;39m&amp#27;[36morg.hibernate.HQL_FUNCTIONS             &amp#27;[0;39m &amp#27;[2m:&amp#27;[0;39m Integer length(STRING_OR_CLOB arg)
&amp#27;[2m2024-06-29T19:03:26.150-06:00&amp#27;[0;39m &amp#27;[32mDEBUG&amp#27;[0;39m &amp#27;[35m4020&amp#27;[0;39m &amp#27;[2m---&amp#27;[0;39m &amp#27;[2m[ApiInventarioMini] [           main]&amp#27;[0;39m &amp#27;[2m&amp#27;[0;39m&amp#27;[36morg.hibernate.HQL_FUNCTIONS             &amp#27;[0;39m &amp#27;[2m:&amp#27;[0;39m String listagg(STRING arg0, STRING arg1)
&amp#27;[2m2024-06-29T19:03:26.150-06:00&amp#27;[0;39m &amp#27;[32mDEBUG&amp#27;[0;39m &amp#27;[35m4020&amp#27;[0;39m &amp#27;[2m---&amp#27;[0;39m &amp#27;[2m[ApiInventarioMini] [           main]&amp#27;[0;39m &amp#27;[2m&amp#27;[0;39m&amp#27;[36morg.hibernate.HQL_FUNCTIONS             &amp#27;[0;39m &amp#27;[2m:&amp#27;[0;39m Double ln(NUMERIC arg)
&amp#27;[2m2024-06-29T19:03:26.150-06:00&amp#27;[0;39m &amp#27;[32mDEBUG&amp#27;[0;39m &amp#27;[35m4020&amp#27;[0;39m &amp#27;[2m---&amp#27;[0;39m &amp#27;[2m[ApiInventarioMini] [           main]&amp#27;[0;39m &amp#27;[2m&amp#27;[0;39m&amp#27;[36morg.hibernate.HQL_FUNCTIONS             &amp#27;[0;39m &amp#27;[2m:&amp#27;[0;39m LocalDate local date
&amp#27;[2m2024-06-29T19:03:26.150-06:00&amp#27;[0;39m &amp#27;[32mDEBUG&amp#27;[0;39m &amp#27;[35m4020&amp#27;[0;39m &amp#27;[2m---&amp#27;[0;39m &amp#27;[2m[ApiInventarioMini] [           main]&amp#27;[0;39m &amp#27;[2m&amp#27;[0;39m&amp#27;[36morg.hibernate.HQL_FUNCTIONS             &amp#27;[0;39m &amp#27;[2m:&amp#27;[0;39m LocalDateTime local datetime
&amp#27;[2m2024-06-29T19:03:26.150-06:00&amp#27;[0;39m &amp#27;[32mDEBUG&amp#27;[0;39m &amp#27;[35m4020&amp#27;[0;39m &amp#27;[2m---&amp#27;[0;39m &amp#27;[2m[ApiInventarioMini] [           main]&amp#27;[0;39m &amp#27;[2m&amp#27;[0;39m&amp#27;[36morg.hibernate.HQL_FUNCTIONS             &amp#27;[0;39m &amp#27;[2m:&amp#27;[0;39m LocalTime local time
&amp#27;[2m2024-06-29T19:03:26.150-06:00&amp#27;[0;39m &amp#27;[32mDEBUG&amp#27;[0;39m &amp#27;[35m4020&amp#27;[0;39m &amp#27;[2m---&amp#27;[0;39m &amp#27;[2m[ApiInventarioMini] [           main]&amp#27;[0;39m &amp#27;[2m&amp#27;[0;39m&amp#27;[36morg.hibernate.HQL_FUNCTIONS             &amp#27;[0;39m &amp#27;[2m:&amp#27;[0;39m LocalDate local_date
&amp#27;[2m2024-06-29T19:03:26.150-06:00&amp#27;[0;39m &amp#27;[32mDEBUG&amp#27;[0;39m &amp#27;[35m4020&amp#27;[0;39m &amp#27;[2m---&amp#27;[0;39m &amp#27;[2m[ApiInventarioMini] [           main]&amp#27;[0;39m &amp#27;[2m&amp#27;[0;39m&amp#27;[36morg.hibernate.HQL_FUNCTIONS             &amp#27;[0;39m &amp#27;[2m:&amp#27;[0;39m LocalDateTime local_datetime
&amp#27;[2m2024-06-29T19:03:26.150-06:00&amp#27;[0;39m &amp#27;[32mDEBUG&amp#27;[0;39m &amp#27;[35m4020&amp#27;[0;39m &amp#27;[2m---&amp#27;[0;39m &amp#27;[2m[ApiInventarioMini] [           main]&amp#27;[0;39m &amp#27;[2m&amp#27;[0;39m&amp#27;[36morg.hibernate.HQL_FUNCTIONS             &amp#27;[0;39m &amp#27;[2m:&amp#27;[0;39m LocalTime local_time
&amp#27;[2m2024-06-29T19:03:26.150-06:00&amp#27;[0;39m &amp#27;[32mDEBUG&amp#27;[0;39m &amp#27;[35m4020&amp#27;[0;39m &amp#27;[2m---&amp#27;[0;39m &amp#27;[2m[ApiInventarioMini] [           main]&amp#27;[0;39m &amp#27;[2m&amp#27;[0;39m&amp#27;[36morg.hibernate.HQL_FUNCTIONS             &amp#27;[0;39m &amp#27;[2m:&amp#27;[0;39m Time localtime
&amp#27;[2m2024-06-29T19:03:26.150-06:00&amp#27;[0;39m &amp#27;[32mDEBUG&amp#27;[0;39m &amp#27;[35m4020&amp#27;[0;39m &amp#27;[2m---&amp#27;[0;39m &amp#27;[2m[ApiInventarioMini] [           main]&amp#27;[0;39m &amp#27;[2m&amp#27;[0;39m&amp#27;[36morg.hibernate.HQL_FUNCTIONS             &amp#27;[0;39m &amp#27;[2m:&amp#27;[0;39m Timestamp localtimestamp
&amp#27;[2m2024-06-29T19:03:26.150-06:00&amp#27;[0;39m &amp#27;[32mDEBUG&amp#27;[0;39m &amp#27;[35m4020&amp#27;[0;39m &amp#27;[2m---&amp#27;[0;39m &amp#27;[2m[ApiInventarioMini] [           main]&amp#27;[0;39m &amp#27;[2m&amp#27;[0;39m&amp#27;[36morg.hibernate.HQL_FUNCTIONS             &amp#27;[0;39m &amp#27;[2m:&amp#27;[0;39m Integer locate(STRING pattern, STRING string[, INTEGER start])
&amp#27;[2m2024-06-29T19:03:26.150-06:00&amp#27;[0;39m &amp#27;[32mDEBUG&amp#27;[0;39m &amp#27;[35m4020&amp#27;[0;39m &amp#27;[2m---&amp#27;[0;39m &amp#27;[2m[ApiInventarioMini] [           main]&amp#27;[0;39m &amp#27;[2m&amp#27;[0;39m&amp#27;[36morg.hibernate.HQL_FUNCTIONS             &amp#27;[0;39m &amp#27;[2m:&amp#27;[0;39m Double log(NUMERIC arg0[, NUMERIC arg1])
&amp#27;[2m2024-06-29T19:03:26.150-06:00&amp#27;[0;39m &amp#27;[32mDEBUG&amp#27;[0;39m &amp#27;[35m4020&amp#27;[0;39m &amp#27;[2m---&amp#27;[0;39m &amp#27;[2m[ApiInventarioMini] [           main]&amp#27;[0;39m &amp#27;[2m&amp#27;[0;39m&amp#27;[36morg.hibernate.HQL_FUNCTIONS             &amp#27;[0;39m &amp#27;[2m:&amp#27;[0;39m Double log10(NUMERIC arg)
&amp#27;[2m2024-06-29T19:03:26.150-06:00&amp#27;[0;39m &amp#27;[32mDEBUG&amp#27;[0;39m &amp#27;[35m4020&amp#27;[0;39m &amp#27;[2m---&amp#27;[0;39m &amp#27;[2m[ApiInventarioMini] [           main]&amp#27;[0;39m &amp#27;[2m&amp#27;[0;39m&amp#27;[36morg.hibernate.HQL_FUNCTIONS             &amp#27;[0;39m &amp#27;[2m:&amp#27;[0;39m String lower(STRING string)
&amp#27;[2m2024-06-29T19:03:26.150-06:00&amp#27;[0;39m &amp#27;[32mDEBUG&amp#27;[0;39m &amp#27;[35m4020&amp#27;[0;39m &amp#27;[2m---&amp#27;[0;39m &amp#27;[2m[ApiInventarioMini] [           main]&amp#27;[0;39m &amp#27;[2m&amp#27;[0;39m&amp#27;[36morg.hibernate.HQL_FUNCTIONS             &amp#27;[0;39m &amp#27;[2m:&amp#27;[0;39m String lpad(STRING string, INTEGER length[, STRING padding])
&amp#27;[2m2024-06-29T19:03:26.150-06:00&amp#27;[0;39m &amp#27;[32mDEBUG&amp#27;[0;39m &amp#27;[35m4020&amp#27;[0;39m &amp#27;[2m---&amp#27;[0;39m &amp#27;[2m[ApiInventarioMini] [           main]&amp#27;[0;39m &amp#27;[2m&amp#27;[0;39m&amp#27;[36morg.hibernate.HQL_FUNCTIONS             &amp#27;[0;39m &amp#27;[2m:&amp#27;[0;39m String ltrim(STRING string[, STRING characters])
&amp#27;[2m2024-06-29T19:03:26.150-06:00&amp#27;[0;39m &amp#27;[32mDEBUG&amp#27;[0;39m &amp#27;[35m4020&amp#27;[0;39m &amp#27;[2m---&amp#27;[0;39m &amp#27;[2m[ApiInventarioMini] [           main]&amp#27;[0;39m &amp#27;[2m&amp#27;[0;39m&amp#27;[36morg.hibernate.HQL_FUNCTIONS             &amp#27;[0;39m &amp#27;[2m:&amp#27;[0;39m Date make_date(INTEGER arg0, INTEGER arg1, INTEGER arg2)
&amp#27;[2m2024-06-29T19:03:26.150-06:00&amp#27;[0;39m &amp#27;[32mDEBUG&amp#27;[0;39m &amp#27;[35m4020&amp#27;[0;39m &amp#27;[2m---&amp#27;[0;39m &amp#27;[2m[ApiInventarioMini] [           main]&amp#27;[0;39m &amp#27;[2m&amp#27;[0;39m&amp#27;[36morg.hibernate.HQL_FUNCTIONS             &amp#27;[0;39m &amp#27;[2m:&amp#27;[0;39m Time make_time(INTEGER arg0, INTEGER arg1, INTEGER arg2)
&amp#27;[2m2024-06-29T19:03:26.150-06:00&amp#27;[0;39m &amp#27;[32mDEBUG&amp#27;[0;39m &amp#27;[35m4020&amp#27;[0;39m &amp#27;[2m---&amp#27;[0;39m &amp#27;[2m[ApiInventarioMini] [           main]&amp#27;[0;39m &amp#27;[2m&amp#27;[0;39m&amp#27;[36morg.hibernate.HQL_FUNCTIONS             &amp#27;[0;39m &amp#27;[2m:&amp#27;[0;39m Timestamp make_timestamp(INTEGER arg0, INTEGER arg1, INTEGER arg2, INTEGER arg3, INTEGER arg4, INTEGER arg5)
&amp#27;[2m2024-06-29T19:03:26.150-06:00&amp#27;[0;39m &amp#27;[32mDEBUG&amp#27;[0;39m &amp#27;[35m4020&amp#27;[0;39m &amp#27;[2m---&amp#27;[0;39m &amp#27;[2m[ApiInventarioMini] [           main]&amp#27;[0;39m &amp#27;[2m&amp#27;[0;39m&amp#27;[36morg.hibernate.HQL_FUNCTIONS             &amp#27;[0;39m &amp#27;[2m:&amp#27;[0;39m Timestamp make_timestamptz(INTEGER arg0, INTEGER arg1, INTEGER arg2, INTEGER arg3, INTEGER arg4, INTEGER arg5[, INTEGER arg6])
&amp#27;[2m2024-06-29T19:03:26.150-06:00&amp#27;[0;39m &amp#27;[32mDEBUG&amp#27;[0;39m &amp#27;[35m4020&amp#27;[0;39m &amp#27;[2m---&amp#27;[0;39m &amp#27;[2m[ApiInventarioMini] [           main]&amp#27;[0;39m &amp#27;[2m&amp#27;[0;39m&amp#27;[36morg.hibernate.HQL_FUNCTIONS             &amp#27;[0;39m &amp#27;[2m:&amp#27;[0;39m max(COMPARABLE arg)
&amp#27;[2m2024-06-29T19:03:26.150-06:00&amp#27;[0;39m &amp#27;[32mDEBUG&amp#27;[0;39m &amp#27;[35m4020&amp#27;[0;39m &amp#27;[2m---&amp#27;[0;39m &amp#27;[2m[ApiInventarioMini] [           main]&amp#27;[0;39m &amp#27;[2m&amp#27;[0;39m&amp#27;[36morg.hibernate.HQL_FUNCTIONS             &amp#27;[0;39m &amp#27;[2m:&amp#27;[0;39m String md5(arg)
&amp#27;[2m2024-06-29T19:03:26.150-06:00&amp#27;[0;39m &amp#27;[32mDEBUG&amp#27;[0;39m &amp#27;[35m4020&amp#27;[0;39m &amp#27;[2m---&amp#27;[0;39m &amp#27;[2m[ApiInventarioMini] [           main]&amp#27;[0;39m &amp#27;[2m&amp#27;[0;39m&amp#27;[36morg.hibernate.HQL_FUNCTIONS             &amp#27;[0;39m &amp#27;[2m:&amp#27;[0;39m Double median(NUMERIC arg)
&amp#27;[2m2024-06-29T19:03:26.150-06:00&amp#27;[0;39m &amp#27;[32mDEBUG&amp#27;[0;39m &amp#27;[35m4020&amp#27;[0;39m &amp#27;[2m---&amp#27;[0;39m &amp#27;[2m[ApiInventarioMini] [           main]&amp#27;[0;39m &amp#27;[2m&amp#27;[0;39m&amp#27;[36morg.hibernate.HQL_FUNCTIONS             &amp#27;[0;39m &amp#27;[2m:&amp#27;[0;39m min(COMPARABLE arg)
&amp#27;[2m2024-06-29T19:03:26.150-06:00&amp#27;[0;39m &amp#27;[32mDEBUG&amp#27;[0;39m &amp#27;[35m4020&amp#27;[0;39m &amp#27;[2m---&amp#27;[0;39m &amp#27;[2m[ApiInventarioMini] [           main]&amp#27;[0;39m &amp#27;[2m&amp#27;[0;39m&amp#27;[36morg.hibernate.HQL_FUNCTIONS             &amp#27;[0;39m &amp#27;[2m:&amp#27;[0;39m Integer mod(INTEGER arg0, INTEGER arg1)
&amp#27;[2m2024-06-29T19:03:26.150-06:00&amp#27;[0;39m &amp#27;[32mDEBUG&amp#27;[0;39m &amp#27;[35m4020&amp#27;[0;39m &amp#27;[2m---&amp#27;[0;39m &amp#27;[2m[ApiInventarioMini] [           main]&amp#27;[0;39m &amp#27;[2m&amp#27;[0;39m&amp#27;[36morg.hibernate.HQL_FUNCTIONS             &amp#27;[0;39m &amp#27;[2m:&amp#27;[0;39m mode()
&amp#27;[2m2024-06-29T19:03:26.150-06:00&amp#27;[0;39m &amp#27;[32mDEBUG&amp#27;[0;39m &amp#27;[35m4020&amp#27;[0;39m &amp#27;[2m---&amp#27;[0;39m &amp#27;[2m[ApiInventarioMini] [           main]&amp#27;[0;39m &amp#27;[2m&amp#27;[0;39m&amp#27;[36morg.hibernate.HQL_FUNCTIONS             &amp#27;[0;39m &amp#27;[2m:&amp#27;[0;39m nth_valueANY value, INTEGER nth
&amp#27;[2m2024-06-29T19:03:26.150-06:00&amp#27;[0;39m &amp#27;[32mDEBUG&amp#27;[0;39m &amp#27;[35m4020&amp#27;[0;39m &amp#27;[2m---&amp#27;[0;39m &amp#27;[2m[ApiInventarioMini] [           main]&amp#27;[0;39m &amp#27;[2m&amp#27;[0;39m&amp#27;[36morg.hibernate.HQL_FUNCTIONS             &amp#27;[0;39m &amp#27;[2m:&amp#27;[0;39m nullif(arg0, arg1)
&amp#27;[2m2024-06-29T19:03:26.150-06:00&amp#27;[0;39m &amp#27;[32mDEBUG&amp#27;[0;39m &amp#27;[35m4020&amp#27;[0;39m &amp#27;[2m---&amp#27;[0;39m &amp#27;[2m[ApiInventarioMini] [           main]&amp#27;[0;39m &amp#27;[2m&amp#27;[0;39m&amp#27;[36morg.hibernate.HQL_FUNCTIONS             &amp#27;[0;39m &amp#27;[2m:&amp#27;[0;39m Integer octet_length(STRING_OR_CLOB arg)
&amp#27;[2m2024-06-29T19:03:26.150-06:00&amp#27;[0;39m &amp#27;[32mDEBUG&amp#27;[0;39m &amp#27;[35m4020&amp#27;[0;39m &amp#27;[2m---&amp#27;[0;39m &amp#27;[2m[ApiInventarioMini] [           main]&amp#27;[0;39m &amp#27;[2m&amp#27;[0;39m&amp#27;[36morg.hibernate.HQL_FUNCTIONS             &amp#27;[0;39m &amp#27;[2m:&amp#27;[0;39m OffsetDateTime offset datetime
&amp#27;[2m2024-06-29T19:03:26.150-06:00&amp#27;[0;39m &amp#27;[32mDEBUG&amp#27;[0;39m &amp#27;[35m4020&amp#27;[0;39m &amp#27;[2m---&amp#27;[0;39m &amp#27;[2m[ApiInventarioMini] [           main]&amp#27;[0;39m &amp#27;[2m&amp#27;[0;39m&amp#27;[36morg.hibernate.HQL_FUNCTIONS             &amp#27;[0;39m &amp#27;[2m:&amp#27;[0;39m OffsetDateTime offset_datetime
&amp#27;[2m2024-06-29T19:03:26.150-06:00&amp#27;[0;39m &amp#27;[32mDEBUG&amp#27;[0;39m &amp#27;[35m4020&amp#27;[0;39m &amp#27;[2m---&amp#27;[0;39m &amp#27;[2m[ApiInventarioMini] [           main]&amp#27;[0;39m &amp#27;[2m&amp#27;[0;39m&amp#27;[36morg.hibernate.HQL_FUNCTIONS             &amp#27;[0;39m &amp#27;[2m:&amp#27;[0;39m String overlay(string placing replacement from start[ for length])
&amp#27;[2m2024-06-29T19:03:26.150-06:00&amp#27;[0;39m &amp#27;[32mDEBUG&amp#27;[0;39m &amp#27;[35m4020&amp#27;[0;39m &amp#27;[2m---&amp#27;[0;39m &amp#27;[2m[ApiInventarioMini] [           main]&amp#27;[0;39m &amp#27;[2m&amp#27;[0;39m&amp#27;[36morg.hibernate.HQL_FUNCTIONS             &amp#27;[0;39m &amp#27;[2m:&amp#27;[0;39m String pad(STRING string with INTEGER length {leading|trailing}[ STRING character])
&amp#27;[2m2024-06-29T19:03:26.150-06:00&amp#27;[0;39m &amp#27;[32mDEBUG&amp#27;[0;39m &amp#27;[35m4020&amp#27;[0;39m &amp#27;[2m---&amp#27;[0;39m &amp#27;[2m[ApiInventarioMini] [           main]&amp#27;[0;39m &amp#27;[2m&amp#27;[0;39m&amp#27;[36morg.hibernate.HQL_FUNCTIONS             &amp#27;[0;39m &amp#27;[2m:&amp#27;[0;39m Double percent_rank([arg0[, ...]])
&amp#27;[2m2024-06-29T19:03:26.151-06:00&amp#27;[0;39m &amp#27;[32mDEBUG&amp#27;[0;39m &amp#27;[35m4020&amp#27;[0;39m &amp#27;[2m---&amp#27;[0;39m &amp#27;[2m[ApiInventarioMini] [           main]&amp#27;[0;39m &amp#27;[2m&amp#27;[0;39m&amp#27;[36morg.hibernate.HQL_FUNCTIONS             &amp#27;[0;39m &amp#27;[2m:&amp#27;[0;39m percentile_cont(NUMERIC arg)
&amp#27;[2m2024-06-29T19:03:26.151-06:00&amp#27;[0;39m &amp#27;[32mDEBUG&amp#27;[0;39m &amp#27;[35m4020&amp#27;[0;39m &amp#27;[2m---&amp#27;[0;39m &amp#27;[2m[ApiInventarioMini] [           main]&amp#27;[0;39m &amp#27;[2m&amp#27;[0;39m&amp#27;[36morg.hibernate.HQL_FUNCTIONS             &amp#27;[0;39m &amp#27;[2m:&amp#27;[0;39m percentile_disc(NUMERIC arg)
&amp#27;[2m2024-06-29T19:03:26.151-06:00&amp#27;[0;39m &amp#27;[32mDEBUG&amp#27;[0;39m &amp#27;[35m4020&amp#27;[0;39m &amp#27;[2m---&amp#27;[0;39m &amp#27;[2m[ApiInventarioMini] [           main]&amp#27;[0;39m &amp#27;[2m&amp#27;[0;39m&amp#27;[36morg.hibernate.HQL_FUNCTIONS             &amp#27;[0;39m &amp#27;[2m:&amp#27;[0;39m Double pi
&amp#27;[2m2024-06-29T19:03:26.151-06:00&amp#27;[0;39m &amp#27;[32mDEBUG&amp#27;[0;39m &amp#27;[35m4020&amp#27;[0;39m &amp#27;[2m---&amp#27;[0;39m &amp#27;[2m[ApiInventarioMini] [           main]&amp#27;[0;39m &amp#27;[2m&amp#27;[0;39m&amp#27;[36morg.hibernate.HQL_FUNCTIONS             &amp#27;[0;39m &amp#27;[2m:&amp#27;[0;39m Integer position(STRING pattern in STRING string)
&amp#27;[2m2024-06-29T19:03:26.151-06:00&amp#27;[0;39m &amp#27;[32mDEBUG&amp#27;[0;39m &amp#27;[35m4020&amp#27;[0;39m &amp#27;[2m---&amp#27;[0;39m &amp#27;[2m[ApiInventarioMini] [           main]&amp#27;[0;39m &amp#27;[2m&amp#27;[0;39m&amp#27;[36morg.hibernate.HQL_FUNCTIONS             &amp#27;[0;39m &amp#27;[2m:&amp#27;[0;39m Double power(NUMERIC arg0, NUMERIC arg1)
&amp#27;[2m2024-06-29T19:03:26.151-06:00&amp#27;[0;39m &amp#27;[32mDEBUG&amp#27;[0;39m &amp#27;[35m4020&amp#27;[0;39m &amp#27;[2m---&amp#27;[0;39m &amp#27;[2m[ApiInventarioMini] [           main]&amp#27;[0;39m &amp#27;[2m&amp#27;[0;39m&amp#27;[36morg.hibernate.HQL_FUNCTIONS             &amp#27;[0;39m &amp#27;[2m:&amp#27;[0;39m Double radians(NUMERIC arg)
&amp#27;[2m2024-06-29T19:03:26.151-06:00&amp#27;[0;39m &amp#27;[32mDEBUG&amp#27;[0;39m &amp#27;[35m4020&amp#27;[0;39m &amp#27;[2m---&amp#27;[0;39m &amp#27;[2m[ApiInventarioMini] [           main]&amp#27;[0;39m &amp#27;[2m&amp#27;[0;39m&amp#27;[36morg.hibernate.HQL_FUNCTIONS             &amp#27;[0;39m &amp#27;[2m:&amp#27;[0;39m Long rank([arg0[, ...]])
&amp#27;[2m2024-06-29T19:03:26.151-06:00&amp#27;[0;39m &amp#27;[32mDEBUG&amp#27;[0;39m &amp#27;[35m4020&amp#27;[0;39m &amp#27;[2m---&amp#27;[0;39m &amp#27;[2m[ApiInventarioMini] [           main]&amp#27;[0;39m &amp#27;[2m&amp#27;[0;39m&amp#27;[36morg.hibernate.HQL_FUNCTIONS             &amp#27;[0;39m &amp#27;[2m:&amp#27;[0;39m Double regr_avgx(NUMERIC arg0, NUMERIC arg1)
&amp#27;[2m2024-06-29T19:03:26.151-06:00&amp#27;[0;39m &amp#27;[32mDEBUG&amp#27;[0;39m &amp#27;[35m4020&amp#27;[0;39m &amp#27;[2m---&amp#27;[0;39m &amp#27;[2m[ApiInventarioMini] [           main]&amp#27;[0;39m &amp#27;[2m&amp#27;[0;39m&amp#27;[36morg.hibernate.HQL_FUNCTIONS             &amp#27;[0;39m &amp#27;[2m:&amp#27;[0;39m Double regr_avgy(NUMERIC arg0, NUMERIC arg1)
&amp#27;[2m2024-06-29T19:03:26.151-06:00&amp#27;[0;39m &amp#27;[32mDEBUG&amp#27;[0;39m &amp#27;[35m4020&amp#27;[0;39m &amp#27;[2m---&amp#27;[0;39m &amp#27;[2m[ApiInventarioMini] [           main]&amp#27;[0;39m &amp#27;[2m&amp#27;[0;39m&amp#27;[36morg.hibernate.HQL_FUNCTIONS             &amp#27;[0;39m &amp#27;[2m:&amp#27;[0;39m Double regr_count(NUMERIC arg0, NUMERIC arg1)
&amp#27;[2m2024-06-29T19:03:26.151-06:00&amp#27;[0;39m &amp#27;[32mDEBUG&amp#27;[0;39m &amp#27;[35m4020&amp#27;[0;39m &amp#27;[2m---&amp#27;[0;39m &amp#27;[2m[ApiInventarioMini] [           main]&amp#27;[0;39m &amp#27;[2m&amp#27;[0;39m&amp#27;[36morg.hibernate.HQL_FUNCTIONS             &amp#27;[0;39m &amp#27;[2m:&amp#27;[0;39m Double regr_intercept(NUMERIC arg0, NUMERIC arg1)
&amp#27;[2m2024-06-29T19:03:26.151-06:00&amp#27;[0;39m &amp#27;[32mDEBUG&amp#27;[0;39m &amp#27;[35m4020&amp#27;[0;39m &amp#27;[2m---&amp#27;[0;39m &amp#27;[2m[ApiInventarioMini] [           main]&amp#27;[0;39m &amp#27;[2m&amp#27;[0;39m&amp#27;[36morg.hibernate.HQL_FUNCTIONS             &amp#27;[0;39m &amp#27;[2m:&amp#27;[0;39m Double regr_r2(NUMERIC arg0, NUMERIC arg1)
&amp#27;[2m2024-06-29T19:03:26.151-06:00&amp#27;[0;39m &amp#27;[32mDEBUG&amp#27;[0;39m &amp#27;[35m4020&amp#27;[0;39m &amp#27;[2m---&amp#27;[0;39m &amp#27;[2m[ApiInventarioMini] [           main]&amp#27;[0;39m &amp#27;[2m&amp#27;[0;39m&amp#27;[36morg.hibernate.HQL_FUNCTIONS             &amp#27;[0;39m &amp#27;[2m:&amp#27;[0;39m Double regr_slope(NUMERIC arg0, NUMERIC arg1)
&amp#27;[2m2024-06-29T19:03:26.151-06:00&amp#27;[0;39m &amp#27;[32mDEBUG&amp#27;[0;39m &amp#27;[35m4020&amp#27;[0;39m &amp#27;[2m---&amp#27;[0;39m &amp#27;[2m[ApiInventarioMini] [           main]&amp#27;[0;39m &amp#27;[2m&amp#27;[0;39m&amp#27;[36morg.hibernate.HQL_FUNCTIONS             &amp#27;[0;39m &amp#27;[2m:&amp#27;[0;39m Double regr_sxx(NUMERIC arg0, NUMERIC arg1)
&amp#27;[2m2024-06-29T19:03:26.151-06:00&amp#27;[0;39m &amp#27;[32mDEBUG&amp#27;[0;39m &amp#27;[35m4020&amp#27;[0;39m &amp#27;[2m---&amp#27;[0;39m &amp#27;[2m[ApiInventarioMini] [           main]&amp#27;[0;39m &amp#27;[2m&amp#27;[0;39m&amp#27;[36morg.hibernate.HQL_FUNCTIONS             &amp#27;[0;39m &amp#27;[2m:&amp#27;[0;39m Double regr_sxy(NUMERIC arg0, NUMERIC arg1)
&amp#27;[2m2024-06-29T19:03:26.151-06:00&amp#27;[0;39m &amp#27;[32mDEBUG&amp#27;[0;39m &amp#27;[35m4020&amp#27;[0;39m &amp#27;[2m---&amp#27;[0;39m &amp#27;[2m[ApiInventarioMini] [           main]&amp#27;[0;39m &amp#27;[2m&amp#27;[0;39m&amp#27;[36morg.hibernate.HQL_FUNCTIONS             &amp#27;[0;39m &amp#27;[2m:&amp#27;[0;39m Double regr_syy(NUMERIC arg0, NUMERIC arg1)
&amp#27;[2m2024-06-29T19:03:26.151-06:00&amp#27;[0;39m &amp#27;[32mDEBUG&amp#27;[0;39m &amp#27;[35m4020&amp#27;[0;39m &amp#27;[2m---&amp#27;[0;39m &amp#27;[2m[ApiInventarioMini] [           main]&amp#27;[0;39m &amp#27;[2m&amp#27;[0;39m&amp#27;[36morg.hibernate.HQL_FUNCTIONS             &amp#27;[0;39m &amp#27;[2m:&amp#27;[0;39m String repeat(STRING string, INTEGER times)
&amp#27;[2m2024-06-29T19:03:26.151-06:00&amp#27;[0;39m &amp#27;[32mDEBUG&amp#27;[0;39m &amp#27;[35m4020&amp#27;[0;39m &amp#27;[2m---&amp#27;[0;39m &amp#27;[2m[ApiInventarioMini] [           main]&amp#27;[0;39m &amp#27;[2m&amp#27;[0;39m&amp#27;[36morg.hibernate.HQL_FUNCTIONS             &amp#27;[0;39m &amp#27;[2m:&amp#27;[0;39m String replace(STRING string, STRING pattern, STRING replacement)
&amp#27;[2m2024-06-29T19:03:26.151-06:00&amp#27;[0;39m &amp#27;[32mDEBUG&amp#27;[0;39m &amp#27;[35m4020&amp#27;[0;39m &amp#27;[2m---&amp#27;[0;39m &amp#27;[2m[ApiInventarioMini] [           main]&amp#27;[0;39m &amp#27;[2m&amp#27;[0;39m&amp#27;[36morg.hibernate.HQL_FUNCTIONS             &amp#27;[0;39m &amp#27;[2m:&amp#27;[0;39m String right(STRING string, INTEGER length)
&amp#27;[2m2024-06-29T19:03:26.151-06:00&amp#27;[0;39m &amp#27;[32mDEBUG&amp#27;[0;39m &amp#27;[35m4020&amp#27;[0;39m &amp#27;[2m---&amp#27;[0;39m &amp#27;[2m[ApiInventarioMini] [           main]&amp#27;[0;39m &amp#27;[2m&amp#27;[0;39m&amp#27;[36morg.hibernate.HQL_FUNCTIONS             &amp#27;[0;39m &amp#27;[2m:&amp#27;[0;39m round(NUMERIC number[, INTEGER places])
&amp#27;[2m2024-06-29T19:03:26.151-06:00&amp#27;[0;39m &amp#27;[32mDEBUG&amp#27;[0;39m &amp#27;[35m4020&amp#27;[0;39m &amp#27;[2m---&amp#27;[0;39m &amp#27;[2m[ApiInventarioMini] [           main]&amp#27;[0;39m &amp#27;[2m&amp#27;[0;39m&amp#27;[36morg.hibernate.HQL_FUNCTIONS             &amp#27;[0;39m &amp#27;[2m:&amp#27;[0;39m Long row_number()
&amp#27;[2m2024-06-29T19:03:26.151-06:00&amp#27;[0;39m &amp#27;[32mDEBUG&amp#27;[0;39m &amp#27;[35m4020&amp#27;[0;39m &amp#27;[2m---&amp#27;[0;39m &amp#27;[2m[ApiInventarioMini] [           main]&amp#27;[0;39m &amp#27;[2m&amp#27;[0;39m&amp#27;[36morg.hibernate.HQL_FUNCTIONS             &amp#27;[0;39m &amp#27;[2m:&amp#27;[0;39m String rpad(STRING string, INTEGER length[, STRING padding])
&amp#27;[2m2024-06-29T19:03:26.151-06:00&amp#27;[0;39m &amp#27;[32mDEBUG&amp#27;[0;39m &amp#27;[35m4020&amp#27;[0;39m &amp#27;[2m---&amp#27;[0;39m &amp#27;[2m[ApiInventarioMini] [           main]&amp#27;[0;39m &amp#27;[2m&amp#27;[0;39m&amp#27;[36morg.hibernate.HQL_FUNCTIONS             &amp#27;[0;39m &amp#27;[2m:&amp#27;[0;39m String rtrim(STRING string[, STRING characters])
&amp#27;[2m2024-06-29T19:03:26.151-06:00&amp#27;[0;39m &amp#27;[32mDEBUG&amp#27;[0;39m &amp#27;[35m4020&amp#27;[0;39m &amp#27;[2m---&amp#27;[0;39m &amp#27;[2m[ApiInventarioMini] [           main]&amp#27;[0;39m &amp#27;[2m&amp#27;[0;39m&amp#27;[36morg.hibernate.HQL_FUNCTIONS             &amp#27;[0;39m &amp#27;[2m:&amp#27;[0;39m Integer sign(NUMERIC arg)
&amp#27;[2m2024-06-29T19:03:26.151-06:00&amp#27;[0;39m &amp#27;[32mDEBUG&amp#27;[0;39m &amp#27;[35m4020&amp#27;[0;39m &amp#27;[2m---&amp#27;[0;39m &amp#27;[2m[ApiInventarioMini] [           main]&amp#27;[0;39m &amp#27;[2m&amp#27;[0;39m&amp#27;[36morg.hibernate.HQL_FUNCTIONS             &amp#27;[0;39m &amp#27;[2m:&amp#27;[0;39m Double sin(NUMERIC arg)
&amp#27;[2m2024-06-29T19:03:26.151-06:00&amp#27;[0;39m &amp#27;[32mDEBUG&amp#27;[0;39m &amp#27;[35m4020&amp#27;[0;39m &amp#27;[2m---&amp#27;[0;39m &amp#27;[2m[ApiInventarioMini] [           main]&amp#27;[0;39m &amp#27;[2m&amp#27;[0;39m&amp#27;[36morg.hibernate.HQL_FUNCTIONS             &amp#27;[0;39m &amp#27;[2m:&amp#27;[0;39m Double sinh(NUMERIC arg)
&amp#27;[2m2024-06-29T19:03:26.151-06:00&amp#27;[0;39m &amp#27;[32mDEBUG&amp#27;[0;39m &amp#27;[35m4020&amp#27;[0;39m &amp#27;[2m---&amp#27;[0;39m &amp#27;[2m[ApiInventarioMini] [           main]&amp#27;[0;39m &amp#27;[2m&amp#27;[0;39m&amp#27;[36morg.hibernate.HQL_FUNCTIONS             &amp#27;[0;39m &amp#27;[2m:&amp#27;[0;39m String soundex(arg)
&amp#27;[2m2024-06-29T19:03:26.151-06:00&amp#27;[0;39m &amp#27;[32mDEBUG&amp#27;[0;39m &amp#27;[35m4020&amp#27;[0;39m &amp#27;[2m---&amp#27;[0;39m &amp#27;[2m[ApiInventarioMini] [           main]&amp#27;[0;39m &amp#27;[2m&amp#27;[0;39m&amp#27;[36morg.hibernate.HQL_FUNCTIONS             &amp#27;[0;39m &amp#27;[2m:&amp#27;[0;39m Object sql
&amp#27;[2m2024-06-29T19:03:26.151-06:00&amp#27;[0;39m &amp#27;[32mDEBUG&amp#27;[0;39m &amp#27;[35m4020&amp#27;[0;39m &amp#27;[2m---&amp#27;[0;39m &amp#27;[2m[ApiInventarioMini] [           main]&amp#27;[0;39m &amp#27;[2m&amp#27;[0;39m&amp#27;[36morg.hibernate.HQL_FUNCTIONS             &amp#27;[0;39m &amp#27;[2m:&amp#27;[0;39m Double sqrt(NUMERIC arg)
&amp#27;[2m2024-06-29T19:03:26.151-06:00&amp#27;[0;39m &amp#27;[32mDEBUG&amp#27;[0;39m &amp#27;[35m4020&amp#27;[0;39m &amp#27;[2m---&amp#27;[0;39m &amp#27;[2m[ApiInventarioMini] [           main]&amp#27;[0;39m &amp#27;[2m&amp#27;[0;39m&amp#27;[36morg.hibernate.HQL_FUNCTIONS             &amp#27;[0;39m &amp#27;[2m:&amp#27;[0;39m Double stddev(NUMERIC arg)
&amp#27;[2m2024-06-29T19:03:26.151-06:00&amp#27;[0;39m &amp#27;[32mDEBUG&amp#27;[0;39m &amp#27;[35m4020&amp#27;[0;39m &amp#27;[2m---&amp#27;[0;39m &amp#27;[2m[ApiInventarioMini] [           main]&amp#27;[0;39m &amp#27;[2m&amp#27;[0;39m&amp#27;[36morg.hibernate.HQL_FUNCTIONS             &amp#27;[0;39m &amp#27;[2m:&amp#27;[0;39m Double stddev_pop(NUMERIC arg)
&amp#27;[2m2024-06-29T19:03:26.151-06:00&amp#27;[0;39m &amp#27;[32mDEBUG&amp#27;[0;39m &amp#27;[35m4020&amp#27;[0;39m &amp#27;[2m---&amp#27;[0;39m &amp#27;[2m[ApiInventarioMini] [           main]&amp#27;[0;39m &amp#27;[2m&amp#27;[0;39m&amp#27;[36morg.hibernate.HQL_FUNCTIONS             &amp#27;[0;39m &amp#27;[2m:&amp#27;[0;39m Double stddev_samp(NUMERIC arg)
&amp#27;[2m2024-06-29T19:03:26.151-06:00&amp#27;[0;39m &amp#27;[32mDEBUG&amp#27;[0;39m &amp#27;[35m4020&amp#27;[0;39m &amp#27;[2m---&amp#27;[0;39m &amp#27;[2m[ApiInventarioMini] [           main]&amp#27;[0;39m &amp#27;[2m&amp#27;[0;39m&amp#27;[36morg.hibernate.HQL_FUNCTIONS             &amp#27;[0;39m &amp#27;[2m:&amp#27;[0;39m String str(arg)
&amp#27;[2m2024-06-29T19:03:26.151-06:00&amp#27;[0;39m &amp#27;[32mDEBUG&amp#27;[0;39m &amp#27;[35m4020&amp#27;[0;39m &amp#27;[2m---&amp#27;[0;39m &amp#27;[2m[ApiInventarioMini] [           main]&amp#27;[0;39m &amp#27;[2m&amp#27;[0;39m&amp#27;[36morg.hibernate.HQL_FUNCTIONS             &amp#27;[0;39m &amp#27;[2m:&amp#27;[0;39m String substr(STRING string, INTEGER start[, INTEGER length])
&amp#27;[2m2024-06-29T19:03:26.151-06:00&amp#27;[0;39m &amp#27;[32mDEBUG&amp#27;[0;39m &amp#27;[35m4020&amp#27;[0;39m &amp#27;[2m---&amp#27;[0;39m &amp#27;[2m[ApiInventarioMini] [           main]&amp#27;[0;39m &amp#27;[2m&amp#27;[0;39m&amp#27;[36morg.hibernate.HQL_FUNCTIONS             &amp#27;[0;39m &amp#27;[2m:&amp#27;[0;39m String substring(STRING string{ from|,} INTEGER start[{ for|,} INTEGER length])
&amp#27;[2m2024-06-29T19:03:26.151-06:00&amp#27;[0;39m &amp#27;[32mDEBUG&amp#27;[0;39m &amp#27;[35m4020&amp#27;[0;39m &amp#27;[2m---&amp#27;[0;39m &amp#27;[2m[ApiInventarioMini] [           main]&amp#27;[0;39m &amp#27;[2m&amp#27;[0;39m&amp#27;[36morg.hibernate.HQL_FUNCTIONS             &amp#27;[0;39m &amp#27;[2m:&amp#27;[0;39m sum(arg)
&amp#27;[2m2024-06-29T19:03:26.151-06:00&amp#27;[0;39m &amp#27;[32mDEBUG&amp#27;[0;39m &amp#27;[35m4020&amp#27;[0;39m &amp#27;[2m---&amp#27;[0;39m &amp#27;[2m[ApiInventarioMini] [           main]&amp#27;[0;39m &amp#27;[2m&amp#27;[0;39m&amp#27;[36morg.hibernate.HQL_FUNCTIONS             &amp#27;[0;39m &amp#27;[2m:&amp#27;[0;39m Double tan(NUMERIC arg)
&amp#27;[2m2024-06-29T19:03:26.151-06:00&amp#27;[0;39m &amp#27;[32mDEBUG&amp#27;[0;39m &amp#27;[35m4020&amp#27;[0;39m &amp#27;[2m---&amp#27;[0;39m &amp#27;[2m[ApiInventarioMini] [           main]&amp#27;[0;39m &amp#27;[2m&amp#27;[0;39m&amp#27;[36morg.hibernate.HQL_FUNCTIONS             &amp#27;[0;39m &amp#27;[2m:&amp#27;[0;39m Double tanh(NUMERIC arg)
&amp#27;[2m2024-06-29T19:03:26.151-06:00&amp#27;[0;39m &amp#27;[32mDEBUG&amp#27;[0;39m &amp#27;[35m4020&amp#27;[0;39m &amp#27;[2m---&amp#27;[0;39m &amp#27;[2m[ApiInventarioMini] [           main]&amp#27;[0;39m &amp#27;[2m&amp#27;[0;39m&amp#27;[36morg.hibernate.HQL_FUNCTIONS             &amp#27;[0;39m &amp#27;[2m:&amp#27;[0;39m timestampadd(TEMPORAL_UNIT field, INTEGER magnitude, TEMPORAL datetime)
&amp#27;[2m2024-06-29T19:03:26.151-06:00&amp#27;[0;39m &amp#27;[32mDEBUG&amp#27;[0;39m &amp#27;[35m4020&amp#27;[0;39m &amp#27;[2m---&amp#27;[0;39m &amp#27;[2m[ApiInventarioMini] [           main]&amp#27;[0;39m &amp#27;[2m&amp#27;[0;39m&amp#27;[36morg.hibernate.HQL_FUNCTIONS             &amp#27;[0;39m &amp#27;[2m:&amp#27;[0;39m basicType@5(java.lang.Long,-5)|basicType@10(java.lang.Double,8) timestampdiff(TEMPORAL_UNIT field, TEMPORAL start, TEMPORAL end)
&amp#27;[2m2024-06-29T19:03:26.151-06:00&amp#27;[0;39m &amp#27;[32mDEBUG&amp#27;[0;39m &amp#27;[35m4020&amp#27;[0;39m &amp#27;[2m---&amp#27;[0;39m &amp#27;[2m[ApiInventarioMini] [           main]&amp#27;[0;39m &amp#27;[2m&amp#27;[0;39m&amp#27;[36morg.hibernate.HQL_FUNCTIONS             &amp#27;[0;39m &amp#27;[2m:&amp#27;[0;39m String to_char(ANY arg0[, STRING arg1, STRING arg2])
&amp#27;[2m2024-06-29T19:03:26.151-06:00&amp#27;[0;39m &amp#27;[32mDEBUG&amp#27;[0;39m &amp#27;[35m4020&amp#27;[0;39m &amp#27;[2m---&amp#27;[0;39m &amp#27;[2m[ApiInventarioMini] [           main]&amp#27;[0;39m &amp#27;[2m&amp#27;[0;39m&amp#27;[36morg.hibernate.HQL_FUNCTIONS             &amp#27;[0;39m &amp#27;[2m:&amp#27;[0;39m Date to_date(STRING arg0[, STRING arg1, STRING arg2])
&amp#27;[2m2024-06-29T19:03:26.151-06:00&amp#27;[0;39m &amp#27;[32mDEBUG&amp#27;[0;39m &amp#27;[35m4020&amp#27;[0;39m &amp#27;[2m---&amp#27;[0;39m &amp#27;[2m[ApiInventarioMini] [           main]&amp#27;[0;39m &amp#27;[2m&amp#27;[0;39m&amp#27;[36morg.hibernate.HQL_FUNCTIONS             &amp#27;[0;39m &amp#27;[2m:&amp#27;[0;39m Double to_number(STRING arg0[, STRING arg1, STRING arg2])
&amp#27;[2m2024-06-29T19:03:26.151-06:00&amp#27;[0;39m &amp#27;[32mDEBUG&amp#27;[0;39m &amp#27;[35m4020&amp#27;[0;39m &amp#27;[2m---&amp#27;[0;39m &amp#27;[2m[ApiInventarioMini] [           main]&amp#27;[0;39m &amp#27;[2m&amp#27;[0;39m&amp#27;[36morg.hibernate.HQL_FUNCTIONS             &amp#27;[0;39m &amp#27;[2m:&amp#27;[0;39m Timestamp to_timestamp(STRING arg0[, STRING arg1, STRING arg2])
&amp#27;[2m2024-06-29T19:03:26.151-06:00&amp#27;[0;39m &amp#27;[32mDEBUG&amp#27;[0;39m &amp#27;[35m4020&amp#27;[0;39m &amp#27;[2m---&amp#27;[0;39m &amp#27;[2m[ApiInventarioMini] [           main]&amp#27;[0;39m &amp#27;[2m&amp#27;[0;39m&amp#27;[36morg.hibernate.HQL_FUNCTIONS             &amp#27;[0;39m &amp#27;[2m:&amp#27;[0;39m String translate(STRING arg0, STRING arg1, STRING arg2)
&amp#27;[2m2024-06-29T19:03:26.151-06:00&amp#27;[0;39m &amp#27;[32mDEBUG&amp#27;[0;39m &amp#27;[35m4020&amp#27;[0;39m &amp#27;[2m---&amp#27;[0;39m &amp#27;[2m[ApiInventarioMini] [           main]&amp#27;[0;39m &amp#27;[2m&amp#27;[0;39m&amp#27;[36morg.hibernate.HQL_FUNCTIONS             &amp#27;[0;39m &amp#27;[2m:&amp#27;[0;39m String trim([[{leading|trailing|both} ][STRING arg0 ]from] STRING arg1)
&amp#27;[2m2024-06-29T19:03:26.151-06:00&amp#27;[0;39m &amp#27;[32mDEBUG&amp#27;[0;39m &amp#27;[35m4020&amp#27;[0;39m &amp#27;[2m---&amp#27;[0;39m &amp#27;[2m[ApiInventarioMini] [           main]&amp#27;[0;39m &amp#27;[2m&amp#27;[0;39m&amp#27;[36morg.hibernate.HQL_FUNCTIONS             &amp#27;[0;39m &amp#27;[2m:&amp#27;[0;39m trunc( ... )
&amp#27;[2m2024-06-29T19:03:26.151-06:00&amp#27;[0;39m &amp#27;[32mDEBUG&amp#27;[0;39m &amp#27;[35m4020&amp#27;[0;39m &amp#27;[2m---&amp#27;[0;39m &amp#27;[2m[ApiInventarioMini] [           main]&amp#27;[0;39m &amp#27;[2m&amp#27;[0;39m&amp#27;[36morg.hibernate.HQL_FUNCTIONS             &amp#27;[0;39m &amp#27;[2m:&amp#27;[0;39m truncate( ... )
&amp#27;[2m2024-06-29T19:03:26.151-06:00&amp#27;[0;39m &amp#27;[32mDEBUG&amp#27;[0;39m &amp#27;[35m4020&amp#27;[0;39m &amp#27;[2m---&amp#27;[0;39m &amp#27;[2m[ApiInventarioMini] [           main]&amp#27;[0;39m &amp#27;[2m&amp#27;[0;39m&amp#27;[36morg.hibernate.HQL_FUNCTIONS             &amp#27;[0;39m &amp#27;[2m:&amp#27;[0;39m String upper(STRING string)
&amp#27;[2m2024-06-29T19:03:26.151-06:00&amp#27;[0;39m &amp#27;[32mDEBUG&amp#27;[0;39m &amp#27;[35m4020&amp#27;[0;39m &amp#27;[2m---&amp#27;[0;39m &amp#27;[2m[ApiInventarioMini] [           main]&amp#27;[0;39m &amp#27;[2m&amp#27;[0;39m&amp#27;[36morg.hibernate.HQL_FUNCTIONS             &amp#27;[0;39m &amp#27;[2m:&amp#27;[0;39m Double var_pop(NUMERIC arg)
&amp#27;[2m2024-06-29T19:03:26.151-06:00&amp#27;[0;39m &amp#27;[32mDEBUG&amp#27;[0;39m &amp#27;[35m4020&amp#27;[0;39m &amp#27;[2m---&amp#27;[0;39m &amp#27;[2m[ApiInventarioMini] [           main]&amp#27;[0;39m &amp#27;[2m&amp#27;[0;39m&amp#27;[36morg.hibernate.HQL_FUNCTIONS             &amp#27;[0;39m &amp#27;[2m:&amp#27;[0;39m Double var_samp(NUMERIC arg)
&amp#27;[2m2024-06-29T19:03:26.151-06:00&amp#27;[0;39m &amp#27;[32mDEBUG&amp#27;[0;39m &amp#27;[35m4020&amp#27;[0;39m &amp#27;[2m---&amp#27;[0;39m &amp#27;[2m[ApiInventarioMini] [           main]&amp#27;[0;39m &amp#27;[2m&amp#27;[0;39m&amp#27;[36morg.hibernate.HQL_FUNCTIONS             &amp#27;[0;39m &amp#27;[2m:&amp#27;[0;39m Double variance(NUMERIC arg)
&amp#27;[2m2024-06-29T19:03:26.155-06:00&amp#27;[0;39m &amp#27;[32mDEBUG&amp#27;[0;39m &amp#27;[35m4020&amp#27;[0;39m &amp#27;[2m---&amp#27;[0;39m &amp#27;[2m[ApiInventarioMini] [           main]&amp#27;[0;39m &amp#27;[2m&amp#27;[0;39m&amp#27;[36morg.hibernate.orm.query.plan.cache      &amp#27;[0;39m &amp#27;[2m:&amp#27;[0;39m Starting QueryInterpretationCache(2048)
&amp#27;[2m2024-06-29T19:03:26.195-06:00&amp#27;[0;39m &amp#27;[32mDEBUG&amp#27;[0;39m &amp#27;[35m4020&amp#27;[0;39m &amp#27;[2m---&amp#27;[0;39m &amp#27;[2m[ApiInventarioMini] [           main]&amp#27;[0;39m &amp#27;[2m&amp#27;[0;39m&amp#27;[36m.h.s.i.SessionFactoryServiceRegistryImpl&amp#27;[0;39m &amp#27;[2m:&amp#27;[0;39m EventListenerRegistry access via ServiceRegistry is deprecated.  Use `sessionFactory.getEventEngine().getListenerRegistry()` instead
&amp#27;[2m2024-06-29T19:03:26.196-06:00&amp#27;[0;39m &amp#27;[32mDEBUG&amp#27;[0;39m &amp#27;[35m4020&amp#27;[0;39m &amp#27;[2m---&amp#27;[0;39m &amp#27;[2m[ApiInventarioMini] [           main]&amp#27;[0;39m &amp#27;[2m&amp#27;[0;39m&amp#27;[36mh.e.i.EntityCopyObserverFactoryInitiator&amp#27;[0;39m &amp#27;[2m:&amp#27;[0;39m Configured EntityCopyObserver strategy: disallow
&amp#27;[2m2024-06-29T19:03:26.250-06:00&amp#27;[0;39m &amp#27;[32mDEBUG&amp#27;[0;39m &amp#27;[35m4020&amp#27;[0;39m &amp#27;[2m---&amp#27;[0;39m &amp#27;[2m[ApiInventarioMini] [           main]&amp#27;[0;39m &amp#27;[2m&amp#27;[0;39m&amp#27;[36mo.h.boot.internal.ClassLoaderAccessImpl &amp#27;[0;39m &amp#27;[2m:&amp#27;[0;39m Not known whether passed class name [com.ipn.mx.domain.entity.Categoria] is safe
&amp#27;[2m2024-06-29T19:03:26.250-06:00&amp#27;[0;39m &amp#27;[32mDEBUG&amp#27;[0;39m &amp#27;[35m4020&amp#27;[0;39m &amp#27;[2m---&amp#27;[0;39m &amp#27;[2m[ApiInventarioMini] [           main]&amp#27;[0;39m &amp#27;[2m&amp#27;[0;39m&amp#27;[36mo.h.boot.internal.ClassLoaderAccessImpl &amp#27;[0;39m &amp#27;[2m:&amp#27;[0;39m No temp ClassLoader provided; using live ClassLoader for loading potentially unsafe class : com.ipn.mx.domain.entity.Categoria
&amp#27;[2m2024-06-29T19:03:26.362-06:00&amp#27;[0;39m &amp#27;[32mDEBUG&amp#27;[0;39m &amp#27;[35m4020&amp#27;[0;39m &amp#27;[2m---&amp#27;[0;39m &amp#27;[2m[ApiInventarioMini] [           main]&amp#27;[0;39m &amp#27;[2m&amp#27;[0;39m&amp#27;[36mo.h.b.i.bytebuddy.BytecodeProviderImpl  &amp#27;[0;39m &amp#27;[2m:&amp#27;[0;39m HHH000513: Unable to create the ReflectionOptimizer for [com.ipn.mx.domain.entity.Categoria]: private accessor [descripcionCategoria]
&amp#27;[2m2024-06-29T19:03:26.379-06:00&amp#27;[0;39m &amp#27;[32mDEBUG&amp#27;[0;39m &amp#27;[35m4020&amp#27;[0;39m &amp#27;[2m---&amp#27;[0;39m &amp#27;[2m[ApiInventarioMini] [           main]&amp#27;[0;39m &amp#27;[2m&amp#27;[0;39m&amp#27;[36mo.h.boot.internal.ClassLoaderAccessImpl &amp#27;[0;39m &amp#27;[2m:&amp#27;[0;39m Not known whether passed class name [com.ipn.mx.domain.entity.Movimiento] is safe
&amp#27;[2m2024-06-29T19:03:26.379-06:00&amp#27;[0;39m &amp#27;[32mDEBUG&amp#27;[0;39m &amp#27;[35m4020&amp#27;[0;39m &amp#27;[2m---&amp#27;[0;39m &amp#27;[2m[ApiInventarioMini] [           main]&amp#27;[0;39m &amp#27;[2m&amp#27;[0;39m&amp#27;[36mo.h.boot.internal.ClassLoaderAccessImpl &amp#27;[0;39m &amp#27;[2m:&amp#27;[0;39m No temp ClassLoader provided; using live ClassLoader for loading potentially unsafe class : com.ipn.mx.domain.entity.Movimiento
&amp#27;[2m2024-06-29T19:03:26.391-06:00&amp#27;[0;39m &amp#27;[32mDEBUG&amp#27;[0;39m &amp#27;[35m4020&amp#27;[0;39m &amp#27;[2m---&amp#27;[0;39m &amp#27;[2m[ApiInventarioMini] [           main]&amp#27;[0;39m &amp#27;[2m&amp#27;[0;39m&amp#27;[36mo.h.b.i.bytebuddy.BytecodeProviderImpl  &amp#27;[0;39m &amp#27;[2m:&amp#27;[0;39m HHH000513: Unable to create the ReflectionOptimizer for [com.ipn.mx.domain.entity.Movimiento]: private accessor [cantidad]
&amp#27;[2m2024-06-29T19:03:26.392-06:00&amp#27;[0;39m &amp#27;[32mDEBUG&amp#27;[0;39m &amp#27;[35m4020&amp#27;[0;39m &amp#27;[2m---&amp#27;[0;39m &amp#27;[2m[ApiInventarioMini] [           main]&amp#27;[0;39m &amp#27;[2m&amp#27;[0;39m&amp#27;[36mo.h.boot.internal.ClassLoaderAccessImpl &amp#27;[0;39m &amp#27;[2m:&amp#27;[0;39m Not known whether passed class name [com.ipn.mx.domain.entity.Producto] is safe
&amp#27;[2m2024-06-29T19:03:26.392-06:00&amp#27;[0;39m &amp#27;[32mDEBUG&amp#27;[0;39m &amp#27;[35m4020&amp#27;[0;39m &amp#27;[2m---&amp#27;[0;39m &amp#27;[2m[ApiInventarioMini] [           main]&amp#27;[0;39m &amp#27;[2m&amp#27;[0;39m&amp#27;[36mo.h.boot.internal.ClassLoaderAccessImpl &amp#27;[0;39m &amp#27;[2m:&amp#27;[0;39m No temp ClassLoader provided; using live ClassLoader for loading potentially unsafe class : com.ipn.mx.domain.entity.Producto
&amp#27;[2m2024-06-29T19:03:26.405-06:00&amp#27;[0;39m &amp#27;[32mDEBUG&amp#27;[0;39m &amp#27;[35m4020&amp#27;[0;39m &amp#27;[2m---&amp#27;[0;39m &amp#27;[2m[ApiInventarioMini] [           main]&amp#27;[0;39m &amp#27;[2m&amp#27;[0;39m&amp#27;[36mo.h.b.i.bytebuddy.BytecodeProviderImpl  &amp#27;[0;39m &amp#27;[2m:&amp#27;[0;39m HHH000513: Unable to create the ReflectionOptimizer for [com.ipn.mx.domain.entity.Producto]: private accessor [categoria]
&amp#27;[2m2024-06-29T19:03:26.416-06:00&amp#27;[0;39m &amp#27;[32mDEBUG&amp#27;[0;39m &amp#27;[35m4020&amp#27;[0;39m &amp#27;[2m---&amp#27;[0;39m &amp#27;[2m[ApiInventarioMini] [           main]&amp#27;[0;39m &amp#27;[2m&amp#27;[0;39m&amp#27;[36mo.hibernate.orm.model.mapping.creation  &amp#27;[0;39m &amp#27;[2m:&amp#27;[0;39m Starting post-init callbacks
&amp#27;[2m2024-06-29T19:03:26.416-06:00&amp#27;[0;39m &amp#27;[32mDEBUG&amp#27;[0;39m &amp#27;[35m4020&amp#27;[0;39m &amp#27;[2m---&amp#27;[0;39m &amp#27;[2m[ApiInventarioMini] [           main]&amp#27;[0;39m &amp#27;[2m&amp#27;[0;39m&amp#27;[36mo.hibernate.orm.model.mapping.creation  &amp#27;[0;39m &amp#27;[2m:&amp#27;[0;39m Starting PostInitCallbackEntry : Entity(com.ipn.mx.domain.entity.Categoria) `staticFetchableList` generator
&amp#27;[2m2024-06-29T19:03:26.417-06:00&amp#27;[0;39m &amp#27;[32mDEBUG&amp#27;[0;39m &amp#27;[35m4020&amp#27;[0;39m &amp#27;[2m---&amp#27;[0;39m &amp#27;[2m[ApiInventarioMini] [           main]&amp#27;[0;39m &amp#27;[2m&amp#27;[0;39m&amp#27;[36mo.hibernate.orm.model.mapping.creation  &amp#27;[0;39m &amp#27;[2m:&amp#27;[0;39m Starting PostInitCallbackEntry : Entity(com.ipn.mx.domain.entity.Movimiento) `staticFetchableList` generator
&amp#27;[2m2024-06-29T19:03:26.417-06:00&amp#27;[0;39m &amp#27;[32mDEBUG&amp#27;[0;39m &amp#27;[35m4020&amp#27;[0;39m &amp#27;[2m---&amp#27;[0;39m &amp#27;[2m[ApiInventarioMini] [           main]&amp#27;[0;39m &amp#27;[2m&amp#27;[0;39m&amp#27;[36mo.hibernate.orm.model.mapping.creation  &amp#27;[0;39m &amp#27;[2m:&amp#27;[0;39m Starting PostInitCallbackEntry : Entity(com.ipn.mx.domain.entity.Producto) `staticFetchableList` generator
&amp#27;[2m2024-06-29T19:03:26.454-06:00&amp#27;[0;39m &amp#27;[32mDEBUG&amp#27;[0;39m &amp#27;[35m4020&amp#27;[0;39m &amp#27;[2m---&amp#27;[0;39m &amp#27;[2m[ApiInventarioMini] [           main]&amp#27;[0;39m &amp#27;[2m&amp#27;[0;39m&amp#27;[36morg.hibernate.orm.sql.ast.create        &amp#27;[0;39m &amp#27;[2m:&amp#27;[0;39m Created new SQL alias : c1_0
&amp#27;[2m2024-06-29T19:03:26.455-06:00&amp#27;[0;39m &amp#27;[32mDEBUG&amp#27;[0;39m &amp#27;[35m4020&amp#27;[0;39m &amp#27;[2m---&amp#27;[0;39m &amp#27;[2m[ApiInventarioMini] [           main]&amp#27;[0;39m &amp#27;[2m&amp#27;[0;39m&amp#27;[36morg.hibernate.orm.sql.ast.create        &amp#27;[0;39m &amp#27;[2m:&amp#27;[0;39m Registration of TableGroup [StandardTableGroup(com.ipn.mx.domain.entity.Categoria)] with identifierForTableGroup [com.ipn.mx.domain.entity.Categoria] for NavigablePath [com.ipn.mx.domain.entity.Categoria] 
&amp#27;[2m2024-06-29T19:03:26.462-06:00&amp#27;[0;39m &amp#27;[32mDEBUG&amp#27;[0;39m &amp#27;[35m4020&amp#27;[0;39m &amp#27;[2m---&amp#27;[0;39m &amp#27;[2m[ApiInventarioMini] [           main]&amp#27;[0;39m &amp#27;[2m&amp#27;[0;39m&amp#27;[36morg.hibernate.orm.results.graph.AST     &amp#27;[0;39m &amp#27;[2m:&amp#27;[0;39m DomainResult Graph:
 \-EntityResultImpl [com.ipn.mx.domain.entity.Categoria]
 |  +-BasicFetch [com.ipn.mx.domain.entity.Categoria.descripcionCategoria]
 |  \-BasicFetch [com.ipn.mx.domain.entity.Categoria.nombreCategoria]

&amp#27;[2m2024-06-29T19:03:26.463-06:00&amp#27;[0;39m &amp#27;[32mDEBUG&amp#27;[0;39m &amp#27;[35m4020&amp#27;[0;39m &amp#27;[2m---&amp#27;[0;39m &amp#27;[2m[ApiInventarioMini] [           main]&amp#27;[0;39m &amp#27;[2m&amp#27;[0;39m&amp#27;[36morg.hibernate.orm.sql.ast.tree          &amp#27;[0;39m &amp#27;[2m:&amp#27;[0;39m SQL AST Tree:
    SelectStatement {
      FromClause {
        StandardTableGroup (c1 : com.ipn.mx.domain.entity.Categoria) {
          primaryTableReference : Categoria as c1_0
        }
      }
    }

&amp#27;[2m2024-06-29T19:03:26.468-06:00&amp#27;[0;39m &amp#27;[32mDEBUG&amp#27;[0;39m &amp#27;[35m4020&amp#27;[0;39m &amp#27;[2m---&amp#27;[0;39m &amp#27;[2m[ApiInventarioMini] [           main]&amp#27;[0;39m &amp#27;[2m&amp#27;[0;39m&amp#27;[36mo.h.p.entity.AbstractEntityPersister    &amp#27;[0;39m &amp#27;[2m:&amp#27;[0;39m Static SQL for entity: com.ipn.mx.domain.entity.Categoria
&amp#27;[2m2024-06-29T19:03:26.468-06:00&amp#27;[0;39m &amp#27;[32mDEBUG&amp#27;[0;39m &amp#27;[35m4020&amp#27;[0;39m &amp#27;[2m---&amp#27;[0;39m &amp#27;[2m[ApiInventarioMini] [           main]&amp#27;[0;39m &amp#27;[2m&amp#27;[0;39m&amp#27;[36mo.h.p.entity.AbstractEntityPersister    &amp#27;[0;39m &amp#27;[2m:&amp#27;[0;39m  Version select: select idCategoria from Categoria where idCategoria=?
&amp#27;[2m2024-06-29T19:03:26.468-06:00&amp#27;[0;39m &amp#27;[32mDEBUG&amp#27;[0;39m &amp#27;[35m4020&amp#27;[0;39m &amp#27;[2m---&amp#27;[0;39m &amp#27;[2m[ApiInventarioMini] [           main]&amp#27;[0;39m &amp#27;[2m&amp#27;[0;39m&amp#27;[36mo.h.p.entity.AbstractEntityPersister    &amp#27;[0;39m &amp#27;[2m:&amp#27;[0;39m  Insert (0): insert into Categoria (descripcionCategoria,nombreCategoria) values (?,?)
&amp#27;[2m2024-06-29T19:03:26.468-06:00&amp#27;[0;39m &amp#27;[32mDEBUG&amp#27;[0;39m &amp#27;[35m4020&amp#27;[0;39m &amp#27;[2m---&amp#27;[0;39m &amp#27;[2m[ApiInventarioMini] [           main]&amp#27;[0;39m &amp#27;[2m&amp#27;[0;39m&amp#27;[36mo.h.p.entity.AbstractEntityPersister    &amp#27;[0;39m &amp#27;[2m:&amp#27;[0;39m  Update (0): update Categoria set descripcionCategoria=?,nombreCategoria=? where idCategoria=?
&amp#27;[2m2024-06-29T19:03:26.468-06:00&amp#27;[0;39m &amp#27;[32mDEBUG&amp#27;[0;39m &amp#27;[35m4020&amp#27;[0;39m &amp#27;[2m---&amp#27;[0;39m &amp#27;[2m[ApiInventarioMini] [           main]&amp#27;[0;39m &amp#27;[2m&amp#27;[0;39m&amp#27;[36mo.h.p.entity.AbstractEntityPersister    &amp#27;[0;39m &amp#27;[2m:&amp#27;[0;39m  Delete (0): delete from Categoria where idCategoria=?
&amp#27;[2m2024-06-29T19:03:26.468-06:00&amp#27;[0;39m &amp#27;[32mDEBUG&amp#27;[0;39m &amp#27;[35m4020&amp#27;[0;39m &amp#27;[2m---&amp#27;[0;39m &amp#27;[2m[ApiInventarioMini] [           main]&amp#27;[0;39m &amp#27;[2m&amp#27;[0;39m&amp#27;[36morg.hibernate.orm.sql.ast.create        &amp#27;[0;39m &amp#27;[2m:&amp#27;[0;39m Created new SQL alias : m1_0
&amp#27;[2m2024-06-29T19:03:26.468-06:00&amp#27;[0;39m &amp#27;[32mDEBUG&amp#27;[0;39m &amp#27;[35m4020&amp#27;[0;39m &amp#27;[2m---&amp#27;[0;39m &amp#27;[2m[ApiInventarioMini] [           main]&amp#27;[0;39m &amp#27;[2m&amp#27;[0;39m&amp#27;[36morg.hibernate.orm.sql.ast.create        &amp#27;[0;39m &amp#27;[2m:&amp#27;[0;39m Registration of TableGroup [StandardTableGroup(com.ipn.mx.domain.entity.Movimiento)] with identifierForTableGroup [com.ipn.mx.domain.entity.Movimiento] for NavigablePath [com.ipn.mx.domain.entity.Movimiento] 
&amp#27;[2m2024-06-29T19:03:26.468-06:00&amp#27;[0;39m &amp#27;[32mDEBUG&amp#27;[0;39m &amp#27;[35m4020&amp#27;[0;39m &amp#27;[2m---&amp#27;[0;39m &amp#27;[2m[ApiInventarioMini] [           main]&amp#27;[0;39m &amp#27;[2m&amp#27;[0;39m&amp#27;[36morg.hibernate.orm.results.graph.AST     &amp#27;[0;39m &amp#27;[2m:&amp#27;[0;39m DomainResult Graph:
 \-EntityResultImpl [com.ipn.mx.domain.entity.Movimiento]
 |  +-BasicFetch [com.ipn.mx.domain.entity.Movimiento.cantidad]
 |  +-BasicFetch [com.ipn.mx.domain.entity.Movimiento.fechaMovimiento]
 |  +-BasicFetch [com.ipn.mx.domain.entity.Movimiento.idProducto]
 |  \-BasicFetch [com.ipn.mx.domain.entity.Movimiento.tipoMovimiento]

&amp#27;[2m2024-06-29T19:03:26.468-06:00&amp#27;[0;39m &amp#27;[32mDEBUG&amp#27;[0;39m &amp#27;[35m4020&amp#27;[0;39m &amp#27;[2m---&amp#27;[0;39m &amp#27;[2m[ApiInventarioMini] [           main]&amp#27;[0;39m &amp#27;[2m&amp#27;[0;39m&amp#27;[36morg.hibernate.orm.sql.ast.tree          &amp#27;[0;39m &amp#27;[2m:&amp#27;[0;39m SQL AST Tree:
    SelectStatement {
      FromClause {
        StandardTableGroup (m1 : com.ipn.mx.domain.entity.Movimiento) {
          primaryTableReference : Movimiento as m1_0
        }
      }
    }

&amp#27;[2m2024-06-29T19:03:26.468-06:00&amp#27;[0;39m &amp#27;[32mDEBUG&amp#27;[0;39m &amp#27;[35m4020&amp#27;[0;39m &amp#27;[2m---&amp#27;[0;39m &amp#27;[2m[ApiInventarioMini] [           main]&amp#27;[0;39m &amp#27;[2m&amp#27;[0;39m&amp#27;[36mo.h.p.entity.AbstractEntityPersister    &amp#27;[0;39m &amp#27;[2m:&amp#27;[0;39m Static SQL for entity: com.ipn.mx.domain.entity.Movimiento
&amp#27;[2m2024-06-29T19:03:26.468-06:00&amp#27;[0;39m &amp#27;[32mDEBUG&amp#27;[0;39m &amp#27;[35m4020&amp#27;[0;39m &amp#27;[2m---&amp#27;[0;39m &amp#27;[2m[ApiInventarioMini] [           main]&amp#27;[0;39m &amp#27;[2m&amp#27;[0;39m&amp#27;[36mo.h.p.entity.AbstractEntityPersister    &amp#27;[0;39m &amp#27;[2m:&amp#27;[0;39m  Version select: select idMovimiento from Movimiento where idMovimiento=?
&amp#27;[2m2024-06-29T19:03:26.468-06:00&amp#27;[0;39m &amp#27;[32mDEBUG&amp#27;[0;39m &amp#27;[35m4020&amp#27;[0;39m &amp#27;[2m---&amp#27;[0;39m &amp#27;[2m[ApiInventarioMini] [           main]&amp#27;[0;39m &amp#27;[2m&amp#27;[0;39m&amp#27;[36mo.h.p.entity.AbstractEntityPersister    &amp#27;[0;39m &amp#27;[2m:&amp#27;[0;39m  Insert (0): insert into Movimiento (cantidad,fechaMovimiento,idProducto,tipoMovimiento) values (?,?,?,?)
&amp#27;[2m2024-06-29T19:03:26.468-06:00&amp#27;[0;39m &amp#27;[32mDEBUG&amp#27;[0;39m &amp#27;[35m4020&amp#27;[0;39m &amp#27;[2m---&amp#27;[0;39m &amp#27;[2m[ApiInventarioMini] [           main]&amp#27;[0;39m &amp#27;[2m&amp#27;[0;39m&amp#27;[36mo.h.p.entity.AbstractEntityPersister    &amp#27;[0;39m &amp#27;[2m:&amp#27;[0;39m  Update (0): update Movimiento set cantidad=?,fechaMovimiento=?,idProducto=?,tipoMovimiento=? where idMovimiento=?
&amp#27;[2m2024-06-29T19:03:26.468-06:00&amp#27;[0;39m &amp#27;[32mDEBUG&amp#27;[0;39m &amp#27;[35m4020&amp#27;[0;39m &amp#27;[2m---&amp#27;[0;39m &amp#27;[2m[ApiInventarioMini] [           main]&amp#27;[0;39m &amp#27;[2m&amp#27;[0;39m&amp#27;[36mo.h.p.entity.AbstractEntityPersister    &amp#27;[0;39m &amp#27;[2m:&amp#27;[0;39m  Delete (0): delete from Movimiento where idMovimiento=?
&amp#27;[2m2024-06-29T19:03:26.468-06:00&amp#27;[0;39m &amp#27;[32mDEBUG&amp#27;[0;39m &amp#27;[35m4020&amp#27;[0;39m &amp#27;[2m---&amp#27;[0;39m &amp#27;[2m[ApiInventarioMini] [           main]&amp#27;[0;39m &amp#27;[2m&amp#27;[0;39m&amp#27;[36morg.hibernate.orm.sql.ast.create        &amp#27;[0;39m &amp#27;[2m:&amp#27;[0;39m Created new SQL alias : p1_0
&amp#27;[2m2024-06-29T19:03:26.468-06:00&amp#27;[0;39m &amp#27;[32mDEBUG&amp#27;[0;39m &amp#27;[35m4020&amp#27;[0;39m &amp#27;[2m---&amp#27;[0;39m &amp#27;[2m[ApiInventarioMini] [           main]&amp#27;[0;39m &amp#27;[2m&amp#27;[0;39m&amp#27;[36morg.hibernate.orm.sql.ast.create        &amp#27;[0;39m &amp#27;[2m:&amp#27;[0;39m Registration of TableGroup [StandardTableGroup(com.ipn.mx.domain.entity.Producto)] with identifierForTableGroup [com.ipn.mx.domain.entity.Producto] for NavigablePath [com.ipn.mx.domain.entity.Producto] 
&amp#27;[2m2024-06-29T19:03:26.468-06:00&amp#27;[0;39m &amp#27;[32mDEBUG&amp#27;[0;39m &amp#27;[35m4020&amp#27;[0;39m &amp#27;[2m---&amp#27;[0;39m &amp#27;[2m[ApiInventarioMini] [           main]&amp#27;[0;39m &amp#27;[2m&amp#27;[0;39m&amp#27;[36morg.hibernate.orm.results.graph.AST     &amp#27;[0;39m &amp#27;[2m:&amp#27;[0;39m DomainResult Graph:
 \-EntityResultImpl [com.ipn.mx.domain.entity.Producto]
 |  +-BasicFetch [com.ipn.mx.domain.entity.Producto.categoria]
 |  +-BasicFetch [com.ipn.mx.domain.entity.Producto.descripcionProducto]
 |  +-BasicFetch [com.ipn.mx.domain.entity.Producto.existencias]
 |  +-BasicFetch [com.ipn.mx.domain.entity.Producto.nombreProducto]
 |  \-BasicFetch [com.ipn.mx.domain.entity.Producto.precio]

&amp#27;[2m2024-06-29T19:03:26.468-06:00&amp#27;[0;39m &amp#27;[32mDEBUG&amp#27;[0;39m &amp#27;[35m4020&amp#27;[0;39m &amp#27;[2m---&amp#27;[0;39m &amp#27;[2m[ApiInventarioMini] [           main]&amp#27;[0;39m &amp#27;[2m&amp#27;[0;39m&amp#27;[36morg.hibernate.orm.sql.ast.tree          &amp#27;[0;39m &amp#27;[2m:&amp#27;[0;39m SQL AST Tree:
    SelectStatement {
      FromClause {
        StandardTableGroup (p1 : com.ipn.mx.domain.entity.Producto) {
          primaryTableReference : Producto as p1_0
        }
      }
    }

&amp#27;[2m2024-06-29T19:03:26.468-06:00&amp#27;[0;39m &amp#27;[32mDEBUG&amp#27;[0;39m &amp#27;[35m4020&amp#27;[0;39m &amp#27;[2m---&amp#27;[0;39m &amp#27;[2m[ApiInventarioMini] [           main]&amp#27;[0;39m &amp#27;[2m&amp#27;[0;39m&amp#27;[36mo.h.p.entity.AbstractEntityPersister    &amp#27;[0;39m &amp#27;[2m:&amp#27;[0;39m Static SQL for entity: com.ipn.mx.domain.entity.Producto
&amp#27;[2m2024-06-29T19:03:26.468-06:00&amp#27;[0;39m &amp#27;[32mDEBUG&amp#27;[0;39m &amp#27;[35m4020&amp#27;[0;39m &amp#27;[2m---&amp#27;[0;39m &amp#27;[2m[ApiInventarioMini] [           main]&amp#27;[0;39m &amp#27;[2m&amp#27;[0;39m&amp#27;[36mo.h.p.entity.AbstractEntityPersister    &amp#27;[0;39m &amp#27;[2m:&amp#27;[0;39m  Version select: select idProducto from Producto where idProducto=?
&amp#27;[2m2024-06-29T19:03:26.468-06:00&amp#27;[0;39m &amp#27;[32mDEBUG&amp#27;[0;39m &amp#27;[35m4020&amp#27;[0;39m &amp#27;[2m---&amp#27;[0;39m &amp#27;[2m[ApiInventarioMini] [           main]&amp#27;[0;39m &amp#27;[2m&amp#27;[0;39m&amp#27;[36mo.h.p.entity.AbstractEntityPersister    &amp#27;[0;39m &amp#27;[2m:&amp#27;[0;39m  Insert (0): insert into Producto (categoria,descripcionProducto,existencias,nombreProducto,precio) values (?,?,?,?,?)
&amp#27;[2m2024-06-29T19:03:26.468-06:00&amp#27;[0;39m &amp#27;[32mDEBUG&amp#27;[0;39m &amp#27;[35m4020&amp#27;[0;39m &amp#27;[2m---&amp#27;[0;39m &amp#27;[2m[ApiInventarioMini] [           main]&amp#27;[0;39m &amp#27;[2m&amp#27;[0;39m&amp#27;[36mo.h.p.entity.AbstractEntityPersister    &amp#27;[0;39m &amp#27;[2m:&amp#27;[0;39m  Update (0): update Producto set categoria=?,descripcionProducto=?,existencias=?,nombreProducto=?,precio=? where idProducto=?
&amp#27;[2m2024-06-29T19:03:26.468-06:00&amp#27;[0;39m &amp#27;[32mDEBUG&amp#27;[0;39m &amp#27;[35m4020&amp#27;[0;39m &amp#27;[2m---&amp#27;[0;39m &amp#27;[2m[ApiInventarioMini] [           main]&amp#27;[0;39m &amp#27;[2m&amp#27;[0;39m&amp#27;[36mo.h.p.entity.AbstractEntityPersister    &amp#27;[0;39m &amp#27;[2m:&amp#27;[0;39m  Delete (0): delete from Producto where idProducto=?
&amp#27;[2m2024-06-29T19:03:26.480-06:00&amp#27;[0;39m &amp#27;[32m INFO&amp#27;[0;39m &amp#27;[35m4020&amp#27;[0;39m &amp#27;[2m---&amp#27;[0;39m &amp#27;[2m[ApiInventarioMini] [           main]&amp#27;[0;39m &amp#27;[2m&amp#27;[0;39m&amp#27;[36mo.h.e.t.j.p.i.JtaPlatformInitiator      &amp#27;[0;39m &amp#27;[2m:&amp#27;[0;39m HHH000489: No JTA platform available (set 'hibernate.transaction.jta.platform' to enable JTA platform integration)
&amp#27;[2m2024-06-29T19:03:26.480-06:00&amp#27;[0;39m &amp#27;[32mDEBUG&amp#27;[0;39m &amp#27;[35m4020&amp#27;[0;39m &amp#27;[2m---&amp#27;[0;39m &amp#27;[2m[ApiInventarioMini] [           main]&amp#27;[0;39m &amp#27;[2m&amp#27;[0;39m&amp#27;[36mo.h.type.spi.TypeConfiguration$Scope    &amp#27;[0;39m &amp#27;[2m:&amp#27;[0;39m Scoping TypeConfiguration [org.hibernate.type.spi.TypeConfiguration@5834198f] to SessionFactoryImplementor [org.hibernate.internal.SessionFactoryImpl@4b5f022f]
&amp#27;[2m2024-06-29T19:03:26.481-06:00&amp#27;[0;39m &amp#27;[32mDEBUG&amp#27;[0;39m &amp#27;[35m4020&amp#27;[0;39m &amp#27;[2m---&amp#27;[0;39m &amp#27;[2m[ApiInventarioMini] [           main]&amp#27;[0;39m &amp#27;[2m&amp#27;[0;39m&amp#27;[36mo.h.query.named.NamedObjectRepository   &amp#27;[0;39m &amp#27;[2m:&amp#27;[0;39m Checking 0 named HQL queries
&amp#27;[2m2024-06-29T19:03:26.481-06:00&amp#27;[0;39m &amp#27;[32mDEBUG&amp#27;[0;39m &amp#27;[35m4020&amp#27;[0;39m &amp#27;[2m---&amp#27;[0;39m &amp#27;[2m[ApiInventarioMini] [           main]&amp#27;[0;39m &amp#27;[2m&amp#27;[0;39m&amp#27;[36mo.h.query.named.NamedObjectRepository   &amp#27;[0;39m &amp#27;[2m:&amp#27;[0;39m Checking 0 named SQL queries
&amp#27;[2m2024-06-29T19:03:26.481-06:00&amp#27;[0;39m &amp#27;[32mDEBUG&amp#27;[0;39m &amp#27;[35m4020&amp#27;[0;39m &amp#27;[2m---&amp#27;[0;39m &amp#27;[2m[ApiInventarioMini] [           main]&amp#27;[0;39m &amp#27;[2m&amp#27;[0;39m&amp#27;[36m.h.t.s.s.SchemaManagementToolCoordinator&amp#27;[0;39m &amp#27;[2m:&amp#27;[0;39m No schema actions specified for contributor `orm`; doing nothing
&amp#27;[2m2024-06-29T19:03:26.481-06:00&amp#27;[0;39m &amp#27;[32mDEBUG&amp#27;[0;39m &amp#27;[35m4020&amp#27;[0;39m &amp#27;[2m---&amp#27;[0;39m &amp#27;[2m[ApiInventarioMini] [           main]&amp#27;[0;39m &amp#27;[2m&amp#27;[0;39m&amp#27;[36m.h.t.s.s.SchemaManagementToolCoordinator&amp#27;[0;39m &amp#27;[2m:&amp#27;[0;39m No actions found; doing nothing
&amp#27;[2m2024-06-29T19:03:26.481-06:00&amp#27;[0;39m &amp#27;[32mDEBUG&amp#27;[0;39m &amp#27;[35m4020&amp#27;[0;39m &amp#27;[2m---&amp#27;[0;39m &amp#27;[2m[ApiInventarioMini] [           main]&amp#27;[0;39m &amp#27;[2m&amp#27;[0;39m&amp#27;[36mo.h.internal.SessionFactoryRegistry     &amp#27;[0;39m &amp#27;[2m:&amp#27;[0;39m Initializing SessionFactoryRegistry : org.hibernate.internal.SessionFactoryRegistry@6f36e806
&amp#27;[2m2024-06-29T19:03:26.481-06:00&amp#27;[0;39m &amp#27;[32mDEBUG&amp#27;[0;39m &amp#27;[35m4020&amp#27;[0;39m &amp#27;[2m---&amp#27;[0;39m &amp#27;[2m[ApiInventarioMini] [           main]&amp#27;[0;39m &amp#27;[2m&amp#27;[0;39m&amp#27;[36mo.h.internal.SessionFactoryRegistry     &amp#27;[0;39m &amp#27;[2m:&amp#27;[0;39m Registering SessionFactory: 5d594493-f6e4-4abc-b3e0-98bc6036a15f (<unnamed>)
&amp#27;[2m2024-06-29T19:03:26.481-06:00&amp#27;[0;39m &amp#27;[32mDEBUG&amp#27;[0;39m &amp#27;[35m4020&amp#27;[0;39m &amp#27;[2m---&amp#27;[0;39m &amp#27;[2m[ApiInventarioMini] [           main]&amp#27;[0;39m &amp#27;[2m&amp#27;[0;39m&amp#27;[36mo.h.internal.SessionFactoryRegistry     &amp#27;[0;39m &amp#27;[2m:&amp#27;[0;39m Not binding SessionFactory to JNDI, no JNDI name configured
&amp#27;[2m2024-06-29T19:03:26.481-06:00&amp#27;[0;39m &amp#27;[32mDEBUG&amp#27;[0;39m &amp#27;[35m4020&amp#27;[0;39m &amp#27;[2m---&amp#27;[0;39m &amp#27;[2m[ApiInventarioMini] [           main]&amp#27;[0;39m &amp#27;[2m&amp#27;[0;39m&amp#27;[36mo.hibernate.internal.SessionFactoryImpl &amp#27;[0;39m &amp#27;[2m:&amp#27;[0;39m Instantiated SessionFactory
&amp#27;[2m2024-06-29T19:03:26.481-06:00&amp#27;[0;39m &amp#27;[32m INFO&amp#27;[0;39m &amp#27;[35m4020&amp#27;[0;39m &amp#27;[2m---&amp#27;[0;39m &amp#27;[2m[ApiInventarioMini] [           main]&amp#27;[0;39m &amp#27;[2m&amp#27;[0;39m&amp#27;[36mj.LocalContainerEntityManagerFactoryBean&amp#27;[0;39m &amp#27;[2m:&amp#27;[0;39m Initialized JPA EntityManagerFactory for persistence unit 'default'
&amp#27;[2m2024-06-29T19:03:26.568-06:00&amp#27;[0;39m &amp#27;[32mDEBUG&amp#27;[0;39m &amp#27;[35m4020&amp#27;[0;39m &amp#27;[2m---&amp#27;[0;39m &amp#27;[2m[ApiInventarioMini] [           main]&amp#27;[0;39m &amp#27;[2m&amp#27;[0;39m&amp#27;[36mo.h.stat.internal.StatisticsInitiator   &amp#27;[0;39m &amp#27;[2m:&amp#27;[0;39m Statistics initialized [enabled=false]
&amp#27;[2m2024-06-29T19:03:26.654-06:00&amp#27;[0;39m &amp#27;[32m INFO&amp#27;[0;39m &amp#27;[35m4020&amp#27;[0;39m &amp#27;[2m---&amp#27;[0;39m &amp#27;[2m[ApiInventarioMini] [           main]&amp#27;[0;39m &amp#27;[2m&amp#27;[0;39m&amp#27;[36mo.s.d.j.r.query.QueryEnhancerFactory    &amp#27;[0;39m &amp#27;[2m:&amp#27;[0;39m Hibernate is in classpath; If applicable, HQL parser will be used.
&amp#27;[2m2024-06-29T19:03:26.657-06:00&amp#27;[0;39m &amp#27;[32mDEBUG&amp#27;[0;39m &amp#27;[35m4020&amp#27;[0;39m &amp#27;[2m---&amp#27;[0;39m &amp#27;[2m[ApiInventarioMini] [           main]&amp#27;[0;39m &amp#27;[2m&amp#27;[0;39m&amp#27;[36mcResourceLocalTransactionCoordinatorImpl&amp#27;[0;39m &amp#27;[2m:&amp#27;[0;39m JDBC transaction marked for rollback-only (exception provided for stack trace)

java.lang.Exception: exception just for purpose of providing stack trace
	at org.hibernate.resource.transaction.backend.jdbc.internal.JdbcResourceLocalTransactionCoordinatorImpl$TransactionDriverControlImpl.markRollbackOnly(JdbcResourceLocalTransactionCoordinatorImpl.java:310) ~[hibernate-core-6.4.4.Final.jar:6.4.4.Final]
	at org.hibernate.internal.AbstractSharedSessionContract.buildNamedQuery(AbstractSharedSessionContract.java:1097) ~[hibernate-core-6.4.4.Final.jar:6.4.4.Final]
	at org.hibernate.internal.AbstractSharedSessionContract.createNamedQuery(AbstractSharedSessionContract.java:975) ~[hibernate-core-6.4.4.Final.jar:6.4.4.Final]
	at org.hibernate.internal.AbstractSharedSessionContract.createNamedQuery(AbstractSharedSessionContract.java:136) ~[hibernate-core-6.4.4.Final.jar:6.4.4.Final]
	at java.base/jdk.internal.reflect.DirectMethodHandleAccessor.invoke(DirectMethodHandleAccessor.java:103) ~[na:na]
	at java.base/java.lang.reflect.Method.invoke(Method.java:580) ~[na:na]
	at org.springframework.orm.jpa.ExtendedEntityManagerCreator$ExtendedEntityManagerInvocationHandler.invoke(ExtendedEntityManagerCreator.java:364) ~[spring-orm-6.1.5.jar:6.1.5]
	at jdk.proxy2/jdk.proxy2.$Proxy119.createNamedQuery(Unknown Source) ~[na:na]
	at org.springframework.data.jpa.repository.query.NamedQuery.hasNamedQuery(NamedQuery.java:113) ~[spring-data-jpa-3.2.4.jar:3.2.4]
	at org.springframework.data.jpa.repository.query.JpaQueryLookupStrategy$DeclaredQueryLookupStrategy.getCountQuery(JpaQueryLookupStrategy.java:204) ~[spring-data-jpa-3.2.4.jar:3.2.4]
	at org.springframework.data.jpa.repository.query.JpaQueryLookupStrategy$DeclaredQueryLookupStrategy.resolveQuery(JpaQueryLookupStrategy.java:171) ~[spring-data-jpa-3.2.4.jar:3.2.4]
	at org.springframework.data.jpa.repository.query.JpaQueryLookupStrategy$CreateIfNotFoundQueryLookupStrategy.resolveQuery(JpaQueryLookupStrategy.java:252) ~[spring-data-jpa-3.2.4.jar:3.2.4]
	at org.springframework.data.jpa.repository.query.JpaQueryLookupStrategy$AbstractQueryLookupStrategy.resolveQuery(JpaQueryLookupStrategy.java:95) ~[spring-data-jpa-3.2.4.jar:3.2.4]
	at org.springframework.data.repository.core.support.QueryExecutorMethodInterceptor.lookupQuery(QueryExecutorMethodInterceptor.java:111) ~[spring-data-commons-3.2.4.jar:3.2.4]
	at org.springframework.data.repository.core.support.QueryExecutorMethodInterceptor.mapMethodsToQuery(QueryExecutorMethodInterceptor.java:99) ~[spring-data-commons-3.2.4.jar:3.2.4]
	at org.springframework.data.repository.core.support.QueryExecutorMethodInterceptor.lambda$new$0(QueryExecutorMethodInterceptor.java:88) ~[spring-data-commons-3.2.4.jar:3.2.4]
	at java.base/java.util.Optional.map(Optional.java:260) ~[na:na]
	at org.springframework.data.repository.core.support.QueryExecutorMethodInterceptor.<init>(QueryExecutorMethodInterceptor.java:88) ~[spring-data-commons-3.2.4.jar:3.2.4]
	at org.springframework.data.repository.core.support.RepositoryFactorySupport.getRepository(RepositoryFactorySupport.java:357) ~[spring-data-commons-3.2.4.jar:3.2.4]
	at org.springframework.data.repository.core.support.RepositoryFactoryBeanSupport.lambda$afterPropertiesSet$5(RepositoryFactoryBeanSupport.java:279) ~[spring-data-commons-3.2.4.jar:3.2.4]
	at org.springframework.data.util.Lazy.getNullable(Lazy.java:135) ~[spring-data-commons-3.2.4.jar:3.2.4]
	at org.springframework.data.util.Lazy.get(Lazy.java:113) ~[spring-data-commons-3.2.4.jar:3.2.4]
	at org.springframework.data.repository.core.support.RepositoryFactoryBeanSupport.afterPropertiesSet(RepositoryFactoryBeanSupport.java:285) ~[spring-data-commons-3.2.4.jar:3.2.4]
	at org.springframework.data.jpa.repository.support.JpaRepositoryFactoryBean.afterPropertiesSet(JpaRepositoryFactoryBean.java:132) ~[spring-data-jpa-3.2.4.jar:3.2.4]
	at org.springframework.beans.factory.support.AbstractAutowireCapableBeanFactory.invokeInitMethods(AbstractAutowireCapableBeanFactory.java:1833) ~[spring-beans-6.1.5.jar:6.1.5]
	at org.springframework.beans.factory.support.AbstractAutowireCapableBeanFactory.initializeBean(AbstractAutowireCapableBeanFactory.java:1782) ~[spring-beans-6.1.5.jar:6.1.5]
	at org.springframework.beans.factory.support.AbstractAutowireCapableBeanFactory.doCreateBean(AbstractAutowireCapableBeanFactory.java:600) ~[spring-beans-6.1.5.jar:6.1.5]
	at org.springframework.beans.factory.support.AbstractAutowireCapableBeanFactory.createBean(AbstractAutowireCapableBeanFactory.java:522) ~[spring-beans-6.1.5.jar:6.1.5]
	at org.springframework.beans.factory.support.AbstractBeanFactory.lambda$doGetBean$0(AbstractBeanFactory.java:326) ~[spring-beans-6.1.5.jar:6.1.5]
	at org.springframework.beans.factory.support.DefaultSingletonBeanRegistry.getSingleton(DefaultSingletonBeanRegistry.java:234) ~[spring-beans-6.1.5.jar:6.1.5]
	at org.springframework.beans.factory.support.AbstractBeanFactory.doGetBean(AbstractBeanFactory.java:324) ~[spring-beans-6.1.5.jar:6.1.5]
	at org.springframework.beans.factory.support.AbstractBeanFactory.getBean(AbstractBeanFactory.java:200) ~[spring-beans-6.1.5.jar:6.1.5]
	at org.springframework.beans.factory.config.DependencyDescriptor.resolveCandidate(DependencyDescriptor.java:254) ~[spring-beans-6.1.5.jar:6.1.5]
	at org.springframework.beans.factory.support.DefaultListableBeanFactory.doResolveDependency(DefaultListableBeanFactory.java:1443) ~[spring-beans-6.1.5.jar:6.1.5]
	at org.springframework.beans.factory.support.DefaultListableBeanFactory.resolveDependency(DefaultListableBeanFactory.java:1353) ~[spring-beans-6.1.5.jar:6.1.5]
	at org.springframework.beans.factory.annotation.AutowiredAnnotationBeanPostProcessor$AutowiredFieldElement.resolveFieldValue(AutowiredAnnotationBeanPostProcessor.java:784) ~[spring-beans-6.1.5.jar:6.1.5]
	at org.springframework.beans.factory.annotation.AutowiredAnnotationBeanPostProcessor$AutowiredFieldElement.inject(AutowiredAnnotationBeanPostProcessor.java:767) ~[spring-beans-6.1.5.jar:6.1.5]
	at org.springframework.beans.factory.annotation.InjectionMetadata.inject(InjectionMetadata.java:145) ~[spring-beans-6.1.5.jar:6.1.5]
	at org.springframework.beans.factory.annotation.AutowiredAnnotationBeanPostProcessor.postProcessProperties(AutowiredAnnotationBeanPostProcessor.java:508) ~[spring-beans-6.1.5.jar:6.1.5]
	at org.springframework.beans.factory.support.AbstractAutowireCapableBeanFactory.populateBean(AbstractAutowireCapableBeanFactory.java:1419) ~[spring-beans-6.1.5.jar:6.1.5]
	at org.springframework.beans.factory.support.AbstractAutowireCapableBeanFactory.doCreateBean(AbstractAutowireCapableBeanFactory.java:599) ~[spring-beans-6.1.5.jar:6.1.5]
	at org.springframework.beans.factory.support.AbstractAutowireCapableBeanFactory.createBean(AbstractAutowireCapableBeanFactory.java:522) ~[spring-beans-6.1.5.jar:6.1.5]
	at org.springframework.beans.factory.support.AbstractBeanFactory.lambda$doGetBean$0(AbstractBeanFactory.java:326) ~[spring-beans-6.1.5.jar:6.1.5]
	at org.springframework.beans.factory.support.DefaultSingletonBeanRegistry.getSingleton(DefaultSingletonBeanRegistry.java:234) ~[spring-beans-6.1.5.jar:6.1.5]
	at org.springframework.beans.factory.support.AbstractBeanFactory.doGetBean(AbstractBeanFactory.java:324) ~[spring-beans-6.1.5.jar:6.1.5]
	at org.springframework.beans.factory.support.AbstractBeanFactory.getBean(AbstractBeanFactory.java:200) ~[spring-beans-6.1.5.jar:6.1.5]
	at org.springframework.beans.factory.config.DependencyDescriptor.resolveCandidate(DependencyDescriptor.java:254) ~[spring-beans-6.1.5.jar:6.1.5]
	at org.springframework.beans.factory.support.DefaultListableBeanFactory.doResolveDependency(DefaultListableBeanFactory.java:1443) ~[spring-beans-6.1.5.jar:6.1.5]
	at org.springframework.beans.factory.support.DefaultListableBeanFactory.resolveDependency(DefaultListableBeanFactory.java:1353) ~[spring-beans-6.1.5.jar:6.1.5]
	at org.springframework.beans.factory.annotation.AutowiredAnnotationBeanPostProcessor$AutowiredFieldElement.resolveFieldValue(AutowiredAnnotationBeanPostProcessor.java:784) ~[spring-beans-6.1.5.jar:6.1.5]
	at org.springframework.beans.factory.annotation.AutowiredAnnotationBeanPostProcessor$AutowiredFieldElement.inject(AutowiredAnnotationBeanPostProcessor.java:767) ~[spring-beans-6.1.5.jar:6.1.5]
	at org.springframework.beans.factory.annotation.InjectionMetadata.inject(InjectionMetadata.java:145) ~[spring-beans-6.1.5.jar:6.1.5]
	at org.springframework.beans.factory.annotation.AutowiredAnnotationBeanPostProcessor.postProcessProperties(AutowiredAnnotationBeanPostProcessor.java:508) ~[spring-beans-6.1.5.jar:6.1.5]
	at org.springframework.beans.factory.support.AbstractAutowireCapableBeanFactory.populateBean(AbstractAutowireCapableBeanFactory.java:1419) ~[spring-beans-6.1.5.jar:6.1.5]
	at org.springframework.beans.factory.support.AbstractAutowireCapableBeanFactory.doCreateBean(AbstractAutowireCapableBeanFactory.java:599) ~[spring-beans-6.1.5.jar:6.1.5]
	at org.springframework.beans.factory.support.AbstractAutowireCapableBeanFactory.createBean(AbstractAutowireCapableBeanFactory.java:522) ~[spring-beans-6.1.5.jar:6.1.5]
	at org.springframework.beans.factory.support.AbstractBeanFactory.lambda$doGetBean$0(AbstractBeanFactory.java:326) ~[spring-beans-6.1.5.jar:6.1.5]
	at org.springframework.beans.factory.support.DefaultSingletonBeanRegistry.getSingleton(DefaultSingletonBeanRegistry.java:234) ~[spring-beans-6.1.5.jar:6.1.5]
	at org.springframework.beans.factory.support.AbstractBeanFactory.doGetBean(AbstractBeanFactory.java:324) ~[spring-beans-6.1.5.jar:6.1.5]
	at org.springframework.beans.factory.support.AbstractBeanFactory.getBean(AbstractBeanFactory.java:200) ~[spring-beans-6.1.5.jar:6.1.5]
	at org.springframework.beans.factory.support.DefaultListableBeanFactory.preInstantiateSingletons(DefaultListableBeanFactory.java:975) ~[spring-beans-6.1.5.jar:6.1.5]
	at org.springframework.context.support.AbstractApplicationContext.finishBeanFactoryInitialization(AbstractApplicationContext.java:962) ~[spring-context-6.1.5.jar:6.1.5]
	at org.springframework.context.support.AbstractApplicationContext.refresh(AbstractApplicationContext.java:624) ~[spring-context-6.1.5.jar:6.1.5]
	at org.springframework.boot.SpringApplication.refresh(SpringApplication.java:754) ~[spring-boot-3.2.4.jar:3.2.4]
	at org.springframework.boot.SpringApplication.refreshContext(SpringApplication.java:456) ~[spring-boot-3.2.4.jar:3.2.4]
	at org.springframework.boot.SpringApplication.run(SpringApplication.java:334) ~[spring-boot-3.2.4.jar:3.2.4]
	at org.springframework.boot.test.context.SpringBootContextLoader.lambda$loadContext$3(SpringBootContextLoader.java:137) ~[spring-boot-test-3.2.4.jar:3.2.4]
	at org.springframework.util.function.ThrowingSupplier.get(ThrowingSupplier.java:58) ~[spring-core-6.1.5.jar:6.1.5]
	at org.springframework.util.function.ThrowingSupplier.get(ThrowingSupplier.java:46) ~[spring-core-6.1.5.jar:6.1.5]
	at org.springframework.boot.SpringApplication.withHook(SpringApplication.java:1454) ~[spring-boot-3.2.4.jar:3.2.4]
	at org.springframework.boot.test.context.SpringBootContextLoader$ContextLoaderHook.run(SpringBootContextLoader.java:553) ~[spring-boot-test-3.2.4.jar:3.2.4]
	at org.springframework.boot.test.context.SpringBootContextLoader.loadContext(SpringBootContextLoader.java:137) ~[spring-boot-test-3.2.4.jar:3.2.4]
	at org.springframework.boot.test.context.SpringBootContextLoader.loadContext(SpringBootContextLoader.java:108) ~[spring-boot-test-3.2.4.jar:3.2.4]
	at org.springframework.test.context.cache.DefaultCacheAwareContextLoaderDelegate.loadContextInternal(DefaultCacheAwareContextLoaderDelegate.java:225) ~[spring-test-6.1.5.jar:6.1.5]
	at org.springframework.test.context.cache.DefaultCacheAwareContextLoaderDelegate.loadContext(DefaultCacheAwareContextLoaderDelegate.java:152) ~[spring-test-6.1.5.jar:6.1.5]
	at org.springframework.test.context.support.DefaultTestContext.getApplicationContext(DefaultTestContext.java:130) ~[spring-test-6.1.5.jar:6.1.5]
	at org.springframework.test.context.web.ServletTestExecutionListener.setUpRequestContextIfNecessary(ServletTestExecutionListener.java:191) ~[spring-test-6.1.5.jar:6.1.5]
	at org.springframework.test.context.web.ServletTestExecutionListener.prepareTestInstance(ServletTestExecutionListener.java:130) ~[spring-test-6.1.5.jar:6.1.5]
	at org.springframework.test.context.TestContextManager.prepareTestInstance(TestContextManager.java:260) ~[spring-test-6.1.5.jar:6.1.5]
	at org.springframework.test.context.junit.jupiter.SpringExtension.postProcessTestInstance(SpringExtension.java:163) ~[spring-test-6.1.5.jar:6.1.5]
	at org.junit.jupiter.engine.descriptor.ClassBasedTestDescriptor.lambda$invokeTestInstancePostProcessors$10(ClassBasedTestDescriptor.java:378) ~[junit-jupiter-engine-5.10.2.jar:5.10.2]
	at org.junit.jupiter.engine.descriptor.ClassBasedTestDescriptor.executeAndMaskThrowable(ClassBasedTestDescriptor.java:383) ~[junit-jupiter-engine-5.10.2.jar:5.10.2]
	at org.junit.jupiter.engine.descriptor.ClassBasedTestDescriptor.lambda$invokeTestInstancePostProcessors$11(ClassBasedTestDescriptor.java:378) ~[junit-jupiter-engine-5.10.2.jar:5.10.2]
	at java.base/java.util.stream.ReferencePipeline$3$1.accept(ReferencePipeline.java:212) ~[na:na]
	at java.base/java.util.stream.ReferencePipeline$2$1.accept(ReferencePipeline.java:194) ~[na:na]
	at java.base/java.util.ArrayList$ArrayListSpliterator.forEachRemaining(ArrayList.java:1709) ~[na:na]
	at java.base/java.util.stream.AbstractPipeline.copyInto(AbstractPipeline.java:556) ~[na:na]
	at java.base/java.util.stream.AbstractPipeline.wrapAndCopyInto(AbstractPipeline.java:546) ~[na:na]
	at java.base/java.util.stream.StreamSpliterators$WrappingSpliterator.forEachRemaining(StreamSpliterators.java:310) ~[na:na]
	at java.base/java.util.stream.Streams$ConcatSpliterator.forEachRemaining(Streams.java:735) ~[na:na]
	at java.base/java.util.stream.Streams$ConcatSpliterator.forEachRemaining(Streams.java:734) ~[na:na]
	at java.base/java.util.stream.ReferencePipeline$Head.forEach(ReferencePipeline.java:782) ~[na:na]
	at org.junit.jupiter.engine.descriptor.ClassBasedTestDescriptor.invokeTestInstancePostProcessors(ClassBasedTestDescriptor.java:377) ~[junit-jupiter-engine-5.10.2.jar:5.10.2]
	at org.junit.jupiter.engine.descriptor.ClassBasedTestDescriptor.lambda$instantiateAndPostProcessTestInstance$6(ClassBasedTestDescriptor.java:290) ~[junit-jupiter-engine-5.10.2.jar:5.10.2]
	at org.junit.platform.engine.support.hierarchical.ThrowableCollector.execute(ThrowableCollector.java:73) ~[junit-platform-engine-1.10.2.jar:1.10.2]
	at org.junit.jupiter.engine.descriptor.ClassBasedTestDescriptor.instantiateAndPostProcessTestInstance(ClassBasedTestDescriptor.java:289) ~[junit-jupiter-engine-5.10.2.jar:5.10.2]
	at org.junit.jupiter.engine.descriptor.ClassBasedTestDescriptor.lambda$testInstancesProvider$4(ClassBasedTestDescriptor.java:279) ~[junit-jupiter-engine-5.10.2.jar:5.10.2]
	at java.base/java.util.Optional.orElseGet(Optional.java:364) ~[na:na]
	at org.junit.jupiter.engine.descriptor.ClassBasedTestDescriptor.lambda$testInstancesProvider$5(ClassBasedTestDescriptor.java:278) ~[junit-jupiter-engine-5.10.2.jar:5.10.2]
	at org.junit.jupiter.engine.execution.TestInstancesProvider.getTestInstances(TestInstancesProvider.java:31) ~[junit-jupiter-engine-5.10.2.jar:5.10.2]
	at org.junit.jupiter.engine.descriptor.TestMethodTestDescriptor.lambda$prepare$0(TestMethodTestDescriptor.java:106) ~[junit-jupiter-engine-5.10.2.jar:5.10.2]
	at org.junit.platform.engine.support.hierarchical.ThrowableCollector.execute(ThrowableCollector.java:73) ~[junit-platform-engine-1.10.2.jar:1.10.2]
	at org.junit.jupiter.engine.descriptor.TestMethodTestDescriptor.prepare(TestMethodTestDescriptor.java:105) ~[junit-jupiter-engine-5.10.2.jar:5.10.2]
	at org.junit.jupiter.engine.descriptor.TestMethodTestDescriptor.prepare(TestMethodTestDescriptor.java:69) ~[junit-jupiter-engine-5.10.2.jar:5.10.2]
	at org.junit.platform.engine.support.hierarchical.NodeTestTask.lambda$prepare$2(NodeTestTask.java:123) ~[junit-platform-engine-1.10.2.jar:1.10.2]
	at org.junit.platform.engine.support.hierarchical.ThrowableCollector.execute(ThrowableCollector.java:73) ~[junit-platform-engine-1.10.2.jar:1.10.2]
	at org.junit.platform.engine.support.hierarchical.NodeTestTask.prepare(NodeTestTask.java:123) ~[junit-platform-engine-1.10.2.jar:1.10.2]
	at org.junit.platform.engine.support.hierarchical.NodeTestTask.execute(NodeTestTask.java:90) ~[junit-platform-engine-1.10.2.jar:1.10.2]
	at java.base/java.util.ArrayList.forEach(ArrayList.java:1597) ~[na:na]
	at org.junit.platform.engine.support.hierarchical.SameThreadHierarchicalTestExecutorService.invokeAll(SameThreadHierarchicalTestExecutorService.java:41) ~[junit-platform-engine-1.10.2.jar:1.10.2]
	at org.junit.platform.engine.support.hierarchical.NodeTestTask.lambda$executeRecursively$6(NodeTestTask.java:155) ~[junit-platform-engine-1.10.2.jar:1.10.2]
	at org.junit.platform.engine.support.hierarchical.ThrowableCollector.execute(ThrowableCollector.java:73) ~[junit-platform-engine-1.10.2.jar:1.10.2]
	at org.junit.platform.engine.support.hierarchical.NodeTestTask.lambda$executeRecursively$8(NodeTestTask.java:141) ~[junit-platform-engine-1.10.2.jar:1.10.2]
	at org.junit.platform.engine.support.hierarchical.Node.around(Node.java:137) ~[junit-platform-engine-1.10.2.jar:1.10.2]
	at org.junit.platform.engine.support.hierarchical.NodeTestTask.lambda$executeRecursively$9(NodeTestTask.java:139) ~[junit-platform-engine-1.10.2.jar:1.10.2]
	at org.junit.platform.engine.support.hierarchical.ThrowableCollector.execute(ThrowableCollector.java:73) ~[junit-platform-engine-1.10.2.jar:1.10.2]
	at org.junit.platform.engine.support.hierarchical.NodeTestTask.executeRecursively(NodeTestTask.java:138) ~[junit-platform-engine-1.10.2.jar:1.10.2]
	at org.junit.platform.engine.support.hierarchical.NodeTestTask.execute(NodeTestTask.java:95) ~[junit-platform-engine-1.10.2.jar:1.10.2]
	at java.base/java.util.ArrayList.forEach(ArrayList.java:1597) ~[na:na]
	at org.junit.platform.engine.support.hierarchical.SameThreadHierarchicalTestExecutorService.invokeAll(SameThreadHierarchicalTestExecutorService.java:41) ~[junit-platform-engine-1.10.2.jar:1.10.2]
	at org.junit.platform.engine.support.hierarchical.NodeTestTask.lambda$executeRecursively$6(NodeTestTask.java:155) ~[junit-platform-engine-1.10.2.jar:1.10.2]
	at org.junit.platform.engine.support.hierarchical.ThrowableCollector.execute(ThrowableCollector.java:73) ~[junit-platform-engine-1.10.2.jar:1.10.2]
	at org.junit.platform.engine.support.hierarchical.NodeTestTask.lambda$executeRecursively$8(NodeTestTask.java:141) ~[junit-platform-engine-1.10.2.jar:1.10.2]
	at org.junit.platform.engine.support.hierarchical.Node.around(Node.java:137) ~[junit-platform-engine-1.10.2.jar:1.10.2]
	at org.junit.platform.engine.support.hierarchical.NodeTestTask.lambda$executeRecursively$9(NodeTestTask.java:139) ~[junit-platform-engine-1.10.2.jar:1.10.2]
	at org.junit.platform.engine.support.hierarchical.ThrowableCollector.execute(ThrowableCollector.java:73) ~[junit-platform-engine-1.10.2.jar:1.10.2]
	at org.junit.platform.engine.support.hierarchical.NodeTestTask.executeRecursively(NodeTestTask.java:138) ~[junit-platform-engine-1.10.2.jar:1.10.2]
	at org.junit.platform.engine.support.hierarchical.NodeTestTask.execute(NodeTestTask.java:95) ~[junit-platform-engine-1.10.2.jar:1.10.2]
	at org.junit.platform.engine.support.hierarchical.SameThreadHierarchicalTestExecutorService.submit(SameThreadHierarchicalTestExecutorService.java:35) ~[junit-platform-engine-1.10.2.jar:1.10.2]
	at org.junit.platform.engine.support.hierarchical.HierarchicalTestExecutor.execute(HierarchicalTestExecutor.java:57) ~[junit-platform-engine-1.10.2.jar:1.10.2]
	at org.junit.platform.engine.support.hierarchical.HierarchicalTestEngine.execute(HierarchicalTestEngine.java:54) ~[junit-platform-engine-1.10.2.jar:1.10.2]
	at org.junit.platform.launcher.core.EngineExecutionOrchestrator.execute(EngineExecutionOrchestrator.java:198) ~[junit-platform-launcher-1.10.2.jar:1.10.2]
	at org.junit.platform.launcher.core.EngineExecutionOrchestrator.execute(EngineExecutionOrchestrator.java:169) ~[junit-platform-launcher-1.10.2.jar:1.10.2]
	at org.junit.platform.launcher.core.EngineExecutionOrchestrator.execute(EngineExecutionOrchestrator.java:93) ~[junit-platform-launcher-1.10.2.jar:1.10.2]
	at org.junit.platform.launcher.core.EngineExecutionOrchestrator.lambda$execute$0(EngineExecutionOrchestrator.java:58) ~[junit-platform-launcher-1.10.2.jar:1.10.2]
	at org.junit.platform.launcher.core.EngineExecutionOrchestrator.withInterceptedStreams(EngineExecutionOrchestrator.java:141) ~[junit-platform-launcher-1.10.2.jar:1.10.2]
	at org.junit.platform.launcher.core.EngineExecutionOrchestrator.execute(EngineExecutionOrchestrator.java:57) ~[junit-platform-launcher-1.10.2.jar:1.10.2]
	at org.junit.platform.launcher.core.DefaultLauncher.execute(DefaultLauncher.java:103) ~[junit-platform-launcher-1.10.2.jar:1.10.2]
	at org.junit.platform.launcher.core.DefaultLauncher.execute(DefaultLauncher.java:85) ~[junit-platform-launcher-1.10.2.jar:1.10.2]
	at org.junit.platform.launcher.core.DelegatingLauncher.execute(DelegatingLauncher.java:47) ~[junit-platform-launcher-1.10.2.jar:1.10.2]
	at org.apache.maven.surefire.junitplatform.LazyLauncher.execute(LazyLauncher.java:56) ~[surefire-junit-platform-3.1.2.jar:3.1.2]
	at org.apache.maven.surefire.junitplatform.JUnitPlatformProvider.execute(JUnitPlatformProvider.java:184) ~[surefire-junit-platform-3.1.2.jar:3.1.2]
	at org.apache.maven.surefire.junitplatform.JUnitPlatformProvider.invokeAllTests(JUnitPlatformProvider.java:148) ~[surefire-junit-platform-3.1.2.jar:3.1.2]
	at org.apache.maven.surefire.junitplatform.JUnitPlatformProvider.invoke(JUnitPlatformProvider.java:122) ~[surefire-junit-platform-3.1.2.jar:3.1.2]
	at org.apache.maven.surefire.booter.ForkedBooter.runSuitesInProcess(ForkedBooter.java:385) ~[surefire-booter-3.1.2.jar:3.1.2]
	at org.apache.maven.surefire.booter.ForkedBooter.execute(ForkedBooter.java:162) ~[surefire-booter-3.1.2.jar:3.1.2]
	at org.apache.maven.surefire.booter.ForkedBooter.run(ForkedBooter.java:507) ~[surefire-booter-3.1.2.jar:3.1.2]
	at org.apache.maven.surefire.booter.ForkedBooter.main(ForkedBooter.java:495) ~[surefire-booter-3.1.2.jar:3.1.2]

&amp#27;[2m2024-06-29T19:03:26.724-06:00&amp#27;[0;39m &amp#27;[32mDEBUG&amp#27;[0;39m &amp#27;[35m4020&amp#27;[0;39m &amp#27;[2m---&amp#27;[0;39m &amp#27;[2m[ApiInventarioMini] [           main]&amp#27;[0;39m &amp#27;[2m&amp#27;[0;39m&amp#27;[36m.h.v.m.ResourceBundleMessageInterpolator&amp#27;[0;39m &amp#27;[2m:&amp#27;[0;39m Loaded expression factory via original TCCL
&amp#27;[2m2024-06-29T19:03:26.725-06:00&amp#27;[0;39m &amp#27;[32mDEBUG&amp#27;[0;39m &amp#27;[35m4020&amp#27;[0;39m &amp#27;[2m---&amp#27;[0;39m &amp#27;[2m[ApiInventarioMini] [           main]&amp#27;[0;39m &amp#27;[2m&amp#27;[0;39m&amp#27;[36mo.h.v.i.e.AbstractConfigurationImpl     &amp#27;[0;39m &amp#27;[2m:&amp#27;[0;39m Setting custom MessageInterpolator of type org.springframework.validation.beanvalidation.LocaleContextMessageInterpolator
&amp#27;[2m2024-06-29T19:03:26.725-06:00&amp#27;[0;39m &amp#27;[32mDEBUG&amp#27;[0;39m &amp#27;[35m4020&amp#27;[0;39m &amp#27;[2m---&amp#27;[0;39m &amp#27;[2m[ApiInventarioMini] [           main]&amp#27;[0;39m &amp#27;[2m&amp#27;[0;39m&amp#27;[36mo.h.v.i.e.AbstractConfigurationImpl     &amp#27;[0;39m &amp#27;[2m:&amp#27;[0;39m Setting custom ConstraintValidatorFactory of type org.springframework.validation.beanvalidation.SpringConstraintValidatorFactory
&amp#27;[2m2024-06-29T19:03:26.725-06:00&amp#27;[0;39m &amp#27;[32mDEBUG&amp#27;[0;39m &amp#27;[35m4020&amp#27;[0;39m &amp#27;[2m---&amp#27;[0;39m &amp#27;[2m[ApiInventarioMini] [           main]&amp#27;[0;39m &amp#27;[2m&amp#27;[0;39m&amp#27;[36mo.h.v.i.xml.config.ValidationXmlParser  &amp#27;[0;39m &amp#27;[2m:&amp#27;[0;39m Trying to load META-INF/validation.xml for XML based Validator configuration.
&amp#27;[2m2024-06-29T19:03:26.725-06:00&amp#27;[0;39m &amp#27;[32mDEBUG&amp#27;[0;39m &amp#27;[35m4020&amp#27;[0;39m &amp#27;[2m---&amp#27;[0;39m &amp#27;[2m[ApiInventarioMini] [           main]&amp#27;[0;39m &amp#27;[2m&amp#27;[0;39m&amp#27;[36mo.h.v.i.xml.config.ResourceLoaderHelper &amp#27;[0;39m &amp#27;[2m:&amp#27;[0;39m Trying to load META-INF/validation.xml via user class loader
&amp#27;[2m2024-06-29T19:03:26.725-06:00&amp#27;[0;39m &amp#27;[32mDEBUG&amp#27;[0;39m &amp#27;[35m4020&amp#27;[0;39m &amp#27;[2m---&amp#27;[0;39m &amp#27;[2m[ApiInventarioMini] [           main]&amp#27;[0;39m &amp#27;[2m&amp#27;[0;39m&amp#27;[36mo.h.v.i.xml.config.ResourceLoaderHelper &amp#27;[0;39m &amp#27;[2m:&amp#27;[0;39m Trying to load META-INF/validation.xml via TCCL
&amp#27;[2m2024-06-29T19:03:26.725-06:00&amp#27;[0;39m &amp#27;[32mDEBUG&amp#27;[0;39m &amp#27;[35m4020&amp#27;[0;39m &amp#27;[2m---&amp#27;[0;39m &amp#27;[2m[ApiInventarioMini] [           main]&amp#27;[0;39m &amp#27;[2m&amp#27;[0;39m&amp#27;[36mo.h.v.i.xml.config.ResourceLoaderHelper &amp#27;[0;39m &amp#27;[2m:&amp#27;[0;39m Trying to load META-INF/validation.xml via Hibernate Validator's class loader
&amp#27;[2m2024-06-29T19:03:26.725-06:00&amp#27;[0;39m &amp#27;[32mDEBUG&amp#27;[0;39m &amp#27;[35m4020&amp#27;[0;39m &amp#27;[2m---&amp#27;[0;39m &amp#27;[2m[ApiInventarioMini] [           main]&amp#27;[0;39m &amp#27;[2m&amp#27;[0;39m&amp#27;[36mo.h.v.i.xml.config.ValidationXmlParser  &amp#27;[0;39m &amp#27;[2m:&amp#27;[0;39m No META-INF/validation.xml found. Using annotation based configuration only.
&amp#27;[2m2024-06-29T19:03:26.725-06:00&amp#27;[0;39m &amp#27;[32mDEBUG&amp#27;[0;39m &amp#27;[35m4020&amp#27;[0;39m &amp#27;[2m---&amp#27;[0;39m &amp#27;[2m[ApiInventarioMini] [           main]&amp#27;[0;39m &amp#27;[2m&amp#27;[0;39m&amp#27;[36mo.h.v.i.e.resolver.TraversableResolvers &amp#27;[0;39m &amp#27;[2m:&amp#27;[0;39m Found jakarta.persistence.Persistence on classpath containing 'getPersistenceUtil'. Assuming JPA 2 environment. Trying to instantiate JPA aware TraversableResolver
&amp#27;[2m2024-06-29T19:03:26.725-06:00&amp#27;[0;39m &amp#27;[32mDEBUG&amp#27;[0;39m &amp#27;[35m4020&amp#27;[0;39m &amp#27;[2m---&amp#27;[0;39m &amp#27;[2m[ApiInventarioMini] [           main]&amp#27;[0;39m &amp#27;[2m&amp#27;[0;39m&amp#27;[36mo.h.v.i.e.resolver.TraversableResolvers &amp#27;[0;39m &amp#27;[2m:&amp#27;[0;39m Instantiated JPA aware TraversableResolver of type org.hibernate.validator.internal.engine.resolver.JPATraversableResolver.
&amp#27;[2m2024-06-29T19:03:26.726-06:00&amp#27;[0;39m &amp#27;[32mDEBUG&amp#27;[0;39m &amp#27;[35m4020&amp#27;[0;39m &amp#27;[2m---&amp#27;[0;39m &amp#27;[2m[ApiInventarioMini] [           main]&amp#27;[0;39m &amp#27;[2m&amp#27;[0;39m&amp#27;[36m.i.e.ValidatorFactoryConfigurationHelper&amp#27;[0;39m &amp#27;[2m:&amp#27;[0;39m HV000252: Using org.hibernate.validator.internal.engine.DefaultPropertyNodeNameProvider as property node name provider.
&amp#27;[2m2024-06-29T19:03:26.726-06:00&amp#27;[0;39m &amp#27;[32mDEBUG&amp#27;[0;39m &amp#27;[35m4020&amp#27;[0;39m &amp#27;[2m---&amp#27;[0;39m &amp#27;[2m[ApiInventarioMini] [           main]&amp#27;[0;39m &amp#27;[2m&amp#27;[0;39m&amp#27;[36m.i.e.ValidatorFactoryConfigurationHelper&amp#27;[0;39m &amp#27;[2m:&amp#27;[0;39m HV000234: Using org.springframework.validation.beanvalidation.LocaleContextMessageInterpolator as ValidatorFactory-scoped message interpolator.
&amp#27;[2m2024-06-29T19:03:26.726-06:00&amp#27;[0;39m &amp#27;[32mDEBUG&amp#27;[0;39m &amp#27;[35m4020&amp#27;[0;39m &amp#27;[2m---&amp#27;[0;39m &amp#27;[2m[ApiInventarioMini] [           main]&amp#27;[0;39m &amp#27;[2m&amp#27;[0;39m&amp#27;[36m.i.e.ValidatorFactoryConfigurationHelper&amp#27;[0;39m &amp#27;[2m:&amp#27;[0;39m HV000234: Using org.hibernate.validator.internal.engine.resolver.JPATraversableResolver as ValidatorFactory-scoped traversable resolver.
&amp#27;[2m2024-06-29T19:03:26.726-06:00&amp#27;[0;39m &amp#27;[32mDEBUG&amp#27;[0;39m &amp#27;[35m4020&amp#27;[0;39m &amp#27;[2m---&amp#27;[0;39m &amp#27;[2m[ApiInventarioMini] [           main]&amp#27;[0;39m &amp#27;[2m&amp#27;[0;39m&amp#27;[36m.i.e.ValidatorFactoryConfigurationHelper&amp#27;[0;39m &amp#27;[2m:&amp#27;[0;39m HV000234: Using org.hibernate.validator.internal.util.ExecutableParameterNameProvider as ValidatorFactory-scoped parameter name provider.
&amp#27;[2m2024-06-29T19:03:26.726-06:00&amp#27;[0;39m &amp#27;[32mDEBUG&amp#27;[0;39m &amp#27;[35m4020&amp#27;[0;39m &amp#27;[2m---&amp#27;[0;39m &amp#27;[2m[ApiInventarioMini] [           main]&amp#27;[0;39m &amp#27;[2m&amp#27;[0;39m&amp#27;[36m.i.e.ValidatorFactoryConfigurationHelper&amp#27;[0;39m &amp#27;[2m:&amp#27;[0;39m HV000234: Using org.hibernate.validator.internal.engine.DefaultClockProvider as ValidatorFactory-scoped clock provider.
&amp#27;[2m2024-06-29T19:03:26.726-06:00&amp#27;[0;39m &amp#27;[32mDEBUG&amp#27;[0;39m &amp#27;[35m4020&amp#27;[0;39m &amp#27;[2m---&amp#27;[0;39m &amp#27;[2m[ApiInventarioMini] [           main]&amp#27;[0;39m &amp#27;[2m&amp#27;[0;39m&amp#27;[36m.i.e.ValidatorFactoryConfigurationHelper&amp#27;[0;39m &amp#27;[2m:&amp#27;[0;39m HV000234: Using org.hibernate.validator.internal.engine.scripting.DefaultScriptEvaluatorFactory as ValidatorFactory-scoped script evaluator factory.
&amp#27;[2m2024-06-29T19:03:26.738-06:00&amp#27;[0;39m &amp#27;[33m WARN&amp#27;[0;39m &amp#27;[35m4020&amp#27;[0;39m &amp#27;[2m---&amp#27;[0;39m &amp#27;[2m[ApiInventarioMini] [           main]&amp#27;[0;39m &amp#27;[2m&amp#27;[0;39m&amp#27;[36mJpaBaseConfiguration$JpaWebConfiguration&amp#27;[0;39m &amp#27;[2m:&amp#27;[0;39m spring.jpa.open-in-view is enabled by default. Therefore, database queries may be performed during view rendering. Explicitly configure spring.jpa.open-in-view to disable this warning
&amp#27;[2m2024-06-29T19:03:26.974-06:00&amp#27;[0;39m &amp#27;[32m INFO&amp#27;[0;39m &amp#27;[35m4020&amp#27;[0;39m &amp#27;[2m---&amp#27;[0;39m &amp#27;[2m[ApiInventarioMini] [           main]&amp#27;[0;39m &amp#27;[2m&amp#27;[0;39m&amp#27;[36mc.i.m.ApiInventarioMiniApplicationTests &amp#27;[0;39m &amp#27;[2m:&amp#27;[0;39m Started ApiInventarioMiniApplicationTests in 3.418 seconds (process running for 3.889)
]]></system-out>
    <system-err><![CDATA[WARNING: A Java agent has been loaded dynamically (/Users/jafcp/.m2/repository/net/bytebuddy/byte-buddy-agent/1.14.12/byte-buddy-agent-1.14.12.jar)
WARNING: If a serviceability tool is in use, please run with -XX:+EnableDynamicAgentLoading to hide this warning
WARNING: If a serviceability tool is not in use, please run with -Djdk.instrument.traceUsage for more information
WARNING: Dynamic loading of agents will be disallowed by default in a future release
]]></system-err>
  </testcase>
</testsuite>